epoch: 0
total time steps: 1000
model validation loss: 1.374199
evaluation return: 80.922180
epoch: 1
total time steps: 2000
model validation loss: 1.539738
evaluation return: -36.613472
epoch: 2
total time steps: 3000
model validation loss: 1.613486
evaluation return: 278.488953
epoch: 3
total time steps: 4000
model validation loss: 1.390495
evaluation return: 235.771088
epoch: 4
total time steps: 5000
model validation loss: 1.459644
evaluation return: 256.053284
epoch: 5
total time steps: 6000
model validation loss: 1.446383
evaluation return: 354.947235
epoch: 6
total time steps: 7000
model validation loss: 1.360883
evaluation return: 470.984375
epoch: 7
total time steps: 8000
model validation loss: 1.278727
evaluation return: 382.449402
epoch: 8
total time steps: 9000
model validation loss: 1.270453
evaluation return: 533.520447
epoch: 9
total time steps: 10000
model validation loss: 1.212804
evaluation return: 459.222961
epoch: 10
total time steps: 11000
model validation loss: 1.147972
evaluation return: 353.430573
epoch: 11
total time steps: 12000
model validation loss: 1.121270
evaluation return: 303.347656
epoch: 12
total time steps: 13000
model validation loss: 1.072401
evaluation return: 321.058655
epoch: 13
total time steps: 14000
model validation loss: 1.004692
evaluation return: 295.935089
epoch: 14
total time steps: 15000
model validation loss: 0.990558
evaluation return: 464.513611
epoch: 15
total time steps: 16000
model validation loss: 0.980354
evaluation return: 464.674744
epoch: 16
total time steps: 17000
model validation loss: 0.932814
evaluation return: 424.467773
epoch: 17
total time steps: 18000
model validation loss: 0.906453
evaluation return: 341.496704
epoch: 18
total time steps: 19000
model validation loss: 0.880891
evaluation return: 492.825348
epoch: 19
total time steps: 20000
model validation loss: 0.878868
evaluation return: 385.803009
epoch: 20
total time steps: 21000
model validation loss: 0.875027
evaluation return: 518.275024
epoch: 21
total time steps: 22000
model validation loss: 0.855388
evaluation return: 352.027405
epoch: 22
total time steps: 23000
model validation loss: 0.853016
evaluation return: 318.318604
epoch: 23
total time steps: 24000
model validation loss: 0.795118
evaluation return: 602.134277
epoch: 24
total time steps: 25000
model validation loss: 0.782959
evaluation return: 735.271790
epoch: 25
total time steps: 26000
model validation loss: 0.785899
evaluation return: 509.662292
epoch: 26
total time steps: 27000
model validation loss: 0.800564
evaluation return: 466.671967
epoch: 27
total time steps: 28000
model validation loss: 0.793378
evaluation return: 456.148926
epoch: 28
total time steps: 29000
model validation loss: 0.782037
evaluation return: 2.816270
epoch: 29
total time steps: 30000
model validation loss: 0.781066
evaluation return: 352.250610
epoch: 30
total time steps: 31000
model validation loss: 0.760721
evaluation return: 559.803345
epoch: 31
total time steps: 32000
model validation loss: 0.740074
evaluation return: 537.355530
epoch: 32
total time steps: 33000
model validation loss: 0.777495
evaluation return: 870.596863
epoch: 33
total time steps: 34000
model validation loss: 0.746371
evaluation return: 490.845276
epoch: 34
total time steps: 35000
model validation loss: 0.737242
evaluation return: 433.140930
epoch: 35
total time steps: 36000
model validation loss: 0.769953
evaluation return: 890.975891
epoch: 36
total time steps: 37000
model validation loss: 0.759441
evaluation return: 870.346985
epoch: 37
total time steps: 38000
model validation loss: 0.719229
evaluation return: 791.214966
epoch: 38
total time steps: 39000
model validation loss: 0.696747
evaluation return: 1314.520752
epoch: 39
total time steps: 40000
model validation loss: 0.649032
evaluation return: 866.989624
epoch: 40
total time steps: 41000
model validation loss: 0.592752
evaluation return: 855.423218
epoch: 41
total time steps: 42000
model validation loss: 0.572287
evaluation return: 1724.378296
epoch: 42
total time steps: 43000
model validation loss: 0.582966
evaluation return: 464.842102
epoch: 43
total time steps: 44000
model validation loss: 0.582244
evaluation return: 718.988464
epoch: 44
total time steps: 45000
model validation loss: 0.565654
evaluation return: 1662.608765
epoch: 45
total time steps: 46000
model validation loss: 0.560597
evaluation return: 1631.445557
epoch: 46
total time steps: 47000
model validation loss: 0.561358
evaluation return: 1776.287109
epoch: 47
total time steps: 48000
model validation loss: 0.555364
evaluation return: 1491.751221
epoch: 48
total time steps: 49000
model validation loss: 0.560328
evaluation return: 1621.525635
epoch: 49
total time steps: 50000
model validation loss: 0.540051
evaluation return: 1032.089111
epoch: 50
total time steps: 51000
model validation loss: 0.561377
evaluation return: 1201.289551
epoch: 51
total time steps: 52000
model validation loss: 0.515558
evaluation return: 1931.178467
epoch: 52
total time steps: 53000
model validation loss: 0.492259
evaluation return: 2747.260010
epoch: 53
total time steps: 54000
model validation loss: 0.507148
evaluation return: 1298.890747
epoch: 54
total time steps: 55000
model validation loss: 0.504780
evaluation return: 1019.169434
epoch: 55
total time steps: 56000
model validation loss: 0.494128
evaluation return: 3002.116211
epoch: 56
total time steps: 57000
model validation loss: 0.496226
evaluation return: 2303.604004
epoch: 57
total time steps: 58000
model validation loss: 0.471055
evaluation return: 1915.097656
epoch: 58
total time steps: 59000
model validation loss: 0.487689
evaluation return: 2311.896973
epoch: 59
total time steps: 60000
model validation loss: 0.481642
evaluation return: 2491.318848
epoch: 60
total time steps: 61000
model validation loss: 0.472091
evaluation return: 3129.870605
epoch: 61
total time steps: 62000
model validation loss: 0.453022
evaluation return: 3.553695
epoch: 62
total time steps: 63000
model validation loss: 0.456527
evaluation return: 4.471677
epoch: 63
total time steps: 64000
model validation loss: 0.459639
evaluation return: 2748.099609
epoch: 64
total time steps: 65000
model validation loss: 0.422858
evaluation return: 3219.129883
epoch: 65
total time steps: 66000
model validation loss: 0.442579
evaluation return: 3385.473389
epoch: 66
total time steps: 67000
model validation loss: 0.421477
evaluation return: 2970.596191
epoch: 67
total time steps: 68000
model validation loss: 0.438732
evaluation return: 3336.909424
epoch: 68
total time steps: 69000
model validation loss: 0.411121
evaluation return: 2759.951904
epoch: 69
total time steps: 70000
model validation loss: 0.390112
evaluation return: 3131.608887
epoch: 70
total time steps: 71000
model validation loss: 0.379652
evaluation return: 2344.139404
epoch: 71
total time steps: 72000
model validation loss: 0.395549
evaluation return: 2541.146973
epoch: 72
total time steps: 73000
model validation loss: 0.404161
evaluation return: 3589.020996
epoch: 73
total time steps: 74000
model validation loss: 0.383548
evaluation return: 2998.796387
epoch: 74
total time steps: 75000
model validation loss: 0.391360
evaluation return: 3403.167236
epoch: 75
total time steps: 76000
model validation loss: 0.378506
evaluation return: 3019.273438
epoch: 76
total time steps: 77000
model validation loss: 0.392118
evaluation return: 3620.712891
epoch: 77
total time steps: 78000
model validation loss: 0.363813
evaluation return: 3302.432129
epoch: 78
total time steps: 79000
model validation loss: 0.357808
evaluation return: 1774.764282
epoch: 79
total time steps: 80000
model validation loss: 0.349149
evaluation return: 3511.369629
epoch: 80
total time steps: 81000
model validation loss: 0.342379
evaluation return: 3622.925781
epoch: 81
total time steps: 82000
model validation loss: 0.356240
evaluation return: 2972.141846
epoch: 82
total time steps: 83000
model validation loss: 0.351839
evaluation return: 3443.214111
epoch: 83
total time steps: 84000
model validation loss: 0.335150
evaluation return: 3156.384277
epoch: 84
total time steps: 85000
model validation loss: 0.347324
evaluation return: 3964.894043
epoch: 85
total time steps: 86000
model validation loss: 0.323770
evaluation return: 3415.175293
epoch: 86
total time steps: 87000
model validation loss: 0.325846
evaluation return: 1787.384521
epoch: 87
total time steps: 88000
model validation loss: 0.340142
evaluation return: 3322.089844
epoch: 88
total time steps: 89000
model validation loss: 0.326247
evaluation return: 268.399597
epoch: 89
total time steps: 90000
model validation loss: 0.326203
evaluation return: 3220.440918
epoch: 90
total time steps: 91000
model validation loss: 0.332582
evaluation return: 1975.098877
epoch: 91
total time steps: 92000
model validation loss: 0.325208
evaluation return: 1607.981934
epoch: 92
total time steps: 93000
model validation loss: 0.314423
evaluation return: 3902.850830
epoch: 93
total time steps: 94000
model validation loss: 0.319881
evaluation return: 3757.207031
epoch: 94
total time steps: 95000
model validation loss: 0.320725
evaluation return: 3357.565918
epoch: 95
total time steps: 96000
model validation loss: 0.303370
evaluation return: 3878.006592
epoch: 96
total time steps: 97000
model validation loss: 0.291263
evaluation return: 3805.268311
epoch: 97
total time steps: 98000
model validation loss: 0.322437
evaluation return: 3171.721191
epoch: 98
total time steps: 99000
model validation loss: 0.295797
evaluation return: 3668.836670
epoch: 99
total time steps: 100000
model validation loss: 0.275567
evaluation return: 2552.617188
epoch: 100
total time steps: 101000
model validation loss: 0.292725
evaluation return: 2146.109863
epoch: 101
total time steps: 102000
model validation loss: 0.303460
evaluation return: 3491.298340
epoch: 102
total time steps: 103000
model validation loss: 0.269532
evaluation return: 3736.039551
epoch: 103
total time steps: 104000
model validation loss: 0.290447
evaluation return: 3693.082031
epoch: 104
total time steps: 105000
model validation loss: 0.283813
evaluation return: 3901.729980
epoch: 105
total time steps: 106000
model validation loss: 0.277299
evaluation return: 3846.143066
epoch: 106
total time steps: 107000
model validation loss: 0.269325
evaluation return: 3830.873779
epoch: 107
total time steps: 108000
model validation loss: 0.279763
evaluation return: 3781.696045
epoch: 108
total time steps: 109000
model validation loss: 0.277528
evaluation return: 3704.111816
epoch: 109
total time steps: 110000
model validation loss: 0.277356
evaluation return: 3809.446533
epoch: 110
total time steps: 111000
model validation loss: 0.278792
evaluation return: 2601.940918
epoch: 111
total time steps: 112000
model validation loss: 0.250497
evaluation return: 2664.422363
epoch: 112
total time steps: 113000
model validation loss: 0.267981
evaluation return: 3718.757812
epoch: 113
total time steps: 114000
model validation loss: 0.258180
evaluation return: 3862.406982
epoch: 114
total time steps: 115000
model validation loss: 0.270570
evaluation return: 2633.154297
epoch: 115
total time steps: 116000
model validation loss: 0.260559
evaluation return: 4073.887451
epoch: 116
total time steps: 117000
model validation loss: 0.271865
evaluation return: 3816.090576
epoch: 117
total time steps: 118000
model validation loss: 0.253703
evaluation return: 3981.604736
epoch: 118
total time steps: 119000
model validation loss: 0.253029
evaluation return: 3874.308105
epoch: 119
total time steps: 120000
model validation loss: 0.246581
evaluation return: 4181.918457
epoch: 120
total time steps: 121000
model validation loss: 0.237972
evaluation return: 3843.703125
epoch: 121
total time steps: 122000
model validation loss: 0.258045
evaluation return: 3884.394531
epoch: 122
total time steps: 123000
model validation loss: 0.244274
evaluation return: 4158.576660
epoch: 123
total time steps: 124000
model validation loss: 0.240422
evaluation return: 4032.701904
epoch: 124
total time steps: 125000
model validation loss: 0.239439
evaluation return: 3889.852783
epoch: 125
total time steps: 126000
model validation loss: 0.238305
evaluation return: 4100.505859
epoch: 126
total time steps: 127000
model validation loss: 0.226030
evaluation return: 4048.953857
epoch: 127
total time steps: 128000
model validation loss: 0.234761
evaluation return: 4081.809326
epoch: 128
total time steps: 129000
model validation loss: 0.237106
evaluation return: 4162.606445
epoch: 129
total time steps: 130000
model validation loss: 0.220830
evaluation return: 3946.630127
epoch: 130
total time steps: 131000
model validation loss: 0.237434
evaluation return: 4180.333008
epoch: 131
total time steps: 132000
model validation loss: 0.226510
evaluation return: 4026.516357
epoch: 132
total time steps: 133000
model validation loss: 0.229149
evaluation return: 4297.058105
epoch: 133
total time steps: 134000
model validation loss: 0.241165
evaluation return: 4024.535889
epoch: 134
total time steps: 135000
model validation loss: 0.229878
evaluation return: 4005.047363
epoch: 135
total time steps: 136000
model validation loss: 0.230388
evaluation return: 3871.502441
epoch: 136
total time steps: 137000
model validation loss: 0.218989
evaluation return: 4229.922363
epoch: 137
total time steps: 138000
model validation loss: 0.225472
evaluation return: 4283.896973
epoch: 138
total time steps: 139000
model validation loss: 0.230562
evaluation return: 3999.570312
epoch: 139
total time steps: 140000
model validation loss: 0.226200
evaluation return: 3546.721191
epoch: 140
total time steps: 141000
model validation loss: 0.232534
evaluation return: 4129.594727
epoch: 141
total time steps: 142000
model validation loss: 0.215575
evaluation return: 4054.088623
epoch: 142
total time steps: 143000
model validation loss: 0.211248
evaluation return: 3830.082520
epoch: 143
total time steps: 144000
model validation loss: 0.210065
evaluation return: 4195.235840
epoch: 144
total time steps: 145000
model validation loss: 0.217425
evaluation return: 4150.375000
epoch: 145
total time steps: 146000
model validation loss: 0.220580
evaluation return: 4104.395996
epoch: 146
total time steps: 147000
model validation loss: 0.211354
evaluation return: 4030.330811
epoch: 147
total time steps: 148000
model validation loss: 0.215555
evaluation return: 2907.716309
epoch: 148
total time steps: 149000
model validation loss: 0.220562
evaluation return: 4043.848145
epoch: 149
total time steps: 150000
model validation loss: 0.212396
evaluation return: 3486.356689
epoch: 150
total time steps: 151000
model validation loss: 0.209981
evaluation return: 4149.552246
epoch: 151
total time steps: 152000
model validation loss: 0.190151
evaluation return: 4083.618652
epoch: 152
total time steps: 153000
model validation loss: 0.207293
evaluation return: 4215.730957
epoch: 153
total time steps: 154000
model validation loss: 0.203804
evaluation return: 4306.014648
epoch: 154
total time steps: 155000
model validation loss: 0.210478
evaluation return: 4169.021484
epoch: 155
total time steps: 156000
model validation loss: 0.201178
evaluation return: 4190.666992
epoch: 156
total time steps: 157000
model validation loss: 0.200013
evaluation return: 3263.213867
epoch: 157
total time steps: 158000
model validation loss: 0.201256
evaluation return: 4228.222656
epoch: 158
total time steps: 159000
model validation loss: 0.201182
evaluation return: 4214.715332
epoch: 159
total time steps: 160000
model validation loss: 0.201621
evaluation return: 4269.494141
epoch: 160
total time steps: 161000
model validation loss: 0.207815
evaluation return: 4244.489258
epoch: 161
total time steps: 162000
model validation loss: 0.196650
evaluation return: 4159.371582
epoch: 162
total time steps: 163000
model validation loss: 0.196109
evaluation return: 3925.174316
epoch: 163
total time steps: 164000
model validation loss: 0.204245
evaluation return: 4113.541504
epoch: 164
total time steps: 165000
model validation loss: 0.196657
evaluation return: 3500.568359
epoch: 165
total time steps: 166000
model validation loss: 0.197121
evaluation return: 4120.226562
epoch: 166
total time steps: 167000
model validation loss: 0.198695
evaluation return: 4072.421875
epoch: 167
total time steps: 168000
model validation loss: 0.205408
evaluation return: 4232.231445
epoch: 168
total time steps: 169000
model validation loss: 0.191065
evaluation return: 4304.166016
epoch: 169
total time steps: 170000
model validation loss: 0.188030
evaluation return: 4189.041504
epoch: 170
total time steps: 171000
model validation loss: 0.198062
evaluation return: 4065.154785
epoch: 171
total time steps: 172000
model validation loss: 0.185145
evaluation return: 4267.128906
epoch: 172
total time steps: 173000
model validation loss: 0.183131
evaluation return: 3901.567627
epoch: 173
total time steps: 174000
model validation loss: 0.206559
evaluation return: 4116.067383
epoch: 174
total time steps: 175000
model validation loss: 0.193893
evaluation return: 4325.004883
epoch: 175
total time steps: 176000
model validation loss: 0.192241
evaluation return: 4164.054688
epoch: 176
total time steps: 177000
model validation loss: 0.195837
evaluation return: 4239.768555
epoch: 177
total time steps: 178000
model validation loss: 0.184791
evaluation return: 3938.625000
epoch: 178
total time steps: 179000
model validation loss: 0.189819
evaluation return: 4209.662109
epoch: 179
total time steps: 180000
model validation loss: 0.181837
evaluation return: 4080.140137
epoch: 180
total time steps: 181000
model validation loss: 0.189663
evaluation return: 4275.492676
epoch: 181
total time steps: 182000
model validation loss: 0.175225
evaluation return: 4235.372559
epoch: 182
total time steps: 183000
model validation loss: 0.185739
evaluation return: 4297.357422
epoch: 183
total time steps: 184000
model validation loss: 0.179533
evaluation return: 4250.966309
epoch: 184
total time steps: 185000
model validation loss: 0.181109
evaluation return: 4402.403809
epoch: 185
total time steps: 186000
model validation loss: 0.175591
evaluation return: 4183.657715
epoch: 186
total time steps: 187000
model validation loss: 0.189638
evaluation return: 4227.408691
epoch: 187
total time steps: 188000
model validation loss: 0.178841
evaluation return: 3868.528076
epoch: 188
total time steps: 189000
model validation loss: 0.176906
evaluation return: 4304.801758
epoch: 189
total time steps: 190000
model validation loss: 0.165845
evaluation return: 4129.341309
epoch: 190
total time steps: 191000
model validation loss: 0.186885
evaluation return: 3409.983643
epoch: 191
total time steps: 192000
model validation loss: 0.191817
evaluation return: 777.305725
epoch: 192
total time steps: 193000
model validation loss: 0.183147
evaluation return: 4309.685059
epoch: 193
total time steps: 194000
model validation loss: 0.181279
evaluation return: 4395.475586
epoch: 194
total time steps: 195000
model validation loss: 0.178124
evaluation return: 4159.342285
epoch: 195
total time steps: 196000
model validation loss: 0.171986
evaluation return: 3987.007080
epoch: 196
total time steps: 197000
model validation loss: 0.172329
evaluation return: 4302.625977
epoch: 197
total time steps: 198000
model validation loss: 0.173194
evaluation return: 4384.672852
epoch: 198
total time steps: 199000
model validation loss: 0.176147
evaluation return: 4447.299316
epoch: 199
total time steps: 200000
model validation loss: 0.175541
evaluation return: 4403.131348
epoch: 200
total time steps: 201000
model validation loss: 0.176373
evaluation return: 4425.149902
epoch: 201
total time steps: 202000
model validation loss: 0.170760
evaluation return: 4373.835938
epoch: 202
total time steps: 203000
model validation loss: 0.167561
evaluation return: 4540.269043
epoch: 203
total time steps: 204000
model validation loss: 0.175161
evaluation return: 4407.975098
epoch: 204
total time steps: 205000
model validation loss: 0.162344
evaluation return: 4449.558105
epoch: 205
total time steps: 206000
model validation loss: 0.172735
evaluation return: 4329.354980
epoch: 206
total time steps: 207000
model validation loss: 0.170562
evaluation return: 4260.987305
epoch: 207
total time steps: 208000
model validation loss: 0.180243
evaluation return: 4249.605469
epoch: 208
total time steps: 209000
model validation loss: 0.169675
evaluation return: 4309.858398
epoch: 209
total time steps: 210000
model validation loss: 0.185210
evaluation return: 4329.848633
epoch: 210
total time steps: 211000
model validation loss: 0.170025
evaluation return: 4414.485352
epoch: 211
total time steps: 212000
model validation loss: 0.162826
evaluation return: 4480.424316
epoch: 212
total time steps: 213000
model validation loss: 0.168878
evaluation return: 4041.354736
epoch: 213
total time steps: 214000
model validation loss: 0.161908
evaluation return: 2027.234619
epoch: 214
total time steps: 215000
model validation loss: 0.164677
evaluation return: 4454.414551
epoch: 215
total time steps: 216000
model validation loss: 0.149334
evaluation return: 3235.968262
epoch: 216
total time steps: 217000
model validation loss: 0.159975
evaluation return: 4322.711914
epoch: 217
total time steps: 218000
model validation loss: 0.179029
evaluation return: 4478.397949
epoch: 218
total time steps: 219000
model validation loss: 0.164834
evaluation return: 4605.837402
epoch: 219
total time steps: 220000
model validation loss: 0.170129
evaluation return: 4237.073242
epoch: 220
total time steps: 221000
model validation loss: 0.166918
evaluation return: 4184.209961
epoch: 221
total time steps: 222000
model validation loss: 0.163338
evaluation return: 2299.929932
epoch: 222
total time steps: 223000
model validation loss: 0.166545
evaluation return: 4321.584473
epoch: 223
total time steps: 224000
model validation loss: 0.160327
evaluation return: 4217.167969
epoch: 224
total time steps: 225000
model validation loss: 0.162930
evaluation return: 4335.403809
epoch: 225
total time steps: 226000
model validation loss: 0.166247
evaluation return: 1325.567505
epoch: 226
total time steps: 227000
model validation loss: 0.162040
evaluation return: 4518.343750
epoch: 227
total time steps: 228000
model validation loss: 0.161843
evaluation return: 4323.451172
epoch: 228
total time steps: 229000
model validation loss: 0.167448
evaluation return: 4452.888184
epoch: 229
total time steps: 230000
model validation loss: 0.163997
evaluation return: 2269.566406
epoch: 230
total time steps: 231000
model validation loss: 0.167841
evaluation return: 4382.893555
epoch: 231
total time steps: 232000
model validation loss: 0.161521
evaluation return: 3915.931641
epoch: 232
total time steps: 233000
model validation loss: 0.157283
evaluation return: 4327.078125
epoch: 233
total time steps: 234000
model validation loss: 0.160436
evaluation return: 3850.718262
epoch: 234
total time steps: 235000
model validation loss: 0.168728
evaluation return: 4322.945312
epoch: 235
total time steps: 236000
model validation loss: 0.157326
evaluation return: 3225.250000
epoch: 236
total time steps: 237000
model validation loss: 0.153882
evaluation return: 4232.579590
epoch: 237
total time steps: 238000
model validation loss: 0.165722
evaluation return: 4302.998535
epoch: 238
total time steps: 239000
model validation loss: 0.156094
evaluation return: 4597.495117
epoch: 239
total time steps: 240000
model validation loss: 0.158775
evaluation return: 4166.939941
epoch: 240
total time steps: 241000
model validation loss: 0.169318
evaluation return: 4065.646973
epoch: 241
total time steps: 242000
model validation loss: 0.166507
evaluation return: 4390.873047
epoch: 242
total time steps: 243000
model validation loss: 0.166220
evaluation return: 4524.084473
epoch: 243
total time steps: 244000
model validation loss: 0.146470
evaluation return: 4484.935059
epoch: 244
total time steps: 245000
model validation loss: 0.155135
evaluation return: 3785.690918
epoch: 245
total time steps: 246000
model validation loss: 0.151072
evaluation return: 1982.224243
epoch: 246
total time steps: 247000
model validation loss: 0.148168
evaluation return: 4538.015137
epoch: 247
total time steps: 248000
model validation loss: 0.153936
evaluation return: 4545.895508
epoch: 248
total time steps: 249000
model validation loss: 0.158071
evaluation return: 4396.118164
epoch: 249
total time steps: 250000
model validation loss: 0.159036
evaluation return: 3582.041748
epoch: 250
total time steps: 251000
model validation loss: 0.150757
evaluation return: 4157.137695
epoch: 251
total time steps: 252000
model validation loss: 0.157068
evaluation return: 4471.004883
epoch: 252
total time steps: 253000
model validation loss: 0.166438
evaluation return: 4545.640137
epoch: 253
total time steps: 254000
model validation loss: 0.146245
evaluation return: 4483.443848
epoch: 254
total time steps: 255000
model validation loss: 0.153030
evaluation return: 4334.961426
epoch: 255
total time steps: 256000
model validation loss: 0.157718
evaluation return: 4279.300293
epoch: 256
total time steps: 257000
model validation loss: 0.148309
evaluation return: 3576.171875
epoch: 257
total time steps: 258000
model validation loss: 0.149607
evaluation return: 4339.976074
epoch: 258
total time steps: 259000
model validation loss: 0.143309
evaluation return: 4443.805176
epoch: 259
total time steps: 260000
model validation loss: 0.165387
evaluation return: 4429.245605
epoch: 260
total time steps: 261000
model validation loss: 0.151966
evaluation return: 3182.986816
epoch: 261
total time steps: 262000
model validation loss: 0.147364
evaluation return: 4511.394043
epoch: 262
total time steps: 263000
model validation loss: 0.150100
evaluation return: 4434.340820
epoch: 263
total time steps: 264000
model validation loss: 0.158425
evaluation return: 3893.690918
epoch: 264
total time steps: 265000
model validation loss: 0.154432
evaluation return: 2623.145020
epoch: 265
total time steps: 266000
model validation loss: 0.140851
evaluation return: 3209.327393
epoch: 266
total time steps: 267000
model validation loss: 0.156082
evaluation return: 4516.274902
epoch: 267
total time steps: 268000
model validation loss: 0.152729
evaluation return: 4361.740234
epoch: 268
total time steps: 269000
model validation loss: 0.148374
evaluation return: 4098.362305
epoch: 269
total time steps: 270000
model validation loss: 0.155629
evaluation return: 1863.404541
epoch: 270
total time steps: 271000
model validation loss: 0.160345
evaluation return: 4475.601562
epoch: 271
total time steps: 272000
model validation loss: 0.158895
evaluation return: 4377.827148
epoch: 272
total time steps: 273000
model validation loss: 0.152842
evaluation return: 4507.015137
epoch: 273
total time steps: 274000
model validation loss: 0.148008
evaluation return: 4413.242188
epoch: 274
total time steps: 275000
model validation loss: 0.151962
evaluation return: 4434.021484
epoch: 275
total time steps: 276000
model validation loss: 0.156470
evaluation return: 1979.156250
epoch: 276
total time steps: 277000
model validation loss: 0.143858
evaluation return: 602.468872
epoch: 277
total time steps: 278000
model validation loss: 0.140653
evaluation return: 4603.022949
epoch: 278
total time steps: 279000
model validation loss: 0.148297
evaluation return: 4398.214844
epoch: 279
total time steps: 280000
model validation loss: 0.146744
evaluation return: 4429.659180
epoch: 280
total time steps: 281000
model validation loss: 0.149219
evaluation return: 4476.837402
epoch: 281
total time steps: 282000
model validation loss: 0.142863
evaluation return: 4488.247070
epoch: 282
total time steps: 283000
model validation loss: 0.163935
evaluation return: 4541.903320
epoch: 283
total time steps: 284000
model validation loss: 0.143693
evaluation return: 4517.102539
epoch: 284
total time steps: 285000
model validation loss: 0.160623
evaluation return: 4468.274902
epoch: 285
total time steps: 286000
model validation loss: 0.145175
evaluation return: 4426.182617
epoch: 286
total time steps: 287000
model validation loss: 0.135338
evaluation return: 4572.778320
epoch: 287
total time steps: 288000
model validation loss: 0.144990
evaluation return: 3618.896973
epoch: 288
total time steps: 289000
model validation loss: 0.142287
evaluation return: 4475.749512
epoch: 289
total time steps: 290000
model validation loss: 0.147506
evaluation return: 467.560974
epoch: 290
total time steps: 291000
model validation loss: 0.149234
evaluation return: 3844.398438
epoch: 291
total time steps: 292000
model validation loss: 0.147021
evaluation return: 3646.845215
epoch: 292
total time steps: 293000
model validation loss: 0.141064
evaluation return: -10.291674
epoch: 293
total time steps: 294000
model validation loss: 0.144283
evaluation return: 3510.360107
epoch: 294
total time steps: 295000
model validation loss: 0.141924
evaluation return: 4523.137695
epoch: 295
total time steps: 296000
model validation loss: 0.140023
evaluation return: 4529.742676
epoch: 296
total time steps: 297000
model validation loss: 0.156843
evaluation return: 4464.214355
epoch: 297
total time steps: 298000
model validation loss: 0.148463
evaluation return: 2861.873291
epoch: 298
total time steps: 299000
model validation loss: 0.147949
evaluation return: 4440.651367
epoch: 299
total time steps: 300000
model validation loss: 0.138068
evaluation return: 3678.956299
epoch: 300
total time steps: 301000
model validation loss: 0.138832
evaluation return: 4606.562012
epoch: 301
total time steps: 302000
model validation loss: 0.135149
evaluation return: 4401.801758
