epoch: 0
total time steps: 1000
model validation loss: 1.372553
evaluation return: 35.517517
epoch: 1
total time steps: 2000
model validation loss: 1.585142
evaluation return: 45.081902
epoch: 2
total time steps: 3000
model validation loss: 1.494872
evaluation return: 259.785950
epoch: 3
total time steps: 4000
model validation loss: 1.399017
evaluation return: 299.656982
epoch: 4
total time steps: 5000
model validation loss: 1.256967
evaluation return: 232.937347
epoch: 5
total time steps: 6000
model validation loss: 1.174601
evaluation return: 350.352295
epoch: 6
total time steps: 7000
model validation loss: 1.001666
evaluation return: 266.655853
epoch: 7
total time steps: 8000
model validation loss: 0.955519
evaluation return: 380.288788
epoch: 8
total time steps: 9000
model validation loss: 0.915908
evaluation return: 240.612015
epoch: 9
total time steps: 10000
model validation loss: 0.929575
evaluation return: 165.162430
epoch: 10
total time steps: 11000
model validation loss: 0.823822
evaluation return: 215.347046
epoch: 11
total time steps: 12000
model validation loss: 0.817687
evaluation return: 183.287338
epoch: 12
total time steps: 13000
model validation loss: 0.831785
evaluation return: 233.357941
epoch: 13
total time steps: 14000
model validation loss: 0.840626
evaluation return: 272.813385
epoch: 14
total time steps: 15000
model validation loss: 0.856276
evaluation return: 203.624435
epoch: 15
total time steps: 16000
model validation loss: 0.842302
evaluation return: 256.343811
epoch: 16
total time steps: 17000
model validation loss: 0.865281
evaluation return: 245.458466
epoch: 17
total time steps: 18000
model validation loss: 0.817220
evaluation return: 286.191711
epoch: 18
total time steps: 19000
model validation loss: 0.833142
evaluation return: 273.597229
epoch: 19
total time steps: 20000
model validation loss: 0.819866
evaluation return: 326.262756
epoch: 20
total time steps: 21000
model validation loss: 0.796253
evaluation return: 334.703033
epoch: 21
total time steps: 22000
model validation loss: 0.790805
evaluation return: 300.051270
epoch: 22
total time steps: 23000
model validation loss: 0.763430
evaluation return: 268.494049
epoch: 23
total time steps: 24000
model validation loss: 0.756163
evaluation return: 252.145309
epoch: 24
total time steps: 25000
model validation loss: 0.775240
evaluation return: 281.474182
epoch: 25
total time steps: 26000
model validation loss: 0.722156
evaluation return: 291.552307
epoch: 26
total time steps: 27000
model validation loss: 0.736289
evaluation return: 243.720551
epoch: 27
total time steps: 28000
model validation loss: 0.756876
evaluation return: 283.853119
epoch: 28
total time steps: 29000
model validation loss: 0.725624
evaluation return: 274.062927
epoch: 29
total time steps: 30000
model validation loss: 0.735506
evaluation return: 235.423141
epoch: 30
total time steps: 31000
model validation loss: 0.738205
evaluation return: 229.065887
epoch: 31
total time steps: 32000
model validation loss: 0.632447
evaluation return: 267.165527
epoch: 32
total time steps: 33000
model validation loss: 0.649965
evaluation return: 251.272980
epoch: 33
total time steps: 34000
model validation loss: 0.633185
evaluation return: 280.897491
epoch: 34
total time steps: 35000
model validation loss: 0.620635
evaluation return: 334.680542
epoch: 35
total time steps: 36000
model validation loss: 0.661424
evaluation return: 223.058380
epoch: 36
total time steps: 37000
model validation loss: 0.636498
evaluation return: 195.237595
epoch: 37
total time steps: 38000
model validation loss: 0.634945
evaluation return: 436.985016
epoch: 38
total time steps: 39000
model validation loss: 0.642448
evaluation return: 252.467697
epoch: 39
total time steps: 40000
model validation loss: 0.653701
evaluation return: 285.255005
epoch: 40
total time steps: 41000
model validation loss: 0.640958
evaluation return: 149.863968
epoch: 41
total time steps: 42000
model validation loss: 0.655830
evaluation return: 234.134125
epoch: 42
total time steps: 43000
model validation loss: 0.613511
evaluation return: 330.218140
epoch: 43
total time steps: 44000
model validation loss: 0.655024
evaluation return: 299.920715
epoch: 44
total time steps: 45000
model validation loss: 0.642162
evaluation return: 329.675629
epoch: 45
total time steps: 46000
model validation loss: 0.623022
evaluation return: 321.017761
epoch: 46
total time steps: 47000
model validation loss: 0.617535
evaluation return: 316.255402
epoch: 47
total time steps: 48000
model validation loss: 0.635434
evaluation return: 178.986038
epoch: 48
total time steps: 49000
model validation loss: 0.638939
evaluation return: 225.137909
epoch: 49
total time steps: 50000
model validation loss: 0.621830
evaluation return: 377.229950
epoch: 50
total time steps: 51000
model validation loss: 0.488854
evaluation return: 280.865540
epoch: 51
total time steps: 52000
model validation loss: 0.470125
evaluation return: 383.087463
epoch: 52
total time steps: 53000
model validation loss: 0.486871
evaluation return: 353.615540
epoch: 53
total time steps: 54000
model validation loss: 0.467489
evaluation return: 438.920898
epoch: 54
total time steps: 55000
model validation loss: 0.455552
evaluation return: 346.521545
epoch: 55
total time steps: 56000
model validation loss: 0.456785
evaluation return: 577.745605
epoch: 56
total time steps: 57000
model validation loss: 0.423629
evaluation return: 414.171387
epoch: 57
total time steps: 58000
model validation loss: 0.436755
evaluation return: 452.518372
epoch: 58
total time steps: 59000
model validation loss: 0.447938
evaluation return: 458.373199
epoch: 59
total time steps: 60000
model validation loss: 0.430943
evaluation return: 624.742859
epoch: 60
total time steps: 61000
model validation loss: 0.412527
evaluation return: 531.358398
epoch: 61
total time steps: 62000
model validation loss: 0.408609
evaluation return: 550.926392
epoch: 62
total time steps: 63000
model validation loss: 0.396978
evaluation return: 630.356628
epoch: 63
total time steps: 64000
model validation loss: 0.423443
evaluation return: -42.950043
epoch: 64
total time steps: 65000
model validation loss: 0.416146
evaluation return: 391.049469
epoch: 65
total time steps: 66000
model validation loss: 0.393032
evaluation return: 565.928833
epoch: 66
total time steps: 67000
model validation loss: 0.390363
evaluation return: 1001.595032
epoch: 67
total time steps: 68000
model validation loss: 0.378569
evaluation return: 803.148560
epoch: 68
total time steps: 69000
model validation loss: 0.363941
evaluation return: 622.282349
epoch: 69
total time steps: 70000
model validation loss: 0.375204
evaluation return: 578.947021
epoch: 70
total time steps: 71000
model validation loss: 0.370952
evaluation return: 606.044983
epoch: 71
total time steps: 72000
model validation loss: 0.367873
evaluation return: 1109.884766
epoch: 72
total time steps: 73000
model validation loss: 0.365138
evaluation return: 809.164551
epoch: 73
total time steps: 74000
model validation loss: 0.363902
evaluation return: 790.298706
epoch: 74
total time steps: 75000
model validation loss: 0.341569
evaluation return: 772.965332
epoch: 75
total time steps: 76000
model validation loss: 0.359364
evaluation return: 770.284058
epoch: 76
total time steps: 77000
model validation loss: 0.352631
evaluation return: 494.206451
epoch: 77
total time steps: 78000
model validation loss: 0.337481
evaluation return: 2492.384277
epoch: 78
total time steps: 79000
model validation loss: 0.324905
evaluation return: 3028.957031
epoch: 79
total time steps: 80000
model validation loss: 0.341373
evaluation return: 988.061829
epoch: 80
total time steps: 81000
model validation loss: 0.326145
evaluation return: 2670.742432
epoch: 81
total time steps: 82000
model validation loss: 0.320970
evaluation return: 2845.131104
epoch: 82
total time steps: 83000
model validation loss: 0.310945
evaluation return: 1918.517578
epoch: 83
total time steps: 84000
model validation loss: 0.314928
evaluation return: 2650.656738
epoch: 84
total time steps: 85000
model validation loss: 0.310088
evaluation return: 1573.789795
epoch: 85
total time steps: 86000
model validation loss: 0.299053
evaluation return: 1399.575317
epoch: 86
total time steps: 87000
model validation loss: 0.307880
evaluation return: 3007.166016
epoch: 87
total time steps: 88000
model validation loss: 0.289522
evaluation return: 2886.017090
epoch: 88
total time steps: 89000
model validation loss: 0.304280
evaluation return: 2779.370850
epoch: 89
total time steps: 90000
model validation loss: 0.278255
evaluation return: 2957.734619
epoch: 90
total time steps: 91000
model validation loss: 0.300381
evaluation return: 2998.696777
epoch: 91
total time steps: 92000
model validation loss: 0.283628
evaluation return: 2990.341309
epoch: 92
total time steps: 93000
model validation loss: 0.281687
evaluation return: 2683.025879
epoch: 93
total time steps: 94000
model validation loss: 0.277399
evaluation return: 2960.479492
epoch: 94
total time steps: 95000
model validation loss: 0.283730
evaluation return: 982.982727
epoch: 95
total time steps: 96000
model validation loss: 0.250946
evaluation return: 2950.001465
epoch: 96
total time steps: 97000
model validation loss: 0.270497
evaluation return: 3071.533691
epoch: 97
total time steps: 98000
model validation loss: 0.261623
evaluation return: 2961.574219
epoch: 98
total time steps: 99000
model validation loss: 0.248540
evaluation return: 3111.783691
epoch: 99
total time steps: 100000
model validation loss: 0.265238
evaluation return: 2852.656494
epoch: 100
total time steps: 101000
model validation loss: 0.255028
evaluation return: 3358.242676
epoch: 101
total time steps: 102000
model validation loss: 0.256287
evaluation return: 3188.632324
epoch: 102
total time steps: 103000
model validation loss: 0.257540
evaluation return: 3132.904053
epoch: 103
total time steps: 104000
model validation loss: 0.256640
evaluation return: 3169.088135
epoch: 104
total time steps: 105000
model validation loss: 0.239597
evaluation return: 3034.473389
epoch: 105
total time steps: 106000
model validation loss: 0.243502
evaluation return: 3228.474365
epoch: 106
total time steps: 107000
model validation loss: 0.255326
evaluation return: 3198.088379
epoch: 107
total time steps: 108000
model validation loss: 0.245580
evaluation return: 3212.904541
epoch: 108
total time steps: 109000
model validation loss: 0.242537
evaluation return: 3121.749756
epoch: 109
total time steps: 110000
model validation loss: 0.248100
evaluation return: 3224.942871
epoch: 110
total time steps: 111000
model validation loss: 0.236089
evaluation return: 3060.841797
epoch: 111
total time steps: 112000
model validation loss: 0.241400
evaluation return: 3086.236572
epoch: 112
total time steps: 113000
model validation loss: 0.221813
evaluation return: 2421.321045
epoch: 113
total time steps: 114000
model validation loss: 0.238973
evaluation return: 3264.263672
epoch: 114
total time steps: 115000
model validation loss: 0.214899
evaluation return: 3323.051514
epoch: 115
total time steps: 116000
model validation loss: 0.228390
evaluation return: 3357.586426
epoch: 116
total time steps: 117000
model validation loss: 0.216692
evaluation return: 3360.092529
epoch: 117
total time steps: 118000
model validation loss: 0.211997
evaluation return: 3266.726807
epoch: 118
total time steps: 119000
model validation loss: 0.216327
evaluation return: 3220.234863
epoch: 119
total time steps: 120000
model validation loss: 0.217703
evaluation return: 3216.809326
epoch: 120
total time steps: 121000
model validation loss: 0.213620
evaluation return: 3301.892090
epoch: 121
total time steps: 122000
model validation loss: 0.202508
evaluation return: 3296.385986
epoch: 122
total time steps: 123000
model validation loss: 0.200603
evaluation return: 3252.270264
epoch: 123
total time steps: 124000
model validation loss: 0.208267
evaluation return: 3245.273682
epoch: 124
total time steps: 125000
model validation loss: 0.199574
evaluation return: 3305.690674
epoch: 125
total time steps: 126000
model validation loss: 0.186566
evaluation return: 3327.365234
epoch: 126
total time steps: 127000
model validation loss: 0.210992
evaluation return: 3310.973389
epoch: 127
total time steps: 128000
model validation loss: 0.193036
evaluation return: 3308.790527
epoch: 128
total time steps: 129000
model validation loss: 0.190061
evaluation return: 3342.006348
epoch: 129
total time steps: 130000
model validation loss: 0.188681
evaluation return: 3348.245361
epoch: 130
total time steps: 131000
model validation loss: 0.209552
evaluation return: 3347.220703
epoch: 131
total time steps: 132000
model validation loss: 0.207154
evaluation return: 3336.169189
epoch: 132
total time steps: 133000
model validation loss: 0.184368
evaluation return: 3268.222656
epoch: 133
total time steps: 134000
model validation loss: 0.189244
evaluation return: 3429.479248
epoch: 134
total time steps: 135000
model validation loss: 0.173920
evaluation return: 3344.209717
epoch: 135
total time steps: 136000
model validation loss: 0.184407
evaluation return: 3347.799316
epoch: 136
total time steps: 137000
model validation loss: 0.203326
evaluation return: 3340.332764
epoch: 137
total time steps: 138000
model validation loss: 0.181475
evaluation return: 3326.304688
epoch: 138
total time steps: 139000
model validation loss: 0.183984
evaluation return: 1728.940796
epoch: 139
total time steps: 140000
model validation loss: 0.179565
evaluation return: 3425.672363
epoch: 140
total time steps: 141000
model validation loss: 0.179487
evaluation return: 3412.887207
epoch: 141
total time steps: 142000
model validation loss: 0.170586
evaluation return: 3401.957520
epoch: 142
total time steps: 143000
model validation loss: 0.174511
evaluation return: 3291.141113
epoch: 143
total time steps: 144000
model validation loss: 0.166871
evaluation return: 3346.380859
epoch: 144
total time steps: 145000
model validation loss: 0.171352
evaluation return: 3388.398438
epoch: 145
total time steps: 146000
model validation loss: 0.181944
evaluation return: 3411.144043
epoch: 146
total time steps: 147000
model validation loss: 0.170890
evaluation return: 3473.339844
epoch: 147
total time steps: 148000
model validation loss: 0.160834
evaluation return: 3403.566406
epoch: 148
total time steps: 149000
model validation loss: 0.161140
evaluation return: 3393.610596
epoch: 149
total time steps: 150000
model validation loss: 0.166684
evaluation return: 3455.944824
epoch: 150
total time steps: 151000
model validation loss: 0.156727
evaluation return: 3464.418701
epoch: 151
total time steps: 152000
model validation loss: 0.165549
evaluation return: 3428.827393
epoch: 152
total time steps: 153000
model validation loss: 0.165034
evaluation return: 3377.826660
epoch: 153
total time steps: 154000
model validation loss: 0.161011
evaluation return: 3373.148926
epoch: 154
total time steps: 155000
model validation loss: 0.170604
evaluation return: 3405.621826
epoch: 155
total time steps: 156000
model validation loss: 0.166086
evaluation return: 3532.685059
epoch: 156
total time steps: 157000
model validation loss: 0.158554
evaluation return: 3483.204590
epoch: 157
total time steps: 158000
model validation loss: 0.157457
evaluation return: 3344.041748
epoch: 158
total time steps: 159000
model validation loss: 0.145165
evaluation return: 3376.102051
epoch: 159
total time steps: 160000
model validation loss: 0.148934
evaluation return: 3467.139893
epoch: 160
total time steps: 161000
model validation loss: 0.164077
evaluation return: 3345.297607
epoch: 161
total time steps: 162000
model validation loss: 0.156290
evaluation return: 3457.834473
epoch: 162
total time steps: 163000
model validation loss: 0.138133
evaluation return: 3385.608887
epoch: 163
total time steps: 164000
model validation loss: 0.153714
evaluation return: 3306.034424
epoch: 164
total time steps: 165000
model validation loss: 0.152152
evaluation return: 3438.395264
epoch: 165
total time steps: 166000
model validation loss: 0.149707
evaluation return: 3511.247559
epoch: 166
total time steps: 167000
model validation loss: 0.145992
evaluation return: 3551.403809
epoch: 167
total time steps: 168000
model validation loss: 0.151371
evaluation return: 2007.019531
epoch: 168
total time steps: 169000
model validation loss: 0.146900
evaluation return: 3504.208984
epoch: 169
total time steps: 170000
model validation loss: 0.149045
evaluation return: 3573.824707
epoch: 170
total time steps: 171000
model validation loss: 0.146733
evaluation return: 2925.678711
epoch: 171
total time steps: 172000
model validation loss: 0.141159
evaluation return: 3448.657471
epoch: 172
total time steps: 173000
model validation loss: 0.142164
evaluation return: 3498.910645
epoch: 173
total time steps: 174000
model validation loss: 0.145707
evaluation return: 3428.232910
epoch: 174
total time steps: 175000
model validation loss: 0.148502
evaluation return: 3513.599121
epoch: 175
total time steps: 176000
model validation loss: 0.140508
evaluation return: 3498.476074
epoch: 176
total time steps: 177000
model validation loss: 0.143452
evaluation return: 3493.313721
epoch: 177
total time steps: 178000
model validation loss: 0.137412
evaluation return: 3474.855469
epoch: 178
total time steps: 179000
model validation loss: 0.137467
evaluation return: 3428.022949
epoch: 179
total time steps: 180000
model validation loss: 0.141580
evaluation return: 3441.353027
epoch: 180
total time steps: 181000
model validation loss: 0.140524
evaluation return: 3520.606689
epoch: 181
total time steps: 182000
model validation loss: 0.141523
evaluation return: 3400.315674
epoch: 182
total time steps: 183000
model validation loss: 0.130369
evaluation return: 3536.124268
epoch: 183
total time steps: 184000
model validation loss: 0.136444
evaluation return: 3468.884277
epoch: 184
total time steps: 185000
model validation loss: 0.143324
evaluation return: 3470.333496
epoch: 185
total time steps: 186000
model validation loss: 0.129632
evaluation return: 3510.760498
epoch: 186
total time steps: 187000
model validation loss: 0.133181
evaluation return: 3465.200439
epoch: 187
total time steps: 188000
model validation loss: 0.127799
evaluation return: 3530.718750
epoch: 188
total time steps: 189000
model validation loss: 0.131603
evaluation return: -10.767867
epoch: 189
total time steps: 190000
model validation loss: 0.127693
evaluation return: 2926.874512
epoch: 190
total time steps: 191000
model validation loss: 0.132401
evaluation return: 3491.265625
epoch: 191
total time steps: 192000
model validation loss: 0.132847
evaluation return: 3557.465576
epoch: 192
total time steps: 193000
model validation loss: 0.137133
evaluation return: 1673.837524
epoch: 193
total time steps: 194000
model validation loss: 0.129779
evaluation return: 3448.956299
epoch: 194
total time steps: 195000
model validation loss: 0.133525
evaluation return: 3661.507324
epoch: 195
total time steps: 196000
model validation loss: 0.129796
evaluation return: 1462.650391
epoch: 196
total time steps: 197000
model validation loss: 0.137487
evaluation return: 2442.244873
epoch: 197
total time steps: 198000
model validation loss: 0.130689
evaluation return: 3331.971924
epoch: 198
total time steps: 199000
model validation loss: 0.135666
evaluation return: 3654.875488
epoch: 199
total time steps: 200000
model validation loss: 0.134631
evaluation return: 3493.944580
epoch: 200
total time steps: 201000
model validation loss: 0.130058
evaluation return: 3539.076904
epoch: 201
total time steps: 202000
model validation loss: 0.140142
evaluation return: 3531.612061
epoch: 202
total time steps: 203000
model validation loss: 0.127367
evaluation return: 3578.483154
epoch: 203
total time steps: 204000
model validation loss: 0.128895
evaluation return: 3716.149658
epoch: 204
total time steps: 205000
model validation loss: 0.119604
evaluation return: 3487.773926
epoch: 205
total time steps: 206000
model validation loss: 0.120055
evaluation return: 3608.379395
epoch: 206
total time steps: 207000
model validation loss: 0.124827
evaluation return: 3599.511719
epoch: 207
total time steps: 208000
model validation loss: 0.130078
evaluation return: 3477.619141
epoch: 208
total time steps: 209000
model validation loss: 0.126922
evaluation return: 3328.599609
epoch: 209
total time steps: 210000
model validation loss: 0.120168
evaluation return: 3537.475342
epoch: 210
total time steps: 211000
model validation loss: 0.128045
evaluation return: 3613.129395
epoch: 211
total time steps: 212000
model validation loss: 0.131524
evaluation return: 3470.104736
epoch: 212
total time steps: 213000
model validation loss: 0.112292
evaluation return: 3533.518066
epoch: 213
total time steps: 214000
model validation loss: 0.124580
evaluation return: 3595.038574
epoch: 214
total time steps: 215000
model validation loss: 0.120756
evaluation return: 3440.159424
epoch: 215
total time steps: 216000
model validation loss: 0.121862
evaluation return: 3526.612549
epoch: 216
total time steps: 217000
model validation loss: 0.114078
evaluation return: 1882.776978
epoch: 217
total time steps: 218000
model validation loss: 0.120436
evaluation return: 3501.584717
epoch: 218
total time steps: 219000
model validation loss: 0.120968
evaluation return: 3506.694580
epoch: 219
total time steps: 220000
model validation loss: 0.121094
evaluation return: 3608.030518
epoch: 220
total time steps: 221000
model validation loss: 0.119323
evaluation return: 3567.645752
epoch: 221
total time steps: 222000
model validation loss: 0.121691
evaluation return: 3475.087402
epoch: 222
total time steps: 223000
model validation loss: 0.120532
evaluation return: 3499.614014
epoch: 223
total time steps: 224000
model validation loss: 0.123155
evaluation return: 3615.044189
epoch: 224
total time steps: 225000
model validation loss: 0.112961
evaluation return: 3513.919189
epoch: 225
total time steps: 226000
model validation loss: 0.120395
evaluation return: 3529.921143
epoch: 226
total time steps: 227000
model validation loss: 0.121805
evaluation return: 3557.637451
epoch: 227
total time steps: 228000
model validation loss: 0.111615
evaluation return: 3622.479004
epoch: 228
total time steps: 229000
model validation loss: 0.120516
evaluation return: 3595.610840
epoch: 229
total time steps: 230000
model validation loss: 0.127686
evaluation return: 3659.141846
epoch: 230
total time steps: 231000
model validation loss: 0.127941
evaluation return: 3589.889893
epoch: 231
total time steps: 232000
model validation loss: 0.110322
evaluation return: 3651.846436
epoch: 232
total time steps: 233000
model validation loss: 0.111644
evaluation return: 3645.629395
epoch: 233
total time steps: 234000
model validation loss: 0.112847
evaluation return: 3610.158936
epoch: 234
total time steps: 235000
model validation loss: 0.113203
evaluation return: 3614.626465
epoch: 235
total time steps: 236000
model validation loss: 0.112787
evaluation return: 3641.371582
epoch: 236
total time steps: 237000
model validation loss: 0.116005
evaluation return: 3585.049316
epoch: 237
total time steps: 238000
model validation loss: 0.118419
evaluation return: 3651.294434
epoch: 238
total time steps: 239000
model validation loss: 0.116646
evaluation return: 3631.417480
epoch: 239
total time steps: 240000
model validation loss: 0.118392
evaluation return: 3563.891357
epoch: 240
total time steps: 241000
model validation loss: 0.113252
evaluation return: 3557.413330
epoch: 241
total time steps: 242000
model validation loss: 0.110661
evaluation return: 3791.209473
epoch: 242
total time steps: 243000
model validation loss: 0.112543
evaluation return: 3653.358887
epoch: 243
total time steps: 244000
model validation loss: 0.107463
evaluation return: 3456.677002
epoch: 244
total time steps: 245000
model validation loss: 0.110265
evaluation return: 3561.222168
epoch: 245
total time steps: 246000
model validation loss: 0.113804
evaluation return: 3731.455811
epoch: 246
total time steps: 247000
model validation loss: 0.105853
evaluation return: 3668.983643
epoch: 247
total time steps: 248000
model validation loss: 0.108922
evaluation return: 3562.024170
epoch: 248
total time steps: 249000
model validation loss: 0.119278
evaluation return: 3557.576172
epoch: 249
total time steps: 250000
model validation loss: 0.109498
evaluation return: 3676.283936
epoch: 250
total time steps: 251000
model validation loss: 0.126888
evaluation return: 3733.237793
epoch: 251
total time steps: 252000
model validation loss: 0.111173
evaluation return: 3650.696045
epoch: 252
total time steps: 253000
model validation loss: 0.114541
evaluation return: 3609.916016
epoch: 253
total time steps: 254000
model validation loss: 0.107926
evaluation return: 3644.827393
epoch: 254
total time steps: 255000
model validation loss: 0.113703
evaluation return: 3731.077393
epoch: 255
total time steps: 256000
model validation loss: 0.117536
evaluation return: 3768.021484
epoch: 256
total time steps: 257000
model validation loss: 0.109083
evaluation return: 3675.217529
epoch: 257
total time steps: 258000
model validation loss: 0.114882
evaluation return: 3619.151611
epoch: 258
total time steps: 259000
model validation loss: 0.097756
evaluation return: 3586.838379
epoch: 259
total time steps: 260000
model validation loss: 0.117008
evaluation return: 3734.280029
epoch: 260
total time steps: 261000
model validation loss: 0.120594
evaluation return: 3647.896484
epoch: 261
total time steps: 262000
model validation loss: 0.110639
evaluation return: 3644.435547
epoch: 262
total time steps: 263000
model validation loss: 0.120030
evaluation return: 3698.645264
epoch: 263
total time steps: 264000
model validation loss: 0.100241
evaluation return: 3803.500732
epoch: 264
total time steps: 265000
model validation loss: 0.115361
evaluation return: 3558.989746
epoch: 265
total time steps: 266000
model validation loss: 0.097998
evaluation return: 3636.400879
epoch: 266
total time steps: 267000
model validation loss: 0.120152
evaluation return: 3687.507812
epoch: 267
total time steps: 268000
model validation loss: 0.122499
evaluation return: 3764.869629
epoch: 268
total time steps: 269000
model validation loss: 0.108017
evaluation return: 3704.114746
epoch: 269
total time steps: 270000
model validation loss: 0.112771
evaluation return: 3206.600342
epoch: 270
total time steps: 271000
model validation loss: 0.105559
evaluation return: 3632.609863
epoch: 271
total time steps: 272000
model validation loss: 0.108750
evaluation return: 3588.876953
epoch: 272
total time steps: 273000
model validation loss: 0.106590
evaluation return: 3674.785645
epoch: 273
total time steps: 274000
model validation loss: 0.125602
evaluation return: 3562.851562
epoch: 274
total time steps: 275000
model validation loss: 0.100022
evaluation return: 3725.204590
epoch: 275
total time steps: 276000
model validation loss: 0.101317
evaluation return: 3587.405762
epoch: 276
total time steps: 277000
model validation loss: 0.107550
evaluation return: 3557.710938
epoch: 277
total time steps: 278000
model validation loss: 0.106289
evaluation return: 3556.488281
epoch: 278
total time steps: 279000
model validation loss: 0.112677
evaluation return: 3551.947998
epoch: 279
total time steps: 280000
model validation loss: 0.097007
evaluation return: 3770.877686
epoch: 280
total time steps: 281000
model validation loss: 0.112129
evaluation return: 3637.893311
epoch: 281
total time steps: 282000
model validation loss: 0.119344
evaluation return: 3789.037598
