epoch: 0
total time steps: 1000
model validation loss: 1.641315
evaluation return: -1876.920898
epoch: 1
total time steps: 2000
model validation loss: 1.503384
evaluation return: -225.983566
epoch: 2
total time steps: 3000
model validation loss: 0.391141
evaluation return: 635.115967
epoch: 3
total time steps: 4000
model validation loss: 0.357772
evaluation return: 774.187012
epoch: 4
total time steps: 5000
model validation loss: 0.328006
evaluation return: 783.381897
epoch: 5
total time steps: 6000
model validation loss: 0.286418
evaluation return: 852.209106
epoch: 6
total time steps: 7000
model validation loss: 0.262095
evaluation return: 889.233765
epoch: 7
total time steps: 8000
model validation loss: 0.245172
evaluation return: 858.037415
epoch: 8
total time steps: 9000
model validation loss: 0.225396
evaluation return: 880.099915
epoch: 9
total time steps: 10000
model validation loss: 0.205895
evaluation return: 841.785034
epoch: 10
total time steps: 11000
model validation loss: 0.192478
evaluation return: 884.234497
epoch: 11
total time steps: 12000
model validation loss: 0.180914
evaluation return: 892.521973
epoch: 12
total time steps: 13000
model validation loss: 0.173285
evaluation return: 879.948242
epoch: 13
total time steps: 14000
model validation loss: 0.172298
evaluation return: 895.442871
epoch: 14
total time steps: 15000
model validation loss: 0.158546
evaluation return: 939.680969
epoch: 15
total time steps: 16000
model validation loss: 0.150524
evaluation return: 927.673157
epoch: 16
total time steps: 17000
model validation loss: 0.142904
evaluation return: 934.482422
epoch: 17
total time steps: 18000
model validation loss: 0.133626
evaluation return: 898.808594
epoch: 18
total time steps: 19000
model validation loss: 0.128521
evaluation return: 925.481445
epoch: 19
total time steps: 20000
model validation loss: 0.127731
evaluation return: 895.180847
epoch: 20
total time steps: 21000
model validation loss: 0.120464
evaluation return: 950.268066
epoch: 21
total time steps: 22000
model validation loss: 0.114913
evaluation return: 970.033691
epoch: 22
total time steps: 23000
model validation loss: 0.107540
evaluation return: 939.859741
epoch: 23
total time steps: 24000
model validation loss: 0.102664
evaluation return: 970.081909
epoch: 24
total time steps: 25000
model validation loss: 0.107818
evaluation return: 901.902527
epoch: 25
total time steps: 26000
model validation loss: 0.099763
evaluation return: 968.874146
epoch: 26
total time steps: 27000
model validation loss: 0.095192
evaluation return: 991.976196
epoch: 27
total time steps: 28000
model validation loss: 0.088913
evaluation return: 992.071655
epoch: 28
total time steps: 29000
model validation loss: 0.085447
evaluation return: 963.907715
epoch: 29
total time steps: 30000
model validation loss: 0.080948
evaluation return: 967.329895
epoch: 30
total time steps: 31000
model validation loss: 0.084071
evaluation return: 913.111511
epoch: 31
total time steps: 32000
model validation loss: 0.080753
evaluation return: 1223.701294
epoch: 32
total time steps: 33000
model validation loss: 0.073006
evaluation return: 779.145142
epoch: 33
total time steps: 34000
model validation loss: 0.073443
evaluation return: 796.371704
epoch: 34
total time steps: 35000
model validation loss: 0.073047
evaluation return: 733.597839
epoch: 35
total time steps: 36000
model validation loss: 0.068778
evaluation return: 1024.719482
epoch: 36
total time steps: 37000
model validation loss: 0.068012
evaluation return: 867.792603
epoch: 37
total time steps: 38000
model validation loss: 0.061966
evaluation return: 834.744629
epoch: 38
total time steps: 39000
model validation loss: 0.062173
evaluation return: 981.219421
epoch: 39
total time steps: 40000
model validation loss: 0.059742
evaluation return: 888.215637
epoch: 40
total time steps: 41000
model validation loss: 0.057802
evaluation return: 650.344482
epoch: 41
total time steps: 42000
model validation loss: 0.052268
evaluation return: 750.436646
epoch: 42
total time steps: 43000
model validation loss: 0.054943
evaluation return: 927.381531
epoch: 43
total time steps: 44000
model validation loss: 0.050599
evaluation return: 934.770203
epoch: 44
total time steps: 45000
model validation loss: 0.050795
evaluation return: 786.151611
epoch: 45
total time steps: 46000
model validation loss: 0.049960
evaluation return: 679.034790
epoch: 46
total time steps: 47000
model validation loss: 0.046529
evaluation return: 750.514587
epoch: 47
total time steps: 48000
model validation loss: 0.046170
evaluation return: 703.613831
epoch: 48
total time steps: 49000
model validation loss: 0.044469
evaluation return: 308.954041
epoch: 49
total time steps: 50000
model validation loss: 0.040414
evaluation return: 796.042175
epoch: 50
total time steps: 51000
model validation loss: 0.040298
evaluation return: 52.662029
epoch: 51
total time steps: 52000
model validation loss: 0.040857
evaluation return: 337.252136
epoch: 52
total time steps: 53000
model validation loss: 0.040455
evaluation return: 426.663818
epoch: 53
total time steps: 54000
model validation loss: 0.039719
evaluation return: 643.184265
epoch: 54
total time steps: 55000
model validation loss: 0.036195
evaluation return: 1412.327026
epoch: 55
total time steps: 56000
model validation loss: 0.028378
evaluation return: 1633.824463
epoch: 56
total time steps: 57000
model validation loss: 0.026844
evaluation return: 1681.356201
epoch: 57
total time steps: 58000
model validation loss: 0.028784
evaluation return: 1368.192139
epoch: 58
total time steps: 59000
model validation loss: 0.027166
evaluation return: 1834.363647
epoch: 59
total time steps: 60000
model validation loss: 0.027586
evaluation return: 1729.411743
epoch: 60
total time steps: 61000
model validation loss: 0.027661
evaluation return: 2234.585938
epoch: 61
total time steps: 62000
model validation loss: 0.027970
evaluation return: 1624.917725
epoch: 62
total time steps: 63000
model validation loss: 0.028253
evaluation return: 1960.870728
epoch: 63
total time steps: 64000
model validation loss: 0.025995
evaluation return: 1659.941162
epoch: 64
total time steps: 65000
model validation loss: 0.026950
evaluation return: 1460.754639
epoch: 65
total time steps: 66000
model validation loss: 0.026641
evaluation return: 2273.408691
epoch: 66
total time steps: 67000
model validation loss: 0.027118
evaluation return: 1899.789429
epoch: 67
total time steps: 68000
model validation loss: 0.026917
evaluation return: 2225.701172
epoch: 68
total time steps: 69000
model validation loss: 0.026603
evaluation return: 1905.820068
epoch: 69
total time steps: 70000
model validation loss: 0.028085
evaluation return: 2544.346924
epoch: 70
total time steps: 71000
model validation loss: 0.026985
evaluation return: 2720.200684
epoch: 71
total time steps: 72000
model validation loss: 0.026171
evaluation return: 1789.562866
epoch: 72
total time steps: 73000
model validation loss: 0.026253
evaluation return: 961.287292
epoch: 73
total time steps: 74000
model validation loss: 0.026081
evaluation return: 2559.828613
epoch: 74
total time steps: 75000
model validation loss: 0.025717
evaluation return: 2042.067627
epoch: 75
total time steps: 76000
model validation loss: 0.026473
evaluation return: 2034.634399
epoch: 76
total time steps: 77000
model validation loss: 0.026378
evaluation return: 1551.624634
epoch: 77
total time steps: 78000
model validation loss: 0.024742
evaluation return: 1955.169189
epoch: 78
total time steps: 79000
model validation loss: 0.024389
evaluation return: 1446.191528
epoch: 79
total time steps: 80000
model validation loss: 0.023932
evaluation return: 2402.515869
epoch: 80
total time steps: 81000
model validation loss: 0.024666
evaluation return: 1659.789062
epoch: 81
total time steps: 82000
model validation loss: 0.022956
evaluation return: 1348.359497
epoch: 82
total time steps: 83000
model validation loss: 0.023256
evaluation return: 2014.760742
epoch: 83
total time steps: 84000
model validation loss: 0.024299
evaluation return: 1833.457764
epoch: 84
total time steps: 85000
model validation loss: 0.024242
evaluation return: 1906.362915
epoch: 85
total time steps: 86000
model validation loss: 0.022693
evaluation return: 1578.334473
epoch: 86
total time steps: 87000
model validation loss: 0.023907
evaluation return: 1561.678589
epoch: 87
total time steps: 88000
model validation loss: 0.023352
evaluation return: 1351.805298
epoch: 88
total time steps: 89000
model validation loss: 0.023645
evaluation return: 588.708191
epoch: 89
total time steps: 90000
model validation loss: 0.023910
evaluation return: 1075.746460
epoch: 90
total time steps: 91000
model validation loss: 0.022210
evaluation return: 639.766724
epoch: 91
total time steps: 92000
model validation loss: 0.023663
evaluation return: 1873.898071
epoch: 92
total time steps: 93000
model validation loss: 0.022599
evaluation return: 1524.016846
epoch: 93
total time steps: 94000
model validation loss: 0.021785
evaluation return: 1738.902344
epoch: 94
total time steps: 95000
model validation loss: 0.021933
evaluation return: 915.119019
epoch: 95
total time steps: 96000
model validation loss: 0.021558
evaluation return: 656.853760
epoch: 96
total time steps: 97000
model validation loss: 0.022412
evaluation return: 1158.984985
epoch: 97
total time steps: 98000
model validation loss: 0.023807
evaluation return: 1326.395874
epoch: 98
total time steps: 99000
model validation loss: 0.022723
evaluation return: 450.532043
epoch: 99
total time steps: 100000
model validation loss: 0.022519
evaluation return: 920.851562
epoch: 100
total time steps: 101000
model validation loss: 0.023281
evaluation return: 913.118347
epoch: 101
total time steps: 102000
model validation loss: 0.022597
evaluation return: 713.766113
epoch: 102
total time steps: 103000
model validation loss: 0.021601
evaluation return: 2180.564941
epoch: 103
total time steps: 104000
model validation loss: 0.022883
evaluation return: 2368.118408
epoch: 104
total time steps: 105000
model validation loss: 0.023020
evaluation return: 1228.361816
epoch: 105
total time steps: 106000
model validation loss: 0.021993
evaluation return: 1539.413574
epoch: 106
total time steps: 107000
model validation loss: 0.022906
evaluation return: 982.127563
epoch: 107
total time steps: 108000
model validation loss: 0.021556
evaluation return: 1252.456909
epoch: 108
total time steps: 109000
model validation loss: 0.020568
evaluation return: 1435.431885
epoch: 109
total time steps: 110000
model validation loss: 0.021090
evaluation return: 1823.873047
epoch: 110
total time steps: 111000
model validation loss: 0.022594
evaluation return: 2544.816895
epoch: 111
total time steps: 112000
model validation loss: 0.020734
evaluation return: 1759.677979
epoch: 112
total time steps: 113000
model validation loss: 0.022634
evaluation return: 3199.321777
epoch: 113
total time steps: 114000
model validation loss: 0.021517
evaluation return: 2911.296631
epoch: 114
total time steps: 115000
model validation loss: 0.021975
evaluation return: 2269.318848
epoch: 115
total time steps: 116000
model validation loss: 0.021995
evaluation return: 2773.662109
epoch: 116
total time steps: 117000
model validation loss: 0.020762
evaluation return: 2456.647461
epoch: 117
total time steps: 118000
model validation loss: 0.022266
evaluation return: 1612.349976
epoch: 118
total time steps: 119000
model validation loss: 0.022516
evaluation return: 817.192383
epoch: 119
total time steps: 120000
model validation loss: 0.022606
evaluation return: 976.784363
epoch: 120
total time steps: 121000
model validation loss: 0.021993
evaluation return: 2180.505127
epoch: 121
total time steps: 122000
model validation loss: 0.021924
evaluation return: 2487.899658
epoch: 122
total time steps: 123000
model validation loss: 0.021264
evaluation return: 2876.846191
epoch: 123
total time steps: 124000
model validation loss: 0.021113
evaluation return: 2923.996094
epoch: 124
total time steps: 125000
model validation loss: 0.021113
evaluation return: 3638.659424
epoch: 125
total time steps: 126000
model validation loss: 0.021636
evaluation return: 2482.035645
epoch: 126
total time steps: 127000
model validation loss: 0.021268
evaluation return: 3419.749512
epoch: 127
total time steps: 128000
model validation loss: 0.021674
evaluation return: 2645.820312
epoch: 128
total time steps: 129000
model validation loss: 0.020535
evaluation return: 3780.468262
epoch: 129
total time steps: 130000
model validation loss: 0.020880
evaluation return: 3498.643311
epoch: 130
total time steps: 131000
model validation loss: 0.020831
evaluation return: 3210.747559
epoch: 131
total time steps: 132000
model validation loss: 0.021518
evaluation return: 2853.289551
epoch: 132
total time steps: 133000
model validation loss: 0.022907
evaluation return: 3183.840088
epoch: 133
total time steps: 134000
model validation loss: 0.021495
evaluation return: 3770.626465
epoch: 134
total time steps: 135000
model validation loss: 0.021860
evaluation return: 3645.440674
epoch: 135
total time steps: 136000
model validation loss: 0.020651
evaluation return: 3547.422363
epoch: 136
total time steps: 137000
model validation loss: 0.022808
evaluation return: 3236.946777
epoch: 137
total time steps: 138000
model validation loss: 0.022382
evaluation return: 3389.324951
epoch: 138
total time steps: 139000
model validation loss: 0.021495
evaluation return: 3736.391357
epoch: 139
total time steps: 140000
model validation loss: 0.021521
evaluation return: 3702.645996
epoch: 140
total time steps: 141000
model validation loss: 0.020953
evaluation return: 3326.094482
epoch: 141
total time steps: 142000
model validation loss: 0.021056
evaluation return: 3877.313232
epoch: 142
total time steps: 143000
model validation loss: 0.022332
evaluation return: 4031.425293
epoch: 143
total time steps: 144000
model validation loss: 0.021093
evaluation return: 3237.961426
epoch: 144
total time steps: 145000
model validation loss: 0.020582
evaluation return: 2269.397949
epoch: 145
total time steps: 146000
model validation loss: 0.020827
evaluation return: 3276.222168
epoch: 146
total time steps: 147000
model validation loss: 0.021290
evaluation return: 3480.613770
epoch: 147
total time steps: 148000
model validation loss: 0.020787
evaluation return: 3754.256348
epoch: 148
total time steps: 149000
model validation loss: 0.021552
evaluation return: 4450.133789
epoch: 149
total time steps: 150000
model validation loss: 0.021097
evaluation return: 2841.857422
epoch: 150
total time steps: 151000
model validation loss: 0.020070
evaluation return: 3476.140137
epoch: 151
total time steps: 152000
model validation loss: 0.021512
evaluation return: 2470.076904
epoch: 152
total time steps: 153000
model validation loss: 0.021652
evaluation return: 2451.250732
epoch: 153
total time steps: 154000
model validation loss: 0.020896
evaluation return: 3690.785889
epoch: 154
total time steps: 155000
model validation loss: 0.020199
evaluation return: 4246.776367
epoch: 155
total time steps: 156000
model validation loss: 0.021803
evaluation return: 4154.171387
epoch: 156
total time steps: 157000
model validation loss: 0.021626
evaluation return: 3923.960205
epoch: 157
total time steps: 158000
model validation loss: 0.021086
evaluation return: 3699.876465
epoch: 158
total time steps: 159000
model validation loss: 0.022632
evaluation return: 3149.025879
epoch: 159
total time steps: 160000
model validation loss: 0.021144
evaluation return: 3551.990723
epoch: 160
total time steps: 161000
model validation loss: 0.021226
evaluation return: 3539.828613
epoch: 161
total time steps: 162000
model validation loss: 0.021156
evaluation return: 3956.875732
epoch: 162
total time steps: 163000
model validation loss: 0.022019
evaluation return: 2368.246582
epoch: 163
total time steps: 164000
model validation loss: 0.021065
evaluation return: 3448.788330
epoch: 164
total time steps: 165000
model validation loss: 0.020210
evaluation return: 3967.825684
epoch: 165
total time steps: 166000
model validation loss: 0.022027
evaluation return: 1888.680908
epoch: 166
total time steps: 167000
model validation loss: 0.022082
evaluation return: 3941.522949
epoch: 167
total time steps: 168000
model validation loss: 0.021540
evaluation return: 4196.014648
epoch: 168
total time steps: 169000
model validation loss: 0.022052
evaluation return: 4351.626465
epoch: 169
total time steps: 170000
model validation loss: 0.020578
evaluation return: 4488.198242
epoch: 170
total time steps: 171000
model validation loss: 0.021911
evaluation return: 3941.690918
epoch: 171
total time steps: 172000
model validation loss: 0.020942
evaluation return: 4639.998535
epoch: 172
total time steps: 173000
model validation loss: 0.022054
evaluation return: 2874.197754
epoch: 173
total time steps: 174000
model validation loss: 0.021798
evaluation return: 3926.833984
epoch: 174
total time steps: 175000
model validation loss: 0.020876
evaluation return: 4246.097656
epoch: 175
total time steps: 176000
model validation loss: 0.020963
evaluation return: 4381.266602
epoch: 176
total time steps: 177000
model validation loss: 0.020665
evaluation return: 4445.968750
epoch: 177
total time steps: 178000
model validation loss: 0.021284
evaluation return: 4325.631836
epoch: 178
total time steps: 179000
model validation loss: 0.022716
evaluation return: 4528.721680
epoch: 179
total time steps: 180000
model validation loss: 0.019548
evaluation return: 4179.328125
epoch: 180
total time steps: 181000
model validation loss: 0.020269
evaluation return: 3812.684082
epoch: 181
total time steps: 182000
model validation loss: 0.021227
evaluation return: 2923.585938
epoch: 182
total time steps: 183000
model validation loss: 0.021212
evaluation return: 4708.129395
epoch: 183
total time steps: 184000
model validation loss: 0.020740
evaluation return: 3651.441406
epoch: 184
total time steps: 185000
model validation loss: 0.021773
evaluation return: 3589.269043
epoch: 185
total time steps: 186000
model validation loss: 0.022822
evaluation return: 3488.335205
epoch: 186
total time steps: 187000
model validation loss: 0.020876
evaluation return: 4681.706543
epoch: 187
total time steps: 188000
model validation loss: 0.020602
evaluation return: 3358.407715
epoch: 188
total time steps: 189000
model validation loss: 0.021296
evaluation return: 3992.955078
epoch: 189
total time steps: 190000
model validation loss: 0.021691
evaluation return: 4346.062988
epoch: 190
total time steps: 191000
model validation loss: 0.021480
evaluation return: 4024.876465
epoch: 191
total time steps: 192000
model validation loss: 0.021046
evaluation return: 4666.792969
epoch: 192
total time steps: 193000
model validation loss: 0.021579
evaluation return: 3825.455811
epoch: 193
total time steps: 194000
model validation loss: 0.020498
evaluation return: 4670.454590
epoch: 194
total time steps: 195000
model validation loss: 0.021269
evaluation return: 4697.185547
epoch: 195
total time steps: 196000
model validation loss: 0.021530
evaluation return: 4647.142090
epoch: 196
total time steps: 197000
model validation loss: 0.020633
evaluation return: 4752.354980
epoch: 197
total time steps: 198000
model validation loss: 0.019341
evaluation return: 3834.386230
epoch: 198
total time steps: 199000
model validation loss: 0.021532
evaluation return: 4891.205566
epoch: 199
total time steps: 200000
model validation loss: 0.018923
evaluation return: 4527.332520
epoch: 200
total time steps: 201000
model validation loss: 0.020604
evaluation return: 4619.251953
epoch: 201
total time steps: 202000
model validation loss: 0.020568
evaluation return: 2948.302490
epoch: 202
total time steps: 203000
model validation loss: 0.020968
evaluation return: 4453.987305
epoch: 203
total time steps: 204000
model validation loss: 0.020646
evaluation return: 3886.086670
epoch: 204
total time steps: 205000
model validation loss: 0.023841
evaluation return: 4735.810547
epoch: 205
total time steps: 206000
model validation loss: 0.021204
evaluation return: 4587.366211
epoch: 206
total time steps: 207000
model validation loss: 0.021070
evaluation return: 4561.456055
epoch: 207
total time steps: 208000
model validation loss: 0.021309
evaluation return: 4571.380859
epoch: 208
total time steps: 209000
model validation loss: 0.020555
evaluation return: 3970.070312
epoch: 209
total time steps: 210000
model validation loss: 0.020860
evaluation return: 4678.712891
epoch: 210
total time steps: 211000
model validation loss: 0.020252
evaluation return: 4612.715332
epoch: 211
total time steps: 212000
model validation loss: 0.020765
evaluation return: 4243.139160
epoch: 212
total time steps: 213000
model validation loss: 0.020743
evaluation return: 5034.666504
epoch: 213
total time steps: 214000
model validation loss: 0.021689
evaluation return: 4675.994629
epoch: 214
total time steps: 215000
model validation loss: 0.019311
evaluation return: 5054.877930
epoch: 215
total time steps: 216000
model validation loss: 0.020916
evaluation return: 3591.819824
epoch: 216
total time steps: 217000
model validation loss: 0.020514
evaluation return: 3922.013672
epoch: 217
total time steps: 218000
model validation loss: 0.020181
evaluation return: 4861.938477
epoch: 218
total time steps: 219000
model validation loss: 0.022190
evaluation return: 4855.507324
epoch: 219
total time steps: 220000
model validation loss: 0.020290
evaluation return: 4366.048340
epoch: 220
total time steps: 221000
model validation loss: 0.020665
evaluation return: 4395.457520
epoch: 221
total time steps: 222000
model validation loss: 0.019793
evaluation return: 4548.851562
epoch: 222
total time steps: 223000
model validation loss: 0.019639
evaluation return: 4989.401367
epoch: 223
total time steps: 224000
model validation loss: 0.019451
evaluation return: 4372.366211
epoch: 224
total time steps: 225000
model validation loss: 0.020165
evaluation return: 4625.877930
epoch: 225
total time steps: 226000
model validation loss: 0.019366
evaluation return: 4956.950195
epoch: 226
total time steps: 227000
model validation loss: 0.019484
evaluation return: 5153.147949
epoch: 227
total time steps: 228000
model validation loss: 0.018285
evaluation return: 4545.003906
epoch: 228
total time steps: 229000
model validation loss: 0.020928
evaluation return: 5120.859863
epoch: 229
total time steps: 230000
model validation loss: 0.020337
evaluation return: 4903.428223
epoch: 230
total time steps: 231000
model validation loss: 0.020350
evaluation return: 4681.625000
epoch: 231
total time steps: 232000
model validation loss: 0.020813
evaluation return: 4604.265625
epoch: 232
total time steps: 233000
model validation loss: 0.020462
evaluation return: 4312.187988
epoch: 233
total time steps: 234000
model validation loss: 0.019388
evaluation return: 5090.096680
epoch: 234
total time steps: 235000
model validation loss: 0.019614
evaluation return: 5125.302246
epoch: 235
total time steps: 236000
model validation loss: 0.019394
evaluation return: 5003.886230
epoch: 236
total time steps: 237000
model validation loss: 0.019424
evaluation return: 5044.134766
epoch: 237
total time steps: 238000
model validation loss: 0.020078
evaluation return: 5094.514160
epoch: 238
total time steps: 239000
model validation loss: 0.019527
evaluation return: 4324.222656
epoch: 239
total time steps: 240000
model validation loss: 0.019869
evaluation return: 5153.312988
epoch: 240
total time steps: 241000
model validation loss: 0.019067
evaluation return: 4674.864258
epoch: 241
total time steps: 242000
model validation loss: 0.019509
evaluation return: 4841.228516
epoch: 242
total time steps: 243000
model validation loss: 0.019880
evaluation return: 4530.577637
epoch: 243
total time steps: 244000
model validation loss: 0.019331
evaluation return: 4999.421875
epoch: 244
total time steps: 245000
model validation loss: 0.019661
evaluation return: 4670.331543
epoch: 245
total time steps: 246000
model validation loss: 0.019762
evaluation return: 5115.440430
epoch: 246
total time steps: 247000
model validation loss: 0.019621
evaluation return: 5192.768555
epoch: 247
total time steps: 248000
model validation loss: 0.019779
evaluation return: 5327.338867
epoch: 248
total time steps: 249000
model validation loss: 0.019075
evaluation return: 4750.926758
epoch: 249
total time steps: 250000
model validation loss: 0.019530
evaluation return: 5056.919434
epoch: 250
total time steps: 251000
model validation loss: 0.020189
evaluation return: 5084.082520
epoch: 251
total time steps: 252000
model validation loss: 0.018786
evaluation return: 4860.261719
epoch: 252
total time steps: 253000
model validation loss: 0.018738
evaluation return: 5015.870117
epoch: 253
total time steps: 254000
model validation loss: 0.019008
evaluation return: 5298.157227
epoch: 254
total time steps: 255000
model validation loss: 0.019436
evaluation return: 5133.324219
epoch: 255
total time steps: 256000
model validation loss: 0.019040
evaluation return: 5272.025391
epoch: 256
total time steps: 257000
model validation loss: 0.019130
evaluation return: 5230.910156
epoch: 257
total time steps: 258000
model validation loss: 0.018610
evaluation return: 5155.208008
epoch: 258
total time steps: 259000
model validation loss: 0.019574
evaluation return: 5167.819336
epoch: 259
total time steps: 260000
model validation loss: 0.019678
evaluation return: 4895.849121
epoch: 260
total time steps: 261000
model validation loss: 0.018832
evaluation return: 5165.187500
epoch: 261
total time steps: 262000
model validation loss: 0.019436
evaluation return: 5265.637695
epoch: 262
total time steps: 263000
model validation loss: 0.018888
evaluation return: 5372.275879
epoch: 263
total time steps: 264000
model validation loss: 0.019363
evaluation return: 4697.133301
epoch: 264
total time steps: 265000
model validation loss: 0.019050
evaluation return: 5174.788086
epoch: 265
total time steps: 266000
model validation loss: 0.019349
evaluation return: 5256.159180
epoch: 266
total time steps: 267000
model validation loss: 0.020018
evaluation return: 4977.361816
epoch: 267
total time steps: 268000
model validation loss: 0.018682
evaluation return: 5176.149902
epoch: 268
total time steps: 269000
model validation loss: 0.020129
evaluation return: 5319.393555
epoch: 269
total time steps: 270000
model validation loss: 0.018881
evaluation return: 5232.745117
epoch: 270
total time steps: 271000
model validation loss: 0.019105
evaluation return: 5099.426270
epoch: 271
total time steps: 272000
model validation loss: 0.020000
evaluation return: 5133.920410
epoch: 272
total time steps: 273000
model validation loss: 0.018828
evaluation return: 5467.388672
epoch: 273
total time steps: 274000
model validation loss: 0.018471
evaluation return: 5638.544922
epoch: 274
total time steps: 275000
model validation loss: 0.018905
evaluation return: 5565.273438
epoch: 275
total time steps: 276000
model validation loss: 0.018825
evaluation return: 5546.376465
epoch: 276
total time steps: 277000
model validation loss: 0.018551
evaluation return: 5597.188965
epoch: 277
total time steps: 278000
model validation loss: 0.018463
evaluation return: 5468.787598
epoch: 278
total time steps: 279000
model validation loss: 0.019048
evaluation return: 5396.984375
epoch: 279
total time steps: 280000
model validation loss: 0.019037
evaluation return: 5597.466797
epoch: 280
total time steps: 281000
model validation loss: 0.019590
evaluation return: 5523.520508
epoch: 281
total time steps: 282000
model validation loss: 0.019536
evaluation return: 5554.220215
epoch: 282
total time steps: 283000
model validation loss: 0.020838
evaluation return: 5403.692383
epoch: 283
total time steps: 284000
model validation loss: 0.018945
evaluation return: 5685.372559
epoch: 284
total time steps: 285000
model validation loss: 0.020153
evaluation return: 5582.759277
epoch: 285
total time steps: 286000
model validation loss: 0.019610
evaluation return: 5015.334473
epoch: 286
total time steps: 287000
model validation loss: 0.019901
evaluation return: 4985.784180
epoch: 287
total time steps: 288000
model validation loss: 0.019783
evaluation return: 5517.912109
epoch: 288
total time steps: 289000
model validation loss: 0.018392
evaluation return: 5799.434570
epoch: 289
total time steps: 290000
model validation loss: 0.019155
evaluation return: 5658.092285
epoch: 290
total time steps: 291000
model validation loss: 0.018412
evaluation return: 5402.992188
epoch: 291
total time steps: 292000
model validation loss: 0.019025
evaluation return: 5131.584961
epoch: 292
total time steps: 293000
model validation loss: 0.019995
evaluation return: 5593.880859
epoch: 293
total time steps: 294000
model validation loss: 0.017917
evaluation return: 5669.587891
epoch: 294
total time steps: 295000
model validation loss: 0.019498
evaluation return: 5795.715332
epoch: 295
total time steps: 296000
model validation loss: 0.019390
evaluation return: 5367.229492
epoch: 296
total time steps: 297000
model validation loss: 0.018911
evaluation return: 5584.037598
epoch: 297
total time steps: 298000
model validation loss: 0.019342
evaluation return: 5617.222168
epoch: 298
total time steps: 299000
model validation loss: 0.019097
evaluation return: 5575.955566
epoch: 299
total time steps: 300000
model validation loss: 0.018447
evaluation return: 5046.433594
epoch: 300
total time steps: 301000
model validation loss: 0.018342
evaluation return: 5579.983398
epoch: 301
total time steps: 302000
model validation loss: 0.019175
evaluation return: 5170.489746
