epoch: 0
total time steps: 1000
model validation loss: 1.647718
evaluation return: -1211.573242
epoch: 1
total time steps: 2000
model validation loss: 1.606391
evaluation return: -1628.966431
epoch: 2
total time steps: 3000
model validation loss: 0.502103
evaluation return: 68.464439
epoch: 3
total time steps: 4000
model validation loss: 0.433801
evaluation return: 686.676941
epoch: 4
total time steps: 5000
model validation loss: 0.372184
evaluation return: 536.181274
epoch: 5
total time steps: 6000
model validation loss: 0.337642
evaluation return: 661.491333
epoch: 6
total time steps: 7000
model validation loss: 0.316923
evaluation return: 614.183289
epoch: 7
total time steps: 8000
model validation loss: 0.283042
evaluation return: 676.694702
epoch: 8
total time steps: 9000
model validation loss: 0.255210
evaluation return: 763.452637
epoch: 9
total time steps: 10000
model validation loss: 0.243066
evaluation return: 751.055298
epoch: 10
total time steps: 11000
model validation loss: 0.219754
evaluation return: 791.765320
epoch: 11
total time steps: 12000
model validation loss: 0.203129
evaluation return: 803.062988
epoch: 12
total time steps: 13000
model validation loss: 0.191288
evaluation return: 851.415344
epoch: 13
total time steps: 14000
model validation loss: 0.190457
evaluation return: 893.543762
epoch: 14
total time steps: 15000
model validation loss: 0.177443
evaluation return: 776.911255
epoch: 15
total time steps: 16000
model validation loss: 0.160748
evaluation return: 895.804871
epoch: 16
total time steps: 17000
model validation loss: 0.152181
evaluation return: 852.346558
epoch: 17
total time steps: 18000
model validation loss: 0.155868
evaluation return: 898.516296
epoch: 18
total time steps: 19000
model validation loss: 0.144653
evaluation return: 864.171265
epoch: 19
total time steps: 20000
model validation loss: 0.137456
evaluation return: 893.941589
epoch: 20
total time steps: 21000
model validation loss: 0.138529
evaluation return: 905.548645
epoch: 21
total time steps: 22000
model validation loss: 0.127457
evaluation return: 901.555786
epoch: 22
total time steps: 23000
model validation loss: 0.121927
evaluation return: 906.820312
epoch: 23
total time steps: 24000
model validation loss: 0.126989
evaluation return: 902.191223
epoch: 24
total time steps: 25000
model validation loss: 0.123420
evaluation return: 819.710266
epoch: 25
total time steps: 26000
model validation loss: 0.123285
evaluation return: 907.725952
epoch: 26
total time steps: 27000
model validation loss: 0.113365
evaluation return: 944.205933
epoch: 27
total time steps: 28000
model validation loss: 0.104160
evaluation return: 798.738953
epoch: 28
total time steps: 29000
model validation loss: 0.099966
evaluation return: 933.843262
epoch: 29
total time steps: 30000
model validation loss: 0.099778
evaluation return: 937.114380
epoch: 30
total time steps: 31000
model validation loss: 0.096440
evaluation return: 957.774902
epoch: 31
total time steps: 32000
model validation loss: 0.089816
evaluation return: 943.146362
epoch: 32
total time steps: 33000
model validation loss: 0.091274
evaluation return: 960.405884
epoch: 33
total time steps: 34000
model validation loss: 0.086721
evaluation return: 944.213501
epoch: 34
total time steps: 35000
model validation loss: 0.083152
evaluation return: 956.620728
epoch: 35
total time steps: 36000
model validation loss: 0.081402
evaluation return: 953.776001
epoch: 36
total time steps: 37000
model validation loss: 0.078491
evaluation return: 937.439819
epoch: 37
total time steps: 38000
model validation loss: 0.076335
evaluation return: 958.635742
epoch: 38
total time steps: 39000
model validation loss: 0.073336
evaluation return: 1025.116089
epoch: 39
total time steps: 40000
model validation loss: 0.072287
evaluation return: 1320.839111
epoch: 40
total time steps: 41000
model validation loss: 0.071455
evaluation return: 641.061035
epoch: 41
total time steps: 42000
model validation loss: 0.071468
evaluation return: 1170.259521
epoch: 42
total time steps: 43000
model validation loss: 0.066685
evaluation return: 1206.650635
epoch: 43
total time steps: 44000
model validation loss: 0.068251
evaluation return: 1322.985229
epoch: 44
total time steps: 45000
model validation loss: 0.068990
evaluation return: 1087.858887
epoch: 45
total time steps: 46000
model validation loss: 0.066024
evaluation return: 1494.729126
epoch: 46
total time steps: 47000
model validation loss: 0.065444
evaluation return: 1209.281982
epoch: 47
total time steps: 48000
model validation loss: 0.059345
evaluation return: 953.003906
epoch: 48
total time steps: 49000
model validation loss: 0.061360
evaluation return: 1258.317627
epoch: 49
total time steps: 50000
model validation loss: 0.058357
evaluation return: 1330.684937
epoch: 50
total time steps: 51000
model validation loss: 0.056552
evaluation return: 591.549011
epoch: 51
total time steps: 52000
model validation loss: 0.052688
evaluation return: 1159.382080
epoch: 52
total time steps: 53000
model validation loss: 0.052712
evaluation return: 1036.757690
epoch: 53
total time steps: 54000
model validation loss: 0.054048
evaluation return: 924.173706
epoch: 54
total time steps: 55000
model validation loss: 0.050659
evaluation return: 885.123901
epoch: 55
total time steps: 56000
model validation loss: 0.047980
evaluation return: 970.054077
epoch: 56
total time steps: 57000
model validation loss: 0.046577
evaluation return: 1478.785889
epoch: 57
total time steps: 58000
model validation loss: 0.047057
evaluation return: 821.083618
epoch: 58
total time steps: 59000
model validation loss: 0.048341
evaluation return: 1685.750977
epoch: 59
total time steps: 60000
model validation loss: 0.047057
evaluation return: 1341.171875
epoch: 60
total time steps: 61000
model validation loss: 0.045804
evaluation return: 1009.634583
epoch: 61
total time steps: 62000
model validation loss: 0.045584
evaluation return: 2416.867188
epoch: 62
total time steps: 63000
model validation loss: 0.041403
evaluation return: 2379.662842
epoch: 63
total time steps: 64000
model validation loss: 0.043764
evaluation return: 1443.616211
epoch: 64
total time steps: 65000
model validation loss: 0.041761
evaluation return: 1273.218750
epoch: 65
total time steps: 66000
model validation loss: 0.039614
evaluation return: 1889.605713
epoch: 66
total time steps: 67000
model validation loss: 0.041005
evaluation return: 799.095337
epoch: 67
total time steps: 68000
model validation loss: 0.041081
evaluation return: 2178.958008
epoch: 68
total time steps: 69000
model validation loss: 0.038413
evaluation return: 1060.675293
epoch: 69
total time steps: 70000
model validation loss: 0.038447
evaluation return: 1559.303467
epoch: 70
total time steps: 71000
model validation loss: 0.038095
evaluation return: 1478.175781
epoch: 71
total time steps: 72000
model validation loss: 0.036881
evaluation return: 1058.261963
epoch: 72
total time steps: 73000
model validation loss: 0.037156
evaluation return: 1170.057739
epoch: 73
total time steps: 74000
model validation loss: 0.036556
evaluation return: 2572.322266
epoch: 74
total time steps: 75000
model validation loss: 0.035971
evaluation return: 2186.558105
epoch: 75
total time steps: 76000
model validation loss: 0.036191
evaluation return: 1594.189575
epoch: 76
total time steps: 77000
model validation loss: 0.023622
evaluation return: 1716.887451
epoch: 77
total time steps: 78000
model validation loss: 0.023562
evaluation return: 1777.181396
epoch: 78
total time steps: 79000
model validation loss: 0.022961
evaluation return: 3498.190674
epoch: 79
total time steps: 80000
model validation loss: 0.024214
evaluation return: 3023.147705
epoch: 80
total time steps: 81000
model validation loss: 0.023354
evaluation return: 1943.897705
epoch: 81
total time steps: 82000
model validation loss: 0.023359
evaluation return: 1236.609619
epoch: 82
total time steps: 83000
model validation loss: 0.023075
evaluation return: 2977.402832
epoch: 83
total time steps: 84000
model validation loss: 0.023408
evaluation return: 2640.933594
epoch: 84
total time steps: 85000
model validation loss: 0.023448
evaluation return: 540.979675
epoch: 85
total time steps: 86000
model validation loss: 0.023445
evaluation return: 2258.961914
epoch: 86
total time steps: 87000
model validation loss: 0.022585
evaluation return: 1478.079102
epoch: 87
total time steps: 88000
model validation loss: 0.024298
evaluation return: 1297.397583
epoch: 88
total time steps: 89000
model validation loss: 0.023107
evaluation return: 2911.950684
epoch: 89
total time steps: 90000
model validation loss: 0.023642
evaluation return: 1502.038818
epoch: 90
total time steps: 91000
model validation loss: 0.022046
evaluation return: 1999.637329
epoch: 91
total time steps: 92000
model validation loss: 0.023956
evaluation return: 3422.939941
epoch: 92
total time steps: 93000
model validation loss: 0.022341
evaluation return: 1845.420532
epoch: 93
total time steps: 94000
model validation loss: 0.023010
evaluation return: 1268.336670
epoch: 94
total time steps: 95000
model validation loss: 0.023116
evaluation return: 3804.496094
epoch: 95
total time steps: 96000
model validation loss: 0.022050
evaluation return: 1419.955933
epoch: 96
total time steps: 97000
model validation loss: 0.023019
evaluation return: 1026.045898
epoch: 97
total time steps: 98000
model validation loss: 0.022646
evaluation return: 3583.091309
epoch: 98
total time steps: 99000
model validation loss: 0.023771
evaluation return: 918.311157
epoch: 99
total time steps: 100000
model validation loss: 0.022152
evaluation return: 1758.771240
epoch: 100
total time steps: 101000
model validation loss: 0.023954
evaluation return: 1330.334473
epoch: 101
total time steps: 102000
model validation loss: 0.021404
evaluation return: 1841.818726
epoch: 102
total time steps: 103000
model validation loss: 0.021814
evaluation return: 1649.652710
epoch: 103
total time steps: 104000
model validation loss: 0.022261
evaluation return: 1979.784546
epoch: 104
total time steps: 105000
model validation loss: 0.022081
evaluation return: 2045.099365
epoch: 105
total time steps: 106000
model validation loss: 0.021756
evaluation return: 1521.974854
epoch: 106
total time steps: 107000
model validation loss: 0.022135
evaluation return: 1627.527466
epoch: 107
total time steps: 108000
model validation loss: 0.021827
evaluation return: 3579.938721
epoch: 108
total time steps: 109000
model validation loss: 0.022668
evaluation return: 1467.819092
epoch: 109
total time steps: 110000
model validation loss: 0.022295
evaluation return: 1455.587280
epoch: 110
total time steps: 111000
model validation loss: 0.021864
evaluation return: 1841.599976
epoch: 111
total time steps: 112000
model validation loss: 0.021695
evaluation return: 947.435913
epoch: 112
total time steps: 113000
model validation loss: 0.020475
evaluation return: 878.565613
epoch: 113
total time steps: 114000
model validation loss: 0.020982
evaluation return: 2966.265137
epoch: 114
total time steps: 115000
model validation loss: 0.021122
evaluation return: 922.479370
epoch: 115
total time steps: 116000
model validation loss: 0.020746
evaluation return: 1664.983032
epoch: 116
total time steps: 117000
model validation loss: 0.019897
evaluation return: 2984.250977
epoch: 117
total time steps: 118000
model validation loss: 0.020351
evaluation return: 1485.795898
epoch: 118
total time steps: 119000
model validation loss: 0.021130
evaluation return: 2862.915039
epoch: 119
total time steps: 120000
model validation loss: 0.020381
evaluation return: 2372.364258
epoch: 120
total time steps: 121000
model validation loss: 0.021498
evaluation return: 1891.902954
epoch: 121
total time steps: 122000
model validation loss: 0.020627
evaluation return: 2735.021973
epoch: 122
total time steps: 123000
model validation loss: 0.021819
evaluation return: 1817.664307
epoch: 123
total time steps: 124000
model validation loss: 0.020835
evaluation return: 3687.837402
epoch: 124
total time steps: 125000
model validation loss: 0.020753
evaluation return: 3567.391846
epoch: 125
total time steps: 126000
model validation loss: 0.021643
evaluation return: 2583.303467
epoch: 126
total time steps: 127000
model validation loss: 0.019749
evaluation return: 3993.157471
epoch: 127
total time steps: 128000
model validation loss: 0.020960
evaluation return: 3480.769043
epoch: 128
total time steps: 129000
model validation loss: 0.020021
evaluation return: 3786.930420
epoch: 129
total time steps: 130000
model validation loss: 0.019862
evaluation return: 3154.769287
epoch: 130
total time steps: 131000
model validation loss: 0.020044
evaluation return: 2774.990967
epoch: 131
total time steps: 132000
model validation loss: 0.018983
evaluation return: 3905.054199
epoch: 132
total time steps: 133000
model validation loss: 0.020218
evaluation return: 2725.953613
epoch: 133
total time steps: 134000
model validation loss: 0.018815
evaluation return: 2930.826660
epoch: 134
total time steps: 135000
model validation loss: 0.020293
evaluation return: 4055.826904
epoch: 135
total time steps: 136000
model validation loss: 0.019119
evaluation return: 1299.979614
epoch: 136
total time steps: 137000
model validation loss: 0.020042
evaluation return: 4149.487793
epoch: 137
total time steps: 138000
model validation loss: 0.021205
evaluation return: 3027.659424
epoch: 138
total time steps: 139000
model validation loss: 0.019479
evaluation return: 4287.756348
epoch: 139
total time steps: 140000
model validation loss: 0.019630
evaluation return: 3991.921875
epoch: 140
total time steps: 141000
model validation loss: 0.019750
evaluation return: 2309.739014
epoch: 141
total time steps: 142000
model validation loss: 0.019482
evaluation return: 2812.130371
epoch: 142
total time steps: 143000
model validation loss: 0.019833
evaluation return: 4798.378418
epoch: 143
total time steps: 144000
model validation loss: 0.019444
evaluation return: 4572.932617
epoch: 144
total time steps: 145000
model validation loss: 0.018969
evaluation return: 4482.565430
epoch: 145
total time steps: 146000
model validation loss: 0.020138
evaluation return: 2857.356934
epoch: 146
total time steps: 147000
model validation loss: 0.019135
evaluation return: 4314.807617
epoch: 147
total time steps: 148000
model validation loss: 0.019047
evaluation return: 4240.557617
epoch: 148
total time steps: 149000
model validation loss: 0.019802
evaluation return: 4037.083496
epoch: 149
total time steps: 150000
model validation loss: 0.019058
evaluation return: 3425.753418
epoch: 150
total time steps: 151000
model validation loss: 0.018690
evaluation return: 3219.620361
epoch: 151
total time steps: 152000
model validation loss: 0.019207
evaluation return: 3891.229248
epoch: 152
total time steps: 153000
model validation loss: 0.019124
evaluation return: 4522.837891
epoch: 153
total time steps: 154000
model validation loss: 0.018175
evaluation return: 3942.338379
epoch: 154
total time steps: 155000
model validation loss: 0.019552
evaluation return: 4762.057129
epoch: 155
total time steps: 156000
model validation loss: 0.018149
evaluation return: 4634.107910
epoch: 156
total time steps: 157000
model validation loss: 0.017958
evaluation return: 4621.932617
epoch: 157
total time steps: 158000
model validation loss: 0.018650
evaluation return: 3267.193359
epoch: 158
total time steps: 159000
model validation loss: 0.018912
evaluation return: 3971.940186
epoch: 159
total time steps: 160000
model validation loss: 0.018107
evaluation return: 4410.213867
epoch: 160
total time steps: 161000
model validation loss: 0.017863
evaluation return: 5277.543457
epoch: 161
total time steps: 162000
model validation loss: 0.018639
evaluation return: 3743.727783
epoch: 162
total time steps: 163000
model validation loss: 0.019874
evaluation return: 3516.251221
epoch: 163
total time steps: 164000
model validation loss: 0.018607
evaluation return: 5017.186035
epoch: 164
total time steps: 165000
model validation loss: 0.018892
evaluation return: 3772.211426
epoch: 165
total time steps: 166000
model validation loss: 0.018494
evaluation return: 4601.954590
epoch: 166
total time steps: 167000
model validation loss: 0.018892
evaluation return: 4066.548828
epoch: 167
total time steps: 168000
model validation loss: 0.017642
evaluation return: 4024.192139
epoch: 168
total time steps: 169000
model validation loss: 0.018277
evaluation return: 4815.519043
epoch: 169
total time steps: 170000
model validation loss: 0.017968
evaluation return: 4118.916504
epoch: 170
total time steps: 171000
model validation loss: 0.018333
evaluation return: 4898.729492
epoch: 171
total time steps: 172000
model validation loss: 0.017659
evaluation return: 5256.387207
epoch: 172
total time steps: 173000
model validation loss: 0.018889
evaluation return: 3815.834717
epoch: 173
total time steps: 174000
model validation loss: 0.018581
evaluation return: 4973.098633
epoch: 174
total time steps: 175000
model validation loss: 0.018645
evaluation return: 3097.218994
epoch: 175
total time steps: 176000
model validation loss: 0.017066
evaluation return: 5332.689453
epoch: 176
total time steps: 177000
model validation loss: 0.017832
evaluation return: 4703.206055
epoch: 177
total time steps: 178000
model validation loss: 0.019110
evaluation return: 3479.657715
epoch: 178
total time steps: 179000
model validation loss: 0.017629
evaluation return: 4506.211426
epoch: 179
total time steps: 180000
model validation loss: 0.018296
evaluation return: 3668.055420
epoch: 180
total time steps: 181000
model validation loss: 0.018033
evaluation return: 5094.156738
epoch: 181
total time steps: 182000
model validation loss: 0.017314
evaluation return: 3659.738770
epoch: 182
total time steps: 183000
model validation loss: 0.017663
evaluation return: 4450.485352
epoch: 183
total time steps: 184000
model validation loss: 0.017266
evaluation return: 4284.823242
epoch: 184
total time steps: 185000
model validation loss: 0.017892
evaluation return: 5119.492188
epoch: 185
total time steps: 186000
model validation loss: 0.018275
evaluation return: 5104.484863
epoch: 186
total time steps: 187000
model validation loss: 0.017387
evaluation return: 4470.208008
epoch: 187
total time steps: 188000
model validation loss: 0.018299
evaluation return: 4352.270508
epoch: 188
total time steps: 189000
model validation loss: 0.017481
evaluation return: 3413.396973
epoch: 189
total time steps: 190000
model validation loss: 0.017166
evaluation return: 5331.215820
epoch: 190
total time steps: 191000
model validation loss: 0.018330
evaluation return: 4448.688477
epoch: 191
total time steps: 192000
model validation loss: 0.017762
evaluation return: 4545.495605
epoch: 192
total time steps: 193000
model validation loss: 0.018953
evaluation return: 4623.649414
epoch: 193
total time steps: 194000
model validation loss: 0.017220
evaluation return: 5431.079102
epoch: 194
total time steps: 195000
model validation loss: 0.017179
evaluation return: 4961.448242
epoch: 195
total time steps: 196000
model validation loss: 0.017305
evaluation return: 5769.868652
epoch: 196
total time steps: 197000
model validation loss: 0.017289
evaluation return: 5726.303223
epoch: 197
total time steps: 198000
model validation loss: 0.016441
evaluation return: 5283.193848
epoch: 198
total time steps: 199000
model validation loss: 0.016958
evaluation return: 5306.150391
epoch: 199
total time steps: 200000
model validation loss: 0.016858
evaluation return: 4098.145508
epoch: 200
total time steps: 201000
model validation loss: 0.016386
evaluation return: 4697.699707
epoch: 201
total time steps: 202000
model validation loss: 0.016882
evaluation return: 5088.890137
epoch: 202
total time steps: 203000
model validation loss: 0.017180
evaluation return: 5630.464355
epoch: 203
total time steps: 204000
model validation loss: 0.017568
evaluation return: 3952.942871
epoch: 204
total time steps: 205000
model validation loss: 0.017026
evaluation return: 4842.795898
epoch: 205
total time steps: 206000
model validation loss: 0.018219
evaluation return: 4739.878906
epoch: 206
total time steps: 207000
model validation loss: 0.018103
evaluation return: 4976.832520
epoch: 207
total time steps: 208000
model validation loss: 0.016459
evaluation return: 4329.346680
epoch: 208
total time steps: 209000
model validation loss: 0.017101
evaluation return: 5468.672363
epoch: 209
total time steps: 210000
model validation loss: 0.017127
evaluation return: 5601.469727
epoch: 210
total time steps: 211000
model validation loss: 0.016350
evaluation return: 5506.489746
epoch: 211
total time steps: 212000
model validation loss: 0.017148
evaluation return: 5565.197754
epoch: 212
total time steps: 213000
model validation loss: 0.017369
evaluation return: 4841.248535
epoch: 213
total time steps: 214000
model validation loss: 0.017194
evaluation return: 5291.183594
epoch: 214
total time steps: 215000
model validation loss: 0.017932
evaluation return: 5716.938477
epoch: 215
total time steps: 216000
model validation loss: 0.017459
evaluation return: 5378.300293
epoch: 216
total time steps: 217000
model validation loss: 0.017316
evaluation return: 5168.327148
epoch: 217
total time steps: 218000
model validation loss: 0.016797
evaluation return: 5435.899414
epoch: 218
total time steps: 219000
model validation loss: 0.016413
evaluation return: 5346.046875
epoch: 219
total time steps: 220000
model validation loss: 0.017051
evaluation return: 5720.916992
epoch: 220
total time steps: 221000
model validation loss: 0.016228
evaluation return: 5877.343750
epoch: 221
total time steps: 222000
model validation loss: 0.017395
evaluation return: 5580.487305
epoch: 222
total time steps: 223000
model validation loss: 0.016867
evaluation return: 4600.257812
epoch: 223
total time steps: 224000
model validation loss: 0.016123
evaluation return: 5946.745117
epoch: 224
total time steps: 225000
model validation loss: 0.017285
evaluation return: 5149.807129
epoch: 225
total time steps: 226000
model validation loss: 0.017238
evaluation return: 5468.285156
epoch: 226
total time steps: 227000
model validation loss: 0.018410
evaluation return: 4450.979004
epoch: 227
total time steps: 228000
model validation loss: 0.015927
evaluation return: 5958.192383
epoch: 228
total time steps: 229000
model validation loss: 0.017046
evaluation return: 5725.492676
epoch: 229
total time steps: 230000
model validation loss: 0.017234
evaluation return: 5526.846680
epoch: 230
total time steps: 231000
model validation loss: 0.016937
evaluation return: 4200.511230
epoch: 231
total time steps: 232000
model validation loss: 0.016234
evaluation return: 5360.889648
epoch: 232
total time steps: 233000
model validation loss: 0.016529
evaluation return: 5276.245117
epoch: 233
total time steps: 234000
model validation loss: 0.016393
evaluation return: 5869.945801
epoch: 234
total time steps: 235000
model validation loss: 0.016989
evaluation return: 5181.813477
epoch: 235
total time steps: 236000
model validation loss: 0.017073
evaluation return: 5767.413086
epoch: 236
total time steps: 237000
model validation loss: 0.016678
evaluation return: 5110.070801
epoch: 237
total time steps: 238000
model validation loss: 0.016518
evaluation return: 5683.947266
epoch: 238
total time steps: 239000
model validation loss: 0.017415
evaluation return: 5820.700195
epoch: 239
total time steps: 240000
model validation loss: 0.017218
evaluation return: 5589.118164
epoch: 240
total time steps: 241000
model validation loss: 0.016900
evaluation return: 5617.131836
epoch: 241
total time steps: 242000
model validation loss: 0.016939
evaluation return: 5471.078125
epoch: 242
total time steps: 243000
model validation loss: 0.016384
evaluation return: 5546.896484
epoch: 243
total time steps: 244000
model validation loss: 0.016740
evaluation return: 5696.797852
epoch: 244
total time steps: 245000
model validation loss: 0.015995
evaluation return: 5811.480469
epoch: 245
total time steps: 246000
model validation loss: 0.015300
evaluation return: 5883.538574
epoch: 246
total time steps: 247000
model validation loss: 0.016359
evaluation return: 5899.662598
epoch: 247
total time steps: 248000
model validation loss: 0.015860
evaluation return: 5795.665527
epoch: 248
total time steps: 249000
model validation loss: 0.016352
evaluation return: 5514.076172
epoch: 249
total time steps: 250000
model validation loss: 0.016350
evaluation return: 5564.808594
epoch: 250
total time steps: 251000
model validation loss: 0.015822
evaluation return: 5871.864746
epoch: 251
total time steps: 252000
model validation loss: 0.015986
evaluation return: 5476.619141
epoch: 252
total time steps: 253000
model validation loss: 0.017642
evaluation return: 5350.844238
epoch: 253
total time steps: 254000
model validation loss: 0.016118
evaluation return: 5439.074707
epoch: 254
total time steps: 255000
model validation loss: 0.015874
evaluation return: 5648.933105
epoch: 255
total time steps: 256000
model validation loss: 0.016448
evaluation return: 5806.650391
epoch: 256
total time steps: 257000
model validation loss: 0.015354
evaluation return: 5251.881836
epoch: 257
total time steps: 258000
model validation loss: 0.016163
evaluation return: 5992.492676
epoch: 258
total time steps: 259000
model validation loss: 0.015776
evaluation return: 5825.285645
epoch: 259
total time steps: 260000
model validation loss: 0.016522
evaluation return: 5783.715332
epoch: 260
total time steps: 261000
model validation loss: 0.016672
evaluation return: 5866.391113
epoch: 261
total time steps: 262000
model validation loss: 0.017089
evaluation return: 5832.377930
epoch: 262
total time steps: 263000
model validation loss: 0.016626
evaluation return: 5928.338867
epoch: 263
total time steps: 264000
model validation loss: 0.016321
evaluation return: 5930.705566
epoch: 264
total time steps: 265000
model validation loss: 0.016252
evaluation return: 5818.389648
epoch: 265
total time steps: 266000
model validation loss: 0.016206
evaluation return: 5821.458984
epoch: 266
total time steps: 267000
model validation loss: 0.016632
evaluation return: 6014.682129
epoch: 267
total time steps: 268000
model validation loss: 0.015150
evaluation return: 5730.814453
epoch: 268
total time steps: 269000
model validation loss: 0.016030
evaluation return: 5773.890625
epoch: 269
total time steps: 270000
model validation loss: 0.016581
evaluation return: 5885.297852
epoch: 270
total time steps: 271000
model validation loss: 0.015498
evaluation return: 6021.758301
epoch: 271
total time steps: 272000
model validation loss: 0.016394
evaluation return: 5687.453125
epoch: 272
total time steps: 273000
model validation loss: 0.016146
evaluation return: 5917.102539
epoch: 273
total time steps: 274000
model validation loss: 0.015378
evaluation return: 6078.443359
epoch: 274
total time steps: 275000
model validation loss: 0.017161
evaluation return: 5951.090820
epoch: 275
total time steps: 276000
model validation loss: 0.016242
evaluation return: 5123.383789
epoch: 276
total time steps: 277000
model validation loss: 0.015120
evaluation return: 5653.522461
epoch: 277
total time steps: 278000
model validation loss: 0.017303
evaluation return: 6050.334961
epoch: 278
total time steps: 279000
model validation loss: 0.016186
evaluation return: 6024.304688
epoch: 279
total time steps: 280000
model validation loss: 0.016385
evaluation return: 6062.446777
epoch: 280
total time steps: 281000
model validation loss: 0.015850
evaluation return: 6051.793457
epoch: 281
total time steps: 282000
model validation loss: 0.016052
evaluation return: 5114.452148
epoch: 282
total time steps: 283000
model validation loss: 0.016909
evaluation return: 4557.477539
epoch: 283
total time steps: 284000
model validation loss: 0.016647
evaluation return: 4806.860352
epoch: 284
total time steps: 285000
model validation loss: 0.015544
evaluation return: 6021.206055
epoch: 285
total time steps: 286000
model validation loss: 0.015448
evaluation return: 5604.997070
epoch: 286
total time steps: 287000
model validation loss: 0.016522
evaluation return: 5456.256836
epoch: 287
total time steps: 288000
model validation loss: 0.015919
evaluation return: 6108.383789
epoch: 288
total time steps: 289000
model validation loss: 0.015052
evaluation return: 6075.494141
epoch: 289
total time steps: 290000
model validation loss: 0.015443
evaluation return: 6023.796387
epoch: 290
total time steps: 291000
model validation loss: 0.015445
evaluation return: 6035.743652
epoch: 291
total time steps: 292000
model validation loss: 0.015743
evaluation return: 5556.726074
epoch: 292
total time steps: 293000
model validation loss: 0.015200
evaluation return: 5986.936035
epoch: 293
total time steps: 294000
model validation loss: 0.016754
evaluation return: 5958.583496
epoch: 294
total time steps: 295000
model validation loss: 0.015521
evaluation return: 6041.574219
epoch: 295
total time steps: 296000
model validation loss: 0.015865
evaluation return: 5151.004883
epoch: 296
total time steps: 297000
model validation loss: 0.016099
evaluation return: 6023.299805
epoch: 297
total time steps: 298000
model validation loss: 0.015813
evaluation return: 6076.483398
epoch: 298
total time steps: 299000
model validation loss: 0.015773
evaluation return: 5933.411621
epoch: 299
total time steps: 300000
model validation loss: 0.015630
evaluation return: 5891.687012
epoch: 300
total time steps: 301000
model validation loss: 0.015238
evaluation return: 6051.563965
epoch: 301
total time steps: 302000
model validation loss: 0.014819
evaluation return: 5734.472656
epoch: 302
total time steps: 303000
model validation loss: 0.015320
evaluation return: 6014.372559
epoch: 303
total time steps: 304000
model validation loss: 0.017799
evaluation return: 6146.197754
epoch: 304
total time steps: 305000
model validation loss: 0.014928
evaluation return: 6085.247559
epoch: 305
total time steps: 306000
model validation loss: 0.015502
evaluation return: 6108.112305
epoch: 306
total time steps: 307000
model validation loss: 0.015515
evaluation return: 6043.000977
epoch: 307
total time steps: 308000
model validation loss: 0.014996
evaluation return: 6086.026367
epoch: 308
total time steps: 309000
model validation loss: 0.016338
evaluation return: 5912.135742
epoch: 309
total time steps: 310000
model validation loss: 0.015187
evaluation return: 5411.975586
epoch: 310
total time steps: 311000
model validation loss: 0.015501
evaluation return: 6002.030273
epoch: 311
total time steps: 312000
model validation loss: 0.015914
evaluation return: 5795.385254
epoch: 312
total time steps: 313000
model validation loss: 0.014236
evaluation return: 5996.151855
epoch: 313
total time steps: 314000
model validation loss: 0.014925
evaluation return: 5699.664551
epoch: 314
total time steps: 315000
model validation loss: 0.015497
evaluation return: 5962.776367
epoch: 315
total time steps: 316000
model validation loss: 0.015425
evaluation return: 6041.560547
epoch: 316
total time steps: 317000
model validation loss: 0.015028
evaluation return: 6024.029297
epoch: 317
total time steps: 318000
model validation loss: 0.015320
evaluation return: 6163.764648
epoch: 318
total time steps: 319000
model validation loss: 0.014731
evaluation return: 6118.028320
epoch: 319
total time steps: 320000
model validation loss: 0.015452
evaluation return: 6175.190430
epoch: 320
total time steps: 321000
model validation loss: 0.014764
evaluation return: 6131.227051
epoch: 321
total time steps: 322000
model validation loss: 0.015030
evaluation return: 6215.124023
epoch: 322
total time steps: 323000
model validation loss: 0.015712
evaluation return: 6059.983398
