epoch: 0
total time steps: 1000
model validation loss: 1.028379
evaluation return: -454.310211
epoch: 1
total time steps: 2000
model validation loss: 0.487898
evaluation return: 207.441895
epoch: 2
total time steps: 3000
model validation loss: 0.439516
evaluation return: 699.708679
epoch: 3
total time steps: 4000
model validation loss: 0.381757
evaluation return: 618.037720
epoch: 4
total time steps: 5000
model validation loss: 0.336012
evaluation return: 764.916687
epoch: 5
total time steps: 6000
model validation loss: 0.300651
evaluation return: 661.533081
epoch: 6
total time steps: 7000
model validation loss: 0.286644
evaluation return: 802.572937
epoch: 7
total time steps: 8000
model validation loss: 0.246924
evaluation return: 862.211060
epoch: 8
total time steps: 9000
model validation loss: 0.237407
evaluation return: 826.011841
epoch: 9
total time steps: 10000
model validation loss: 0.224291
evaluation return: 874.056030
epoch: 10
total time steps: 11000
model validation loss: 0.210846
evaluation return: 821.600220
epoch: 11
total time steps: 12000
model validation loss: 0.198527
evaluation return: 815.048889
epoch: 12
total time steps: 13000
model validation loss: 0.193622
evaluation return: 802.586548
epoch: 13
total time steps: 14000
model validation loss: 0.167572
evaluation return: 848.504089
epoch: 14
total time steps: 15000
model validation loss: 0.174457
evaluation return: 840.564270
epoch: 15
total time steps: 16000
model validation loss: 0.153887
evaluation return: 864.040222
epoch: 16
total time steps: 17000
model validation loss: 0.152647
evaluation return: 851.551086
epoch: 17
total time steps: 18000
model validation loss: 0.139904
evaluation return: 937.725708
epoch: 18
total time steps: 19000
model validation loss: 0.138648
evaluation return: 934.291199
epoch: 19
total time steps: 20000
model validation loss: 0.135053
evaluation return: 929.875305
epoch: 20
total time steps: 21000
model validation loss: 0.128588
evaluation return: 930.138550
epoch: 21
total time steps: 22000
model validation loss: 0.123602
evaluation return: 921.582031
epoch: 22
total time steps: 23000
model validation loss: 0.114776
evaluation return: 907.691223
epoch: 23
total time steps: 24000
model validation loss: 0.114721
evaluation return: 935.168640
epoch: 24
total time steps: 25000
model validation loss: 0.112050
evaluation return: 951.431763
epoch: 25
total time steps: 26000
model validation loss: 0.107337
evaluation return: 936.377808
epoch: 26
total time steps: 27000
model validation loss: 0.095533
evaluation return: 887.276733
epoch: 27
total time steps: 28000
model validation loss: 0.094788
evaluation return: 857.849609
epoch: 28
total time steps: 29000
model validation loss: 0.091599
evaluation return: 912.883606
epoch: 29
total time steps: 30000
model validation loss: 0.086322
evaluation return: 946.174683
epoch: 30
total time steps: 31000
model validation loss: 0.084868
evaluation return: 1104.568604
epoch: 31
total time steps: 32000
model validation loss: 0.081990
evaluation return: 1065.983032
epoch: 32
total time steps: 33000
model validation loss: 0.083026
evaluation return: 1678.604492
epoch: 33
total time steps: 34000
model validation loss: 0.080256
evaluation return: 1045.697998
epoch: 34
total time steps: 35000
model validation loss: 0.072546
evaluation return: 1161.900146
epoch: 35
total time steps: 36000
model validation loss: 0.076850
evaluation return: 1195.872314
epoch: 36
total time steps: 37000
model validation loss: 0.067659
evaluation return: 427.770508
epoch: 37
total time steps: 38000
model validation loss: 0.070654
evaluation return: 439.993500
epoch: 38
total time steps: 39000
model validation loss: 0.070154
evaluation return: 1007.861694
epoch: 39
total time steps: 40000
model validation loss: 0.067269
evaluation return: 1087.726685
epoch: 40
total time steps: 41000
model validation loss: 0.067917
evaluation return: 859.828430
epoch: 41
total time steps: 42000
model validation loss: 0.067492
evaluation return: 837.989075
epoch: 42
total time steps: 43000
model validation loss: 0.063872
evaluation return: 547.423096
epoch: 43
total time steps: 44000
model validation loss: 0.060924
evaluation return: 586.974792
epoch: 44
total time steps: 45000
model validation loss: 0.062831
evaluation return: 500.020325
epoch: 45
total time steps: 46000
model validation loss: 0.063127
evaluation return: 768.349609
epoch: 46
total time steps: 47000
model validation loss: 0.061360
evaluation return: 1470.489502
epoch: 47
total time steps: 48000
model validation loss: 0.056672
evaluation return: 725.308716
epoch: 48
total time steps: 49000
model validation loss: 0.059032
evaluation return: 501.311035
epoch: 49
total time steps: 50000
model validation loss: 0.055996
evaluation return: 495.333588
epoch: 50
total time steps: 51000
model validation loss: 0.050911
evaluation return: 1391.519287
epoch: 51
total time steps: 52000
model validation loss: 0.053591
evaluation return: 1681.571655
epoch: 52
total time steps: 53000
model validation loss: 0.052432
evaluation return: 844.792603
epoch: 53
total time steps: 54000
model validation loss: 0.025200
evaluation return: 2046.046143
epoch: 54
total time steps: 55000
model validation loss: 0.024800
evaluation return: 2711.385254
epoch: 55
total time steps: 56000
model validation loss: 0.024137
evaluation return: 2510.930176
epoch: 56
total time steps: 57000
model validation loss: 0.025151
evaluation return: 2482.735840
epoch: 57
total time steps: 58000
model validation loss: 0.025171
evaluation return: 2428.609863
epoch: 58
total time steps: 59000
model validation loss: 0.024982
evaluation return: 2159.540771
epoch: 59
total time steps: 60000
model validation loss: 0.025406
evaluation return: 2349.596191
epoch: 60
total time steps: 61000
model validation loss: 0.025487
evaluation return: 1772.182861
epoch: 61
total time steps: 62000
model validation loss: 0.025160
evaluation return: 2576.085205
epoch: 62
total time steps: 63000
model validation loss: 0.026170
evaluation return: 1141.055054
epoch: 63
total time steps: 64000
model validation loss: 0.024735
evaluation return: 2396.594238
epoch: 64
total time steps: 65000
model validation loss: 0.024089
evaluation return: 2200.372070
epoch: 65
total time steps: 66000
model validation loss: 0.024433
evaluation return: 2952.881348
epoch: 66
total time steps: 67000
model validation loss: 0.026186
evaluation return: 2913.911621
epoch: 67
total time steps: 68000
model validation loss: 0.025977
evaluation return: 2850.473145
epoch: 68
total time steps: 69000
model validation loss: 0.025434
evaluation return: 2538.405029
epoch: 69
total time steps: 70000
model validation loss: 0.025174
evaluation return: 2469.755615
epoch: 70
total time steps: 71000
model validation loss: 0.026893
evaluation return: 2565.962891
epoch: 71
total time steps: 72000
model validation loss: 0.024787
evaluation return: 2588.842285
epoch: 72
total time steps: 73000
model validation loss: 0.025986
evaluation return: 2084.132324
epoch: 73
total time steps: 74000
model validation loss: 0.025142
evaluation return: 2335.699951
epoch: 74
total time steps: 75000
model validation loss: 0.025858
evaluation return: 2954.462402
epoch: 75
total time steps: 76000
model validation loss: 0.023817
evaluation return: 2169.559082
epoch: 76
total time steps: 77000
model validation loss: 0.025391
evaluation return: 2241.601562
epoch: 77
total time steps: 78000
model validation loss: 0.023599
evaluation return: 3363.276123
epoch: 78
total time steps: 79000
model validation loss: 0.024023
evaluation return: 2755.098633
epoch: 79
total time steps: 80000
model validation loss: 0.023970
evaluation return: 3308.987549
epoch: 80
total time steps: 81000
model validation loss: 0.024877
evaluation return: 3399.231689
epoch: 81
total time steps: 82000
model validation loss: 0.023968
evaluation return: 2813.067383
epoch: 82
total time steps: 83000
model validation loss: 0.024362
evaluation return: 3189.306152
epoch: 83
total time steps: 84000
model validation loss: 0.023180
evaluation return: 1042.240967
epoch: 84
total time steps: 85000
model validation loss: 0.022891
evaluation return: 3376.491455
epoch: 85
total time steps: 86000
model validation loss: 0.024918
evaluation return: 2117.859375
epoch: 86
total time steps: 87000
model validation loss: 0.024987
evaluation return: 2493.680420
epoch: 87
total time steps: 88000
model validation loss: 0.023166
evaluation return: 2316.708252
epoch: 88
total time steps: 89000
model validation loss: 0.024431
evaluation return: 2901.350098
epoch: 89
total time steps: 90000
model validation loss: 0.023080
evaluation return: 2989.554199
epoch: 90
total time steps: 91000
model validation loss: 0.023636
evaluation return: 2251.325684
epoch: 91
total time steps: 92000
model validation loss: 0.023017
evaluation return: 3912.289795
epoch: 92
total time steps: 93000
model validation loss: 0.023501
evaluation return: 2216.662109
epoch: 93
total time steps: 94000
model validation loss: 0.023269
evaluation return: 2453.450684
epoch: 94
total time steps: 95000
model validation loss: 0.022783
evaluation return: 3180.400146
epoch: 95
total time steps: 96000
model validation loss: 0.022196
evaluation return: 3763.546875
epoch: 96
total time steps: 97000
model validation loss: 0.023047
evaluation return: 2463.587402
epoch: 97
total time steps: 98000
model validation loss: 0.023149
evaluation return: 3446.600098
epoch: 98
total time steps: 99000
model validation loss: 0.022459
evaluation return: 4072.078125
epoch: 99
total time steps: 100000
model validation loss: 0.023491
evaluation return: 2830.339600
epoch: 100
total time steps: 101000
model validation loss: 0.022973
evaluation return: 3915.013672
epoch: 101
total time steps: 102000
model validation loss: 0.022682
evaluation return: 3911.917969
epoch: 102
total time steps: 103000
model validation loss: 0.021128
evaluation return: 4041.075439
epoch: 103
total time steps: 104000
model validation loss: 0.022887
evaluation return: 3908.256348
epoch: 104
total time steps: 105000
model validation loss: 0.023070
evaluation return: 4152.440430
epoch: 105
total time steps: 106000
model validation loss: 0.022928
evaluation return: 3442.989014
epoch: 106
total time steps: 107000
model validation loss: 0.022107
evaluation return: 3893.603516
epoch: 107
total time steps: 108000
model validation loss: 0.021491
evaluation return: 4117.622070
epoch: 108
total time steps: 109000
model validation loss: 0.021678
evaluation return: 4092.296875
epoch: 109
total time steps: 110000
model validation loss: 0.021411
evaluation return: 4186.820801
epoch: 110
total time steps: 111000
model validation loss: 0.021509
evaluation return: 4330.316895
epoch: 111
total time steps: 112000
model validation loss: 0.021788
evaluation return: 4186.503906
epoch: 112
total time steps: 113000
model validation loss: 0.021784
evaluation return: 4084.481934
epoch: 113
total time steps: 114000
model validation loss: 0.020876
evaluation return: 4283.970215
epoch: 114
total time steps: 115000
model validation loss: 0.021980
evaluation return: 4344.437988
epoch: 115
total time steps: 116000
model validation loss: 0.020920
evaluation return: 4443.543457
epoch: 116
total time steps: 117000
model validation loss: 0.023622
evaluation return: 4895.978027
epoch: 117
total time steps: 118000
model validation loss: 0.020142
evaluation return: 5073.769531
epoch: 118
total time steps: 119000
model validation loss: 0.020092
evaluation return: 4630.782227
epoch: 119
total time steps: 120000
model validation loss: 0.020798
evaluation return: 3288.648926
epoch: 120
total time steps: 121000
model validation loss: 0.021706
evaluation return: 5010.109375
epoch: 121
total time steps: 122000
model validation loss: 0.021006
evaluation return: 4793.021973
epoch: 122
total time steps: 123000
model validation loss: 0.020991
evaluation return: 4827.936523
epoch: 123
total time steps: 124000
model validation loss: 0.019951
evaluation return: 4971.567871
epoch: 124
total time steps: 125000
model validation loss: 0.021296
evaluation return: 4928.318359
epoch: 125
total time steps: 126000
model validation loss: 0.020721
evaluation return: 3701.955078
epoch: 126
total time steps: 127000
model validation loss: 0.020158
evaluation return: 5140.056641
epoch: 127
total time steps: 128000
model validation loss: 0.021048
evaluation return: 4779.551758
epoch: 128
total time steps: 129000
model validation loss: 0.021658
evaluation return: 5022.540039
epoch: 129
total time steps: 130000
model validation loss: 0.019934
evaluation return: 4544.458496
epoch: 130
total time steps: 131000
model validation loss: 0.020283
evaluation return: 4299.427246
epoch: 131
total time steps: 132000
model validation loss: 0.019548
evaluation return: 4275.889648
epoch: 132
total time steps: 133000
model validation loss: 0.020483
evaluation return: 4775.333008
epoch: 133
total time steps: 134000
model validation loss: 0.020900
evaluation return: 5303.802734
epoch: 134
total time steps: 135000
model validation loss: 0.019278
evaluation return: 4568.191406
epoch: 135
total time steps: 136000
model validation loss: 0.020234
evaluation return: 4828.549805
epoch: 136
total time steps: 137000
model validation loss: 0.019643
evaluation return: 4351.188965
epoch: 137
total time steps: 138000
model validation loss: 0.019602
evaluation return: 5288.264648
epoch: 138
total time steps: 139000
model validation loss: 0.021463
evaluation return: 4834.486816
epoch: 139
total time steps: 140000
model validation loss: 0.020103
evaluation return: 4492.215820
epoch: 140
total time steps: 141000
model validation loss: 0.019976
evaluation return: 4139.450195
epoch: 141
total time steps: 142000
model validation loss: 0.021277
evaluation return: 4875.792969
epoch: 142
total time steps: 143000
model validation loss: 0.020238
evaluation return: 4928.205566
epoch: 143
total time steps: 144000
model validation loss: 0.020152
evaluation return: 4355.681152
epoch: 144
total time steps: 145000
model validation loss: 0.019866
evaluation return: 4691.993164
epoch: 145
total time steps: 146000
model validation loss: 0.019948
evaluation return: 4756.190430
epoch: 146
total time steps: 147000
model validation loss: 0.020435
evaluation return: 3286.117188
epoch: 147
total time steps: 148000
model validation loss: 0.021162
evaluation return: 4466.747559
epoch: 148
total time steps: 149000
model validation loss: 0.020163
evaluation return: 5085.172852
epoch: 149
total time steps: 150000
model validation loss: 0.018976
evaluation return: 4477.760742
epoch: 150
total time steps: 151000
model validation loss: 0.019087
evaluation return: 4855.940918
epoch: 151
total time steps: 152000
model validation loss: 0.019890
evaluation return: 5038.990723
epoch: 152
total time steps: 153000
model validation loss: 0.019464
evaluation return: 5310.974121
epoch: 153
total time steps: 154000
model validation loss: 0.019641
evaluation return: 4279.531738
epoch: 154
total time steps: 155000
model validation loss: 0.020857
evaluation return: 5407.683594
epoch: 155
total time steps: 156000
model validation loss: 0.019449
evaluation return: 5123.610352
epoch: 156
total time steps: 157000
model validation loss: 0.018643
evaluation return: 5323.951660
epoch: 157
total time steps: 158000
model validation loss: 0.019795
evaluation return: 4609.715820
epoch: 158
total time steps: 159000
model validation loss: 0.021558
evaluation return: 4959.675293
epoch: 159
total time steps: 160000
model validation loss: 0.019198
evaluation return: 5117.900879
epoch: 160
total time steps: 161000
model validation loss: 0.021047
evaluation return: 5266.778320
epoch: 161
total time steps: 162000
model validation loss: 0.019735
evaluation return: 4243.352051
epoch: 162
total time steps: 163000
model validation loss: 0.018778
evaluation return: 3968.607910
epoch: 163
total time steps: 164000
model validation loss: 0.018807
evaluation return: 5381.575195
epoch: 164
total time steps: 165000
model validation loss: 0.017114
evaluation return: 5050.785645
epoch: 165
total time steps: 166000
model validation loss: 0.019656
evaluation return: 4673.858887
epoch: 166
total time steps: 167000
model validation loss: 0.019480
evaluation return: 4966.874512
epoch: 167
total time steps: 168000
model validation loss: 0.018681
evaluation return: 5250.027832
epoch: 168
total time steps: 169000
model validation loss: 0.018771
evaluation return: 4675.067871
epoch: 169
total time steps: 170000
model validation loss: 0.018613
evaluation return: 4519.682129
epoch: 170
total time steps: 171000
model validation loss: 0.018542
evaluation return: 3931.445312
epoch: 171
total time steps: 172000
model validation loss: 0.018121
evaluation return: 5430.903809
epoch: 172
total time steps: 173000
model validation loss: 0.018324
evaluation return: 4353.531250
epoch: 173
total time steps: 174000
model validation loss: 0.019572
evaluation return: 4471.492188
epoch: 174
total time steps: 175000
model validation loss: 0.019413
evaluation return: 5233.026367
epoch: 175
total time steps: 176000
model validation loss: 0.018537
evaluation return: 4117.416504
epoch: 176
total time steps: 177000
model validation loss: 0.018352
evaluation return: 3656.741455
epoch: 177
total time steps: 178000
model validation loss: 0.018398
evaluation return: 4819.254395
epoch: 178
total time steps: 179000
model validation loss: 0.018904
evaluation return: 4670.048340
epoch: 179
total time steps: 180000
model validation loss: 0.018896
evaluation return: 4605.887207
epoch: 180
total time steps: 181000
model validation loss: 0.019308
evaluation return: 4974.731934
epoch: 181
total time steps: 182000
model validation loss: 0.018242
evaluation return: 4419.264160
epoch: 182
total time steps: 183000
model validation loss: 0.018650
evaluation return: 5014.364258
epoch: 183
total time steps: 184000
model validation loss: 0.018522
evaluation return: 4652.614258
epoch: 184
total time steps: 185000
model validation loss: 0.018535
evaluation return: 4328.288086
epoch: 185
total time steps: 186000
model validation loss: 0.018503
evaluation return: 5017.336426
epoch: 186
total time steps: 187000
model validation loss: 0.018288
evaluation return: 5380.256836
epoch: 187
total time steps: 188000
model validation loss: 0.018991
evaluation return: 4937.261719
epoch: 188
total time steps: 189000
model validation loss: 0.017739
evaluation return: 3829.898438
epoch: 189
total time steps: 190000
model validation loss: 0.019232
evaluation return: 4877.081055
epoch: 190
total time steps: 191000
model validation loss: 0.017876
evaluation return: 4774.758301
epoch: 191
total time steps: 192000
model validation loss: 0.017924
evaluation return: 4441.945801
epoch: 192
total time steps: 193000
model validation loss: 0.018923
evaluation return: 4774.469727
epoch: 193
total time steps: 194000
model validation loss: 0.017180
evaluation return: 5636.974609
epoch: 194
total time steps: 195000
model validation loss: 0.018606
evaluation return: 4542.963867
epoch: 195
total time steps: 196000
model validation loss: 0.018918
evaluation return: 5419.375000
epoch: 196
total time steps: 197000
model validation loss: 0.017890
evaluation return: 5058.273438
epoch: 197
total time steps: 198000
model validation loss: 0.018134
evaluation return: 4959.002441
epoch: 198
total time steps: 199000
model validation loss: 0.019940
evaluation return: 4151.770508
epoch: 199
total time steps: 200000
model validation loss: 0.019184
evaluation return: 5056.887695
epoch: 200
total time steps: 201000
model validation loss: 0.017067
evaluation return: 5523.455566
epoch: 201
total time steps: 202000
model validation loss: 0.018476
evaluation return: 4725.604492
epoch: 202
total time steps: 203000
model validation loss: 0.018155
evaluation return: 5487.232910
epoch: 203
total time steps: 204000
model validation loss: 0.017728
evaluation return: 5229.458984
epoch: 204
total time steps: 205000
model validation loss: 0.016784
evaluation return: 5194.291992
epoch: 205
total time steps: 206000
model validation loss: 0.017948
evaluation return: 4603.997070
epoch: 206
total time steps: 207000
model validation loss: 0.017527
evaluation return: 5551.128906
epoch: 207
total time steps: 208000
model validation loss: 0.018805
evaluation return: 4959.024902
epoch: 208
total time steps: 209000
model validation loss: 0.017839
evaluation return: 5473.986816
epoch: 209
total time steps: 210000
model validation loss: 0.016979
evaluation return: 5300.358887
epoch: 210
total time steps: 211000
model validation loss: 0.017804
evaluation return: 5430.681641
epoch: 211
total time steps: 212000
model validation loss: 0.017670
evaluation return: 4658.316895
epoch: 212
total time steps: 213000
model validation loss: 0.017809
evaluation return: 5498.109375
epoch: 213
total time steps: 214000
model validation loss: 0.017296
evaluation return: 5331.881836
epoch: 214
total time steps: 215000
model validation loss: 0.016507
evaluation return: 5294.145508
epoch: 215
total time steps: 216000
model validation loss: 0.016593
evaluation return: 5401.239258
epoch: 216
total time steps: 217000
model validation loss: 0.017493
evaluation return: 5453.992188
epoch: 217
total time steps: 218000
model validation loss: 0.018647
evaluation return: 5486.732910
epoch: 218
total time steps: 219000
model validation loss: 0.017203
evaluation return: 4845.793457
epoch: 219
total time steps: 220000
model validation loss: 0.017576
evaluation return: 5177.354004
epoch: 220
total time steps: 221000
model validation loss: 0.018180
evaluation return: 5192.843262
epoch: 221
total time steps: 222000
model validation loss: 0.017582
evaluation return: 5521.690430
epoch: 222
total time steps: 223000
model validation loss: 0.017271
evaluation return: 4743.530273
epoch: 223
total time steps: 224000
model validation loss: 0.017355
evaluation return: 5440.979492
epoch: 224
total time steps: 225000
model validation loss: 0.016873
evaluation return: 5080.707520
epoch: 225
total time steps: 226000
model validation loss: 0.017915
evaluation return: 5541.952637
epoch: 226
total time steps: 227000
model validation loss: 0.017110
evaluation return: 5596.035645
epoch: 227
total time steps: 228000
model validation loss: 0.017289
evaluation return: 5470.681152
epoch: 228
total time steps: 229000
model validation loss: 0.018923
evaluation return: 5426.840332
epoch: 229
total time steps: 230000
model validation loss: 0.016494
evaluation return: 5042.751953
epoch: 230
total time steps: 231000
model validation loss: 0.017124
evaluation return: 5650.115234
epoch: 231
total time steps: 232000
model validation loss: 0.017141
evaluation return: 5018.680664
epoch: 232
total time steps: 233000
model validation loss: 0.017302
evaluation return: 5365.983398
epoch: 233
total time steps: 234000
model validation loss: 0.016838
evaluation return: 5543.651367
epoch: 234
total time steps: 235000
model validation loss: 0.017380
evaluation return: 4571.302734
epoch: 235
total time steps: 236000
model validation loss: 0.016418
evaluation return: 5701.540039
epoch: 236
total time steps: 237000
model validation loss: 0.017150
evaluation return: 5088.620605
epoch: 237
total time steps: 238000
model validation loss: 0.016914
evaluation return: 5645.305664
epoch: 238
total time steps: 239000
model validation loss: 0.015948
evaluation return: 5206.817383
epoch: 239
total time steps: 240000
model validation loss: 0.017120
evaluation return: 5016.892578
epoch: 240
total time steps: 241000
model validation loss: 0.016085
evaluation return: 5573.756836
epoch: 241
total time steps: 242000
model validation loss: 0.016340
evaluation return: 5520.890137
epoch: 242
total time steps: 243000
model validation loss: 0.017163
evaluation return: 4761.657715
epoch: 243
total time steps: 244000
model validation loss: 0.016523
evaluation return: 5502.430664
epoch: 244
total time steps: 245000
model validation loss: 0.017320
evaluation return: 5203.628418
epoch: 245
total time steps: 246000
model validation loss: 0.016491
evaluation return: 5559.586914
epoch: 246
total time steps: 247000
model validation loss: 0.016245
evaluation return: 5406.514648
epoch: 247
total time steps: 248000
model validation loss: 0.016810
evaluation return: 5404.319336
epoch: 248
total time steps: 249000
model validation loss: 0.015931
evaluation return: 4897.217285
epoch: 249
total time steps: 250000
model validation loss: 0.016160
evaluation return: 5902.943848
epoch: 250
total time steps: 251000
model validation loss: 0.016608
evaluation return: 5207.217773
epoch: 251
total time steps: 252000
model validation loss: 0.017470
evaluation return: 5617.229980
epoch: 252
total time steps: 253000
model validation loss: 0.017222
evaluation return: 5408.458496
epoch: 253
total time steps: 254000
model validation loss: 0.016009
evaluation return: 5219.716309
epoch: 254
total time steps: 255000
model validation loss: 0.018002
evaluation return: 5791.224609
epoch: 255
total time steps: 256000
model validation loss: 0.016843
evaluation return: 5651.645508
epoch: 256
total time steps: 257000
model validation loss: 0.016758
evaluation return: 5443.528809
epoch: 257
total time steps: 258000
model validation loss: 0.015573
evaluation return: 5520.374512
epoch: 258
total time steps: 259000
model validation loss: 0.016158
evaluation return: 5507.889160
epoch: 259
total time steps: 260000
model validation loss: 0.016761
evaluation return: 5534.151367
epoch: 260
total time steps: 261000
model validation loss: 0.016761
evaluation return: 5796.630859
epoch: 261
total time steps: 262000
model validation loss: 0.016123
evaluation return: 5402.979492
epoch: 262
total time steps: 263000
model validation loss: 0.015801
evaluation return: 5248.577637
epoch: 263
total time steps: 264000
model validation loss: 0.015664
evaluation return: 5780.102539
epoch: 264
total time steps: 265000
model validation loss: 0.016042
evaluation return: 5822.059570
epoch: 265
total time steps: 266000
model validation loss: 0.019193
evaluation return: 4946.508789
epoch: 266
total time steps: 267000
model validation loss: 0.016753
evaluation return: 5587.604492
epoch: 267
total time steps: 268000
model validation loss: 0.017321
evaluation return: 4958.246582
epoch: 268
total time steps: 269000
model validation loss: 0.016336
evaluation return: 5649.877441
epoch: 269
total time steps: 270000
model validation loss: 0.016785
evaluation return: 5264.226074
epoch: 270
total time steps: 271000
model validation loss: 0.015867
evaluation return: 5350.140137
epoch: 271
total time steps: 272000
model validation loss: 0.015734
evaluation return: 5807.270508
epoch: 272
total time steps: 273000
model validation loss: 0.016522
evaluation return: 5832.535156
epoch: 273
total time steps: 274000
model validation loss: 0.015452
evaluation return: 5203.353516
epoch: 274
total time steps: 275000
model validation loss: 0.016192
evaluation return: 5732.375000
epoch: 275
total time steps: 276000
model validation loss: 0.016338
evaluation return: 5490.421387
epoch: 276
total time steps: 277000
model validation loss: 0.016355
evaluation return: 5744.656738
epoch: 277
total time steps: 278000
model validation loss: 0.015904
evaluation return: 5696.447266
epoch: 278
total time steps: 279000
model validation loss: 0.016006
evaluation return: 5370.525391
epoch: 279
total time steps: 280000
model validation loss: 0.015853
evaluation return: 5603.294434
epoch: 280
total time steps: 281000
model validation loss: 0.014955
evaluation return: 5564.275879
epoch: 281
total time steps: 282000
model validation loss: 0.016723
evaluation return: 5871.320312
epoch: 282
total time steps: 283000
model validation loss: 0.015540
evaluation return: 5720.594727
epoch: 283
total time steps: 284000
model validation loss: 0.016713
evaluation return: 5641.723633
epoch: 284
total time steps: 285000
model validation loss: 0.014719
evaluation return: 5485.183594
epoch: 285
total time steps: 286000
model validation loss: 0.015430
evaluation return: 5732.742188
epoch: 286
total time steps: 287000
model validation loss: 0.017001
evaluation return: 5430.124512
epoch: 287
total time steps: 288000
model validation loss: 0.015525
evaluation return: 5692.180176
epoch: 288
total time steps: 289000
model validation loss: 0.015922
evaluation return: 4958.590820
epoch: 289
total time steps: 290000
model validation loss: 0.016147
evaluation return: 5488.041016
epoch: 290
total time steps: 291000
model validation loss: 0.015623
evaluation return: 5181.385742
epoch: 291
total time steps: 292000
model validation loss: 0.015389
evaluation return: 5817.337891
epoch: 292
total time steps: 293000
model validation loss: 0.016316
evaluation return: 4929.982422
epoch: 293
total time steps: 294000
model validation loss: 0.015694
evaluation return: 5398.602539
epoch: 294
total time steps: 295000
model validation loss: 0.015125
evaluation return: 5542.497559
epoch: 295
total time steps: 296000
model validation loss: 0.016006
evaluation return: 5774.263184
epoch: 296
total time steps: 297000
model validation loss: 0.015476
evaluation return: 5641.073242
epoch: 297
total time steps: 298000
model validation loss: 0.015884
evaluation return: 5664.296875
epoch: 298
total time steps: 299000
model validation loss: 0.015329
evaluation return: 5870.539551
epoch: 299
total time steps: 300000
model validation loss: 0.015294
evaluation return: 5369.082520
epoch: 300
total time steps: 301000
model validation loss: 0.015751
evaluation return: 5863.791504
epoch: 301
total time steps: 302000
model validation loss: 0.016033
evaluation return: 5789.186523
epoch: 302
total time steps: 303000
model validation loss: 0.015424
evaluation return: 5362.169434
epoch: 303
total time steps: 304000
model validation loss: 0.015163
evaluation return: 5850.475586
epoch: 304
total time steps: 305000
model validation loss: 0.015513
evaluation return: 5758.159180
epoch: 305
total time steps: 306000
model validation loss: 0.015893
evaluation return: 5043.518066
epoch: 306
total time steps: 307000
model validation loss: 0.015478
evaluation return: 5778.786621
epoch: 307
total time steps: 308000
model validation loss: 0.015388
evaluation return: 4919.667480
epoch: 308
total time steps: 309000
model validation loss: 0.016087
evaluation return: 5454.751465
epoch: 309
total time steps: 310000
model validation loss: 0.016083
evaluation return: 5781.075195
epoch: 310
total time steps: 311000
model validation loss: 0.015032
evaluation return: 5200.612793
epoch: 311
total time steps: 312000
model validation loss: 0.015621
evaluation return: 5302.357910
epoch: 312
total time steps: 313000
model validation loss: 0.015049
evaluation return: 5635.959961
epoch: 313
total time steps: 314000
model validation loss: 0.015415
evaluation return: 5554.414062
epoch: 314
total time steps: 315000
model validation loss: 0.015350
evaluation return: 5345.912109
epoch: 315
total time steps: 316000
model validation loss: 0.014714
evaluation return: 5354.947266
epoch: 316
total time steps: 317000
model validation loss: 0.016145
evaluation return: 5306.559570
epoch: 317
total time steps: 318000
model validation loss: 0.015892
evaluation return: 5665.629395
epoch: 318
total time steps: 319000
model validation loss: 0.015844
evaluation return: 4477.459473
epoch: 319
total time steps: 320000
model validation loss: 0.016120
evaluation return: 5631.564941
epoch: 320
total time steps: 321000
model validation loss: 0.016472
evaluation return: 5717.636719
epoch: 321
total time steps: 322000
model validation loss: 0.015013
evaluation return: 5610.190430
epoch: 322
total time steps: 323000
model validation loss: 0.014697
evaluation return: 5430.985840
