epoch: 0
total time steps: 1000
model validation loss: 0.523504
evaluation return: -388.961456
epoch: 1
total time steps: 2000
model validation loss: 0.464693
evaluation return: 414.264832
epoch: 2
total time steps: 3000
model validation loss: 0.414044
evaluation return: 591.696655
epoch: 3
total time steps: 4000
model validation loss: 0.366146
evaluation return: 354.244385
epoch: 4
total time steps: 5000
model validation loss: 0.335573
evaluation return: 564.631042
epoch: 5
total time steps: 6000
model validation loss: 0.290422
evaluation return: 891.903809
epoch: 6
total time steps: 7000
model validation loss: 0.268520
evaluation return: 762.664429
epoch: 7
total time steps: 8000
model validation loss: 0.236592
evaluation return: 797.180481
epoch: 8
total time steps: 9000
model validation loss: 0.223294
evaluation return: 813.196716
epoch: 9
total time steps: 10000
model validation loss: 0.209046
evaluation return: 905.390015
epoch: 10
total time steps: 11000
model validation loss: 0.199939
evaluation return: 903.880371
epoch: 11
total time steps: 12000
model validation loss: 0.182007
evaluation return: 897.627258
epoch: 12
total time steps: 13000
model validation loss: 0.180791
evaluation return: 858.989563
epoch: 13
total time steps: 14000
model validation loss: 0.177977
evaluation return: 903.614380
epoch: 14
total time steps: 15000
model validation loss: 0.156883
evaluation return: 847.493958
epoch: 15
total time steps: 16000
model validation loss: 0.152787
evaluation return: 919.370117
epoch: 16
total time steps: 17000
model validation loss: 0.144954
evaluation return: 876.416138
epoch: 17
total time steps: 18000
model validation loss: 0.140068
evaluation return: 930.987122
epoch: 18
total time steps: 19000
model validation loss: 0.130058
evaluation return: 935.067566
epoch: 19
total time steps: 20000
model validation loss: 0.132590
evaluation return: 921.665649
epoch: 20
total time steps: 21000
model validation loss: 0.123560
evaluation return: 938.470337
epoch: 21
total time steps: 22000
model validation loss: 0.113989
evaluation return: 919.893921
epoch: 22
total time steps: 23000
model validation loss: 0.110700
evaluation return: 933.422241
epoch: 23
total time steps: 24000
model validation loss: 0.105941
evaluation return: 930.478149
epoch: 24
total time steps: 25000
model validation loss: 0.099332
evaluation return: 935.744995
epoch: 25
total time steps: 26000
model validation loss: 0.101822
evaluation return: 961.034180
epoch: 26
total time steps: 27000
model validation loss: 0.100003
evaluation return: 951.768738
epoch: 27
total time steps: 28000
model validation loss: 0.095164
evaluation return: 934.602844
epoch: 28
total time steps: 29000
model validation loss: 0.093059
evaluation return: 875.381836
epoch: 29
total time steps: 30000
model validation loss: 0.089149
evaluation return: 859.189148
epoch: 30
total time steps: 31000
model validation loss: 0.085031
evaluation return: 896.410461
epoch: 31
total time steps: 32000
model validation loss: 0.084477
evaluation return: 1089.719971
epoch: 32
total time steps: 33000
model validation loss: 0.081370
evaluation return: 986.798035
epoch: 33
total time steps: 34000
model validation loss: 0.079921
evaluation return: 974.364563
epoch: 34
total time steps: 35000
model validation loss: 0.075303
evaluation return: 822.313965
epoch: 35
total time steps: 36000
model validation loss: 0.072786
evaluation return: 859.074585
epoch: 36
total time steps: 37000
model validation loss: 0.069753
evaluation return: 652.380859
epoch: 37
total time steps: 38000
model validation loss: 0.080195
evaluation return: 243.979080
epoch: 38
total time steps: 39000
model validation loss: 0.073070
evaluation return: 491.702087
epoch: 39
total time steps: 40000
model validation loss: 0.070868
evaluation return: 712.885925
epoch: 40
total time steps: 41000
model validation loss: 0.073595
evaluation return: 693.521118
epoch: 41
total time steps: 42000
model validation loss: 0.069241
evaluation return: 1966.948608
epoch: 42
total time steps: 43000
model validation loss: 0.059091
evaluation return: 1958.999268
epoch: 43
total time steps: 44000
model validation loss: 0.046523
evaluation return: 2094.286377
epoch: 44
total time steps: 45000
model validation loss: 0.046180
evaluation return: 2142.776367
epoch: 45
total time steps: 46000
model validation loss: 0.045934
evaluation return: 2414.832764
epoch: 46
total time steps: 47000
model validation loss: 0.046890
evaluation return: 2308.946777
epoch: 47
total time steps: 48000
model validation loss: 0.044550
evaluation return: 2572.851074
epoch: 48
total time steps: 49000
model validation loss: 0.043251
evaluation return: 2545.581543
epoch: 49
total time steps: 50000
model validation loss: 0.042173
evaluation return: 2711.549072
epoch: 50
total time steps: 51000
model validation loss: 0.042908
evaluation return: 2025.331665
epoch: 51
total time steps: 52000
model validation loss: 0.042780
evaluation return: 2193.784668
epoch: 52
total time steps: 53000
model validation loss: 0.046125
evaluation return: 2964.172607
epoch: 53
total time steps: 54000
model validation loss: 0.039207
evaluation return: 3455.545654
epoch: 54
total time steps: 55000
model validation loss: 0.038977
evaluation return: 2208.252930
epoch: 55
total time steps: 56000
model validation loss: 0.040971
evaluation return: 1969.579834
epoch: 56
total time steps: 57000
model validation loss: 0.038126
evaluation return: 3593.362793
epoch: 57
total time steps: 58000
model validation loss: 0.037568
evaluation return: 3861.584717
epoch: 58
total time steps: 59000
model validation loss: 0.037811
evaluation return: 3394.901855
epoch: 59
total time steps: 60000
model validation loss: 0.038514
evaluation return: 2271.968262
epoch: 60
total time steps: 61000
model validation loss: 0.037223
evaluation return: 1794.225952
epoch: 61
total time steps: 62000
model validation loss: 0.034287
evaluation return: 1774.575562
epoch: 62
total time steps: 63000
model validation loss: 0.034697
evaluation return: 2475.680176
epoch: 63
total time steps: 64000
model validation loss: 0.032140
evaluation return: 1563.384155
epoch: 64
total time steps: 65000
model validation loss: 0.034595
evaluation return: 2673.562012
epoch: 65
total time steps: 66000
model validation loss: 0.033999
evaluation return: 3280.728027
epoch: 66
total time steps: 67000
model validation loss: 0.033628
evaluation return: 983.591187
epoch: 67
total time steps: 68000
model validation loss: 0.032833
evaluation return: 1032.188232
epoch: 68
total time steps: 69000
model validation loss: 0.033041
evaluation return: 1554.536499
epoch: 69
total time steps: 70000
model validation loss: 0.032845
evaluation return: 1844.678345
epoch: 70
total time steps: 71000
model validation loss: 0.032343
evaluation return: 2980.558105
epoch: 71
total time steps: 72000
model validation loss: 0.030910
evaluation return: 1453.100586
epoch: 72
total time steps: 73000
model validation loss: 0.030610
evaluation return: 583.167114
epoch: 73
total time steps: 74000
model validation loss: 0.029177
evaluation return: 2445.774170
epoch: 74
total time steps: 75000
model validation loss: 0.031062
evaluation return: 1070.923096
epoch: 75
total time steps: 76000
model validation loss: 0.029679
evaluation return: 1024.863647
epoch: 76
total time steps: 77000
model validation loss: 0.030221
evaluation return: 1433.801514
epoch: 77
total time steps: 78000
model validation loss: 0.029588
evaluation return: 2974.928223
epoch: 78
total time steps: 79000
model validation loss: 0.029060
evaluation return: 2517.050293
epoch: 79
total time steps: 80000
model validation loss: 0.029693
evaluation return: 1426.287354
epoch: 80
total time steps: 81000
model validation loss: 0.026646
evaluation return: 2104.882080
epoch: 81
total time steps: 82000
model validation loss: 0.030197
evaluation return: 2157.433350
epoch: 82
total time steps: 83000
model validation loss: 0.027627
evaluation return: 1242.433716
epoch: 83
total time steps: 84000
model validation loss: 0.028564
evaluation return: 1230.535889
epoch: 84
total time steps: 85000
model validation loss: 0.028825
evaluation return: 2207.300293
epoch: 85
total time steps: 86000
model validation loss: 0.028622
evaluation return: 1715.973999
epoch: 86
total time steps: 87000
model validation loss: 0.026843
evaluation return: 1029.582886
epoch: 87
total time steps: 88000
model validation loss: 0.026540
evaluation return: 1577.621948
epoch: 88
total time steps: 89000
model validation loss: 0.026604
evaluation return: 1835.523071
epoch: 89
total time steps: 90000
model validation loss: 0.025638
evaluation return: 1836.097046
epoch: 90
total time steps: 91000
model validation loss: 0.025293
evaluation return: 1740.065796
epoch: 91
total time steps: 92000
model validation loss: 0.025148
evaluation return: 3087.799072
epoch: 92
total time steps: 93000
model validation loss: 0.024855
evaluation return: 2752.106689
epoch: 93
total time steps: 94000
model validation loss: 0.024435
evaluation return: 2441.587402
epoch: 94
total time steps: 95000
model validation loss: 0.023353
evaluation return: 1505.938721
epoch: 95
total time steps: 96000
model validation loss: 0.023217
evaluation return: 2358.215332
epoch: 96
total time steps: 97000
model validation loss: 0.024390
evaluation return: 2770.454590
epoch: 97
total time steps: 98000
model validation loss: 0.023928
evaluation return: 1772.844971
epoch: 98
total time steps: 99000
model validation loss: 0.024655
evaluation return: 1857.495850
epoch: 99
total time steps: 100000
model validation loss: 0.022315
evaluation return: 3751.916504
epoch: 100
total time steps: 101000
model validation loss: 0.024417
evaluation return: 1480.188232
epoch: 101
total time steps: 102000
model validation loss: 0.021441
evaluation return: 3961.030762
epoch: 102
total time steps: 103000
model validation loss: 0.023363
evaluation return: 3412.309082
epoch: 103
total time steps: 104000
model validation loss: 0.020716
evaluation return: 3715.622559
epoch: 104
total time steps: 105000
model validation loss: 0.021148
evaluation return: 3780.984375
epoch: 105
total time steps: 106000
model validation loss: 0.020747
evaluation return: 3536.592285
epoch: 106
total time steps: 107000
model validation loss: 0.022314
evaluation return: 2106.819824
epoch: 107
total time steps: 108000
model validation loss: 0.020600
evaluation return: 1364.619385
epoch: 108
total time steps: 109000
model validation loss: 0.021982
evaluation return: 1687.075928
epoch: 109
total time steps: 110000
model validation loss: 0.019829
evaluation return: 1919.457642
epoch: 110
total time steps: 111000
model validation loss: 0.020427
evaluation return: 2879.262207
epoch: 111
total time steps: 112000
model validation loss: 0.020675
evaluation return: 3039.594971
epoch: 112
total time steps: 113000
model validation loss: 0.020955
evaluation return: 2799.815186
epoch: 113
total time steps: 114000
model validation loss: 0.021037
evaluation return: 2449.818604
epoch: 114
total time steps: 115000
model validation loss: 0.020656
evaluation return: 3546.414551
epoch: 115
total time steps: 116000
model validation loss: 0.019297
evaluation return: 4192.917969
epoch: 116
total time steps: 117000
model validation loss: 0.020656
evaluation return: 1613.869751
epoch: 117
total time steps: 118000
model validation loss: 0.020513
evaluation return: 3649.933105
epoch: 118
total time steps: 119000
model validation loss: 0.020428
evaluation return: 3088.139160
epoch: 119
total time steps: 120000
model validation loss: 0.020160
evaluation return: 1580.353638
epoch: 120
total time steps: 121000
model validation loss: 0.020000
evaluation return: 4268.930664
epoch: 121
total time steps: 122000
model validation loss: 0.020186
evaluation return: 3631.069092
epoch: 122
total time steps: 123000
model validation loss: 0.020134
evaluation return: 3988.304688
epoch: 123
total time steps: 124000
model validation loss: 0.019780
evaluation return: 2765.532715
epoch: 124
total time steps: 125000
model validation loss: 0.019737
evaluation return: 4607.530273
epoch: 125
total time steps: 126000
model validation loss: 0.019154
evaluation return: 3333.209717
epoch: 126
total time steps: 127000
model validation loss: 0.019657
evaluation return: 2821.047363
epoch: 127
total time steps: 128000
model validation loss: 0.019901
evaluation return: 2446.781250
epoch: 128
total time steps: 129000
model validation loss: 0.019436
evaluation return: 4287.841309
epoch: 129
total time steps: 130000
model validation loss: 0.020181
evaluation return: 3450.692627
epoch: 130
total time steps: 131000
model validation loss: 0.019013
evaluation return: 3426.435059
epoch: 131
total time steps: 132000
model validation loss: 0.020074
evaluation return: 3003.449707
epoch: 132
total time steps: 133000
model validation loss: 0.021024
evaluation return: 2919.085693
epoch: 133
total time steps: 134000
model validation loss: 0.019109
evaluation return: 4721.019531
epoch: 134
total time steps: 135000
model validation loss: 0.018718
evaluation return: 5149.727539
epoch: 135
total time steps: 136000
model validation loss: 0.020242
evaluation return: 3025.856934
epoch: 136
total time steps: 137000
model validation loss: 0.019292
evaluation return: 4024.425049
epoch: 137
total time steps: 138000
model validation loss: 0.018368
evaluation return: 5215.273438
epoch: 138
total time steps: 139000
model validation loss: 0.020458
evaluation return: 3029.217285
epoch: 139
total time steps: 140000
model validation loss: 0.019492
evaluation return: 4154.665527
epoch: 140
total time steps: 141000
model validation loss: 0.018287
evaluation return: 4271.983398
epoch: 141
total time steps: 142000
model validation loss: 0.019434
evaluation return: 3073.669922
epoch: 142
total time steps: 143000
model validation loss: 0.018369
evaluation return: 2562.879883
epoch: 143
total time steps: 144000
model validation loss: 0.019210
evaluation return: 1470.760986
epoch: 144
total time steps: 145000
model validation loss: 0.018505
evaluation return: 1648.296265
epoch: 145
total time steps: 146000
model validation loss: 0.018520
evaluation return: 3907.962158
epoch: 146
total time steps: 147000
model validation loss: 0.020530
evaluation return: 2701.595215
epoch: 147
total time steps: 148000
model validation loss: 0.018873
evaluation return: 3756.266113
epoch: 148
total time steps: 149000
model validation loss: 0.019370
evaluation return: 4086.986816
epoch: 149
total time steps: 150000
model validation loss: 0.018597
evaluation return: 3578.322754
epoch: 150
total time steps: 151000
model validation loss: 0.018796
evaluation return: 5319.727539
epoch: 151
total time steps: 152000
model validation loss: 0.018145
evaluation return: 3571.791748
epoch: 152
total time steps: 153000
model validation loss: 0.018470
evaluation return: 4185.523438
epoch: 153
total time steps: 154000
model validation loss: 0.019811
evaluation return: 3903.207031
epoch: 154
total time steps: 155000
model validation loss: 0.017736
evaluation return: 5093.499512
epoch: 155
total time steps: 156000
model validation loss: 0.018344
evaluation return: 4300.142090
epoch: 156
total time steps: 157000
model validation loss: 0.018360
evaluation return: 4399.986816
epoch: 157
total time steps: 158000
model validation loss: 0.019554
evaluation return: 4198.444336
epoch: 158
total time steps: 159000
model validation loss: 0.017956
evaluation return: 3438.553467
epoch: 159
total time steps: 160000
model validation loss: 0.018354
evaluation return: 5293.038086
epoch: 160
total time steps: 161000
model validation loss: 0.018122
evaluation return: 4626.403809
epoch: 161
total time steps: 162000
model validation loss: 0.018447
evaluation return: 5302.682617
epoch: 162
total time steps: 163000
model validation loss: 0.018294
evaluation return: 4921.513184
epoch: 163
total time steps: 164000
model validation loss: 0.018807
evaluation return: 4727.570801
epoch: 164
total time steps: 165000
model validation loss: 0.018974
evaluation return: 4701.342773
epoch: 165
total time steps: 166000
model validation loss: 0.018136
evaluation return: 4872.345703
epoch: 166
total time steps: 167000
model validation loss: 0.019764
evaluation return: 4277.241211
epoch: 167
total time steps: 168000
model validation loss: 0.018809
evaluation return: 4211.266602
epoch: 168
total time steps: 169000
model validation loss: 0.019495
evaluation return: 4695.276855
epoch: 169
total time steps: 170000
model validation loss: 0.017786
evaluation return: 4392.537598
epoch: 170
total time steps: 171000
model validation loss: 0.018267
evaluation return: 4531.968750
epoch: 171
total time steps: 172000
model validation loss: 0.017954
evaluation return: 4978.768555
epoch: 172
total time steps: 173000
model validation loss: 0.018721
evaluation return: 4713.104492
epoch: 173
total time steps: 174000
model validation loss: 0.019943
evaluation return: 3391.357910
epoch: 174
total time steps: 175000
model validation loss: 0.018556
evaluation return: 4680.633789
epoch: 175
total time steps: 176000
model validation loss: 0.018087
evaluation return: 3396.352051
epoch: 176
total time steps: 177000
model validation loss: 0.018211
evaluation return: 4637.851074
epoch: 177
total time steps: 178000
model validation loss: 0.018419
evaluation return: 4563.283691
epoch: 178
total time steps: 179000
model validation loss: 0.018182
evaluation return: 4231.928223
epoch: 179
total time steps: 180000
model validation loss: 0.018568
evaluation return: 5208.385742
epoch: 180
total time steps: 181000
model validation loss: 0.018066
evaluation return: 5155.323730
epoch: 181
total time steps: 182000
model validation loss: 0.018991
evaluation return: 5095.103027
epoch: 182
total time steps: 183000
model validation loss: 0.018948
evaluation return: 3509.675781
epoch: 183
total time steps: 184000
model validation loss: 0.017848
evaluation return: 2686.437744
epoch: 184
total time steps: 185000
model validation loss: 0.018002
evaluation return: 4007.972168
epoch: 185
total time steps: 186000
model validation loss: 0.019195
evaluation return: 3850.351074
epoch: 186
total time steps: 187000
model validation loss: 0.017733
evaluation return: 4982.989746
epoch: 187
total time steps: 188000
model validation loss: 0.018070
evaluation return: 4689.530273
epoch: 188
total time steps: 189000
model validation loss: 0.018235
evaluation return: 4460.885742
epoch: 189
total time steps: 190000
model validation loss: 0.018186
evaluation return: 5355.074219
epoch: 190
total time steps: 191000
model validation loss: 0.020383
evaluation return: 4799.105469
epoch: 191
total time steps: 192000
model validation loss: 0.018416
evaluation return: 3750.212158
epoch: 192
total time steps: 193000
model validation loss: 0.018680
evaluation return: 3104.790039
epoch: 193
total time steps: 194000
model validation loss: 0.018880
evaluation return: 4508.957520
epoch: 194
total time steps: 195000
model validation loss: 0.019224
evaluation return: 5205.888184
epoch: 195
total time steps: 196000
model validation loss: 0.017654
evaluation return: 4884.467285
epoch: 196
total time steps: 197000
model validation loss: 0.019035
evaluation return: 4910.609863
epoch: 197
total time steps: 198000
model validation loss: 0.017454
evaluation return: 3022.334473
epoch: 198
total time steps: 199000
model validation loss: 0.018510
evaluation return: 4769.446289
epoch: 199
total time steps: 200000
model validation loss: 0.019223
evaluation return: 4700.187500
epoch: 200
total time steps: 201000
model validation loss: 0.018715
evaluation return: 5217.943359
epoch: 201
total time steps: 202000
model validation loss: 0.020458
evaluation return: 4546.307617
epoch: 202
total time steps: 203000
model validation loss: 0.017733
evaluation return: 3114.714844
epoch: 203
total time steps: 204000
model validation loss: 0.018526
evaluation return: 4964.678711
epoch: 204
total time steps: 205000
model validation loss: 0.018002
evaluation return: 4711.915527
epoch: 205
total time steps: 206000
model validation loss: 0.019523
evaluation return: 4621.107910
epoch: 206
total time steps: 207000
model validation loss: 0.018356
evaluation return: 5525.628906
epoch: 207
total time steps: 208000
model validation loss: 0.018063
evaluation return: 5545.146973
epoch: 208
total time steps: 209000
model validation loss: 0.018434
evaluation return: 5430.674805
epoch: 209
total time steps: 210000
model validation loss: 0.018409
evaluation return: 5041.572266
epoch: 210
total time steps: 211000
model validation loss: 0.018926
evaluation return: 4398.725586
epoch: 211
total time steps: 212000
model validation loss: 0.018196
evaluation return: 5330.711914
epoch: 212
total time steps: 213000
model validation loss: 0.017661
evaluation return: 4536.131348
epoch: 213
total time steps: 214000
model validation loss: 0.018374
evaluation return: 5402.083496
epoch: 214
total time steps: 215000
model validation loss: 0.019423
evaluation return: 5211.713379
epoch: 215
total time steps: 216000
model validation loss: 0.018265
evaluation return: 4490.545898
epoch: 216
total time steps: 217000
model validation loss: 0.018726
evaluation return: 5525.176758
epoch: 217
total time steps: 218000
model validation loss: 0.018816
evaluation return: 5445.436523
epoch: 218
total time steps: 219000
model validation loss: 0.017096
evaluation return: 5389.516602
epoch: 219
total time steps: 220000
model validation loss: 0.016923
evaluation return: 5088.667969
epoch: 220
total time steps: 221000
model validation loss: 0.017971
evaluation return: 4148.856934
epoch: 221
total time steps: 222000
model validation loss: 0.018679
evaluation return: 5313.159180
epoch: 222
total time steps: 223000
model validation loss: 0.018148
evaluation return: 4961.993164
epoch: 223
total time steps: 224000
model validation loss: 0.017469
evaluation return: 4949.322754
epoch: 224
total time steps: 225000
model validation loss: 0.019416
evaluation return: 3117.682129
epoch: 225
total time steps: 226000
model validation loss: 0.017660
evaluation return: 5429.112305
epoch: 226
total time steps: 227000
model validation loss: 0.017632
evaluation return: 5218.162598
epoch: 227
total time steps: 228000
model validation loss: 0.018483
evaluation return: 5488.786133
epoch: 228
total time steps: 229000
model validation loss: 0.018725
evaluation return: 5392.787598
epoch: 229
total time steps: 230000
model validation loss: 0.017484
evaluation return: 5263.898438
epoch: 230
total time steps: 231000
model validation loss: 0.018278
evaluation return: 5316.672852
epoch: 231
total time steps: 232000
model validation loss: 0.018142
evaluation return: 5416.678711
epoch: 232
total time steps: 233000
model validation loss: 0.018035
evaluation return: 3855.590576
epoch: 233
total time steps: 234000
model validation loss: 0.018663
evaluation return: 5085.200195
epoch: 234
total time steps: 235000
model validation loss: 0.017661
evaluation return: 4888.062012
epoch: 235
total time steps: 236000
model validation loss: 0.017875
evaluation return: 4592.002441
epoch: 236
total time steps: 237000
model validation loss: 0.018499
evaluation return: 5570.143555
epoch: 237
total time steps: 238000
model validation loss: 0.018147
evaluation return: 5229.605469
epoch: 238
total time steps: 239000
model validation loss: 0.018637
evaluation return: 5216.020996
epoch: 239
total time steps: 240000
model validation loss: 0.018694
evaluation return: 5040.633301
epoch: 240
total time steps: 241000
model validation loss: 0.018084
evaluation return: 5541.445312
epoch: 241
total time steps: 242000
model validation loss: 0.017030
evaluation return: 5299.708984
epoch: 242
total time steps: 243000
model validation loss: 0.017627
evaluation return: 5578.873535
epoch: 243
total time steps: 244000
model validation loss: 0.017726
evaluation return: 5616.088867
epoch: 244
total time steps: 245000
model validation loss: 0.017963
evaluation return: 5694.168945
epoch: 245
total time steps: 246000
model validation loss: 0.017595
evaluation return: 5168.530762
epoch: 246
total time steps: 247000
model validation loss: 0.019535
evaluation return: 4056.071533
epoch: 247
total time steps: 248000
model validation loss: 0.017928
evaluation return: 5115.239258
epoch: 248
total time steps: 249000
model validation loss: 0.017927
evaluation return: 5648.461914
epoch: 249
total time steps: 250000
model validation loss: 0.017750
evaluation return: 4997.824219
epoch: 250
total time steps: 251000
model validation loss: 0.018041
evaluation return: 5644.313965
epoch: 251
total time steps: 252000
model validation loss: 0.018057
evaluation return: 5569.483887
epoch: 252
total time steps: 253000
model validation loss: 0.017107
evaluation return: 5513.754395
epoch: 253
total time steps: 254000
model validation loss: 0.016679
evaluation return: 3783.946045
epoch: 254
total time steps: 255000
model validation loss: 0.018233
evaluation return: 5552.745117
epoch: 255
total time steps: 256000
model validation loss: 0.017994
evaluation return: 5045.254395
epoch: 256
total time steps: 257000
model validation loss: 0.017740
evaluation return: 5114.356934
epoch: 257
total time steps: 258000
model validation loss: 0.019296
evaluation return: 5614.066895
epoch: 258
total time steps: 259000
model validation loss: 0.018612
evaluation return: 5072.198242
epoch: 259
total time steps: 260000
model validation loss: 0.017224
evaluation return: 5031.483887
epoch: 260
total time steps: 261000
model validation loss: 0.017574
evaluation return: 5333.766602
epoch: 261
total time steps: 262000
model validation loss: 0.017949
evaluation return: 3947.056641
epoch: 262
total time steps: 263000
model validation loss: 0.018137
evaluation return: 5366.948242
epoch: 263
total time steps: 264000
model validation loss: 0.018657
evaluation return: 5262.200684
epoch: 264
total time steps: 265000
model validation loss: 0.018440
evaluation return: 5554.636719
epoch: 265
total time steps: 266000
model validation loss: 0.016591
evaluation return: 5621.038086
epoch: 266
total time steps: 267000
model validation loss: 0.018202
evaluation return: 5276.049805
epoch: 267
total time steps: 268000
model validation loss: 0.018048
evaluation return: 5111.726562
epoch: 268
total time steps: 269000
model validation loss: 0.018598
evaluation return: 5665.206055
epoch: 269
total time steps: 270000
model validation loss: 0.017809
evaluation return: 4773.801758
epoch: 270
total time steps: 271000
model validation loss: 0.017185
evaluation return: 5592.889648
epoch: 271
total time steps: 272000
model validation loss: 0.018055
evaluation return: 5480.634766
epoch: 272
total time steps: 273000
model validation loss: 0.018125
evaluation return: 5665.766113
epoch: 273
total time steps: 274000
model validation loss: 0.018124
evaluation return: 5035.866211
epoch: 274
total time steps: 275000
model validation loss: 0.018533
evaluation return: 5417.068359
epoch: 275
total time steps: 276000
model validation loss: 0.019085
evaluation return: 4893.653320
epoch: 276
total time steps: 277000
model validation loss: 0.018294
evaluation return: 5216.831055
epoch: 277
total time steps: 278000
model validation loss: 0.017311
evaluation return: 5587.923828
epoch: 278
total time steps: 279000
model validation loss: 0.021064
evaluation return: 5661.770508
epoch: 279
total time steps: 280000
model validation loss: 0.018917
evaluation return: 4794.983398
epoch: 280
total time steps: 281000
model validation loss: 0.018071
evaluation return: 5707.222656
epoch: 281
total time steps: 282000
model validation loss: 0.018098
evaluation return: 4726.346191
epoch: 282
total time steps: 283000
model validation loss: 0.019270
evaluation return: 5582.557617
epoch: 283
total time steps: 284000
model validation loss: 0.018462
evaluation return: 5428.919434
epoch: 284
total time steps: 285000
model validation loss: 0.017476
evaluation return: 5220.395508
epoch: 285
total time steps: 286000
model validation loss: 0.017670
evaluation return: 5816.895996
epoch: 286
total time steps: 287000
model validation loss: 0.017711
evaluation return: 5617.136719
epoch: 287
total time steps: 288000
model validation loss: 0.017537
evaluation return: 5680.465820
epoch: 288
total time steps: 289000
model validation loss: 0.018416
evaluation return: 5655.359375
epoch: 289
total time steps: 290000
model validation loss: 0.018082
evaluation return: 5675.081055
epoch: 290
total time steps: 291000
model validation loss: 0.019235
evaluation return: 5792.470215
epoch: 291
total time steps: 292000
model validation loss: 0.017557
evaluation return: 5122.983887
epoch: 292
total time steps: 293000
model validation loss: 0.017211
evaluation return: 5792.081055
epoch: 293
total time steps: 294000
model validation loss: 0.017604
evaluation return: 5109.532715
epoch: 294
total time steps: 295000
model validation loss: 0.018257
evaluation return: 5098.290039
epoch: 295
total time steps: 296000
model validation loss: 0.018584
evaluation return: 5139.841309
epoch: 296
total time steps: 297000
model validation loss: 0.016881
evaluation return: 5602.590820
epoch: 297
total time steps: 298000
model validation loss: 0.018248
evaluation return: 4500.069336
epoch: 298
total time steps: 299000
model validation loss: 0.017663
evaluation return: 5666.610840
epoch: 299
total time steps: 300000
model validation loss: 0.018540
evaluation return: 5659.646484
epoch: 300
total time steps: 301000
model validation loss: 0.018357
evaluation return: 5838.081055
epoch: 301
total time steps: 302000
model validation loss: 0.018460
evaluation return: 5256.873535
epoch: 302
total time steps: 303000
model validation loss: 0.018074
evaluation return: 5799.850586
epoch: 303
total time steps: 304000
model validation loss: 0.017335
evaluation return: 5395.744629
epoch: 304
total time steps: 305000
model validation loss: 0.017137
evaluation return: 5792.976074
epoch: 305
total time steps: 306000
model validation loss: 0.017204
evaluation return: 5796.192871
epoch: 306
total time steps: 307000
model validation loss: 0.016744
evaluation return: 5507.243652
epoch: 307
total time steps: 308000
model validation loss: 0.017726
evaluation return: 5664.040039
epoch: 308
total time steps: 309000
model validation loss: 0.017505
evaluation return: 5671.285156
epoch: 309
total time steps: 310000
model validation loss: 0.019513
evaluation return: 5734.283691
epoch: 310
total time steps: 311000
model validation loss: 0.017395
evaluation return: 5554.956055
epoch: 311
total time steps: 312000
model validation loss: 0.016832
evaluation return: 5887.987305
epoch: 312
total time steps: 313000
model validation loss: 0.018198
evaluation return: 5601.956055
epoch: 313
total time steps: 314000
model validation loss: 0.018164
evaluation return: 5806.671875
epoch: 314
total time steps: 315000
model validation loss: 0.017274
evaluation return: 4602.040527
epoch: 315
total time steps: 316000
model validation loss: 0.017338
evaluation return: 5475.839355
epoch: 316
total time steps: 317000
model validation loss: 0.017030
evaluation return: 5098.605957
epoch: 317
total time steps: 318000
model validation loss: 0.018103
evaluation return: 5753.387695
epoch: 318
total time steps: 319000
model validation loss: 0.017203
evaluation return: 5862.875977
