stages: 0.000000
Real Env evaluation return: -2827.909302
Virt Env evaluation return: 696.019432
stages: 1.000000
Real Env evaluation return: -3466.862654
Virt Env evaluation return: -1133847.660221
stages: 2.000000
Real Env evaluation return: -3353.812891
Virt Env evaluation return: -489274.907246
stages: 3.000000
Real Env evaluation return: -3366.053240
Virt Env evaluation return: -202551.791090
stages: 4.000000
Real Env evaluation return: -2440.612702
Virt Env evaluation return: -143162.571494
stages: 5.000000
Real Env evaluation return: -2751.759623
Virt Env evaluation return: 9323.849605
stages: 6.000000
Real Env evaluation return: -2358.915115
Virt Env evaluation return: -733394.280359
stages: 7.000000
Real Env evaluation return: -3173.916546
Virt Env evaluation return: -1501308.677914
stages: 8.000000
Real Env evaluation return: -3677.451799
Virt Env evaluation return: -376473.888783
stages: 9.000000
Real Env evaluation return: -3727.411174
Virt Env evaluation return: 9390.629363
stages: 10.000000
Real Env evaluation return: -1631.205349
Virt Env evaluation return: 24359.842095
stages: 11.000000
Real Env evaluation return: -2254.172990
Virt Env evaluation return: 42547.962390
stages: 12.000000
Real Env evaluation return: -2411.990377
Virt Env evaluation return: 22804.841051
stages: 13.000000
Real Env evaluation return: -2412.190941
Virt Env evaluation return: 41202.593128
stages: 14.000000
Real Env evaluation return: -2420.942711
Virt Env evaluation return: 3234.040957
stages: 15.000000
Real Env evaluation return: -2317.346539
Virt Env evaluation return: -1175494.436572
stages: 16.000000
Real Env evaluation return: -1582.380870
Virt Env evaluation return: 2172.653603
stages: 17.000000
Real Env evaluation return: -306.049179
Virt Env evaluation return: 1631.945258
stages: 18.000000
Real Env evaluation return: 174.404080
Virt Env evaluation return: 1773.723493
stages: 19.000000
Real Env evaluation return: -1491.893723
Virt Env evaluation return: 2107.195568
stages: 20.000000
Real Env evaluation return: -507.468075
Virt Env evaluation return: 3170.925530
stages: 21.000000
Real Env evaluation return: -1074.859919
Virt Env evaluation return: 2019.531615
stages: 22.000000
Real Env evaluation return: -433.291589
Virt Env evaluation return: 2225.905969
stages: 23.000000
Real Env evaluation return: -145.188907
Virt Env evaluation return: -1005.905663
stages: 24.000000
Real Env evaluation return: -1358.006434
Virt Env evaluation return: 2859.233823
stages: 25.000000
Real Env evaluation return: -1934.160455
Virt Env evaluation return: 9863.397684
stages: 26.000000
Real Env evaluation return: -615.187711
Virt Env evaluation return: -286.537201
stages: 27.000000
Real Env evaluation return: -639.799685
Virt Env evaluation return: 2195.925923
stages: 28.000000
Real Env evaluation return: -1499.514950
Virt Env evaluation return: 3912.193420
stages: 29.000000
Real Env evaluation return: -1123.203398
Virt Env evaluation return: 1533.980908
stages: 30.000000
Real Env evaluation return: -1830.745237
Virt Env evaluation return: 3254.756698
stages: 31.000000
Real Env evaluation return: -2273.292669
Virt Env evaluation return: 10242.936453
stages: 32.000000
Real Env evaluation return: -2290.060500
Virt Env evaluation return: -23945.451810
stages: 33.000000
Real Env evaluation return: -1930.163312
Virt Env evaluation return: 19746.924760
stages: 34.000000
Real Env evaluation return: -1841.064069
Virt Env evaluation return: -32699.275231
stages: 35.000000
Real Env evaluation return: -1622.004200
Virt Env evaluation return: -48453.472018
stages: 36.000000
Real Env evaluation return: -1935.077265
Virt Env evaluation return: -24287.293604
stages: 37.000000
Real Env evaluation return: -1870.649537
Virt Env evaluation return: -40584.677318
stages: 38.000000
Real Env evaluation return: -2229.901092
Virt Env evaluation return: -25617.682487
stages: 39.000000
Real Env evaluation return: -1926.001278
Virt Env evaluation return: -185351.585560
stages: 40.000000
Real Env evaluation return: -2396.685752
Virt Env evaluation return: -58512.156154
stages: 41.000000
Real Env evaluation return: -2169.506701
Virt Env evaluation return: -21046.269168
stages: 42.000000
Real Env evaluation return: -2471.298514
Virt Env evaluation return: 2733.960036
stages: 43.000000
Real Env evaluation return: -2524.736325
Virt Env evaluation return: 2259.700714
stages: 44.000000
Real Env evaluation return: -1095.142190
Virt Env evaluation return: -1291.851608
stages: 45.000000
Real Env evaluation return: -1100.294906
Virt Env evaluation return: -28555.725831
stages: 46.000000
Real Env evaluation return: -2958.470730
Virt Env evaluation return: -234185.620572
stages: 47.000000
Real Env evaluation return: -974.626061
Virt Env evaluation return: -84742.673796
stages: 48.000000
Real Env evaluation return: -1796.225822
Virt Env evaluation return: -25800.309056
stages: 49.000000
Real Env evaluation return: -2294.562989
Virt Env evaluation return: 4597.459042
stages: 50.000000
Real Env evaluation return: -1727.503311
Virt Env evaluation return: 1289.038854
stages: 51.000000
Real Env evaluation return: -1734.433424
Virt Env evaluation return: 655.339648
stages: 52.000000
Real Env evaluation return: -1601.540648
Virt Env evaluation return: 4881.060159
stages: 53.000000
Real Env evaluation return: -371.648152
Virt Env evaluation return: -1477.973649
stages: 54.000000
Real Env evaluation return: 820.655484
Virt Env evaluation return: 9048.919018
stages: 55.000000
Real Env evaluation return: -300.766087
Virt Env evaluation return: 2132.787417
stages: 56.000000
Real Env evaluation return: -720.788363
Virt Env evaluation return: 6665.456788
stages: 57.000000
Real Env evaluation return: -1225.661743
Virt Env evaluation return: 7043.849125
stages: 58.000000
Real Env evaluation return: -209.711522
Virt Env evaluation return: 7262.619376
stages: 59.000000
Real Env evaluation return: -356.617088
Virt Env evaluation return: -562.990713
stages: 60.000000
Real Env evaluation return: -718.158237
Virt Env evaluation return: 2443.045984
stages: 61.000000
Real Env evaluation return: 1047.284575
Virt Env evaluation return: 2862.743834
stages: 62.000000
Real Env evaluation return: 284.038694
Virt Env evaluation return: 7555.799560
stages: 63.000000
Real Env evaluation return: 1024.434100
Virt Env evaluation return: 3622.927792
stages: 64.000000
Real Env evaluation return: 1073.993739
Virt Env evaluation return: 6040.621852
stages: 65.000000
Real Env evaluation return: 1167.348481
Virt Env evaluation return: 2751.972938
stages: 66.000000
Real Env evaluation return: 1104.412640
Virt Env evaluation return: 4446.488205
stages: 67.000000
Real Env evaluation return: 845.032152
Virt Env evaluation return: 3740.927289
stages: 68.000000
Real Env evaluation return: -382.458387
Virt Env evaluation return: 4591.754971
stages: 69.000000
Real Env evaluation return: 806.865593
Virt Env evaluation return: 4816.478007
stages: 70.000000
Real Env evaluation return: 940.736214
Virt Env evaluation return: 3022.068575
stages: 71.000000
Real Env evaluation return: 1368.348763
Virt Env evaluation return: 3963.677308
stages: 72.000000
Real Env evaluation return: 1810.791767
Virt Env evaluation return: 1959.883652
stages: 73.000000
Real Env evaluation return: 964.653968
Virt Env evaluation return: 3235.318453
stages: 74.000000
Real Env evaluation return: 976.438083
Virt Env evaluation return: 3462.590960
stages: 75.000000
Real Env evaluation return: 1344.109855
Virt Env evaluation return: 5823.843388
stages: 76.000000
Real Env evaluation return: 1042.541658
Virt Env evaluation return: 6163.901514
stages: 77.000000
Real Env evaluation return: 955.297670
Virt Env evaluation return: 5936.722472
stages: 78.000000
Real Env evaluation return: 861.716479
Virt Env evaluation return: 4493.273446
stages: 79.000000
Real Env evaluation return: 911.064992
Virt Env evaluation return: -42591.582784
stages: 80.000000
Real Env evaluation return: 2011.915441
Virt Env evaluation return: 2514.483536
stages: 81.000000
Real Env evaluation return: 1286.462094
Virt Env evaluation return: 3740.126032
stages: 82.000000
Real Env evaluation return: 1220.396087
Virt Env evaluation return: 5182.381589
stages: 83.000000
Real Env evaluation return: 1187.298947
Virt Env evaluation return: 2976.787114
stages: 84.000000
Real Env evaluation return: 336.044289
Virt Env evaluation return: 5339.022682
stages: 85.000000
Real Env evaluation return: 681.731967
Virt Env evaluation return: 3762.134145
stages: 86.000000
Real Env evaluation return: 428.601237
Virt Env evaluation return: 2587.882372
stages: 87.000000
Real Env evaluation return: -371.097994
Virt Env evaluation return: 3826.365803
stages: 88.000000
Real Env evaluation return: 960.223335
Virt Env evaluation return: 2482.584537
stages: 89.000000
Real Env evaluation return: 819.707335
Virt Env evaluation return: 1655.688798
stages: 90.000000
Real Env evaluation return: 503.076301
Virt Env evaluation return: 3453.463265
stages: 91.000000
Real Env evaluation return: 1126.401130
Virt Env evaluation return: 2796.372581
stages: 92.000000
Real Env evaluation return: 489.446475
Virt Env evaluation return: 2735.977326
stages: 93.000000
Real Env evaluation return: 298.175980
Virt Env evaluation return: 3294.209337
stages: 94.000000
Real Env evaluation return: -51.339243
Virt Env evaluation return: 3326.979697
stages: 95.000000
Real Env evaluation return: -410.334036
Virt Env evaluation return: 3078.144902
stages: 96.000000
Real Env evaluation return: 706.738520
Virt Env evaluation return: 1267.637431
stages: 97.000000
Real Env evaluation return: 478.099034
Virt Env evaluation return: 4002.059762
stages: 98.000000
Real Env evaluation return: -352.984231
Virt Env evaluation return: 4032.358424
stages: 99.000000
Real Env evaluation return: -274.048849
Virt Env evaluation return: 4219.327639
stages: 100.000000
Real Env evaluation return: 471.229646
Virt Env evaluation return: 2041.760522
stages: 101.000000
Real Env evaluation return: 336.332122
Virt Env evaluation return: 3275.206622
stages: 102.000000
Real Env evaluation return: 1034.675999
Virt Env evaluation return: 3915.329148
stages: 103.000000
Real Env evaluation return: 86.890231
Virt Env evaluation return: 3287.028375
stages: 104.000000
Real Env evaluation return: -30.850335
Virt Env evaluation return: 4453.846306
stages: 105.000000
Real Env evaluation return: 117.978104
Virt Env evaluation return: 3473.711906
stages: 106.000000
Real Env evaluation return: 792.362624
Virt Env evaluation return: 4541.680655
stages: 107.000000
Real Env evaluation return: 53.773617
Virt Env evaluation return: 3373.183279
stages: 108.000000
Real Env evaluation return: 469.892805
Virt Env evaluation return: 4147.695121
stages: 109.000000
Real Env evaluation return: 670.366789
Virt Env evaluation return: 3710.889802
stages: 110.000000
Real Env evaluation return: 1318.335041
Virt Env evaluation return: 4490.889079
stages: 111.000000
Real Env evaluation return: 1423.950109
Virt Env evaluation return: 3695.465270
stages: 112.000000
Real Env evaluation return: 1342.465930
Virt Env evaluation return: 3442.285988
stages: 113.000000
Real Env evaluation return: 1069.477917
Virt Env evaluation return: 4365.878993
stages: 114.000000
Real Env evaluation return: 1113.567478
Virt Env evaluation return: 3917.901313
stages: 115.000000
Real Env evaluation return: 1759.690576
Virt Env evaluation return: 4481.505875
stages: 116.000000
Real Env evaluation return: 1675.627308
Virt Env evaluation return: 4068.788323
stages: 117.000000
Real Env evaluation return: 947.679655
Virt Env evaluation return: 4141.488836
stages: 118.000000
Real Env evaluation return: 1826.410159
Virt Env evaluation return: 1570.959894
stages: 119.000000
Real Env evaluation return: 1921.306146
Virt Env evaluation return: 2620.020137
stages: 120.000000
Real Env evaluation return: 1760.357917
Virt Env evaluation return: 2639.216043
