stages: 0.000000
Real Env evaluation return: -2564.788763
Virt Env evaluation return: 395.699587
stages: 1.000000
Real Env evaluation return: -1673.410885
Virt Env evaluation return: 8438.522101
stages: 2.000000
Real Env evaluation return: -1591.388599
Virt Env evaluation return: 75.567862
stages: 3.000000
Real Env evaluation return: -2360.899270
Virt Env evaluation return: 1315.249103
stages: 4.000000
Real Env evaluation return: -2156.148459
Virt Env evaluation return: 3295.317049
stages: 5.000000
Real Env evaluation return: -2239.227358
Virt Env evaluation return: 3539.245466
stages: 6.000000
Real Env evaluation return: -2118.386488
Virt Env evaluation return: 4336.403181
stages: 7.000000
Real Env evaluation return: -2521.241884
Virt Env evaluation return: 2515.310999
stages: 8.000000
Real Env evaluation return: -1670.866194
Virt Env evaluation return: 1097.675462
stages: 9.000000
Real Env evaluation return: -2073.227713
Virt Env evaluation return: 1682.640438
stages: 10.000000
Real Env evaluation return: -1855.427518
Virt Env evaluation return: 1624.059806
stages: 11.000000
Real Env evaluation return: -1932.420636
Virt Env evaluation return: -737.663869
stages: 12.000000
Real Env evaluation return: -1889.432856
Virt Env evaluation return: 937.813649
stages: 13.000000
Real Env evaluation return: -1441.365912
Virt Env evaluation return: 765.007996
stages: 14.000000
Real Env evaluation return: -1077.855021
Virt Env evaluation return: -582.772027
stages: 15.000000
Real Env evaluation return: -1450.289142
Virt Env evaluation return: 2595.872015
stages: 16.000000
Real Env evaluation return: -1222.812375
Virt Env evaluation return: 97.176211
stages: 17.000000
Real Env evaluation return: -1332.086671
Virt Env evaluation return: 797.633884
stages: 18.000000
Real Env evaluation return: -1441.834019
Virt Env evaluation return: 908.720886
stages: 19.000000
Real Env evaluation return: -1629.992570
Virt Env evaluation return: 1428.737226
stages: 20.000000
Real Env evaluation return: -1627.102115
Virt Env evaluation return: 5562.630861
stages: 21.000000
Real Env evaluation return: -1760.708165
Virt Env evaluation return: 5928.548095
stages: 22.000000
Real Env evaluation return: -1794.015067
Virt Env evaluation return: 292.600531
stages: 23.000000
Real Env evaluation return: -1306.355262
Virt Env evaluation return: 1498.656608
stages: 24.000000
Real Env evaluation return: -1273.094042
Virt Env evaluation return: -273.834345
stages: 25.000000
Real Env evaluation return: -1122.833968
Virt Env evaluation return: 2507.743146
stages: 26.000000
Real Env evaluation return: -1168.589247
Virt Env evaluation return: 1510.226930
stages: 27.000000
Real Env evaluation return: -1405.083520
Virt Env evaluation return: 7472.239755
stages: 28.000000
Real Env evaluation return: -2102.308310
Virt Env evaluation return: 4968.612153
stages: 29.000000
Real Env evaluation return: -2094.882620
Virt Env evaluation return: 5010.816313
stages: 30.000000
Real Env evaluation return: -1206.894896
Virt Env evaluation return: 4139.993918
stages: 31.000000
Real Env evaluation return: -922.448985
Virt Env evaluation return: 4376.759601
stages: 32.000000
Real Env evaluation return: -1337.664630
Virt Env evaluation return: 2479.510567
stages: 33.000000
Real Env evaluation return: -1441.659959
Virt Env evaluation return: 3712.541857
stages: 34.000000
Real Env evaluation return: -1385.276555
Virt Env evaluation return: 6228.725477
stages: 35.000000
Real Env evaluation return: -2121.841815
Virt Env evaluation return: 8817.657709
stages: 36.000000
Real Env evaluation return: -2601.970229
Virt Env evaluation return: 5503.878287
stages: 37.000000
Real Env evaluation return: -2287.647696
Virt Env evaluation return: -82830.232728
stages: 38.000000
Real Env evaluation return: -2460.343409
Virt Env evaluation return: 955.015723
stages: 39.000000
Real Env evaluation return: -2279.655709
Virt Env evaluation return: -1684.906749
stages: 40.000000
Real Env evaluation return: -2816.204019
Virt Env evaluation return: 5604.296880
stages: 41.000000
Real Env evaluation return: -2471.511316
Virt Env evaluation return: 4593.496092
stages: 42.000000
Real Env evaluation return: -2146.472679
Virt Env evaluation return: 4716.574698
stages: 43.000000
Real Env evaluation return: -1932.190907
Virt Env evaluation return: -440.084709
stages: 44.000000
Real Env evaluation return: -2227.212252
Virt Env evaluation return: 6082.821728
stages: 45.000000
Real Env evaluation return: -2442.961240
Virt Env evaluation return: 7190.742103
stages: 46.000000
Real Env evaluation return: -2236.180856
Virt Env evaluation return: 6045.518184
stages: 47.000000
Real Env evaluation return: -2010.299323
Virt Env evaluation return: 1307.284937
stages: 48.000000
Real Env evaluation return: -2500.611682
Virt Env evaluation return: 2509.754419
stages: 49.000000
Real Env evaluation return: -2101.886591
Virt Env evaluation return: 4183.137186
stages: 50.000000
Real Env evaluation return: -1921.780153
Virt Env evaluation return: 5582.803610
stages: 51.000000
Real Env evaluation return: -1965.583750
Virt Env evaluation return: 6057.486773
stages: 52.000000
Real Env evaluation return: -2046.933586
Virt Env evaluation return: 5842.673568
stages: 53.000000
Real Env evaluation return: -2014.453296
Virt Env evaluation return: 6365.123941
stages: 54.000000
Real Env evaluation return: -2239.904722
Virt Env evaluation return: 3690.730178
stages: 55.000000
Real Env evaluation return: -2281.226743
Virt Env evaluation return: -116893.850466
stages: 56.000000
Real Env evaluation return: -1934.047099
Virt Env evaluation return: 5045.943586
stages: 57.000000
Real Env evaluation return: -2262.221678
Virt Env evaluation return: -931.439153
stages: 58.000000
Real Env evaluation return: -1973.030690
Virt Env evaluation return: 991.468804
stages: 59.000000
Real Env evaluation return: -2249.014500
Virt Env evaluation return: -1428.346726
stages: 60.000000
Real Env evaluation return: -2295.391313
Virt Env evaluation return: 2927.865719
stages: 61.000000
Real Env evaluation return: -2002.234088
Virt Env evaluation return: 158.558808
stages: 62.000000
Real Env evaluation return: -2084.778834
Virt Env evaluation return: -296395.125160
stages: 63.000000
Real Env evaluation return: -1526.977883
Virt Env evaluation return: -4670.121558
stages: 64.000000
Real Env evaluation return: -2190.029281
Virt Env evaluation return: 3936.276509
stages: 65.000000
Real Env evaluation return: -2063.607623
Virt Env evaluation return: -293830.332020
stages: 66.000000
Real Env evaluation return: -2114.220814
Virt Env evaluation return: -9414.480568
stages: 67.000000
Real Env evaluation return: -1721.598329
Virt Env evaluation return: -441.186269
stages: 68.000000
Real Env evaluation return: -1795.304369
Virt Env evaluation return: 1161.213349
stages: 69.000000
Real Env evaluation return: -1802.396438
Virt Env evaluation return: -385001.404557
stages: 70.000000
Real Env evaluation return: -1329.321140
Virt Env evaluation return: -365.171568
stages: 71.000000
Real Env evaluation return: -1685.125012
Virt Env evaluation return: -960.048962
stages: 72.000000
Real Env evaluation return: -1417.241643
Virt Env evaluation return: -466.197613
stages: 73.000000
Real Env evaluation return: -1316.133840
Virt Env evaluation return: 1015.611232
stages: 74.000000
Real Env evaluation return: -825.834415
Virt Env evaluation return: -772403.121737
stages: 75.000000
Real Env evaluation return: -1033.987516
Virt Env evaluation return: -230.777798
stages: 76.000000
Real Env evaluation return: -399.880596
Virt Env evaluation return: -2211.703766
stages: 77.000000
Real Env evaluation return: -434.269999
Virt Env evaluation return: -19036.266517
stages: 78.000000
Real Env evaluation return: -766.944753
Virt Env evaluation return: -254.532722
stages: 79.000000
Real Env evaluation return: -251.094118
Virt Env evaluation return: 1721.062714
stages: 80.000000
Real Env evaluation return: 3.065133
Virt Env evaluation return: 839.637063
stages: 81.000000
Real Env evaluation return: -357.330149
Virt Env evaluation return: 313.348053
stages: 82.000000
Real Env evaluation return: -1148.684306
Virt Env evaluation return: -1166.253976
stages: 83.000000
Real Env evaluation return: -509.233507
Virt Env evaluation return: -143332.457552
stages: 84.000000
Real Env evaluation return: -474.594266
Virt Env evaluation return: -2278416.279006
stages: 85.000000
Real Env evaluation return: -965.294531
Virt Env evaluation return: -115608.302984
stages: 86.000000
Real Env evaluation return: -497.299970
Virt Env evaluation return: -168.946302
stages: 87.000000
Real Env evaluation return: -924.414442
Virt Env evaluation return: -688915.377713
stages: 88.000000
Real Env evaluation return: -621.051461
Virt Env evaluation return: 385.437408
stages: 89.000000
Real Env evaluation return: -1011.627497
Virt Env evaluation return: -1242.113524
stages: 90.000000
Real Env evaluation return: -616.357850
Virt Env evaluation return: 404.941808
stages: 91.000000
Real Env evaluation return: -677.024185
Virt Env evaluation return: 1478.735438
stages: 92.000000
Real Env evaluation return: -804.265856
Virt Env evaluation return: -1944764.879643
stages: 93.000000
Real Env evaluation return: -692.926070
Virt Env evaluation return: -435.011047
stages: 94.000000
Real Env evaluation return: -892.597990
Virt Env evaluation return: -894472.718645
stages: 95.000000
Real Env evaluation return: -1044.884100
Virt Env evaluation return: -1202603.094467
stages: 96.000000
Real Env evaluation return: -959.995374
Virt Env evaluation return: 1348.759994
stages: 97.000000
Real Env evaluation return: -862.250851
Virt Env evaluation return: -28352.351132
stages: 98.000000
Real Env evaluation return: -692.049819
Virt Env evaluation return: 706.789933
stages: 99.000000
Real Env evaluation return: -744.223993
Virt Env evaluation return: -336005.365397
stages: 100.000000
Real Env evaluation return: -694.681963
Virt Env evaluation return: -553670.729605
stages: 101.000000
Real Env evaluation return: -620.705029
Virt Env evaluation return: -61031.208549
stages: 102.000000
Real Env evaluation return: -692.707523
Virt Env evaluation return: 2268.341843
stages: 103.000000
Real Env evaluation return: -721.659766
Virt Env evaluation return: 1756.711461
stages: 104.000000
Real Env evaluation return: -677.989147
Virt Env evaluation return: 105.629941
stages: 105.000000
Real Env evaluation return: -1046.248345
Virt Env evaluation return: -3016084.780829
stages: 106.000000
Real Env evaluation return: -821.547170
Virt Env evaluation return: -465.805113
stages: 107.000000
Real Env evaluation return: -769.268314
Virt Env evaluation return: 108.398110
stages: 108.000000
Real Env evaluation return: -674.553162
Virt Env evaluation return: -202145.978854
stages: 109.000000
Real Env evaluation return: -926.784481
Virt Env evaluation return: 1997.556227
stages: 110.000000
Real Env evaluation return: -745.886967
Virt Env evaluation return: -1567.890234
stages: 111.000000
Real Env evaluation return: -341.034542
Virt Env evaluation return: 3619.881622
stages: 112.000000
Real Env evaluation return: -980.607930
Virt Env evaluation return: -463080.136421
stages: 113.000000
Real Env evaluation return: -590.014804
Virt Env evaluation return: -1261.237487
stages: 114.000000
Real Env evaluation return: -851.489556
Virt Env evaluation return: -194909.554415
stages: 115.000000
Real Env evaluation return: -1064.196573
Virt Env evaluation return: -2757078.403849
stages: 116.000000
Real Env evaluation return: -1151.364036
Virt Env evaluation return: -844.543168
stages: 117.000000
Real Env evaluation return: -824.064077
Virt Env evaluation return: -2939725.637574
stages: 118.000000
Real Env evaluation return: -398.133408
Virt Env evaluation return: -110673.873104
stages: 119.000000
Real Env evaluation return: -316.308706
Virt Env evaluation return: -257282.893432
stages: 120.000000
Real Env evaluation return: -301.631582
Virt Env evaluation return: 333.056695
stages: 121.000000
Real Env evaluation return: -268.205597
Virt Env evaluation return: -682.325048
stages: 122.000000
Real Env evaluation return: -526.475580
Virt Env evaluation return: -1743952.076808
stages: 123.000000
Real Env evaluation return: -579.800778
Virt Env evaluation return: -3195112.540620
stages: 124.000000
Real Env evaluation return: -563.057864
Virt Env evaluation return: -168232.627323
stages: 125.000000
Real Env evaluation return: -440.306633
Virt Env evaluation return: -1944057.514321
stages: 126.000000
Real Env evaluation return: -80.155295
Virt Env evaluation return: -3121502.625908
stages: 127.000000
Real Env evaluation return: -206.160474
Virt Env evaluation return: 253.877720
stages: 128.000000
Real Env evaluation return: -622.427809
Virt Env evaluation return: -2037.877932
stages: 129.000000
Real Env evaluation return: -776.336456
Virt Env evaluation return: -99691.773984
stages: 130.000000
Real Env evaluation return: -394.185262
Virt Env evaluation return: -638800.070994
stages: 131.000000
Real Env evaluation return: -610.346194
Virt Env evaluation return: -503.559329
stages: 132.000000
Real Env evaluation return: -799.228449
Virt Env evaluation return: -965971.149626
stages: 133.000000
Real Env evaluation return: -953.402670
Virt Env evaluation return: -277901.150102
stages: 134.000000
Real Env evaluation return: -845.445521
Virt Env evaluation return: -93298.242929
stages: 135.000000
Real Env evaluation return: -746.472209
Virt Env evaluation return: -1675.537081
stages: 136.000000
Real Env evaluation return: -521.865877
Virt Env evaluation return: -6071.829743
stages: 137.000000
Real Env evaluation return: -1056.615438
Virt Env evaluation return: -1523886.296168
stages: 138.000000
Real Env evaluation return: -517.254308
Virt Env evaluation return: -59.192423
stages: 139.000000
Real Env evaluation return: -647.646050
Virt Env evaluation return: -801820.257035
stages: 140.000000
Real Env evaluation return: -570.644413
Virt Env evaluation return: -296606.088525
stages: 141.000000
Real Env evaluation return: -529.840911
Virt Env evaluation return: -1230.524473
stages: 142.000000
Real Env evaluation return: -478.126661
Virt Env evaluation return: -927.646355
stages: 143.000000
Real Env evaluation return: -283.823803
Virt Env evaluation return: -627356.383265
stages: 144.000000
Real Env evaluation return: -514.667509
Virt Env evaluation return: -1214430.373953
stages: 145.000000
Real Env evaluation return: -549.580630
Virt Env evaluation return: -1237.003502
stages: 146.000000
Real Env evaluation return: -728.125744
Virt Env evaluation return: -85826.134277
stages: 147.000000
Real Env evaluation return: -578.522662
Virt Env evaluation return: 788.663493
stages: 148.000000
Real Env evaluation return: -591.937211
Virt Env evaluation return: -317306.512523
stages: 149.000000
Real Env evaluation return: -311.992706
Virt Env evaluation return: -1636.083461
stages: 150.000000
Real Env evaluation return: -621.579396
Virt Env evaluation return: -33442.220754
stages: 151.000000
Real Env evaluation return: -709.140528
Virt Env evaluation return: -1545.746789
stages: 152.000000
Real Env evaluation return: -368.605005
Virt Env evaluation return: -324169.320987
stages: 153.000000
Real Env evaluation return: -318.471479
Virt Env evaluation return: -443241.689165
stages: 154.000000
Real Env evaluation return: -901.975002
Virt Env evaluation return: -579270.653263
stages: 155.000000
Real Env evaluation return: -691.520470
Virt Env evaluation return: -1192.018449
stages: 156.000000
Real Env evaluation return: -1008.750539
Virt Env evaluation return: -1183.220114
stages: 157.000000
Real Env evaluation return: -355.061478
Virt Env evaluation return: -2814.528565
stages: 158.000000
Real Env evaluation return: -295.511323
Virt Env evaluation return: -2471.369497
stages: 159.000000
Real Env evaluation return: -395.630853
Virt Env evaluation return: 291.480550
stages: 160.000000
Real Env evaluation return: -635.432257
Virt Env evaluation return: 953.335539
stages: 161.000000
Real Env evaluation return: -788.944875
Virt Env evaluation return: -467.511043
stages: 162.000000
Real Env evaluation return: -910.437698
Virt Env evaluation return: -32042.551360
stages: 163.000000
Real Env evaluation return: -721.065404
Virt Env evaluation return: -1738.253792
stages: 164.000000
Real Env evaluation return: -1054.364890
Virt Env evaluation return: -1239.124651
stages: 165.000000
Real Env evaluation return: -860.318716
Virt Env evaluation return: -100.911957
stages: 166.000000
Real Env evaluation return: -403.698580
Virt Env evaluation return: -1494.120595
stages: 167.000000
Real Env evaluation return: -1053.409389
Virt Env evaluation return: -1220.826705
stages: 168.000000
Real Env evaluation return: -481.271366
Virt Env evaluation return: -1436.052184
stages: 169.000000
Real Env evaluation return: -837.555376
Virt Env evaluation return: -34492.452852
stages: 170.000000
Real Env evaluation return: -480.167023
Virt Env evaluation return: -16206.476040
stages: 171.000000
Real Env evaluation return: -1014.421112
Virt Env evaluation return: 910.852229
stages: 172.000000
Real Env evaluation return: -573.055206
Virt Env evaluation return: 246.498947
stages: 173.000000
Real Env evaluation return: -757.593422
Virt Env evaluation return: -1611.546572
stages: 174.000000
Real Env evaluation return: -1010.953446
Virt Env evaluation return: -73124.544165
stages: 175.000000
Real Env evaluation return: -946.124087
Virt Env evaluation return: -676.432887
stages: 176.000000
Real Env evaluation return: -887.298265
Virt Env evaluation return: -1236.514136
stages: 177.000000
Real Env evaluation return: -455.828525
Virt Env evaluation return: -1632.121786
stages: 178.000000
Real Env evaluation return: -272.492555
Virt Env evaluation return: -1112.503683
stages: 179.000000
Real Env evaluation return: -399.708606
Virt Env evaluation return: -2120.766203
stages: 180.000000
Real Env evaluation return: -666.735855
Virt Env evaluation return: -299.785055
stages: 181.000000
Real Env evaluation return: -720.960864
Virt Env evaluation return: -265630.475415
stages: 182.000000
Real Env evaluation return: -676.069894
Virt Env evaluation return: -5598.965348
stages: 183.000000
Real Env evaluation return: -374.870565
Virt Env evaluation return: -1019.863363
stages: 184.000000
Real Env evaluation return: -948.576557
Virt Env evaluation return: -4268.749238
stages: 185.000000
Real Env evaluation return: -127.878389
Virt Env evaluation return: -169188.422011
stages: 186.000000
Real Env evaluation return: -570.683478
Virt Env evaluation return: -1717.220688
stages: 187.000000
Real Env evaluation return: -584.116555
Virt Env evaluation return: -2052559.568182
stages: 188.000000
Real Env evaluation return: -120.203117
Virt Env evaluation return: -1461.896459
stages: 189.000000
Real Env evaluation return: -1021.450141
Virt Env evaluation return: -64.668278
stages: 190.000000
Real Env evaluation return: -823.703867
Virt Env evaluation return: -581.756295
stages: 191.000000
Real Env evaluation return: -915.849857
Virt Env evaluation return: -534.786228
stages: 192.000000
Real Env evaluation return: -855.885835
Virt Env evaluation return: 1662.379940
stages: 193.000000
Real Env evaluation return: -833.749874
Virt Env evaluation return: -1134.239106
stages: 194.000000
Real Env evaluation return: -749.151013
Virt Env evaluation return: -2277.520078
stages: 195.000000
Real Env evaluation return: -971.770529
Virt Env evaluation return: -29081.278855
stages: 196.000000
Real Env evaluation return: -404.547594
Virt Env evaluation return: -1048.209485
stages: 197.000000
Real Env evaluation return: -990.769382
Virt Env evaluation return: -752518.437710
stages: 198.000000
Real Env evaluation return: -648.927205
Virt Env evaluation return: -945.869552
stages: 199.000000
Real Env evaluation return: -405.601414
Virt Env evaluation return: 71.255458
stages: 200.000000
Real Env evaluation return: -836.952179
Virt Env evaluation return: -1226.505254
stages: 201.000000
Real Env evaluation return: -908.483080
Virt Env evaluation return: -2123.066610
stages: 202.000000
Real Env evaluation return: -787.096899
Virt Env evaluation return: -84599.704749
stages: 203.000000
Real Env evaluation return: -795.421912
Virt Env evaluation return: -459.034228
stages: 204.000000
Real Env evaluation return: -845.497387
Virt Env evaluation return: -130548.047257
stages: 205.000000
Real Env evaluation return: -1055.806289
Virt Env evaluation return: -919.186499
stages: 206.000000
Real Env evaluation return: -587.981151
Virt Env evaluation return: -5729.595487
stages: 207.000000
Real Env evaluation return: -657.478520
Virt Env evaluation return: -814166.417597
stages: 208.000000
Real Env evaluation return: -433.296166
Virt Env evaluation return: -1178.943758
stages: 209.000000
Real Env evaluation return: -973.882999
Virt Env evaluation return: -1709.841711
stages: 210.000000
Real Env evaluation return: -312.025784
Virt Env evaluation return: -400.741912
stages: 211.000000
Real Env evaluation return: -928.878080
Virt Env evaluation return: 621.466640
stages: 212.000000
Real Env evaluation return: -834.351526
Virt Env evaluation return: -956.676819
stages: 213.000000
Real Env evaluation return: -736.663213
Virt Env evaluation return: 458.271142
stages: 214.000000
Real Env evaluation return: -630.099075
Virt Env evaluation return: -114351.273314
stages: 215.000000
Real Env evaluation return: -973.865347
Virt Env evaluation return: -21906.519092
stages: 216.000000
Real Env evaluation return: -52.413842
Virt Env evaluation return: -759.913836
stages: 217.000000
Real Env evaluation return: -496.830179
Virt Env evaluation return: -1559.953541
stages: 218.000000
Real Env evaluation return: -352.070050
Virt Env evaluation return: -2430.662082
stages: 219.000000
Real Env evaluation return: -723.823892
Virt Env evaluation return: -333165.665538
stages: 220.000000
Real Env evaluation return: -650.132760
Virt Env evaluation return: -1961.723444
stages: 221.000000
Real Env evaluation return: -442.416263
Virt Env evaluation return: -892.259715
stages: 222.000000
Real Env evaluation return: -746.514922
Virt Env evaluation return: -350345.166488
stages: 223.000000
Real Env evaluation return: -172.891637
Virt Env evaluation return: -48904.212644
stages: 224.000000
Real Env evaluation return: -11.905156
Virt Env evaluation return: -1806.021840
stages: 225.000000
Real Env evaluation return: -165.872047
Virt Env evaluation return: -2998.567388
stages: 226.000000
Real Env evaluation return: -274.285535
Virt Env evaluation return: -405.642543
stages: 227.000000
Real Env evaluation return: -135.919341
Virt Env evaluation return: -1083.790467
stages: 228.000000
Real Env evaluation return: -554.428437
Virt Env evaluation return: -448261.031885
stages: 229.000000
Real Env evaluation return: -366.541983
Virt Env evaluation return: -171246.727014
stages: 230.000000
Real Env evaluation return: -581.992515
Virt Env evaluation return: -34337.782154
stages: 231.000000
Real Env evaluation return: -573.755436
Virt Env evaluation return: -450.398133
stages: 232.000000
Real Env evaluation return: -826.782500
Virt Env evaluation return: -593.820117
stages: 233.000000
Real Env evaluation return: -592.820038
Virt Env evaluation return: -875.205632
stages: 234.000000
Real Env evaluation return: -545.079529
Virt Env evaluation return: -29.213583
stages: 235.000000
Real Env evaluation return: -639.890169
Virt Env evaluation return: -419479.613588
stages: 236.000000
Real Env evaluation return: -423.589142
Virt Env evaluation return: -25272.759059
stages: 237.000000
Real Env evaluation return: -485.198132
Virt Env evaluation return: -1723.424458
stages: 238.000000
Real Env evaluation return: -790.317022
Virt Env evaluation return: -800.198679
stages: 239.000000
Real Env evaluation return: -1085.447887
Virt Env evaluation return: -1858.387925
stages: 240.000000
Real Env evaluation return: -816.782520
Virt Env evaluation return: 2243.258926
stages: 241.000000
Real Env evaluation return: -624.483707
Virt Env evaluation return: -47748.816256
stages: 242.000000
Real Env evaluation return: -509.045227
Virt Env evaluation return: -979.198667
stages: 243.000000
Real Env evaluation return: -551.687223
Virt Env evaluation return: -1517.544559
stages: 244.000000
Real Env evaluation return: -594.894215
Virt Env evaluation return: -1552.175717
stages: 245.000000
Real Env evaluation return: -596.075830
Virt Env evaluation return: -1470.096922
stages: 246.000000
Real Env evaluation return: -620.072109
Virt Env evaluation return: -753.364024
stages: 247.000000
Real Env evaluation return: -352.372992
Virt Env evaluation return: 288.184842
stages: 248.000000
Real Env evaluation return: -78.205787
Virt Env evaluation return: -1516.017892
stages: 249.000000
Real Env evaluation return: -866.399910
Virt Env evaluation return: -1949.642712
stages: 250.000000
Real Env evaluation return: -684.776486
Virt Env evaluation return: -1322.221710
stages: 251.000000
Real Env evaluation return: -901.403282
Virt Env evaluation return: -1657.492680
stages: 252.000000
Real Env evaluation return: -768.835368
Virt Env evaluation return: -573.000324
stages: 253.000000
Real Env evaluation return: -746.188040
Virt Env evaluation return: -2515706.123888
stages: 254.000000
Real Env evaluation return: -760.483591
Virt Env evaluation return: -1936.225884
stages: 255.000000
Real Env evaluation return: -230.708239
Virt Env evaluation return: -1537.350601
stages: 256.000000
Real Env evaluation return: -661.974267
Virt Env evaluation return: -1118.718449
stages: 257.000000
Real Env evaluation return: -813.733278
Virt Env evaluation return: -457880.473966
stages: 258.000000
Real Env evaluation return: -699.305352
Virt Env evaluation return: -237192.642382
stages: 259.000000
Real Env evaluation return: -690.870553
Virt Env evaluation return: -721.378035
stages: 260.000000
Real Env evaluation return: -854.308799
Virt Env evaluation return: -49717.655555
stages: 261.000000
Real Env evaluation return: -710.202577
Virt Env evaluation return: -1080.382576
stages: 262.000000
Real Env evaluation return: -618.669580
Virt Env evaluation return: -862415.597407
stages: 263.000000
Real Env evaluation return: -1040.330964
Virt Env evaluation return: -1038.240181
stages: 264.000000
Real Env evaluation return: -791.469812
Virt Env evaluation return: -1159.525938
stages: 265.000000
Real Env evaluation return: -834.388551
Virt Env evaluation return: -676.759009
stages: 266.000000
Real Env evaluation return: -852.196981
Virt Env evaluation return: -587.112957
stages: 267.000000
Real Env evaluation return: -1070.396878
Virt Env evaluation return: -1662.532854
stages: 268.000000
Real Env evaluation return: -687.924561
Virt Env evaluation return: -160506.771258
stages: 269.000000
Real Env evaluation return: -712.491841
Virt Env evaluation return: -1761.872906
stages: 270.000000
Real Env evaluation return: -476.665528
Virt Env evaluation return: -546.535050
stages: 271.000000
Real Env evaluation return: -754.532625
Virt Env evaluation return: -326.748393
stages: 272.000000
Real Env evaluation return: -808.110008
Virt Env evaluation return: -1126.134813
stages: 273.000000
Real Env evaluation return: -666.316714
Virt Env evaluation return: -665.493633
stages: 274.000000
Real Env evaluation return: -1155.614353
Virt Env evaluation return: -1416.182659
stages: 275.000000
Real Env evaluation return: -668.711713
Virt Env evaluation return: 504.679231
stages: 276.000000
Real Env evaluation return: -931.331894
Virt Env evaluation return: -830.341720
stages: 277.000000
Real Env evaluation return: -779.445942
Virt Env evaluation return: -2159.465926
stages: 278.000000
Real Env evaluation return: -895.156984
Virt Env evaluation return: -157900.457260
stages: 279.000000
Real Env evaluation return: -855.711098
Virt Env evaluation return: -1861.974387
stages: 280.000000
Real Env evaluation return: -493.179943
Virt Env evaluation return: -1559.354661
stages: 281.000000
Real Env evaluation return: -659.430428
Virt Env evaluation return: -1616.441497
stages: 282.000000
Real Env evaluation return: -781.276787
Virt Env evaluation return: -2022.874009
stages: 283.000000
Real Env evaluation return: -629.100035
Virt Env evaluation return: -1841.642069
stages: 284.000000
Real Env evaluation return: -607.442616
Virt Env evaluation return: -224.943011
stages: 285.000000
Real Env evaluation return: -849.005970
Virt Env evaluation return: 141.979709
stages: 286.000000
Real Env evaluation return: -954.226450
Virt Env evaluation return: -131.915095
stages: 287.000000
Real Env evaluation return: -578.234324
Virt Env evaluation return: -598.650860
stages: 288.000000
Real Env evaluation return: -524.045044
Virt Env evaluation return: 147.687011
stages: 289.000000
Real Env evaluation return: -813.936453
Virt Env evaluation return: -743.876270
stages: 290.000000
Real Env evaluation return: -741.256525
Virt Env evaluation return: -279.677290
stages: 291.000000
Real Env evaluation return: -824.081446
Virt Env evaluation return: -1135.733411
stages: 292.000000
Real Env evaluation return: -740.420893
Virt Env evaluation return: -1159.030627
stages: 293.000000
Real Env evaluation return: -694.990729
Virt Env evaluation return: 231.710010
stages: 294.000000
Real Env evaluation return: -430.513279
Virt Env evaluation return: -1087.905295
stages: 295.000000
Real Env evaluation return: -1005.841262
Virt Env evaluation return: -1831.869065
stages: 296.000000
Real Env evaluation return: -1088.842232
Virt Env evaluation return: -1472.070207
stages: 297.000000
Real Env evaluation return: -1266.931768
Virt Env evaluation return: -1454.667437
stages: 298.000000
Real Env evaluation return: -932.901612
Virt Env evaluation return: 309.244480
stages: 299.000000
Real Env evaluation return: -1222.342066
Virt Env evaluation return: -944.012543
stages: 300.000000
Real Env evaluation return: -1293.405439
Virt Env evaluation return: -634.480725
stages: 301.000000
Real Env evaluation return: -795.562249
Virt Env evaluation return: -234.729866
stages: 302.000000
Real Env evaluation return: -640.966121
Virt Env evaluation return: -345.861879
stages: 303.000000
Real Env evaluation return: -1163.329084
Virt Env evaluation return: -973.390938
stages: 304.000000
Real Env evaluation return: -546.533897
Virt Env evaluation return: -1284.670072
stages: 305.000000
Real Env evaluation return: -923.004612
Virt Env evaluation return: -201.625400
stages: 306.000000
Real Env evaluation return: -962.723422
Virt Env evaluation return: -1154.883558
stages: 307.000000
Real Env evaluation return: -886.278116
Virt Env evaluation return: -404.884553
stages: 308.000000
Real Env evaluation return: -1168.475973
Virt Env evaluation return: -737.532245
stages: 309.000000
Real Env evaluation return: -946.270865
Virt Env evaluation return: -72.070872
stages: 310.000000
Real Env evaluation return: -366.363121
Virt Env evaluation return: -256662.858493
stages: 311.000000
Real Env evaluation return: -963.711918
Virt Env evaluation return: -695.846645
stages: 312.000000
Real Env evaluation return: -1054.185859
Virt Env evaluation return: -862.301293
stages: 313.000000
Real Env evaluation return: -973.051587
Virt Env evaluation return: 58.533443
stages: 314.000000
Real Env evaluation return: -338.538191
Virt Env evaluation return: -212.882733
stages: 315.000000
Real Env evaluation return: -751.162934
Virt Env evaluation return: -293.515055
stages: 316.000000
Real Env evaluation return: -330.150688
Virt Env evaluation return: -2462.887653
stages: 317.000000
Real Env evaluation return: -1210.325356
Virt Env evaluation return: -1016.673988
stages: 318.000000
Real Env evaluation return: -894.604712
Virt Env evaluation return: -326145.309736
stages: 319.000000
Real Env evaluation return: -995.188909
Virt Env evaluation return: 871.061021
stages: 320.000000
Real Env evaluation return: -512.928465
Virt Env evaluation return: -95619.779856
stages: 321.000000
Real Env evaluation return: -1183.534373
Virt Env evaluation return: -1038.524952
stages: 322.000000
Real Env evaluation return: -729.104037
Virt Env evaluation return: 454.513705
stages: 323.000000
Real Env evaluation return: -919.389768
Virt Env evaluation return: 421.532268
stages: 324.000000
Real Env evaluation return: -1369.221011
Virt Env evaluation return: -1649.955020
stages: 325.000000
Real Env evaluation return: -1210.810559
Virt Env evaluation return: -73358.679556
stages: 326.000000
Real Env evaluation return: -1026.468943
Virt Env evaluation return: 68.641511
stages: 327.000000
Real Env evaluation return: -476.441229
Virt Env evaluation return: 120.617035
stages: 328.000000
Real Env evaluation return: -1423.186045
Virt Env evaluation return: -269.741856
stages: 329.000000
Real Env evaluation return: -1443.868531
Virt Env evaluation return: -70316.505228
stages: 330.000000
Real Env evaluation return: -332.809581
Virt Env evaluation return: -1887.455944
stages: 331.000000
Real Env evaluation return: -891.554645
Virt Env evaluation return: -1444.463930
stages: 332.000000
Real Env evaluation return: -1719.003309
Virt Env evaluation return: -2315.493671
stages: 333.000000
Real Env evaluation return: -1091.907708
Virt Env evaluation return: -737.401486
stages: 334.000000
Real Env evaluation return: -1028.487821
Virt Env evaluation return: -1012.072433
stages: 335.000000
Real Env evaluation return: -769.818921
Virt Env evaluation return: -346.705336
stages: 336.000000
Real Env evaluation return: -316.286453
Virt Env evaluation return: -1076.424690
stages: 337.000000
Real Env evaluation return: -525.440589
Virt Env evaluation return: -237244.034522
stages: 338.000000
Real Env evaluation return: -1070.801893
Virt Env evaluation return: -1211.846132
stages: 339.000000
Real Env evaluation return: -900.223921
Virt Env evaluation return: -925.350791
stages: 340.000000
Real Env evaluation return: -702.124790
Virt Env evaluation return: -4726.510918
stages: 341.000000
Real Env evaluation return: -1038.904219
Virt Env evaluation return: -1285.682919
stages: 342.000000
Real Env evaluation return: -1090.950203
Virt Env evaluation return: -175.183482
stages: 343.000000
Real Env evaluation return: -1407.138296
Virt Env evaluation return: -2108.239196
stages: 344.000000
Real Env evaluation return: -1133.286562
Virt Env evaluation return: -473.810147
stages: 345.000000
Real Env evaluation return: -1021.435085
Virt Env evaluation return: -609.300281
stages: 346.000000
Real Env evaluation return: -936.713183
Virt Env evaluation return: -53444.566968
stages: 347.000000
Real Env evaluation return: -932.359401
Virt Env evaluation return: -416928.156607
stages: 348.000000
Real Env evaluation return: -1181.202601
Virt Env evaluation return: -1205.844742
stages: 349.000000
Real Env evaluation return: -742.179558
Virt Env evaluation return: -863.033264
stages: 350.000000
Real Env evaluation return: -816.539049
Virt Env evaluation return: 1193.420123
stages: 351.000000
Real Env evaluation return: -1328.338796
Virt Env evaluation return: -1503.412616
stages: 352.000000
Real Env evaluation return: -1250.651048
Virt Env evaluation return: -20745.618564
stages: 353.000000
Real Env evaluation return: -1081.632781
Virt Env evaluation return: -1437.531335
stages: 354.000000
Real Env evaluation return: -866.574069
Virt Env evaluation return: -753.457021
stages: 355.000000
Real Env evaluation return: -653.941976
Virt Env evaluation return: -95.033931
stages: 356.000000
Real Env evaluation return: -1152.937405
Virt Env evaluation return: -4068.175231
stages: 357.000000
Real Env evaluation return: -789.089373
Virt Env evaluation return: -67854.059858
stages: 358.000000
Real Env evaluation return: -922.955638
Virt Env evaluation return: -23.732512
stages: 359.000000
Real Env evaluation return: -836.817684
Virt Env evaluation return: -562.747215
stages: 360.000000
Real Env evaluation return: -567.073035
Virt Env evaluation return: -15318.631362
stages: 361.000000
Real Env evaluation return: -658.413069
Virt Env evaluation return: -1120.266820
stages: 362.000000
Real Env evaluation return: -851.301743
Virt Env evaluation return: -494.397427
stages: 363.000000
Real Env evaluation return: -791.424040
Virt Env evaluation return: -1541.249639
stages: 364.000000
Real Env evaluation return: -945.521368
Virt Env evaluation return: -1306.107568
stages: 365.000000
Real Env evaluation return: -1067.294923
Virt Env evaluation return: -1471.368807
stages: 366.000000
Real Env evaluation return: -663.416880
Virt Env evaluation return: -990.229065
stages: 367.000000
Real Env evaluation return: -785.635078
Virt Env evaluation return: -1387.034240
stages: 368.000000
Real Env evaluation return: -1148.126318
Virt Env evaluation return: -749.312122
stages: 369.000000
Real Env evaluation return: -1326.617421
Virt Env evaluation return: -828.031903
stages: 370.000000
Real Env evaluation return: -720.221712
Virt Env evaluation return: -1410.137431
stages: 371.000000
Real Env evaluation return: -939.048412
Virt Env evaluation return: -328.575744
stages: 372.000000
Real Env evaluation return: -772.167393
Virt Env evaluation return: -579.222950
stages: 373.000000
Real Env evaluation return: -682.504499
Virt Env evaluation return: -80.266359
stages: 374.000000
Real Env evaluation return: -1085.549003
Virt Env evaluation return: -250745.400007
stages: 375.000000
Real Env evaluation return: -849.513363
Virt Env evaluation return: -535.901830
stages: 376.000000
Real Env evaluation return: -850.773761
Virt Env evaluation return: -1932.428129
stages: 377.000000
Real Env evaluation return: -752.656965
Virt Env evaluation return: -1539.590561
stages: 378.000000
Real Env evaluation return: -526.290157
Virt Env evaluation return: -267.304606
stages: 379.000000
Real Env evaluation return: -1206.278702
Virt Env evaluation return: -5711.366924
stages: 380.000000
Real Env evaluation return: -1213.010606
Virt Env evaluation return: -725.567385
stages: 381.000000
Real Env evaluation return: -1231.593262
Virt Env evaluation return: -284585.056007
stages: 382.000000
Real Env evaluation return: -804.688468
Virt Env evaluation return: 581.161317
stages: 383.000000
Real Env evaluation return: -322.032979
Virt Env evaluation return: -198.229776
stages: 384.000000
Real Env evaluation return: -872.974560
Virt Env evaluation return: 111.474737
stages: 385.000000
Real Env evaluation return: -800.178200
Virt Env evaluation return: -1746.414089
stages: 386.000000
Real Env evaluation return: -1233.654039
Virt Env evaluation return: -9980.458585
stages: 387.000000
Real Env evaluation return: -918.573262
Virt Env evaluation return: -5594.155465
stages: 388.000000
Real Env evaluation return: -925.191569
Virt Env evaluation return: 450.098893
stages: 389.000000
Real Env evaluation return: -1481.632110
Virt Env evaluation return: -911.618569
stages: 390.000000
Real Env evaluation return: -979.647738
Virt Env evaluation return: -52.386584
stages: 391.000000
Real Env evaluation return: -1196.674508
Virt Env evaluation return: -902.250896
stages: 392.000000
Real Env evaluation return: -1389.906834
Virt Env evaluation return: -1141.187422
stages: 393.000000
Real Env evaluation return: -1494.751150
Virt Env evaluation return: 378.707184
stages: 394.000000
Real Env evaluation return: -986.299148
Virt Env evaluation return: 27.236780
stages: 395.000000
Real Env evaluation return: -1671.386901
Virt Env evaluation return: -2244.091534
stages: 396.000000
Real Env evaluation return: -1489.438654
Virt Env evaluation return: -1063.212046
