stages: 0.000000
Real Env evaluation return: -2502.437272
Virt Env evaluation return: 691.480041
stages: 1.000000
Real Env evaluation return: -3445.555775
Virt Env evaluation return: -73386.561747
stages: 2.000000
Real Env evaluation return: -3157.781885
Virt Env evaluation return: -379734.216385
stages: 3.000000
Real Env evaluation return: -1933.689122
Virt Env evaluation return: -116840.208911
stages: 4.000000
Real Env evaluation return: -2252.022399
Virt Env evaluation return: -29028.020646
stages: 5.000000
Real Env evaluation return: -2839.627682
Virt Env evaluation return: -1661.323611
stages: 6.000000
Real Env evaluation return: -881.145766
Virt Env evaluation return: -128031.174115
stages: 7.000000
Real Env evaluation return: -312.861767
Virt Env evaluation return: 851.450989
stages: 8.000000
Real Env evaluation return: -426.954300
Virt Env evaluation return: 1641.564834
stages: 9.000000
Real Env evaluation return: -581.270972
Virt Env evaluation return: 1458.762989
stages: 10.000000
Real Env evaluation return: -988.023078
Virt Env evaluation return: 1291.476458
stages: 11.000000
Real Env evaluation return: -873.871438
Virt Env evaluation return: 2728.825175
stages: 12.000000
Real Env evaluation return: -1172.167077
Virt Env evaluation return: 1300.503267
stages: 13.000000
Real Env evaluation return: -1051.652669
Virt Env evaluation return: 550.546583
stages: 14.000000
Real Env evaluation return: -33.931588
Virt Env evaluation return: 1135.717724
stages: 15.000000
Real Env evaluation return: -410.585196
Virt Env evaluation return: 1706.288949
stages: 16.000000
Real Env evaluation return: -571.244343
Virt Env evaluation return: 1073.300256
stages: 17.000000
Real Env evaluation return: -1346.623409
Virt Env evaluation return: 1199.033970
stages: 18.000000
Real Env evaluation return: -1075.349257
Virt Env evaluation return: 1543.066714
stages: 19.000000
Real Env evaluation return: -535.845606
Virt Env evaluation return: 1105.264887
stages: 20.000000
Real Env evaluation return: -2495.930949
Virt Env evaluation return: -246330.445631
stages: 21.000000
Real Env evaluation return: -2525.218839
Virt Env evaluation return: 2399.771849
stages: 22.000000
Real Env evaluation return: -327.173410
Virt Env evaluation return: 2686.833305
stages: 23.000000
Real Env evaluation return: -552.860457
Virt Env evaluation return: 3138.581987
stages: 24.000000
Real Env evaluation return: -878.685274
Virt Env evaluation return: 3397.486616
stages: 25.000000
Real Env evaluation return: -357.556580
Virt Env evaluation return: 141.317553
stages: 26.000000
Real Env evaluation return: 476.989507
Virt Env evaluation return: 2447.898820
stages: 27.000000
Real Env evaluation return: -233.148200
Virt Env evaluation return: 3036.291501
stages: 28.000000
Real Env evaluation return: -615.890868
Virt Env evaluation return: 3949.199834
stages: 29.000000
Real Env evaluation return: -1072.878330
Virt Env evaluation return: 3915.181313
stages: 30.000000
Real Env evaluation return: -478.479467
Virt Env evaluation return: 5454.249621
stages: 31.000000
Real Env evaluation return: -1833.737252
Virt Env evaluation return: 4795.453656
stages: 32.000000
Real Env evaluation return: -1667.291200
Virt Env evaluation return: 5082.246714
stages: 33.000000
Real Env evaluation return: 274.133529
Virt Env evaluation return: 5174.880648
stages: 34.000000
Real Env evaluation return: -518.662080
Virt Env evaluation return: 5263.679376
stages: 35.000000
Real Env evaluation return: -100.572834
Virt Env evaluation return: 5818.218327
stages: 36.000000
Real Env evaluation return: -1352.626755
Virt Env evaluation return: 7031.661254
stages: 37.000000
Real Env evaluation return: -1089.350728
Virt Env evaluation return: 6835.313688
stages: 38.000000
Real Env evaluation return: -330.235635
Virt Env evaluation return: 5664.460736
stages: 39.000000
Real Env evaluation return: -840.390962
Virt Env evaluation return: 7065.872855
stages: 40.000000
Real Env evaluation return: -1063.047973
Virt Env evaluation return: 6959.531995
stages: 41.000000
Real Env evaluation return: -1124.744570
Virt Env evaluation return: 6616.958314
stages: 42.000000
Real Env evaluation return: -1653.643579
Virt Env evaluation return: 6596.659409
stages: 43.000000
Real Env evaluation return: -1441.277935
Virt Env evaluation return: 6752.027010
stages: 44.000000
Real Env evaluation return: -1322.566304
Virt Env evaluation return: 5136.254332
stages: 45.000000
Real Env evaluation return: -1598.936774
Virt Env evaluation return: 6021.195440
stages: 46.000000
Real Env evaluation return: -1612.449113
Virt Env evaluation return: 6484.262562
stages: 47.000000
Real Env evaluation return: -1539.847042
Virt Env evaluation return: 449.349580
stages: 48.000000
Real Env evaluation return: -1319.214156
Virt Env evaluation return: 6620.305970
stages: 49.000000
Real Env evaluation return: -1480.354525
Virt Env evaluation return: 6091.352602
stages: 50.000000
Real Env evaluation return: -1546.695273
Virt Env evaluation return: 6640.946968
stages: 51.000000
Real Env evaluation return: -1525.909795
Virt Env evaluation return: 6086.469315
stages: 52.000000
Real Env evaluation return: -1633.913257
Virt Env evaluation return: 6940.421719
stages: 53.000000
Real Env evaluation return: -1177.663365
Virt Env evaluation return: 6104.650651
stages: 54.000000
Real Env evaluation return: -881.027109
Virt Env evaluation return: 6064.791216
stages: 55.000000
Real Env evaluation return: -1209.490383
Virt Env evaluation return: 7392.161939
stages: 56.000000
Real Env evaluation return: -1586.250732
Virt Env evaluation return: 6121.397649
stages: 57.000000
Real Env evaluation return: -1471.378425
Virt Env evaluation return: 6835.435098
stages: 58.000000
Real Env evaluation return: -1632.209895
Virt Env evaluation return: 7585.006133
stages: 59.000000
Real Env evaluation return: -1529.716300
Virt Env evaluation return: 7441.941306
stages: 60.000000
Real Env evaluation return: -1439.613559
Virt Env evaluation return: 7981.460224
stages: 61.000000
Real Env evaluation return: -1615.378433
Virt Env evaluation return: 7455.273074
stages: 62.000000
Real Env evaluation return: -1295.667000
Virt Env evaluation return: 1232.894063
stages: 63.000000
Real Env evaluation return: -1351.022743
Virt Env evaluation return: 1050.509342
stages: 64.000000
Real Env evaluation return: -1318.703081
Virt Env evaluation return: 7523.763889
stages: 65.000000
Real Env evaluation return: -1421.525393
Virt Env evaluation return: 8279.823103
stages: 66.000000
Real Env evaluation return: -1334.244767
Virt Env evaluation return: 4545.093956
stages: 67.000000
Real Env evaluation return: -1493.994886
Virt Env evaluation return: 6045.077517
stages: 68.000000
Real Env evaluation return: -1195.777903
Virt Env evaluation return: 6466.052561
stages: 69.000000
Real Env evaluation return: -1673.654645
Virt Env evaluation return: 6600.501682
stages: 70.000000
Real Env evaluation return: -1508.828096
Virt Env evaluation return: 7100.419506
stages: 71.000000
Real Env evaluation return: -1649.092141
Virt Env evaluation return: -156572.699459
stages: 72.000000
Real Env evaluation return: -1521.701313
Virt Env evaluation return: 9177.140966
stages: 73.000000
Real Env evaluation return: -1580.606965
Virt Env evaluation return: 7909.348832
stages: 74.000000
Real Env evaluation return: -1528.657485
Virt Env evaluation return: -518.374329
stages: 75.000000
Real Env evaluation return: -1456.816624
Virt Env evaluation return: 8042.330946
stages: 76.000000
Real Env evaluation return: -1686.706375
Virt Env evaluation return: 7309.451648
stages: 77.000000
Real Env evaluation return: -1655.252069
Virt Env evaluation return: 1693.119933
stages: 78.000000
Real Env evaluation return: -1675.300399
Virt Env evaluation return: 6717.649138
stages: 79.000000
Real Env evaluation return: -1714.869840
Virt Env evaluation return: 665.409356
stages: 80.000000
Real Env evaluation return: -1675.080358
Virt Env evaluation return: -1712.742572
stages: 81.000000
Real Env evaluation return: -1551.495678
Virt Env evaluation return: 8257.819765
stages: 82.000000
Real Env evaluation return: -1545.903921
Virt Env evaluation return: 9248.659422
stages: 83.000000
Real Env evaluation return: -1578.053449
Virt Env evaluation return: 1948.009064
stages: 84.000000
Real Env evaluation return: -1673.956440
Virt Env evaluation return: 1826.220857
stages: 85.000000
Real Env evaluation return: -1584.855277
Virt Env evaluation return: -1066.562277
stages: 86.000000
Real Env evaluation return: -1637.292568
Virt Env evaluation return: -79.819259
stages: 87.000000
Real Env evaluation return: -1597.711219
Virt Env evaluation return: 6947.034022
stages: 88.000000
Real Env evaluation return: -1588.503399
Virt Env evaluation return: 5819.493278
stages: 89.000000
Real Env evaluation return: -1590.179052
Virt Env evaluation return: 3673.628695
stages: 90.000000
Real Env evaluation return: -1501.742132
Virt Env evaluation return: -122360.112391
stages: 91.000000
Real Env evaluation return: -1445.275238
Virt Env evaluation return: -4105.275694
stages: 92.000000
Real Env evaluation return: -1475.745752
Virt Env evaluation return: 7649.286704
stages: 93.000000
Real Env evaluation return: -1542.781538
Virt Env evaluation return: 2717.093772
stages: 94.000000
Real Env evaluation return: -1529.569555
Virt Env evaluation return: 2428.749559
stages: 95.000000
Real Env evaluation return: -1589.508231
Virt Env evaluation return: 316.802207
stages: 96.000000
Real Env evaluation return: -1645.846142
Virt Env evaluation return: 3384.841704
stages: 97.000000
Real Env evaluation return: -1608.711821
Virt Env evaluation return: -1244.303568
stages: 98.000000
Real Env evaluation return: -1524.896453
Virt Env evaluation return: 3445.946598
stages: 99.000000
Real Env evaluation return: -1446.148549
Virt Env evaluation return: 35.665470
stages: 100.000000
Real Env evaluation return: -1152.071683
Virt Env evaluation return: 3569.259962
stages: 101.000000
Real Env evaluation return: -1024.868835
Virt Env evaluation return: 1545.280138
stages: 102.000000
Real Env evaluation return: -1018.957734
Virt Env evaluation return: -630.841461
stages: 103.000000
Real Env evaluation return: -980.906569
Virt Env evaluation return: 3229.313496
stages: 104.000000
Real Env evaluation return: -1113.197009
Virt Env evaluation return: -869.292177
stages: 105.000000
Real Env evaluation return: -1038.720547
Virt Env evaluation return: -379.833393
stages: 106.000000
Real Env evaluation return: -900.663490
Virt Env evaluation return: -1940644.732608
stages: 107.000000
Real Env evaluation return: -866.913109
Virt Env evaluation return: -830.480036
stages: 108.000000
Real Env evaluation return: -815.321734
Virt Env evaluation return: 208.523367
stages: 109.000000
Real Env evaluation return: -744.929639
Virt Env evaluation return: -693.622563
stages: 110.000000
Real Env evaluation return: -666.316355
Virt Env evaluation return: 177.087282
stages: 111.000000
Real Env evaluation return: -712.433592
Virt Env evaluation return: 1628.182902
stages: 112.000000
Real Env evaluation return: -751.659017
Virt Env evaluation return: 380.482883
stages: 113.000000
Real Env evaluation return: -754.124529
Virt Env evaluation return: 1689.340029
stages: 114.000000
Real Env evaluation return: -756.827311
Virt Env evaluation return: 1493.827969
