stages: 0.000000
Real Env evaluation return: -2669.334736
Virt Env evaluation return: 692.046868
stages: 1.000000
Real Env evaluation return: -2606.037582
Virt Env evaluation return: -17754.165019
stages: 2.000000
Real Env evaluation return: -2706.648542
Virt Env evaluation return: -149364.583704
stages: 3.000000
Real Env evaluation return: -3294.067335
Virt Env evaluation return: -1299157.471037
stages: 4.000000
Real Env evaluation return: -3191.774622
Virt Env evaluation return: -651223.873681
stages: 5.000000
Real Env evaluation return: -3058.430998
Virt Env evaluation return: -23486.017692
stages: 6.000000
Real Env evaluation return: -2208.805776
Virt Env evaluation return: -978410.536188
stages: 7.000000
Real Env evaluation return: -2334.191797
Virt Env evaluation return: -280304.213374
stages: 8.000000
Real Env evaluation return: -2492.981123
Virt Env evaluation return: 2200.035303
stages: 9.000000
Real Env evaluation return: -1071.321958
Virt Env evaluation return: -963.482974
stages: 10.000000
Real Env evaluation return: -751.457648
Virt Env evaluation return: 2765.852829
stages: 11.000000
Real Env evaluation return: -483.237065
Virt Env evaluation return: 2351.825828
stages: 12.000000
Real Env evaluation return: -825.471226
Virt Env evaluation return: 2891.269216
stages: 13.000000
Real Env evaluation return: -1178.400144
Virt Env evaluation return: 1981.900915
stages: 14.000000
Real Env evaluation return: -1235.801630
Virt Env evaluation return: 3222.256006
stages: 15.000000
Real Env evaluation return: -904.066163
Virt Env evaluation return: 2662.238401
stages: 16.000000
Real Env evaluation return: -917.177169
Virt Env evaluation return: 1740.169477
stages: 17.000000
Real Env evaluation return: -1149.661455
Virt Env evaluation return: 1567.711768
stages: 18.000000
Real Env evaluation return: -1037.668576
Virt Env evaluation return: 413.922741
stages: 19.000000
Real Env evaluation return: -1393.599356
Virt Env evaluation return: -19.506276
stages: 20.000000
Real Env evaluation return: -825.775643
Virt Env evaluation return: 1517.182047
stages: 21.000000
Real Env evaluation return: -1352.374960
Virt Env evaluation return: 861.414953
stages: 22.000000
Real Env evaluation return: -1146.711436
Virt Env evaluation return: -24.427644
stages: 23.000000
Real Env evaluation return: -808.947495
Virt Env evaluation return: -387.256044
stages: 24.000000
Real Env evaluation return: -1201.794020
Virt Env evaluation return: -1463.569120
stages: 25.000000
Real Env evaluation return: -1576.475047
Virt Env evaluation return: -1075.829813
stages: 26.000000
Real Env evaluation return: -1051.116844
Virt Env evaluation return: -99.022475
stages: 27.000000
Real Env evaluation return: -745.050714
Virt Env evaluation return: 818.041055
stages: 28.000000
Real Env evaluation return: -83.765780
Virt Env evaluation return: 124.709364
stages: 29.000000
Real Env evaluation return: 268.182591
Virt Env evaluation return: -598.386469
stages: 30.000000
Real Env evaluation return: -352.663081
Virt Env evaluation return: -1887.750733
stages: 31.000000
Real Env evaluation return: 81.574283
Virt Env evaluation return: -346.223337
stages: 32.000000
Real Env evaluation return: 47.023796
Virt Env evaluation return: -517.698015
stages: 33.000000
Real Env evaluation return: 165.509059
Virt Env evaluation return: 2023.590775
stages: 34.000000
Real Env evaluation return: 1194.474514
Virt Env evaluation return: 3079.482786
stages: 35.000000
Real Env evaluation return: -1005.597807
Virt Env evaluation return: 2490.151868
stages: 36.000000
Real Env evaluation return: -589.092581
Virt Env evaluation return: 2506.395914
stages: 37.000000
Real Env evaluation return: 675.548353
Virt Env evaluation return: -4311.572940
stages: 38.000000
Real Env evaluation return: 394.907209
Virt Env evaluation return: -16495.163690
stages: 39.000000
Real Env evaluation return: -1522.921783
Virt Env evaluation return: 1145.976706
stages: 40.000000
Real Env evaluation return: 373.086529
Virt Env evaluation return: -94.265014
stages: 41.000000
Real Env evaluation return: 191.636340
Virt Env evaluation return: 2493.362279
stages: 42.000000
Real Env evaluation return: -362.132681
Virt Env evaluation return: 671.309667
stages: 43.000000
Real Env evaluation return: -100.993286
Virt Env evaluation return: 2917.790336
stages: 44.000000
Real Env evaluation return: 63.050012
Virt Env evaluation return: -252.519678
stages: 45.000000
Real Env evaluation return: 242.479305
Virt Env evaluation return: 2411.139301
stages: 46.000000
Real Env evaluation return: -71.552859
Virt Env evaluation return: 3357.107405
stages: 47.000000
Real Env evaluation return: 646.938648
Virt Env evaluation return: 1917.812837
stages: 48.000000
Real Env evaluation return: -358.465655
Virt Env evaluation return: 1105.141477
stages: 49.000000
Real Env evaluation return: -90.846963
Virt Env evaluation return: 2268.451712
stages: 50.000000
Real Env evaluation return: -670.513541
Virt Env evaluation return: 2509.549113
stages: 51.000000
Real Env evaluation return: -932.929408
Virt Env evaluation return: 3319.895015
stages: 52.000000
Real Env evaluation return: -1045.836730
Virt Env evaluation return: 2760.019343
stages: 53.000000
Real Env evaluation return: -318.508501
Virt Env evaluation return: 3674.560357
stages: 54.000000
Real Env evaluation return: -872.398910
Virt Env evaluation return: 1498.567768
stages: 55.000000
Real Env evaluation return: -554.669731
Virt Env evaluation return: 2289.392252
stages: 56.000000
Real Env evaluation return: 626.334955
Virt Env evaluation return: 1699.152801
stages: 57.000000
Real Env evaluation return: -249.822992
Virt Env evaluation return: 3132.840390
stages: 58.000000
Real Env evaluation return: -235.514338
Virt Env evaluation return: 3132.547149
stages: 59.000000
Real Env evaluation return: 229.051883
Virt Env evaluation return: 2770.671814
stages: 60.000000
Real Env evaluation return: -296.765384
Virt Env evaluation return: 2726.512650
stages: 61.000000
Real Env evaluation return: -222.939964
Virt Env evaluation return: 2442.254139
stages: 62.000000
Real Env evaluation return: -14.295372
Virt Env evaluation return: 843.465802
stages: 63.000000
Real Env evaluation return: -704.809691
Virt Env evaluation return: 894.518645
stages: 64.000000
Real Env evaluation return: -23.245444
Virt Env evaluation return: 2281.830693
stages: 65.000000
Real Env evaluation return: -38.302897
Virt Env evaluation return: 2688.754258
stages: 66.000000
Real Env evaluation return: -396.560194
Virt Env evaluation return: 1713.496185
stages: 67.000000
Real Env evaluation return: 358.013546
Virt Env evaluation return: 2943.838278
stages: 68.000000
Real Env evaluation return: 260.047231
Virt Env evaluation return: 3025.271423
stages: 69.000000
Real Env evaluation return: -42.937741
Virt Env evaluation return: 1604.842209
stages: 70.000000
Real Env evaluation return: 354.944704
Virt Env evaluation return: 1042.862110
stages: 71.000000
Real Env evaluation return: 196.300802
Virt Env evaluation return: 2176.209545
stages: 72.000000
Real Env evaluation return: -47.725277
Virt Env evaluation return: 1613.427655
stages: 73.000000
Real Env evaluation return: 626.093706
Virt Env evaluation return: -595.281243
stages: 74.000000
Real Env evaluation return: 181.598729
Virt Env evaluation return: 2547.525151
stages: 75.000000
Real Env evaluation return: -199.972847
Virt Env evaluation return: -938.605394
stages: 76.000000
Real Env evaluation return: -1134.034498
Virt Env evaluation return: 1272.161105
stages: 77.000000
Real Env evaluation return: -461.304261
Virt Env evaluation return: 1446.565887
stages: 78.000000
Real Env evaluation return: 792.875969
Virt Env evaluation return: 1776.280723
stages: 79.000000
Real Env evaluation return: 508.638047
Virt Env evaluation return: 1125.527151
stages: 80.000000
Real Env evaluation return: 530.344629
Virt Env evaluation return: 2105.015364
stages: 81.000000
Real Env evaluation return: 182.266951
Virt Env evaluation return: 1654.037512
stages: 82.000000
Real Env evaluation return: 641.539329
Virt Env evaluation return: 1781.482906
stages: 83.000000
Real Env evaluation return: 378.760992
Virt Env evaluation return: -188769.803894
stages: 84.000000
Real Env evaluation return: 466.728995
Virt Env evaluation return: 1974.425859
stages: 85.000000
Real Env evaluation return: -153.762631
Virt Env evaluation return: -149294.311822
stages: 86.000000
Real Env evaluation return: -925.818008
Virt Env evaluation return: 2896.575572
stages: 87.000000
Real Env evaluation return: -1106.716183
Virt Env evaluation return: 1410.449545
stages: 88.000000
Real Env evaluation return: -687.886502
Virt Env evaluation return: 1066.782105
stages: 89.000000
Real Env evaluation return: -637.924244
Virt Env evaluation return: 2942.324380
stages: 90.000000
Real Env evaluation return: 47.707163
Virt Env evaluation return: -46226.822695
stages: 91.000000
Real Env evaluation return: 248.171508
Virt Env evaluation return: -39480.956265
stages: 92.000000
Real Env evaluation return: 138.495253
Virt Env evaluation return: 1733.461133
stages: 93.000000
Real Env evaluation return: -182.900095
Virt Env evaluation return: -47433.202582
stages: 94.000000
Real Env evaluation return: -185.750670
Virt Env evaluation return: 1857.074953
stages: 95.000000
Real Env evaluation return: 759.778478
Virt Env evaluation return: 2443.292886
stages: 96.000000
Real Env evaluation return: 354.516524
Virt Env evaluation return: 129.326351
stages: 97.000000
Real Env evaluation return: 910.030254
Virt Env evaluation return: -99791.402552
stages: 98.000000
Real Env evaluation return: 635.626229
Virt Env evaluation return: 1854.409686
stages: 99.000000
Real Env evaluation return: 168.529931
Virt Env evaluation return: -14581.789655
stages: 100.000000
Real Env evaluation return: 287.543312
Virt Env evaluation return: 2381.832542
stages: 101.000000
Real Env evaluation return: 672.876403
Virt Env evaluation return: 1868.069605
stages: 102.000000
Real Env evaluation return: 681.021158
Virt Env evaluation return: -19214.305198
stages: 103.000000
Real Env evaluation return: 683.300888
Virt Env evaluation return: 1271.206496
stages: 104.000000
Real Env evaluation return: 672.061818
Virt Env evaluation return: 2254.253032
stages: 105.000000
Real Env evaluation return: -351.778561
Virt Env evaluation return: 2452.160127
stages: 106.000000
Real Env evaluation return: 55.225067
Virt Env evaluation return: 2722.808782
stages: 107.000000
Real Env evaluation return: -16.428404
Virt Env evaluation return: 507.020146
stages: 108.000000
Real Env evaluation return: 518.020705
Virt Env evaluation return: 2595.435190
stages: 109.000000
Real Env evaluation return: 703.486693
Virt Env evaluation return: -9889.653434
stages: 110.000000
Real Env evaluation return: 231.036296
Virt Env evaluation return: 1741.283099
stages: 111.000000
Real Env evaluation return: 196.248329
Virt Env evaluation return: -18615.484271
stages: 112.000000
Real Env evaluation return: 393.478324
Virt Env evaluation return: 8.315363
stages: 113.000000
Real Env evaluation return: 103.665475
Virt Env evaluation return: 2993.566827
stages: 114.000000
Real Env evaluation return: -77.102012
Virt Env evaluation return: 3022.136176
stages: 115.000000
Real Env evaluation return: -136.522553
Virt Env evaluation return: 2609.428727
stages: 116.000000
Real Env evaluation return: -525.560953
Virt Env evaluation return: 2224.710682
stages: 117.000000
Real Env evaluation return: -424.816715
Virt Env evaluation return: 2972.838929
stages: 118.000000
Real Env evaluation return: -778.291651
Virt Env evaluation return: 2117.107727
stages: 119.000000
Real Env evaluation return: -274.001137
Virt Env evaluation return: -702.181899
stages: 120.000000
Real Env evaluation return: -170.009402
Virt Env evaluation return: 2247.891347
