stages: 0.000000
Real Env evaluation return: -2502.846228
Virt Env evaluation return: 690.765075
stages: 1.000000
Real Env evaluation return: -3208.526841
Virt Env evaluation return: -2157161.626945
stages: 2.000000
Real Env evaluation return: -2977.831060
Virt Env evaluation return: -478682.612759
stages: 3.000000
Real Env evaluation return: -3193.656639
Virt Env evaluation return: -230195.225852
stages: 4.000000
Real Env evaluation return: -2721.429631
Virt Env evaluation return: -54639.042080
stages: 5.000000
Real Env evaluation return: -3132.670301
Virt Env evaluation return: -125514.913154
stages: 6.000000
Real Env evaluation return: -2685.093600
Virt Env evaluation return: 3436.788514
stages: 7.000000
Real Env evaluation return: -3449.542467
Virt Env evaluation return: -654666.340696
stages: 8.000000
Real Env evaluation return: -2571.796663
Virt Env evaluation return: 275.014606
stages: 9.000000
Real Env evaluation return: -1955.673514
Virt Env evaluation return: 2392.412260
stages: 10.000000
Real Env evaluation return: -1424.961242
Virt Env evaluation return: 226.039127
stages: 11.000000
Real Env evaluation return: -986.474009
Virt Env evaluation return: 2186.389250
stages: 12.000000
Real Env evaluation return: -1407.917937
Virt Env evaluation return: -506.626444
stages: 13.000000
Real Env evaluation return: -1632.716586
Virt Env evaluation return: 1240.589792
stages: 14.000000
Real Env evaluation return: -1340.693400
Virt Env evaluation return: -857.839592
stages: 15.000000
Real Env evaluation return: -872.357143
Virt Env evaluation return: 3121.773543
stages: 16.000000
Real Env evaluation return: -1057.867726
Virt Env evaluation return: -1140.274500
stages: 17.000000
Real Env evaluation return: -1749.646436
Virt Env evaluation return: 3885.661670
stages: 18.000000
Real Env evaluation return: -1020.901786
Virt Env evaluation return: 1432.683637
stages: 19.000000
Real Env evaluation return: -1201.739587
Virt Env evaluation return: -156.840570
stages: 20.000000
Real Env evaluation return: -1476.363058
Virt Env evaluation return: 2846.249129
stages: 21.000000
Real Env evaluation return: -902.832594
Virt Env evaluation return: 4784.727707
stages: 22.000000
Real Env evaluation return: -1731.240987
Virt Env evaluation return: 4437.719954
stages: 23.000000
Real Env evaluation return: -1260.750231
Virt Env evaluation return: 4976.675649
stages: 24.000000
Real Env evaluation return: -988.887467
Virt Env evaluation return: 5673.784922
stages: 25.000000
Real Env evaluation return: -672.152677
Virt Env evaluation return: 6794.702868
stages: 26.000000
Real Env evaluation return: -800.796472
Virt Env evaluation return: 983.855647
stages: 27.000000
Real Env evaluation return: -1055.232703
Virt Env evaluation return: 3380.598334
stages: 28.000000
Real Env evaluation return: -652.348775
Virt Env evaluation return: 518.677495
stages: 29.000000
Real Env evaluation return: -76.697417
Virt Env evaluation return: 2749.434442
stages: 30.000000
Real Env evaluation return: -418.516798
Virt Env evaluation return: 3859.697134
stages: 31.000000
Real Env evaluation return: 5.188986
Virt Env evaluation return: 3671.915809
stages: 32.000000
Real Env evaluation return: 225.389070
Virt Env evaluation return: 580.854329
stages: 33.000000
Real Env evaluation return: 575.463213
Virt Env evaluation return: 1747.999214
stages: 34.000000
Real Env evaluation return: 112.778474
Virt Env evaluation return: 3735.765601
stages: 35.000000
Real Env evaluation return: 643.467177
Virt Env evaluation return: 70.812777
stages: 36.000000
Real Env evaluation return: 313.446291
Virt Env evaluation return: 1308.490651
stages: 37.000000
Real Env evaluation return: 74.809989
Virt Env evaluation return: 935.928525
stages: 38.000000
Real Env evaluation return: 213.612434
Virt Env evaluation return: -1271.138755
stages: 39.000000
Real Env evaluation return: 437.354299
Virt Env evaluation return: 2173.322720
stages: 40.000000
Real Env evaluation return: 265.145839
Virt Env evaluation return: 656.448822
stages: 41.000000
Real Env evaluation return: -907.992388
Virt Env evaluation return: 625.587841
stages: 42.000000
Real Env evaluation return: -1724.700605
Virt Env evaluation return: -160.634612
stages: 43.000000
Real Env evaluation return: -2087.880959
Virt Env evaluation return: 2555.504631
stages: 44.000000
Real Env evaluation return: 807.862504
Virt Env evaluation return: 1084.701430
stages: 45.000000
Real Env evaluation return: -1189.687514
Virt Env evaluation return: 1529.454194
stages: 46.000000
Real Env evaluation return: 795.619500
Virt Env evaluation return: 1267.274718
stages: 47.000000
Real Env evaluation return: 677.647118
Virt Env evaluation return: 2619.076456
stages: 48.000000
Real Env evaluation return: 621.718056
Virt Env evaluation return: 1567.380301
stages: 49.000000
Real Env evaluation return: 724.517761
Virt Env evaluation return: 1469.756905
stages: 50.000000
Real Env evaluation return: 670.677968
Virt Env evaluation return: 2124.123998
stages: 51.000000
Real Env evaluation return: 536.387168
Virt Env evaluation return: 4046.965945
stages: 52.000000
Real Env evaluation return: 603.118144
Virt Env evaluation return: 4273.393437
stages: 53.000000
Real Env evaluation return: 540.796357
Virt Env evaluation return: -365.588962
stages: 54.000000
Real Env evaluation return: 501.513423
Virt Env evaluation return: 2129.424971
stages: 55.000000
Real Env evaluation return: 904.393846
Virt Env evaluation return: 547.331540
stages: 56.000000
Real Env evaluation return: 472.862926
Virt Env evaluation return: 1190.551880
stages: 57.000000
Real Env evaluation return: 224.347514
Virt Env evaluation return: 2308.188219
stages: 58.000000
Real Env evaluation return: 846.056907
Virt Env evaluation return: 2304.743709
stages: 59.000000
Real Env evaluation return: 735.647201
Virt Env evaluation return: 3574.274498
stages: 60.000000
Real Env evaluation return: 518.359350
Virt Env evaluation return: 3513.046996
stages: 61.000000
Real Env evaluation return: 298.974839
Virt Env evaluation return: 2360.737030
stages: 62.000000
Real Env evaluation return: 522.686321
Virt Env evaluation return: 3148.627663
stages: 63.000000
Real Env evaluation return: 783.713803
Virt Env evaluation return: 2560.579904
stages: 64.000000
Real Env evaluation return: 138.114512
Virt Env evaluation return: 2550.659728
stages: 65.000000
Real Env evaluation return: 259.965993
Virt Env evaluation return: 3111.003614
stages: 66.000000
Real Env evaluation return: 572.999102
Virt Env evaluation return: 3575.417249
stages: 67.000000
Real Env evaluation return: 538.338503
Virt Env evaluation return: 3997.724479
stages: 68.000000
Real Env evaluation return: -591.126892
Virt Env evaluation return: 3837.341779
stages: 69.000000
Real Env evaluation return: -1313.264949
Virt Env evaluation return: -99968.768501
stages: 70.000000
Real Env evaluation return: -1675.378633
Virt Env evaluation return: -1327.544087
stages: 71.000000
Real Env evaluation return: -1951.447198
Virt Env evaluation return: -113.899615
stages: 72.000000
Real Env evaluation return: -1982.796720
Virt Env evaluation return: -253.443627
stages: 73.000000
Real Env evaluation return: -2129.125248
Virt Env evaluation return: 3517.578772
stages: 74.000000
Real Env evaluation return: -2129.936315
Virt Env evaluation return: 2423.497207
stages: 75.000000
Real Env evaluation return: -429.349167
Virt Env evaluation return: 2199.630732
stages: 76.000000
Real Env evaluation return: -1872.579182
Virt Env evaluation return: 2229.690778
stages: 77.000000
Real Env evaluation return: -547.681690
Virt Env evaluation return: 4134.710013
stages: 78.000000
Real Env evaluation return: -1173.652918
Virt Env evaluation return: 1430.143931
stages: 79.000000
Real Env evaluation return: -355.236653
Virt Env evaluation return: 2792.773650
stages: 80.000000
Real Env evaluation return: -1365.354775
Virt Env evaluation return: 3449.779150
stages: 81.000000
Real Env evaluation return: -712.096825
Virt Env evaluation return: 2464.761942
stages: 82.000000
Real Env evaluation return: -555.210274
Virt Env evaluation return: -2588.624581
stages: 83.000000
Real Env evaluation return: 71.228120
Virt Env evaluation return: -300984.314260
stages: 84.000000
Real Env evaluation return: -174.386042
Virt Env evaluation return: 2121.918154
stages: 85.000000
Real Env evaluation return: 38.579229
Virt Env evaluation return: -720033.147277
stages: 86.000000
Real Env evaluation return: 230.674879
Virt Env evaluation return: -786181.636859
stages: 87.000000
Real Env evaluation return: -232.503357
Virt Env evaluation return: -1772351.364272
stages: 88.000000
Real Env evaluation return: -47.537818
Virt Env evaluation return: -2225.378261
stages: 89.000000
Real Env evaluation return: 492.466160
Virt Env evaluation return: -844.231986
stages: 90.000000
Real Env evaluation return: 268.949596
Virt Env evaluation return: 2136.280327
stages: 91.000000
Real Env evaluation return: 191.792509
Virt Env evaluation return: 2645.219670
stages: 92.000000
Real Env evaluation return: 317.231685
Virt Env evaluation return: -664286.421714
stages: 93.000000
Real Env evaluation return: 525.230004
Virt Env evaluation return: 1055.461364
stages: 94.000000
Real Env evaluation return: 433.733456
Virt Env evaluation return: -177436.490536
stages: 95.000000
Real Env evaluation return: 125.535692
Virt Env evaluation return: -129473.923573
stages: 96.000000
Real Env evaluation return: 579.638093
Virt Env evaluation return: -847761.004931
stages: 97.000000
Real Env evaluation return: 160.083598
Virt Env evaluation return: -182926.244122
stages: 98.000000
Real Env evaluation return: 223.306621
Virt Env evaluation return: 2018.966361
stages: 99.000000
Real Env evaluation return: 254.371309
Virt Env evaluation return: 2471.243030
stages: 100.000000
Real Env evaluation return: 135.608614
Virt Env evaluation return: -184061.689897
stages: 101.000000
Real Env evaluation return: -307.865002
Virt Env evaluation return: -1254316.934603
stages: 102.000000
Real Env evaluation return: -113.956734
Virt Env evaluation return: 2574.810177
stages: 103.000000
Real Env evaluation return: 328.747563
Virt Env evaluation return: -75263.087088
stages: 104.000000
Real Env evaluation return: 270.185438
Virt Env evaluation return: 2775.877620
stages: 105.000000
Real Env evaluation return: -451.243928
Virt Env evaluation return: 2783.548278
stages: 106.000000
Real Env evaluation return: -725.546410
Virt Env evaluation return: 2660.523777
stages: 107.000000
Real Env evaluation return: -866.445016
Virt Env evaluation return: 3529.256772
stages: 108.000000
Real Env evaluation return: -969.229361
Virt Env evaluation return: 2276.859541
stages: 109.000000
Real Env evaluation return: -632.359754
Virt Env evaluation return: 2859.284544
stages: 110.000000
Real Env evaluation return: -727.419827
Virt Env evaluation return: 3971.516793
stages: 111.000000
Real Env evaluation return: -998.429146
Virt Env evaluation return: 3187.106666
stages: 112.000000
Real Env evaluation return: -325.943299
Virt Env evaluation return: 3095.005022
stages: 113.000000
Real Env evaluation return: 325.045737
Virt Env evaluation return: 1147.368118
stages: 114.000000
Real Env evaluation return: 400.583982
Virt Env evaluation return: 3705.855061
stages: 115.000000
Real Env evaluation return: 104.914871
Virt Env evaluation return: 2890.709342
stages: 116.000000
Real Env evaluation return: 447.782876
Virt Env evaluation return: 3113.267945
stages: 117.000000
Real Env evaluation return: 440.729726
Virt Env evaluation return: 1374.923972
stages: 118.000000
Real Env evaluation return: 565.776309
Virt Env evaluation return: 70.015914
stages: 119.000000
Real Env evaluation return: 516.020570
Virt Env evaluation return: 1438.881338
stages: 120.000000
Real Env evaluation return: 196.641995
Virt Env evaluation return: 3380.424558
stages: 121.000000
Real Env evaluation return: 141.720448
Virt Env evaluation return: 1800.202063
stages: 122.000000
Real Env evaluation return: 123.002752
Virt Env evaluation return: 1398.193650
stages: 123.000000
Real Env evaluation return: 72.138240
Virt Env evaluation return: -1721719.027843
stages: 124.000000
Real Env evaluation return: 104.870085
Virt Env evaluation return: 2947.452103
stages: 125.000000
Real Env evaluation return: -385.607808
Virt Env evaluation return: 641.779401
stages: 126.000000
Real Env evaluation return: 197.930739
Virt Env evaluation return: 2311.982467
stages: 127.000000
Real Env evaluation return: 198.665274
Virt Env evaluation return: 1553.997767
