stages: 0.000000
Real Env evaluation return: -2504.285522
Virt Env evaluation return: 388.934123
stages: 1.000000
Real Env evaluation return: -2848.063703
Virt Env evaluation return: -650218.696490
stages: 2.000000
Real Env evaluation return: -2616.735184
Virt Env evaluation return: -137.968046
stages: 3.000000
Real Env evaluation return: -2952.827242
Virt Env evaluation return: -101902.703289
stages: 4.000000
Real Env evaluation return: -2689.148158
Virt Env evaluation return: 3162.418725
stages: 5.000000
Real Env evaluation return: -2395.459929
Virt Env evaluation return: 10228.332931
stages: 6.000000
Real Env evaluation return: -2808.925153
Virt Env evaluation return: 1169.439088
stages: 7.000000
Real Env evaluation return: -2802.699867
Virt Env evaluation return: -2565.387171
stages: 8.000000
Real Env evaluation return: -3350.031161
Virt Env evaluation return: -435110.606535
stages: 9.000000
Real Env evaluation return: -2883.540386
Virt Env evaluation return: 546.636540
stages: 10.000000
Real Env evaluation return: -3065.705699
Virt Env evaluation return: 1125.821163
stages: 11.000000
Real Env evaluation return: -2524.444786
Virt Env evaluation return: -1575.523335
stages: 12.000000
Real Env evaluation return: -3333.024524
Virt Env evaluation return: 3875.227495
stages: 13.000000
Real Env evaluation return: -2605.488969
Virt Env evaluation return: 974.672561
stages: 14.000000
Real Env evaluation return: -2422.124768
Virt Env evaluation return: 1498.972952
stages: 15.000000
Real Env evaluation return: -2742.370358
Virt Env evaluation return: 3680.451957
stages: 16.000000
Real Env evaluation return: -2451.829688
Virt Env evaluation return: -377953.013815
stages: 17.000000
Real Env evaluation return: -2929.948735
Virt Env evaluation return: -51.419627
stages: 18.000000
Real Env evaluation return: -2421.672439
Virt Env evaluation return: 3080.980345
stages: 19.000000
Real Env evaluation return: -2822.365305
Virt Env evaluation return: -824546.079998
stages: 20.000000
Real Env evaluation return: -2727.193175
Virt Env evaluation return: -10420.406424
stages: 21.000000
Real Env evaluation return: -2716.257974
Virt Env evaluation return: -16893.529524
stages: 22.000000
Real Env evaluation return: -2780.596230
Virt Env evaluation return: 1187.943441
stages: 23.000000
Real Env evaluation return: -2929.120621
Virt Env evaluation return: 356.072899
stages: 24.000000
Real Env evaluation return: -2967.290108
Virt Env evaluation return: -710354.559301
stages: 25.000000
Real Env evaluation return: -2870.668821
Virt Env evaluation return: 1324.975839
stages: 26.000000
Real Env evaluation return: -2799.303510
Virt Env evaluation return: -60118.194530
stages: 27.000000
Real Env evaluation return: -2773.714678
Virt Env evaluation return: 1191.961467
stages: 28.000000
Real Env evaluation return: -2469.484042
Virt Env evaluation return: 2525.542812
stages: 29.000000
Real Env evaluation return: -2549.635979
Virt Env evaluation return: -995.002737
stages: 30.000000
Real Env evaluation return: -2572.370802
Virt Env evaluation return: 2169.480157
stages: 31.000000
Real Env evaluation return: -2538.427736
Virt Env evaluation return: 730.702307
stages: 32.000000
Real Env evaluation return: -2571.147837
Virt Env evaluation return: -512.196362
stages: 33.000000
Real Env evaluation return: -2247.995334
Virt Env evaluation return: 950.010950
stages: 34.000000
Real Env evaluation return: -2631.511018
Virt Env evaluation return: 1268.972380
stages: 35.000000
Real Env evaluation return: -2753.161715
Virt Env evaluation return: 4622.457242
stages: 36.000000
Real Env evaluation return: -2824.667877
Virt Env evaluation return: 4261.220655
stages: 37.000000
Real Env evaluation return: -2961.698309
Virt Env evaluation return: 2227.813904
stages: 38.000000
Real Env evaluation return: -3216.134958
Virt Env evaluation return: -16503.938642
stages: 39.000000
Real Env evaluation return: -2809.763054
Virt Env evaluation return: -2089.706150
stages: 40.000000
Real Env evaluation return: -2665.995307
Virt Env evaluation return: -919.061802
stages: 41.000000
Real Env evaluation return: -2492.780478
Virt Env evaluation return: -4389.439772
stages: 42.000000
Real Env evaluation return: -2777.096319
Virt Env evaluation return: 873.569989
stages: 43.000000
Real Env evaluation return: -2860.308509
Virt Env evaluation return: -52921.237190
stages: 44.000000
Real Env evaluation return: -2650.525000
Virt Env evaluation return: -1279.582846
stages: 45.000000
Real Env evaluation return: -2543.302180
Virt Env evaluation return: -1171.594678
stages: 46.000000
Real Env evaluation return: -2532.266016
Virt Env evaluation return: -1316.044623
stages: 47.000000
Real Env evaluation return: -2762.281149
Virt Env evaluation return: -584.309421
stages: 48.000000
Real Env evaluation return: -2533.350618
Virt Env evaluation return: -97.809701
stages: 49.000000
Real Env evaluation return: -2500.546039
Virt Env evaluation return: -677.609725
stages: 50.000000
Real Env evaluation return: -2632.306201
Virt Env evaluation return: -24701.147828
stages: 51.000000
Real Env evaluation return: -2301.752071
Virt Env evaluation return: 1216.426574
stages: 52.000000
Real Env evaluation return: -2201.765241
Virt Env evaluation return: 2977.829580
stages: 53.000000
Real Env evaluation return: -2053.551558
Virt Env evaluation return: 3246.926840
stages: 54.000000
Real Env evaluation return: -2166.286250
Virt Env evaluation return: -1837.913159
stages: 55.000000
Real Env evaluation return: -1985.531752
Virt Env evaluation return: -1577.383080
stages: 56.000000
Real Env evaluation return: -2168.468471
Virt Env evaluation return: 717.439844
stages: 57.000000
Real Env evaluation return: -2150.738607
Virt Env evaluation return: -2655.518342
stages: 58.000000
Real Env evaluation return: -2226.586658
Virt Env evaluation return: 591.178183
stages: 59.000000
Real Env evaluation return: -2029.593717
Virt Env evaluation return: -1052.027293
stages: 60.000000
Real Env evaluation return: -2394.174026
Virt Env evaluation return: -2857.681456
stages: 61.000000
Real Env evaluation return: -2130.922723
Virt Env evaluation return: -2236.282886
stages: 62.000000
Real Env evaluation return: -2029.026048
Virt Env evaluation return: -1562.078427
stages: 63.000000
Real Env evaluation return: -1941.290120
Virt Env evaluation return: -496.457603
stages: 64.000000
Real Env evaluation return: -1816.676931
Virt Env evaluation return: -16282.085109
stages: 65.000000
Real Env evaluation return: -1863.652496
Virt Env evaluation return: -2319.627968
stages: 66.000000
Real Env evaluation return: -1930.459954
Virt Env evaluation return: -728.825175
stages: 67.000000
Real Env evaluation return: -1716.498741
Virt Env evaluation return: -580.106021
stages: 68.000000
Real Env evaluation return: -1835.017222
Virt Env evaluation return: -1465.648627
stages: 69.000000
Real Env evaluation return: -1869.069336
Virt Env evaluation return: -729.641341
stages: 70.000000
Real Env evaluation return: -1618.036802
Virt Env evaluation return: 154.256406
stages: 71.000000
Real Env evaluation return: -1782.076582
Virt Env evaluation return: -13035.986182
stages: 72.000000
Real Env evaluation return: -1651.006946
Virt Env evaluation return: -811.037851
stages: 73.000000
Real Env evaluation return: -1720.873858
Virt Env evaluation return: -544.733936
stages: 74.000000
Real Env evaluation return: -1463.852533
Virt Env evaluation return: 422.477303
stages: 75.000000
Real Env evaluation return: -1459.088809
Virt Env evaluation return: -1544.838069
stages: 76.000000
Real Env evaluation return: -1067.424840
Virt Env evaluation return: -658.247622
stages: 77.000000
Real Env evaluation return: -1310.971979
Virt Env evaluation return: -210.555212
stages: 78.000000
Real Env evaluation return: -1312.841914
Virt Env evaluation return: -1471.131362
stages: 79.000000
Real Env evaluation return: -1558.779453
Virt Env evaluation return: -497.455688
stages: 80.000000
Real Env evaluation return: -1575.216400
Virt Env evaluation return: -1269.464199
stages: 81.000000
Real Env evaluation return: -1597.710489
Virt Env evaluation return: -11637.185602
stages: 82.000000
Real Env evaluation return: -1571.761486
Virt Env evaluation return: -1292.728684
stages: 83.000000
Real Env evaluation return: -1567.523170
Virt Env evaluation return: -1141.050038
stages: 84.000000
Real Env evaluation return: -1556.399936
Virt Env evaluation return: -1262.928659
stages: 85.000000
Real Env evaluation return: -1568.702318
Virt Env evaluation return: -440.528372
stages: 86.000000
Real Env evaluation return: -1453.661408
Virt Env evaluation return: -2598.174940
stages: 87.000000
Real Env evaluation return: -1441.461571
Virt Env evaluation return: -703.234485
stages: 88.000000
Real Env evaluation return: -1163.578734
Virt Env evaluation return: -289.764387
stages: 89.000000
Real Env evaluation return: -980.341126
Virt Env evaluation return: -950.531032
stages: 90.000000
Real Env evaluation return: -1114.131306
Virt Env evaluation return: -479006.931697
stages: 91.000000
Real Env evaluation return: -1209.417328
Virt Env evaluation return: 50.217021
stages: 92.000000
Real Env evaluation return: -1197.162345
Virt Env evaluation return: -1821.580893
stages: 93.000000
Real Env evaluation return: -1262.890122
Virt Env evaluation return: -486.046636
stages: 94.000000
Real Env evaluation return: -1250.695989
Virt Env evaluation return: -2202.969655
stages: 95.000000
Real Env evaluation return: -1307.723661
Virt Env evaluation return: -450.852985
stages: 96.000000
Real Env evaluation return: -1337.531056
Virt Env evaluation return: -1336.157747
stages: 97.000000
Real Env evaluation return: -1288.143972
Virt Env evaluation return: -852.984553
stages: 98.000000
Real Env evaluation return: -1096.836934
Virt Env evaluation return: -996.035219
stages: 99.000000
Real Env evaluation return: -974.921779
Virt Env evaluation return: -825.263942
stages: 100.000000
Real Env evaluation return: -1203.618031
Virt Env evaluation return: -467.052322
stages: 101.000000
Real Env evaluation return: -1207.540534
Virt Env evaluation return: 34.010731
stages: 102.000000
Real Env evaluation return: -1376.888396
Virt Env evaluation return: -784.183704
stages: 103.000000
Real Env evaluation return: -1328.648795
Virt Env evaluation return: -62572.687699
stages: 104.000000
Real Env evaluation return: -1271.918276
Virt Env evaluation return: -1274.392037
stages: 105.000000
Real Env evaluation return: -1336.923762
Virt Env evaluation return: -576.696578
stages: 106.000000
Real Env evaluation return: -1362.645887
Virt Env evaluation return: -1094.571206
stages: 107.000000
Real Env evaluation return: -1367.372488
Virt Env evaluation return: -1710.310418
stages: 108.000000
Real Env evaluation return: -1580.092859
Virt Env evaluation return: -1759.305943
stages: 109.000000
Real Env evaluation return: -1395.043267
Virt Env evaluation return: -700.187462
stages: 110.000000
Real Env evaluation return: -1411.435814
Virt Env evaluation return: -1692.634574
stages: 111.000000
Real Env evaluation return: -1585.625724
Virt Env evaluation return: -1670.612853
stages: 112.000000
Real Env evaluation return: -1379.993726
Virt Env evaluation return: -796.664509
stages: 113.000000
Real Env evaluation return: -1494.369133
Virt Env evaluation return: -1045990.973574
stages: 114.000000
Real Env evaluation return: -1287.105308
Virt Env evaluation return: -540.847434
stages: 115.000000
Real Env evaluation return: -1424.352800
Virt Env evaluation return: -115720.346297
stages: 116.000000
Real Env evaluation return: -1519.265800
Virt Env evaluation return: -459.323244
stages: 117.000000
Real Env evaluation return: -1665.993107
Virt Env evaluation return: -806.285978
stages: 118.000000
Real Env evaluation return: -969.345984
Virt Env evaluation return: -1032.863034
stages: 119.000000
Real Env evaluation return: -1248.903364
Virt Env evaluation return: -1108.809479
stages: 120.000000
Real Env evaluation return: -1170.816246
Virt Env evaluation return: -1522.783564
stages: 121.000000
Real Env evaluation return: -1283.906698
Virt Env evaluation return: -156.267875
stages: 122.000000
Real Env evaluation return: -1404.492758
Virt Env evaluation return: -1421.754418
stages: 123.000000
Real Env evaluation return: -1235.587460
Virt Env evaluation return: -119.068936
stages: 124.000000
Real Env evaluation return: -1311.909989
Virt Env evaluation return: -18032.230110
stages: 125.000000
Real Env evaluation return: -1405.943489
Virt Env evaluation return: -1277.053052
stages: 126.000000
Real Env evaluation return: -1001.857835
Virt Env evaluation return: -10.506778
stages: 127.000000
Real Env evaluation return: -1112.911519
Virt Env evaluation return: -686.958263
stages: 128.000000
Real Env evaluation return: -1108.567784
Virt Env evaluation return: -1279.508302
stages: 129.000000
Real Env evaluation return: -1190.220851
Virt Env evaluation return: -90621.319681
stages: 130.000000
Real Env evaluation return: -1423.506726
Virt Env evaluation return: -1479.861789
stages: 131.000000
Real Env evaluation return: -1117.205707
Virt Env evaluation return: -776.861255
stages: 132.000000
Real Env evaluation return: -1247.056640
Virt Env evaluation return: -1172.817735
stages: 133.000000
Real Env evaluation return: -1387.481427
Virt Env evaluation return: -29052.834474
stages: 134.000000
Real Env evaluation return: -1208.483616
Virt Env evaluation return: -851.874451
stages: 135.000000
Real Env evaluation return: -1484.963494
Virt Env evaluation return: -1222.571438
stages: 136.000000
Real Env evaluation return: -1631.494282
Virt Env evaluation return: 449.657109
stages: 137.000000
Real Env evaluation return: -1807.764680
Virt Env evaluation return: -537.320569
stages: 138.000000
Real Env evaluation return: -1567.464171
Virt Env evaluation return: 595.257260
stages: 139.000000
Real Env evaluation return: -1360.260854
Virt Env evaluation return: -1305.823381
stages: 140.000000
Real Env evaluation return: -1478.310308
Virt Env evaluation return: -1302.884505
stages: 141.000000
Real Env evaluation return: -1398.757043
Virt Env evaluation return: -2051.424642
stages: 142.000000
Real Env evaluation return: -575.780664
Virt Env evaluation return: -1689.062034
stages: 143.000000
Real Env evaluation return: 208.581519
Virt Env evaluation return: 66.423063
stages: 144.000000
Real Env evaluation return: -755.517038
Virt Env evaluation return: -182.965125
stages: 145.000000
Real Env evaluation return: -388.144212
Virt Env evaluation return: -1031.902473
stages: 146.000000
Real Env evaluation return: -484.628059
Virt Env evaluation return: -735287.272262
stages: 147.000000
Real Env evaluation return: -466.339489
Virt Env evaluation return: -695.328333
stages: 148.000000
Real Env evaluation return: -1129.547670
Virt Env evaluation return: -1461.119630
stages: 149.000000
Real Env evaluation return: -1073.554148
Virt Env evaluation return: -495.044039
stages: 150.000000
Real Env evaluation return: -1133.835406
Virt Env evaluation return: -1244.544931
stages: 151.000000
Real Env evaluation return: -1345.799870
Virt Env evaluation return: -1977.083232
stages: 152.000000
Real Env evaluation return: -1230.303058
Virt Env evaluation return: 67.018712
stages: 153.000000
Real Env evaluation return: -1487.966154
Virt Env evaluation return: -1883.525377
stages: 154.000000
Real Env evaluation return: -1304.306479
Virt Env evaluation return: -613.926724
stages: 155.000000
Real Env evaluation return: -1520.086959
Virt Env evaluation return: -1319.440725
stages: 156.000000
Real Env evaluation return: -1418.846537
Virt Env evaluation return: -179.488519
stages: 157.000000
Real Env evaluation return: -1479.680107
Virt Env evaluation return: -1645.684098
stages: 158.000000
Real Env evaluation return: -1451.257391
Virt Env evaluation return: -2134.919382
stages: 159.000000
Real Env evaluation return: -1349.665332
Virt Env evaluation return: -149272.250686
stages: 160.000000
Real Env evaluation return: -1482.681320
Virt Env evaluation return: -1328.225743
stages: 161.000000
Real Env evaluation return: -1472.612008
Virt Env evaluation return: -1084.779454
stages: 162.000000
Real Env evaluation return: -1354.714476
Virt Env evaluation return: -72237.236861
stages: 163.000000
Real Env evaluation return: -1266.523157
Virt Env evaluation return: -896.760485
stages: 164.000000
Real Env evaluation return: -1391.770412
Virt Env evaluation return: -319726.879128
stages: 165.000000
Real Env evaluation return: -1406.710594
Virt Env evaluation return: -1253.723916
stages: 166.000000
Real Env evaluation return: -1446.798981
Virt Env evaluation return: -1319.898529
stages: 167.000000
Real Env evaluation return: -1214.005591
Virt Env evaluation return: -544231.901979
stages: 168.000000
Real Env evaluation return: -1308.727757
Virt Env evaluation return: -1610.842670
stages: 169.000000
Real Env evaluation return: -1214.650737
Virt Env evaluation return: -520.188642
stages: 170.000000
Real Env evaluation return: -1309.534040
Virt Env evaluation return: -247523.026819
stages: 171.000000
Real Env evaluation return: -1132.151943
Virt Env evaluation return: -199116.943025
stages: 172.000000
Real Env evaluation return: -1273.334781
Virt Env evaluation return: -149880.976461
stages: 173.000000
Real Env evaluation return: -1320.356102
Virt Env evaluation return: 422.737215
stages: 174.000000
Real Env evaluation return: -1235.427476
Virt Env evaluation return: -732032.112210
stages: 175.000000
Real Env evaluation return: -1256.804860
Virt Env evaluation return: -946.968072
stages: 176.000000
Real Env evaluation return: -1060.203790
Virt Env evaluation return: -753.566779
stages: 177.000000
Real Env evaluation return: -1555.816985
Virt Env evaluation return: -1421.285487
stages: 178.000000
Real Env evaluation return: -1664.912215
Virt Env evaluation return: -40480.479025
stages: 179.000000
Real Env evaluation return: -1436.682458
Virt Env evaluation return: -1554.078905
stages: 180.000000
Real Env evaluation return: -1741.891939
Virt Env evaluation return: -1368.333748
stages: 181.000000
Real Env evaluation return: -1598.080021
Virt Env evaluation return: -1596.537120
stages: 182.000000
Real Env evaluation return: -1132.400469
Virt Env evaluation return: -467716.082705
stages: 183.000000
Real Env evaluation return: -1676.620859
Virt Env evaluation return: -304.847768
stages: 184.000000
Real Env evaluation return: -1617.911937
Virt Env evaluation return: -789.776193
stages: 185.000000
Real Env evaluation return: -1231.697916
Virt Env evaluation return: -931.415791
stages: 186.000000
Real Env evaluation return: -1649.721206
Virt Env evaluation return: -586996.942718
stages: 187.000000
Real Env evaluation return: -1443.817513
Virt Env evaluation return: -247591.774458
stages: 188.000000
Real Env evaluation return: -1826.467075
Virt Env evaluation return: -1537.720410
stages: 189.000000
Real Env evaluation return: -1939.230583
Virt Env evaluation return: -138927.452634
stages: 190.000000
Real Env evaluation return: -1729.133436
Virt Env evaluation return: -1067.857776
stages: 191.000000
Real Env evaluation return: -1540.011174
Virt Env evaluation return: -295206.394928
stages: 192.000000
Real Env evaluation return: -1715.429558
Virt Env evaluation return: -2165.029508
stages: 193.000000
Real Env evaluation return: -2024.898996
Virt Env evaluation return: -1238.188299
stages: 194.000000
Real Env evaluation return: -1792.091950
Virt Env evaluation return: -2050.182593
stages: 195.000000
Real Env evaluation return: -1966.971754
Virt Env evaluation return: 391.194855
stages: 196.000000
Real Env evaluation return: -1903.002254
Virt Env evaluation return: -177819.032902
stages: 197.000000
Real Env evaluation return: -1994.727591
Virt Env evaluation return: -149790.964481
stages: 198.000000
Real Env evaluation return: -1901.226876
Virt Env evaluation return: -87520.843519
stages: 199.000000
Real Env evaluation return: -1615.708312
Virt Env evaluation return: -23592.553584
stages: 200.000000
Real Env evaluation return: -1849.281682
Virt Env evaluation return: -1006.198259
stages: 201.000000
Real Env evaluation return: -1936.653143
Virt Env evaluation return: -1664.435152
stages: 202.000000
Real Env evaluation return: -1906.457680
Virt Env evaluation return: -73881.670936
stages: 203.000000
Real Env evaluation return: -1799.194581
Virt Env evaluation return: -1162.721480
stages: 204.000000
Real Env evaluation return: -1894.488640
Virt Env evaluation return: -5105.831892
stages: 205.000000
Real Env evaluation return: -1647.596478
Virt Env evaluation return: -1141.293841
stages: 206.000000
Real Env evaluation return: -1721.583563
Virt Env evaluation return: -30369.070402
stages: 207.000000
Real Env evaluation return: -1867.794805
Virt Env evaluation return: -223030.847288
stages: 208.000000
Real Env evaluation return: -1778.085685
Virt Env evaluation return: -306.804022
stages: 209.000000
Real Env evaluation return: -1859.778486
Virt Env evaluation return: -743.306772
stages: 210.000000
Real Env evaluation return: -1720.737414
Virt Env evaluation return: -70589.060145
stages: 211.000000
Real Env evaluation return: -1832.485580
Virt Env evaluation return: -209889.104412
stages: 212.000000
Real Env evaluation return: -1838.981249
Virt Env evaluation return: -1446.201866
stages: 213.000000
Real Env evaluation return: -1762.875637
Virt Env evaluation return: -1563.353688
stages: 214.000000
Real Env evaluation return: -1845.214205
Virt Env evaluation return: -1794.865566
stages: 215.000000
Real Env evaluation return: -1878.411070
Virt Env evaluation return: -481383.576369
stages: 216.000000
Real Env evaluation return: -1627.067534
Virt Env evaluation return: -2111.939143
stages: 217.000000
Real Env evaluation return: -1688.795837
Virt Env evaluation return: -271620.737282
stages: 218.000000
Real Env evaluation return: -1645.652543
Virt Env evaluation return: -1995.723291
stages: 219.000000
Real Env evaluation return: -1618.312845
Virt Env evaluation return: -2703.278294
stages: 220.000000
Real Env evaluation return: -1796.920342
Virt Env evaluation return: -18571.063758
stages: 221.000000
Real Env evaluation return: -2131.225602
Virt Env evaluation return: -155401.663543
stages: 222.000000
Real Env evaluation return: -2101.218433
Virt Env evaluation return: -546.938400
stages: 223.000000
Real Env evaluation return: -2426.947199
Virt Env evaluation return: -358908.895131
stages: 224.000000
Real Env evaluation return: -2536.290597
Virt Env evaluation return: -21212.853369
stages: 225.000000
Real Env evaluation return: -2601.422769
Virt Env evaluation return: -21750.238052
stages: 226.000000
Real Env evaluation return: -2308.427113
Virt Env evaluation return: -1097.781736
stages: 227.000000
Real Env evaluation return: -2707.283797
Virt Env evaluation return: -2375.160078
stages: 228.000000
Real Env evaluation return: -2755.541330
Virt Env evaluation return: -1357.028996
stages: 229.000000
Real Env evaluation return: -2594.609723
Virt Env evaluation return: -150326.346926
stages: 230.000000
Real Env evaluation return: -2987.589633
Virt Env evaluation return: -2242.627641
stages: 231.000000
Real Env evaluation return: -2932.414062
Virt Env evaluation return: 368.598809
stages: 232.000000
Real Env evaluation return: -2923.049365
Virt Env evaluation return: -61493.852670
stages: 233.000000
Real Env evaluation return: -2698.449976
Virt Env evaluation return: -572905.771630
stages: 234.000000
Real Env evaluation return: -2936.701145
Virt Env evaluation return: -23154.821167
stages: 235.000000
Real Env evaluation return: -2909.990592
Virt Env evaluation return: -7375.389785
stages: 236.000000
Real Env evaluation return: -3043.230282
Virt Env evaluation return: -505683.528967
stages: 237.000000
Real Env evaluation return: -3076.173747
Virt Env evaluation return: -45733.097021
stages: 238.000000
Real Env evaluation return: -2816.479527
Virt Env evaluation return: -248690.779492
stages: 239.000000
Real Env evaluation return: -2780.229178
Virt Env evaluation return: -1244.436571
stages: 240.000000
Real Env evaluation return: -3038.415088
Virt Env evaluation return: -1251.518876
stages: 241.000000
Real Env evaluation return: -3120.265371
Virt Env evaluation return: -643.620294
stages: 242.000000
Real Env evaluation return: -2748.825134
Virt Env evaluation return: -114754.066745
stages: 243.000000
Real Env evaluation return: -2877.856306
Virt Env evaluation return: -903526.303900
stages: 244.000000
Real Env evaluation return: -2975.225479
Virt Env evaluation return: -519657.554316
stages: 245.000000
Real Env evaluation return: -2604.305396
Virt Env evaluation return: -859.036788
stages: 246.000000
Real Env evaluation return: -2480.399634
Virt Env evaluation return: -1232.881392
stages: 247.000000
Real Env evaluation return: -2511.755381
Virt Env evaluation return: -1768.615420
stages: 248.000000
Real Env evaluation return: -2136.332429
Virt Env evaluation return: -777.408582
stages: 249.000000
Real Env evaluation return: -1998.273483
Virt Env evaluation return: -9056.707023
stages: 250.000000
Real Env evaluation return: -1884.167046
Virt Env evaluation return: -759.332941
stages: 251.000000
Real Env evaluation return: -2395.126167
Virt Env evaluation return: -67618.625581
stages: 252.000000
Real Env evaluation return: -2251.270841
Virt Env evaluation return: -401533.943936
stages: 253.000000
Real Env evaluation return: -2977.218419
Virt Env evaluation return: -30849.099510
stages: 254.000000
Real Env evaluation return: -2190.142923
Virt Env evaluation return: -1283.239066
stages: 255.000000
Real Env evaluation return: -2668.686041
Virt Env evaluation return: -43124.125431
stages: 256.000000
Real Env evaluation return: -2228.664914
Virt Env evaluation return: -1600.036230
stages: 257.000000
Real Env evaluation return: -2078.372047
Virt Env evaluation return: -411077.613933
stages: 258.000000
Real Env evaluation return: -2136.789686
Virt Env evaluation return: -1692.554444
stages: 259.000000
Real Env evaluation return: -2020.348214
Virt Env evaluation return: -1616.869392
stages: 260.000000
Real Env evaluation return: -1839.512676
Virt Env evaluation return: -1333.763400
stages: 261.000000
Real Env evaluation return: -1968.074547
Virt Env evaluation return: -1071.832407
stages: 262.000000
Real Env evaluation return: -1868.126946
Virt Env evaluation return: -950.699761
stages: 263.000000
Real Env evaluation return: -1855.368092
Virt Env evaluation return: -866.719824
stages: 264.000000
Real Env evaluation return: -1878.288611
Virt Env evaluation return: -109864.409976
stages: 265.000000
Real Env evaluation return: -2018.799629
Virt Env evaluation return: -391855.226216
stages: 266.000000
Real Env evaluation return: -2147.127315
Virt Env evaluation return: -1019.759105
stages: 267.000000
Real Env evaluation return: -1722.431873
Virt Env evaluation return: -346.717743
stages: 268.000000
Real Env evaluation return: -1885.160505
Virt Env evaluation return: -478.488151
stages: 269.000000
Real Env evaluation return: -1797.819365
Virt Env evaluation return: -1785.398310
stages: 270.000000
Real Env evaluation return: -1744.101457
Virt Env evaluation return: -526.409608
stages: 271.000000
Real Env evaluation return: -1866.669393
Virt Env evaluation return: -4998.349695
stages: 272.000000
Real Env evaluation return: -1846.557974
Virt Env evaluation return: -33.194899
stages: 273.000000
Real Env evaluation return: -1797.538459
Virt Env evaluation return: -795.129503
stages: 274.000000
Real Env evaluation return: -1784.400543
Virt Env evaluation return: -1731.015280
stages: 275.000000
Real Env evaluation return: -1678.407260
Virt Env evaluation return: -1830.940749
stages: 276.000000
Real Env evaluation return: -1679.657127
Virt Env evaluation return: -763.085163
stages: 277.000000
Real Env evaluation return: -1672.622738
Virt Env evaluation return: -535751.390812
stages: 278.000000
Real Env evaluation return: -1688.869202
Virt Env evaluation return: -74.650298
stages: 279.000000
Real Env evaluation return: -1685.471455
Virt Env evaluation return: -313828.386008
stages: 280.000000
Real Env evaluation return: -2066.845066
Virt Env evaluation return: -1027.945515
stages: 281.000000
Real Env evaluation return: -1925.412233
Virt Env evaluation return: -196.570111
stages: 282.000000
Real Env evaluation return: -1945.361019
Virt Env evaluation return: -1069.064812
stages: 283.000000
Real Env evaluation return: -1821.873159
Virt Env evaluation return: -627673.732747
stages: 284.000000
Real Env evaluation return: -1849.132484
Virt Env evaluation return: -1707.266068
stages: 285.000000
Real Env evaluation return: -1855.741879
Virt Env evaluation return: -1966.708362
stages: 286.000000
Real Env evaluation return: -1915.875151
Virt Env evaluation return: -1561.976636
stages: 287.000000
Real Env evaluation return: -1886.206529
Virt Env evaluation return: -1464.723988
stages: 288.000000
Real Env evaluation return: -1912.302096
Virt Env evaluation return: -56108.077575
stages: 289.000000
Real Env evaluation return: -1878.781420
Virt Env evaluation return: -1114.311691
stages: 290.000000
Real Env evaluation return: -1746.607718
Virt Env evaluation return: -1275.285492
stages: 291.000000
Real Env evaluation return: -1793.842307
Virt Env evaluation return: -272304.142994
stages: 292.000000
Real Env evaluation return: -1752.508917
Virt Env evaluation return: -1575.894128
stages: 293.000000
Real Env evaluation return: -1810.268193
Virt Env evaluation return: -1752.211985
stages: 294.000000
Real Env evaluation return: -1754.259912
Virt Env evaluation return: -3823.292555
stages: 295.000000
Real Env evaluation return: -1671.502519
Virt Env evaluation return: -42615.606185
stages: 296.000000
Real Env evaluation return: -1813.136949
Virt Env evaluation return: -1302.287482
stages: 297.000000
Real Env evaluation return: -1786.759350
Virt Env evaluation return: -11398.232309
stages: 298.000000
Real Env evaluation return: -1735.496841
Virt Env evaluation return: -1393.019681
stages: 299.000000
Real Env evaluation return: -1684.600335
Virt Env evaluation return: -1232.320704
stages: 300.000000
Real Env evaluation return: -1761.702103
Virt Env evaluation return: -208841.093729
stages: 301.000000
Real Env evaluation return: -1757.993964
Virt Env evaluation return: -1447.970126
stages: 302.000000
Real Env evaluation return: -1772.766265
Virt Env evaluation return: -1559.434782
stages: 303.000000
Real Env evaluation return: -1777.425226
Virt Env evaluation return: -933.266867
stages: 304.000000
Real Env evaluation return: -1821.306083
Virt Env evaluation return: -897.632364
stages: 305.000000
Real Env evaluation return: -1895.623365
Virt Env evaluation return: -1595.623176
stages: 306.000000
Real Env evaluation return: -1888.083658
Virt Env evaluation return: -105588.976465
stages: 307.000000
Real Env evaluation return: -1969.659534
Virt Env evaluation return: -115240.434891
stages: 308.000000
Real Env evaluation return: -1950.378971
Virt Env evaluation return: -1562.455423
stages: 309.000000
Real Env evaluation return: -1870.334252
Virt Env evaluation return: -1408.669234
stages: 310.000000
Real Env evaluation return: -1912.422596
Virt Env evaluation return: -1710.370717
stages: 311.000000
Real Env evaluation return: -1919.387125
Virt Env evaluation return: -11165.723422
stages: 312.000000
Real Env evaluation return: -1976.015500
Virt Env evaluation return: -437626.395138
stages: 313.000000
Real Env evaluation return: -1957.820976
Virt Env evaluation return: -2281.744138
stages: 314.000000
Real Env evaluation return: -1957.596216
Virt Env evaluation return: -12122.501818
stages: 315.000000
Real Env evaluation return: -1960.856122
Virt Env evaluation return: -1086.958632
stages: 316.000000
Real Env evaluation return: -1943.136302
Virt Env evaluation return: -1905.681051
stages: 317.000000
Real Env evaluation return: -2047.987133
Virt Env evaluation return: -1794.327230
stages: 318.000000
Real Env evaluation return: -2021.946705
Virt Env evaluation return: -157445.900810
stages: 319.000000
Real Env evaluation return: -2108.365392
Virt Env evaluation return: 158.177861
stages: 320.000000
Real Env evaluation return: -2075.708808
Virt Env evaluation return: -5256.927806
stages: 321.000000
Real Env evaluation return: -2110.286773
Virt Env evaluation return: -1796.400783
stages: 322.000000
Real Env evaluation return: -2064.455850
Virt Env evaluation return: -621.358551
stages: 323.000000
Real Env evaluation return: -2041.161622
Virt Env evaluation return: -2226.021838
stages: 324.000000
Real Env evaluation return: -2062.288406
Virt Env evaluation return: -1940.875021
stages: 325.000000
Real Env evaluation return: -1959.540764
Virt Env evaluation return: -449416.124671
stages: 326.000000
Real Env evaluation return: -1990.465948
Virt Env evaluation return: -9802.463373
stages: 327.000000
Real Env evaluation return: -1959.865053
Virt Env evaluation return: -1316.014321
stages: 328.000000
Real Env evaluation return: -1977.147938
Virt Env evaluation return: -71745.536376
stages: 329.000000
Real Env evaluation return: -1929.432607
Virt Env evaluation return: -11851.551533
stages: 330.000000
Real Env evaluation return: -1787.520660
Virt Env evaluation return: -1735.343127
stages: 331.000000
Real Env evaluation return: -1638.562068
Virt Env evaluation return: -2410.014089
stages: 332.000000
Real Env evaluation return: -971.759419
Virt Env evaluation return: -1625.493081
stages: 333.000000
Real Env evaluation return: -903.871933
Virt Env evaluation return: -1456.072625
stages: 334.000000
Real Env evaluation return: -711.750349
Virt Env evaluation return: -57430.786546
stages: 335.000000
Real Env evaluation return: -312.451273
Virt Env evaluation return: -1167.576327
stages: 336.000000
Real Env evaluation return: -578.184262
Virt Env evaluation return: 1311.950873
stages: 337.000000
Real Env evaluation return: -1098.812610
Virt Env evaluation return: -1554.025439
stages: 338.000000
Real Env evaluation return: -1153.794642
Virt Env evaluation return: -1804.881259
stages: 339.000000
Real Env evaluation return: -1131.901752
Virt Env evaluation return: -1546.086529
stages: 340.000000
Real Env evaluation return: -1541.680994
Virt Env evaluation return: -1950.695498
stages: 341.000000
Real Env evaluation return: -1772.913723
Virt Env evaluation return: -224311.198860
stages: 342.000000
Real Env evaluation return: -1610.918797
Virt Env evaluation return: -1507.255678
stages: 343.000000
Real Env evaluation return: -1535.887503
Virt Env evaluation return: -242315.698808
stages: 344.000000
Real Env evaluation return: -1454.640509
Virt Env evaluation return: -86419.867668
stages: 345.000000
Real Env evaluation return: -1357.472798
Virt Env evaluation return: -1681.006231
stages: 346.000000
Real Env evaluation return: -1697.492655
Virt Env evaluation return: -1285.199206
stages: 347.000000
Real Env evaluation return: -1243.720643
Virt Env evaluation return: -1583.373604
stages: 348.000000
Real Env evaluation return: -1268.409203
Virt Env evaluation return: -1080.557236
stages: 349.000000
Real Env evaluation return: -1165.509283
Virt Env evaluation return: -1805.134206
stages: 350.000000
Real Env evaluation return: -1209.629963
Virt Env evaluation return: -1480.111506
stages: 351.000000
Real Env evaluation return: -1181.630001
Virt Env evaluation return: -2112.948940
stages: 352.000000
Real Env evaluation return: -1155.775571
Virt Env evaluation return: -5184.872980
stages: 353.000000
Real Env evaluation return: -1209.863264
Virt Env evaluation return: -515.075879
stages: 354.000000
Real Env evaluation return: -1188.893047
Virt Env evaluation return: -1020.032733
stages: 355.000000
Real Env evaluation return: -1141.760926
Virt Env evaluation return: -99535.167304
stages: 356.000000
Real Env evaluation return: -1300.018294
Virt Env evaluation return: 3364.168737
stages: 357.000000
Real Env evaluation return: -1281.441655
Virt Env evaluation return: -1550.334036
stages: 358.000000
Real Env evaluation return: -1139.189715
Virt Env evaluation return: -1332.903772
stages: 359.000000
Real Env evaluation return: -1653.284770
Virt Env evaluation return: -12798.285902
stages: 360.000000
Real Env evaluation return: -1856.232213
Virt Env evaluation return: -1530.162563
stages: 361.000000
Real Env evaluation return: -1219.504008
Virt Env evaluation return: 3633.152513
stages: 362.000000
Real Env evaluation return: -1499.477712
Virt Env evaluation return: -66823.878809
stages: 363.000000
Real Env evaluation return: -1647.190918
Virt Env evaluation return: -2065.951122
stages: 364.000000
Real Env evaluation return: -1299.844110
Virt Env evaluation return: -28017.386836
stages: 365.000000
Real Env evaluation return: -1343.282455
Virt Env evaluation return: -1444.023264
stages: 366.000000
Real Env evaluation return: -1289.421264
Virt Env evaluation return: -1785.816935
stages: 367.000000
Real Env evaluation return: -1205.424807
Virt Env evaluation return: -2038.906448
stages: 368.000000
Real Env evaluation return: -1221.196201
Virt Env evaluation return: -1215.929255
stages: 369.000000
Real Env evaluation return: -1403.844728
Virt Env evaluation return: -710.114309
stages: 370.000000
Real Env evaluation return: -1179.626550
Virt Env evaluation return: -89864.071961
stages: 371.000000
Real Env evaluation return: -1391.859502
Virt Env evaluation return: -12561.166125
stages: 372.000000
Real Env evaluation return: -1483.579196
Virt Env evaluation return: -1539.799033
stages: 373.000000
Real Env evaluation return: -1511.551634
Virt Env evaluation return: -10671.861618
stages: 374.000000
Real Env evaluation return: -1689.299058
Virt Env evaluation return: -1796.519782
stages: 375.000000
Real Env evaluation return: -1506.660132
Virt Env evaluation return: -1071.746097
stages: 376.000000
Real Env evaluation return: -1181.868032
Virt Env evaluation return: -9777.419609
stages: 377.000000
Real Env evaluation return: -1513.446247
Virt Env evaluation return: -1183.929563
stages: 378.000000
Real Env evaluation return: -1630.284059
Virt Env evaluation return: -44027.040275
stages: 379.000000
Real Env evaluation return: -1455.376763
Virt Env evaluation return: -4598.141085
stages: 380.000000
Real Env evaluation return: -1485.806806
Virt Env evaluation return: -854.502598
stages: 381.000000
Real Env evaluation return: -1503.103452
Virt Env evaluation return: -440.891281
stages: 382.000000
Real Env evaluation return: -1408.065748
Virt Env evaluation return: -1145.614869
stages: 383.000000
Real Env evaluation return: -1446.660915
Virt Env evaluation return: -13881.425300
stages: 384.000000
Real Env evaluation return: -1428.678868
Virt Env evaluation return: -1939.301223
stages: 385.000000
Real Env evaluation return: -1213.300708
Virt Env evaluation return: -2103.725616
stages: 386.000000
Real Env evaluation return: -1427.504357
Virt Env evaluation return: -1922.597767
stages: 387.000000
Real Env evaluation return: -986.762884
Virt Env evaluation return: -2107.415070
stages: 388.000000
Real Env evaluation return: -1309.890864
Virt Env evaluation return: 379.370997
stages: 389.000000
Real Env evaluation return: -1342.106801
Virt Env evaluation return: -617.940257
stages: 390.000000
Real Env evaluation return: -1399.890926
Virt Env evaluation return: -1196.144743
stages: 391.000000
Real Env evaluation return: -1096.760908
Virt Env evaluation return: -1355.649916
stages: 392.000000
Real Env evaluation return: -1374.620275
Virt Env evaluation return: -1116.589496
stages: 393.000000
Real Env evaluation return: -1461.951625
Virt Env evaluation return: 1701.755463
stages: 394.000000
Real Env evaluation return: -1324.377691
Virt Env evaluation return: -1639.268981
stages: 395.000000
Real Env evaluation return: -1267.237670
Virt Env evaluation return: -2115.262345
stages: 396.000000
Real Env evaluation return: -1343.707436
Virt Env evaluation return: -1448.081708
stages: 397.000000
Real Env evaluation return: -1170.023766
Virt Env evaluation return: -1800.957056
stages: 398.000000
Real Env evaluation return: -1283.198716
Virt Env evaluation return: -1196.809291
stages: 399.000000
Real Env evaluation return: -1409.476990
Virt Env evaluation return: -32527.799527
stages: 400.000000
Real Env evaluation return: -1345.436259
Virt Env evaluation return: -21871.169554
stages: 401.000000
Real Env evaluation return: -1350.349720
Virt Env evaluation return: -28924.379367
stages: 402.000000
Real Env evaluation return: -1307.050225
Virt Env evaluation return: -1072.998243
stages: 403.000000
Real Env evaluation return: -1216.880523
Virt Env evaluation return: -617.212457
stages: 404.000000
Real Env evaluation return: -1291.957463
Virt Env evaluation return: -1171.753129
stages: 405.000000
Real Env evaluation return: -1264.734047
Virt Env evaluation return: -790.371942
stages: 406.000000
Real Env evaluation return: -1222.474823
Virt Env evaluation return: -1304.727302
stages: 407.000000
Real Env evaluation return: -1187.242695
Virt Env evaluation return: -1068.693892
stages: 408.000000
Real Env evaluation return: -1221.272162
Virt Env evaluation return: -249137.732587
stages: 409.000000
Real Env evaluation return: -1270.323817
Virt Env evaluation return: 1326.357417
