stages: 0.000000
Real Env evaluation return: -338.344871
Virt Env evaluation return: -3006.931314
stages: 1.000000
Real Env evaluation return: 570.342115
Virt Env evaluation return: 90.256928
stages: 2.000000
Real Env evaluation return: 126.086778
Virt Env evaluation return: 57.045811
stages: 3.000000
Real Env evaluation return: 414.979312
Virt Env evaluation return: 68.429544
stages: 4.000000
Real Env evaluation return: 509.061360
Virt Env evaluation return: 110.700735
stages: 5.000000
Real Env evaluation return: 572.326309
Virt Env evaluation return: 105.381641
stages: 6.000000
Real Env evaluation return: 373.752188
Virt Env evaluation return: 73.465348
stages: 7.000000
Real Env evaluation return: 352.531781
Virt Env evaluation return: 110.805834
stages: 8.000000
Real Env evaluation return: 357.661844
Virt Env evaluation return: 80.971874
stages: 9.000000
Real Env evaluation return: 454.166593
Virt Env evaluation return: 67.451037
stages: 10.000000
Real Env evaluation return: 485.834557
Virt Env evaluation return: 75.621071
stages: 11.000000
Real Env evaluation return: 437.547659
Virt Env evaluation return: 45.523612
stages: 12.000000
Real Env evaluation return: 554.152744
Virt Env evaluation return: 55.315461
stages: 13.000000
Real Env evaluation return: 549.716341
Virt Env evaluation return: 75.276420
stages: 14.000000
Real Env evaluation return: 506.614746
Virt Env evaluation return: 12.461593
stages: 15.000000
Real Env evaluation return: 516.807600
Virt Env evaluation return: 72.026871
stages: 16.000000
Real Env evaluation return: 399.071177
Virt Env evaluation return: 103.758169
stages: 17.000000
Real Env evaluation return: 481.900990
Virt Env evaluation return: -4.817086
stages: 18.000000
Real Env evaluation return: 475.382084
Virt Env evaluation return: 91.847143
stages: 19.000000
Real Env evaluation return: 516.379729
Virt Env evaluation return: 100.592680
stages: 20.000000
Real Env evaluation return: 512.677381
Virt Env evaluation return: 83.930608
stages: 21.000000
Real Env evaluation return: 438.807304
Virt Env evaluation return: 84.412615
stages: 22.000000
Real Env evaluation return: 488.295792
Virt Env evaluation return: 62.485457
stages: 23.000000
Real Env evaluation return: 425.054672
Virt Env evaluation return: 65.018335
stages: 24.000000
Real Env evaluation return: 454.866325
Virt Env evaluation return: 91.595728
stages: 25.000000
Real Env evaluation return: 535.583556
Virt Env evaluation return: 189.798326
stages: 26.000000
Real Env evaluation return: 481.990876
Virt Env evaluation return: 72.781820
stages: 27.000000
Real Env evaluation return: 264.656173
Virt Env evaluation return: 66.159134
stages: 28.000000
Real Env evaluation return: 391.940564
Virt Env evaluation return: 14.752146
stages: 29.000000
Real Env evaluation return: 416.851072
Virt Env evaluation return: 88.238100
stages: 30.000000
Real Env evaluation return: 352.388726
Virt Env evaluation return: 115.440291
stages: 31.000000
Real Env evaluation return: 398.795775
Virt Env evaluation return: 117.388225
stages: 32.000000
Real Env evaluation return: 486.352138
Virt Env evaluation return: 65.960192
stages: 33.000000
Real Env evaluation return: 547.538210
Virt Env evaluation return: 164.086545
stages: 34.000000
Real Env evaluation return: 466.667780
Virt Env evaluation return: 40.440859
stages: 35.000000
Real Env evaluation return: 551.924303
Virt Env evaluation return: 23.910485
stages: 36.000000
Real Env evaluation return: 458.492985
Virt Env evaluation return: 85.512552
stages: 37.000000
Real Env evaluation return: 568.756918
Virt Env evaluation return: 53.992684
stages: 38.000000
Real Env evaluation return: 451.994435
Virt Env evaluation return: 124.382240
stages: 39.000000
Real Env evaluation return: 505.815945
Virt Env evaluation return: 82.644407
stages: 40.000000
Real Env evaluation return: 297.614465
Virt Env evaluation return: -1.108506
stages: 41.000000
Real Env evaluation return: 599.079617
Virt Env evaluation return: 97.017290
stages: 42.000000
Real Env evaluation return: 499.365532
Virt Env evaluation return: 90.465396
stages: 43.000000
Real Env evaluation return: 376.196926
Virt Env evaluation return: 37.807191
stages: 44.000000
Real Env evaluation return: 606.124666
Virt Env evaluation return: 76.865893
stages: 45.000000
Real Env evaluation return: 530.252353
Virt Env evaluation return: 68.042797
stages: 46.000000
Real Env evaluation return: 423.857610
Virt Env evaluation return: 172.259298
stages: 47.000000
Real Env evaluation return: 542.977033
Virt Env evaluation return: 85.901836
stages: 48.000000
Real Env evaluation return: 339.030009
Virt Env evaluation return: 103.674119
stages: 49.000000
Real Env evaluation return: 349.735387
Virt Env evaluation return: 128.171219
stages: 50.000000
Real Env evaluation return: 386.259282
Virt Env evaluation return: 175.420596
stages: 51.000000
Real Env evaluation return: 608.660331
Virt Env evaluation return: 139.388079
stages: 52.000000
Real Env evaluation return: 701.680147
Virt Env evaluation return: 158.898205
stages: 53.000000
Real Env evaluation return: 674.477572
Virt Env evaluation return: 129.893943
stages: 54.000000
Real Env evaluation return: 658.390828
Virt Env evaluation return: 228.425686
stages: 55.000000
Real Env evaluation return: 518.916423
Virt Env evaluation return: 109.935886
stages: 56.000000
Real Env evaluation return: 479.453408
Virt Env evaluation return: 177.425250
stages: 57.000000
Real Env evaluation return: 582.389467
Virt Env evaluation return: 70.348263
stages: 58.000000
Real Env evaluation return: 597.264646
Virt Env evaluation return: 108.597623
stages: 59.000000
Real Env evaluation return: 675.746324
Virt Env evaluation return: 127.237315
stages: 60.000000
Real Env evaluation return: 647.986551
Virt Env evaluation return: 154.034099
stages: 61.000000
Real Env evaluation return: 597.013813
Virt Env evaluation return: 59.867356
stages: 62.000000
Real Env evaluation return: 635.066315
Virt Env evaluation return: 97.475208
stages: 63.000000
Real Env evaluation return: 576.268101
Virt Env evaluation return: 169.599780
stages: 64.000000
Real Env evaluation return: 711.883248
Virt Env evaluation return: 93.738886
stages: 65.000000
Real Env evaluation return: 604.839773
Virt Env evaluation return: 92.917228
stages: 66.000000
Real Env evaluation return: 633.762179
Virt Env evaluation return: 83.419105
stages: 67.000000
Real Env evaluation return: 546.591399
Virt Env evaluation return: 149.918869
stages: 68.000000
Real Env evaluation return: 562.727160
Virt Env evaluation return: 151.747693
stages: 69.000000
Real Env evaluation return: 536.422620
Virt Env evaluation return: 127.410266
stages: 70.000000
Real Env evaluation return: 551.277399
Virt Env evaluation return: 92.301872
stages: 71.000000
Real Env evaluation return: 631.115082
Virt Env evaluation return: 184.331520
stages: 72.000000
Real Env evaluation return: 673.826388
Virt Env evaluation return: 125.403992
stages: 73.000000
Real Env evaluation return: 613.580141
Virt Env evaluation return: 105.456843
stages: 74.000000
Real Env evaluation return: 680.650997
Virt Env evaluation return: 113.864947
stages: 75.000000
Real Env evaluation return: 576.620859
Virt Env evaluation return: 152.404806
stages: 76.000000
Real Env evaluation return: 456.967076
Virt Env evaluation return: 169.306131
stages: 77.000000
Real Env evaluation return: 671.659232
Virt Env evaluation return: 131.558753
stages: 78.000000
Real Env evaluation return: 665.427691
Virt Env evaluation return: 138.735448
stages: 79.000000
Real Env evaluation return: 600.227653
Virt Env evaluation return: 112.887371
stages: 80.000000
Real Env evaluation return: 762.773840
Virt Env evaluation return: 136.983432
stages: 81.000000
Real Env evaluation return: 723.168187
Virt Env evaluation return: 193.383938
stages: 82.000000
Real Env evaluation return: 722.782361
Virt Env evaluation return: 60.544909
stages: 83.000000
Real Env evaluation return: 786.982908
Virt Env evaluation return: 184.466811
stages: 84.000000
Real Env evaluation return: 818.223998
Virt Env evaluation return: 157.510060
stages: 85.000000
Real Env evaluation return: 886.781864
Virt Env evaluation return: 115.763485
stages: 86.000000
Real Env evaluation return: 818.493397
Virt Env evaluation return: 23.412060
stages: 87.000000
Real Env evaluation return: 752.415175
Virt Env evaluation return: 116.487488
stages: 88.000000
Real Env evaluation return: 892.795085
Virt Env evaluation return: 62.848386
stages: 89.000000
Real Env evaluation return: 839.358393
Virt Env evaluation return: 190.110210
stages: 90.000000
Real Env evaluation return: 920.182709
Virt Env evaluation return: 90.725309
stages: 91.000000
Real Env evaluation return: 928.413474
Virt Env evaluation return: 158.566938
stages: 92.000000
Real Env evaluation return: 851.597195
Virt Env evaluation return: 230.109312
stages: 93.000000
Real Env evaluation return: 794.471284
Virt Env evaluation return: 128.065858
stages: 94.000000
Real Env evaluation return: 907.894989
Virt Env evaluation return: 310.763447
stages: 95.000000
Real Env evaluation return: 880.251443
Virt Env evaluation return: 252.538450
stages: 96.000000
Real Env evaluation return: 866.547631
Virt Env evaluation return: 6.913091
stages: 97.000000
Real Env evaluation return: 881.714622
Virt Env evaluation return: 217.770855
stages: 98.000000
Real Env evaluation return: 895.644290
Virt Env evaluation return: 104.599869
stages: 99.000000
Real Env evaluation return: 873.353216
Virt Env evaluation return: 209.053219
stages: 100.000000
Real Env evaluation return: 853.673339
Virt Env evaluation return: 268.858095
stages: 101.000000
Real Env evaluation return: 901.936197
Virt Env evaluation return: 99.590107
stages: 102.000000
Real Env evaluation return: 841.256703
Virt Env evaluation return: 173.192873
stages: 103.000000
Real Env evaluation return: 869.129653
Virt Env evaluation return: 221.426152
stages: 104.000000
Real Env evaluation return: 807.846025
Virt Env evaluation return: 266.093612
stages: 105.000000
Real Env evaluation return: 802.074846
Virt Env evaluation return: 323.758490
stages: 106.000000
Real Env evaluation return: 810.863995
Virt Env evaluation return: 96.065821
stages: 107.000000
Real Env evaluation return: 773.977911
Virt Env evaluation return: 164.842677
stages: 108.000000
Real Env evaluation return: 812.067179
Virt Env evaluation return: 230.977547
stages: 109.000000
Real Env evaluation return: 776.121070
Virt Env evaluation return: 220.828597
stages: 110.000000
Real Env evaluation return: 826.185196
Virt Env evaluation return: 189.054078
stages: 111.000000
Real Env evaluation return: 880.000977
Virt Env evaluation return: 125.918542
stages: 112.000000
Real Env evaluation return: 895.205249
Virt Env evaluation return: 168.501768
stages: 113.000000
Real Env evaluation return: 807.287815
Virt Env evaluation return: 282.560912
stages: 114.000000
Real Env evaluation return: 864.057403
Virt Env evaluation return: 249.628020
stages: 115.000000
Real Env evaluation return: 864.451692
Virt Env evaluation return: 146.215050
stages: 116.000000
Real Env evaluation return: 732.497595
Virt Env evaluation return: 209.538347
stages: 117.000000
Real Env evaluation return: 541.930538
Virt Env evaluation return: 154.311484
stages: 118.000000
Real Env evaluation return: 659.855800
Virt Env evaluation return: 193.595166
stages: 119.000000
Real Env evaluation return: 706.528631
Virt Env evaluation return: 205.103474
stages: 120.000000
Real Env evaluation return: 718.829872
Virt Env evaluation return: 142.805506
stages: 121.000000
Real Env evaluation return: 699.911605
Virt Env evaluation return: 133.468054
stages: 122.000000
Real Env evaluation return: 673.710812
Virt Env evaluation return: 91.798113
stages: 123.000000
Real Env evaluation return: 725.477461
Virt Env evaluation return: 278.739992
stages: 124.000000
Real Env evaluation return: 674.288597
Virt Env evaluation return: 226.053482
stages: 125.000000
Real Env evaluation return: 566.651718
Virt Env evaluation return: 183.662322
stages: 126.000000
Real Env evaluation return: 506.076533
Virt Env evaluation return: 172.832209
stages: 127.000000
Real Env evaluation return: 751.117566
Virt Env evaluation return: 286.965570
stages: 128.000000
Real Env evaluation return: 742.539302
Virt Env evaluation return: 89.429346
stages: 129.000000
Real Env evaluation return: 729.538765
Virt Env evaluation return: 156.180937
stages: 130.000000
Real Env evaluation return: 584.625602
Virt Env evaluation return: 13.486434
stages: 131.000000
Real Env evaluation return: 680.152587
Virt Env evaluation return: 178.317272
stages: 132.000000
Real Env evaluation return: 784.634144
Virt Env evaluation return: 76.894351
stages: 133.000000
Real Env evaluation return: 782.657306
Virt Env evaluation return: 336.105678
stages: 134.000000
Real Env evaluation return: 688.444810
Virt Env evaluation return: 164.032113
stages: 135.000000
Real Env evaluation return: 738.296014
Virt Env evaluation return: 164.598608
stages: 136.000000
Real Env evaluation return: 777.649086
Virt Env evaluation return: 109.204834
stages: 137.000000
Real Env evaluation return: 847.108400
Virt Env evaluation return: 144.174077
stages: 138.000000
Real Env evaluation return: 870.855475
Virt Env evaluation return: 150.676489
stages: 139.000000
Real Env evaluation return: 812.773301
Virt Env evaluation return: 155.666092
stages: 140.000000
Real Env evaluation return: 785.602472
Virt Env evaluation return: 272.590520
stages: 141.000000
Real Env evaluation return: 855.846808
Virt Env evaluation return: 238.866153
stages: 142.000000
Real Env evaluation return: 834.072127
Virt Env evaluation return: 322.712294
stages: 143.000000
Real Env evaluation return: 857.799314
Virt Env evaluation return: 264.836567
stages: 144.000000
Real Env evaluation return: 865.280308
Virt Env evaluation return: 133.974917
stages: 145.000000
Real Env evaluation return: 800.984864
Virt Env evaluation return: 133.308934
stages: 146.000000
Real Env evaluation return: 790.783512
Virt Env evaluation return: 168.290466
stages: 147.000000
Real Env evaluation return: 819.845140
Virt Env evaluation return: 241.281909
stages: 148.000000
Real Env evaluation return: 729.903913
Virt Env evaluation return: 359.354144
stages: 149.000000
Real Env evaluation return: 842.358042
Virt Env evaluation return: 159.453938
stages: 150.000000
Real Env evaluation return: 731.137511
Virt Env evaluation return: 320.972749
stages: 151.000000
Real Env evaluation return: 805.328511
Virt Env evaluation return: 164.384976
stages: 152.000000
Real Env evaluation return: 837.587841
Virt Env evaluation return: 174.099628
stages: 153.000000
Real Env evaluation return: 710.947507
Virt Env evaluation return: 338.525854
stages: 154.000000
Real Env evaluation return: 651.886665
Virt Env evaluation return: 377.293832
stages: 155.000000
Real Env evaluation return: 781.863624
Virt Env evaluation return: 415.266571
stages: 156.000000
Real Env evaluation return: 848.569759
Virt Env evaluation return: 389.931273
stages: 157.000000
Real Env evaluation return: 858.888279
Virt Env evaluation return: 146.648158
stages: 158.000000
Real Env evaluation return: 838.059092
Virt Env evaluation return: 327.867590
stages: 159.000000
Real Env evaluation return: 819.778802
Virt Env evaluation return: 321.293782
stages: 160.000000
Real Env evaluation return: 841.974909
Virt Env evaluation return: 325.677804
stages: 161.000000
Real Env evaluation return: 771.045191
Virt Env evaluation return: 288.855821
stages: 162.000000
Real Env evaluation return: 724.009027
Virt Env evaluation return: 189.835166
stages: 163.000000
Real Env evaluation return: 810.248714
Virt Env evaluation return: 471.951733
stages: 164.000000
Real Env evaluation return: 811.988686
Virt Env evaluation return: 274.645595
stages: 165.000000
Real Env evaluation return: 741.069925
Virt Env evaluation return: 154.660236
stages: 166.000000
Real Env evaluation return: 700.771076
Virt Env evaluation return: 190.398589
stages: 167.000000
Real Env evaluation return: 822.745152
Virt Env evaluation return: 199.507021
stages: 168.000000
Real Env evaluation return: 760.430694
Virt Env evaluation return: 245.760729
stages: 169.000000
Real Env evaluation return: 712.775656
Virt Env evaluation return: 179.167165
stages: 170.000000
Real Env evaluation return: 785.778511
Virt Env evaluation return: 310.595716
stages: 171.000000
Real Env evaluation return: 795.505138
Virt Env evaluation return: 260.510610
stages: 172.000000
Real Env evaluation return: 763.917503
Virt Env evaluation return: 319.001180
stages: 173.000000
Real Env evaluation return: 795.439150
Virt Env evaluation return: 181.448900
stages: 174.000000
Real Env evaluation return: 795.712386
Virt Env evaluation return: 228.321583
stages: 175.000000
Real Env evaluation return: 895.189798
Virt Env evaluation return: 189.323657
stages: 176.000000
Real Env evaluation return: 879.313139
Virt Env evaluation return: 340.596682
stages: 177.000000
Real Env evaluation return: 865.624157
Virt Env evaluation return: -82.707664
stages: 178.000000
Real Env evaluation return: 904.493867
Virt Env evaluation return: 282.480568
stages: 179.000000
Real Env evaluation return: 966.566451
Virt Env evaluation return: 334.036991
stages: 180.000000
Real Env evaluation return: 950.220287
Virt Env evaluation return: 268.773837
stages: 181.000000
Real Env evaluation return: 888.779009
Virt Env evaluation return: 295.337393
stages: 182.000000
Real Env evaluation return: 840.800064
Virt Env evaluation return: 336.925803
stages: 183.000000
Real Env evaluation return: 794.191515
Virt Env evaluation return: 285.300564
stages: 184.000000
Real Env evaluation return: 851.025966
Virt Env evaluation return: 162.041170
stages: 185.000000
Real Env evaluation return: 816.191420
Virt Env evaluation return: 373.710693
stages: 186.000000
Real Env evaluation return: 816.973507
Virt Env evaluation return: 183.755131
stages: 187.000000
Real Env evaluation return: 836.596093
Virt Env evaluation return: 209.252042
stages: 188.000000
Real Env evaluation return: 823.962412
Virt Env evaluation return: 200.858692
stages: 189.000000
Real Env evaluation return: 831.013882
Virt Env evaluation return: 169.208175
stages: 190.000000
Real Env evaluation return: 832.295174
Virt Env evaluation return: 253.983078
stages: 191.000000
Real Env evaluation return: 819.345046
Virt Env evaluation return: 245.700531
stages: 192.000000
Real Env evaluation return: 834.041294
Virt Env evaluation return: 185.386855
stages: 193.000000
Real Env evaluation return: 839.083931
Virt Env evaluation return: 377.913666
stages: 194.000000
Real Env evaluation return: 847.388156
Virt Env evaluation return: 409.281245
stages: 195.000000
Real Env evaluation return: 847.272792
Virt Env evaluation return: 157.101860
stages: 196.000000
Real Env evaluation return: 842.463362
Virt Env evaluation return: 418.478970
stages: 197.000000
Real Env evaluation return: 849.140519
Virt Env evaluation return: 253.259110
stages: 198.000000
Real Env evaluation return: 836.986403
Virt Env evaluation return: 106.967303
stages: 199.000000
Real Env evaluation return: 743.784216
Virt Env evaluation return: 348.377499
stages: 200.000000
Real Env evaluation return: 740.885730
Virt Env evaluation return: 376.453513
stages: 201.000000
Real Env evaluation return: 704.237149
Virt Env evaluation return: 295.877367
stages: 202.000000
Real Env evaluation return: 746.269062
Virt Env evaluation return: 522.389090
stages: 203.000000
Real Env evaluation return: 730.276851
Virt Env evaluation return: 157.791720
stages: 204.000000
Real Env evaluation return: 693.192467
Virt Env evaluation return: 266.895945
stages: 205.000000
Real Env evaluation return: 829.481965
Virt Env evaluation return: 389.896597
stages: 206.000000
Real Env evaluation return: 712.383041
Virt Env evaluation return: 455.866849
stages: 207.000000
Real Env evaluation return: 874.853334
Virt Env evaluation return: 346.252035
stages: 208.000000
Real Env evaluation return: 823.586749
Virt Env evaluation return: 239.739406
stages: 209.000000
Real Env evaluation return: 820.217754
Virt Env evaluation return: 111.303629
stages: 210.000000
Real Env evaluation return: 693.244261
Virt Env evaluation return: 367.763343
stages: 211.000000
Real Env evaluation return: 757.039450
Virt Env evaluation return: 201.260751
stages: 212.000000
Real Env evaluation return: 661.866989
Virt Env evaluation return: 268.199954
stages: 213.000000
Real Env evaluation return: 784.771558
Virt Env evaluation return: 204.145665
stages: 214.000000
Real Env evaluation return: 654.758337
Virt Env evaluation return: 407.090130
stages: 215.000000
Real Env evaluation return: 582.346433
Virt Env evaluation return: 207.319615
stages: 216.000000
Real Env evaluation return: 644.110421
Virt Env evaluation return: 218.418095
stages: 217.000000
Real Env evaluation return: 840.722886
Virt Env evaluation return: 232.667482
stages: 218.000000
Real Env evaluation return: 866.979129
Virt Env evaluation return: 386.613058
stages: 219.000000
Real Env evaluation return: 772.717450
Virt Env evaluation return: 322.438936
stages: 220.000000
Real Env evaluation return: 763.320240
Virt Env evaluation return: 168.835479
stages: 221.000000
Real Env evaluation return: 832.387522
Virt Env evaluation return: 322.829007
stages: 222.000000
Real Env evaluation return: 748.217138
Virt Env evaluation return: 229.381514
stages: 223.000000
Real Env evaluation return: 766.977091
Virt Env evaluation return: 245.838006
stages: 224.000000
Real Env evaluation return: 784.846652
Virt Env evaluation return: 452.982657
stages: 225.000000
Real Env evaluation return: 714.694130
Virt Env evaluation return: 236.109711
stages: 226.000000
Real Env evaluation return: 746.657119
Virt Env evaluation return: 266.152432
stages: 227.000000
Real Env evaluation return: 789.358559
Virt Env evaluation return: 388.789436
stages: 228.000000
Real Env evaluation return: 855.973972
Virt Env evaluation return: 275.406002
stages: 229.000000
Real Env evaluation return: 834.375465
Virt Env evaluation return: 329.502294
stages: 230.000000
Real Env evaluation return: 862.755068
Virt Env evaluation return: 367.223520
stages: 231.000000
Real Env evaluation return: 682.823504
Virt Env evaluation return: 355.941611
stages: 232.000000
Real Env evaluation return: 778.283099
Virt Env evaluation return: 145.517042
stages: 233.000000
Real Env evaluation return: 777.506070
Virt Env evaluation return: 157.300047
stages: 234.000000
Real Env evaluation return: 766.681975
Virt Env evaluation return: 166.283671
stages: 235.000000
Real Env evaluation return: 904.103762
Virt Env evaluation return: 269.871918
stages: 236.000000
Real Env evaluation return: 804.896786
Virt Env evaluation return: 240.470384
stages: 237.000000
Real Env evaluation return: 784.493672
Virt Env evaluation return: 365.379138
stages: 238.000000
Real Env evaluation return: 775.756640
Virt Env evaluation return: 268.441429
stages: 239.000000
Real Env evaluation return: 898.111475
Virt Env evaluation return: 295.254346
stages: 240.000000
Real Env evaluation return: 810.428799
Virt Env evaluation return: 432.620141
stages: 241.000000
Real Env evaluation return: 803.779069
Virt Env evaluation return: 203.573230
stages: 242.000000
Real Env evaluation return: 814.031683
Virt Env evaluation return: 335.466115
stages: 243.000000
Real Env evaluation return: 916.519323
Virt Env evaluation return: 333.315572
stages: 244.000000
Real Env evaluation return: 850.601872
Virt Env evaluation return: 293.880078
stages: 245.000000
Real Env evaluation return: 887.368682
Virt Env evaluation return: 291.543207
stages: 246.000000
Real Env evaluation return: 643.563259
Virt Env evaluation return: 269.704274
stages: 247.000000
Real Env evaluation return: 708.283783
Virt Env evaluation return: 380.813541
stages: 248.000000
Real Env evaluation return: 780.833230
Virt Env evaluation return: 205.431460
stages: 249.000000
Real Env evaluation return: 768.121467
Virt Env evaluation return: 293.864925
stages: 250.000000
Real Env evaluation return: 775.585313
Virt Env evaluation return: 188.241303
stages: 251.000000
Real Env evaluation return: 847.316391
Virt Env evaluation return: 242.055455
stages: 252.000000
Real Env evaluation return: 767.609782
Virt Env evaluation return: 284.737050
stages: 253.000000
Real Env evaluation return: 842.782607
Virt Env evaluation return: 183.955391
stages: 254.000000
Real Env evaluation return: 843.763868
Virt Env evaluation return: 172.419357
stages: 255.000000
Real Env evaluation return: 781.608987
Virt Env evaluation return: 190.130197
stages: 256.000000
Real Env evaluation return: 906.938108
Virt Env evaluation return: 209.670025
stages: 257.000000
Real Env evaluation return: 857.909200
Virt Env evaluation return: 199.693151
stages: 258.000000
Real Env evaluation return: 846.297891
Virt Env evaluation return: 215.733368
stages: 259.000000
Real Env evaluation return: 785.034538
Virt Env evaluation return: 214.135725
stages: 260.000000
Real Env evaluation return: 717.874032
Virt Env evaluation return: 295.029835
stages: 261.000000
Real Env evaluation return: 892.571760
Virt Env evaluation return: 70.096666
stages: 262.000000
Real Env evaluation return: 849.004755
Virt Env evaluation return: 252.298603
stages: 263.000000
Real Env evaluation return: 846.579537
Virt Env evaluation return: 185.374610
stages: 264.000000
Real Env evaluation return: 845.703590
Virt Env evaluation return: 197.192751
stages: 265.000000
Real Env evaluation return: 586.081659
Virt Env evaluation return: 233.294257
stages: 266.000000
Real Env evaluation return: 786.063595
Virt Env evaluation return: 238.957550
stages: 267.000000
Real Env evaluation return: 771.600647
Virt Env evaluation return: 257.250494
stages: 268.000000
Real Env evaluation return: 768.485478
Virt Env evaluation return: 281.686859
stages: 269.000000
Real Env evaluation return: 827.528487
Virt Env evaluation return: 373.614465
stages: 270.000000
Real Env evaluation return: 883.280518
Virt Env evaluation return: 345.074456
stages: 271.000000
Real Env evaluation return: 738.502031
Virt Env evaluation return: 162.324108
stages: 272.000000
Real Env evaluation return: 729.717737
Virt Env evaluation return: 283.830770
stages: 273.000000
Real Env evaluation return: 717.863885
Virt Env evaluation return: 246.636449
stages: 274.000000
Real Env evaluation return: 794.695636
Virt Env evaluation return: 94.323119
stages: 275.000000
Real Env evaluation return: 762.240580
Virt Env evaluation return: 269.950094
stages: 276.000000
Real Env evaluation return: 647.621007
Virt Env evaluation return: 85.688875
stages: 277.000000
Real Env evaluation return: 825.179828
Virt Env evaluation return: 304.835802
stages: 278.000000
Real Env evaluation return: 768.362667
Virt Env evaluation return: 256.088345
stages: 279.000000
Real Env evaluation return: 814.029951
Virt Env evaluation return: 147.682749
stages: 280.000000
Real Env evaluation return: 787.180602
Virt Env evaluation return: 222.856568
stages: 281.000000
Real Env evaluation return: 754.907518
Virt Env evaluation return: 232.546060
stages: 282.000000
Real Env evaluation return: 828.044132
Virt Env evaluation return: 207.461491
stages: 283.000000
Real Env evaluation return: 876.829885
Virt Env evaluation return: 281.305743
stages: 284.000000
Real Env evaluation return: 691.659824
Virt Env evaluation return: 155.738849
stages: 285.000000
Real Env evaluation return: 814.650050
Virt Env evaluation return: 474.028866
stages: 286.000000
Real Env evaluation return: 744.910580
Virt Env evaluation return: 209.471291
stages: 287.000000
Real Env evaluation return: 735.728701
Virt Env evaluation return: 232.018957
stages: 288.000000
Real Env evaluation return: 799.391862
Virt Env evaluation return: 370.276089
stages: 289.000000
Real Env evaluation return: 665.162698
Virt Env evaluation return: 177.123811
stages: 290.000000
Real Env evaluation return: 735.561691
Virt Env evaluation return: 79.157721
stages: 291.000000
Real Env evaluation return: 628.124018
Virt Env evaluation return: 218.043829
stages: 292.000000
Real Env evaluation return: 771.446385
Virt Env evaluation return: 104.180375
stages: 293.000000
Real Env evaluation return: 766.071796
Virt Env evaluation return: 317.381057
stages: 294.000000
Real Env evaluation return: 627.204539
Virt Env evaluation return: 109.135546
stages: 295.000000
Real Env evaluation return: 688.220225
Virt Env evaluation return: 240.779292
stages: 296.000000
Real Env evaluation return: 665.930242
Virt Env evaluation return: 128.727940
stages: 297.000000
Real Env evaluation return: 630.002670
Virt Env evaluation return: 91.591190
stages: 298.000000
Real Env evaluation return: 413.806117
Virt Env evaluation return: 235.522802
stages: 299.000000
Real Env evaluation return: 363.194744
Virt Env evaluation return: 48.654342
stages: 300.000000
Real Env evaluation return: 485.839492
Virt Env evaluation return: 113.242100
stages: 301.000000
Real Env evaluation return: 665.535238
Virt Env evaluation return: 238.121630
stages: 302.000000
Real Env evaluation return: 717.783639
Virt Env evaluation return: 221.493488
stages: 303.000000
Real Env evaluation return: 626.624768
Virt Env evaluation return: 128.921432
stages: 304.000000
Real Env evaluation return: 712.984404
Virt Env evaluation return: 229.065313
stages: 305.000000
Real Env evaluation return: 787.022858
Virt Env evaluation return: 282.883274
stages: 306.000000
Real Env evaluation return: 579.941604
Virt Env evaluation return: 264.606746
stages: 307.000000
Real Env evaluation return: 868.800586
Virt Env evaluation return: 292.874686
stages: 308.000000
Real Env evaluation return: 857.822750
Virt Env evaluation return: 451.694201
stages: 309.000000
Real Env evaluation return: 553.860066
Virt Env evaluation return: 259.756580
