stages: 0.000000
Real Env evaluation return: -288.772180
Virt Env evaluation return: -2976.979675
stages: 1.000000
Real Env evaluation return: 568.110672
Virt Env evaluation return: 126.233230
stages: 2.000000
Real Env evaluation return: 209.796945
Virt Env evaluation return: 65.584916
stages: 3.000000
Real Env evaluation return: 326.831369
Virt Env evaluation return: 62.301423
stages: 4.000000
Real Env evaluation return: 355.908255
Virt Env evaluation return: 83.314977
stages: 5.000000
Real Env evaluation return: 474.057644
Virt Env evaluation return: 144.361742
stages: 6.000000
Real Env evaluation return: 415.931002
Virt Env evaluation return: 145.900394
stages: 7.000000
Real Env evaluation return: 343.758195
Virt Env evaluation return: 158.681114
stages: 8.000000
Real Env evaluation return: 494.467035
Virt Env evaluation return: 314.025104
stages: 9.000000
Real Env evaluation return: 404.496444
Virt Env evaluation return: 218.149633
stages: 10.000000
Real Env evaluation return: 485.160488
Virt Env evaluation return: 225.676833
stages: 11.000000
Real Env evaluation return: 481.046412
Virt Env evaluation return: 157.947325
stages: 12.000000
Real Env evaluation return: 486.322819
Virt Env evaluation return: 190.694102
stages: 13.000000
Real Env evaluation return: 608.830869
Virt Env evaluation return: 80.495344
stages: 14.000000
Real Env evaluation return: 377.438521
Virt Env evaluation return: 132.204189
stages: 15.000000
Real Env evaluation return: 460.546978
Virt Env evaluation return: 95.341659
stages: 16.000000
Real Env evaluation return: 381.647964
Virt Env evaluation return: 53.667556
stages: 17.000000
Real Env evaluation return: 518.768375
Virt Env evaluation return: 93.414937
stages: 18.000000
Real Env evaluation return: 590.807328
Virt Env evaluation return: 117.051006
stages: 19.000000
Real Env evaluation return: 566.027055
Virt Env evaluation return: 93.120147
stages: 20.000000
Real Env evaluation return: 686.606864
Virt Env evaluation return: 91.096628
stages: 21.000000
Real Env evaluation return: 679.895162
Virt Env evaluation return: 96.547511
stages: 22.000000
Real Env evaluation return: 417.355357
Virt Env evaluation return: 66.180744
stages: 23.000000
Real Env evaluation return: 594.521839
Virt Env evaluation return: 67.158569
stages: 24.000000
Real Env evaluation return: 500.425115
Virt Env evaluation return: 107.597213
stages: 25.000000
Real Env evaluation return: 635.051992
Virt Env evaluation return: 3.614987
stages: 26.000000
Real Env evaluation return: 566.513021
Virt Env evaluation return: 80.670716
stages: 27.000000
Real Env evaluation return: 435.483340
Virt Env evaluation return: 99.074785
stages: 28.000000
Real Env evaluation return: 464.079045
Virt Env evaluation return: 114.010367
stages: 29.000000
Real Env evaluation return: 346.859840
Virt Env evaluation return: 88.736139
stages: 30.000000
Real Env evaluation return: 345.845645
Virt Env evaluation return: 228.391902
stages: 31.000000
Real Env evaluation return: 453.193287
Virt Env evaluation return: 82.283723
stages: 32.000000
Real Env evaluation return: 631.516558
Virt Env evaluation return: 107.693232
stages: 33.000000
Real Env evaluation return: 556.258158
Virt Env evaluation return: 145.136661
stages: 34.000000
Real Env evaluation return: 478.585994
Virt Env evaluation return: 102.260029
stages: 35.000000
Real Env evaluation return: 511.933330
Virt Env evaluation return: 100.583472
stages: 36.000000
Real Env evaluation return: 547.998944
Virt Env evaluation return: 116.098338
stages: 37.000000
Real Env evaluation return: 573.595135
Virt Env evaluation return: 89.924498
stages: 38.000000
Real Env evaluation return: 593.462819
Virt Env evaluation return: 112.674438
stages: 39.000000
Real Env evaluation return: 587.241921
Virt Env evaluation return: 79.544992
stages: 40.000000
Real Env evaluation return: 436.176754
Virt Env evaluation return: 97.743161
stages: 41.000000
Real Env evaluation return: 459.627867
Virt Env evaluation return: 115.639091
stages: 42.000000
Real Env evaluation return: 465.624136
Virt Env evaluation return: 152.922404
stages: 43.000000
Real Env evaluation return: 362.019345
Virt Env evaluation return: 94.864672
stages: 44.000000
Real Env evaluation return: 385.416387
Virt Env evaluation return: 107.750700
stages: 45.000000
Real Env evaluation return: 302.449650
Virt Env evaluation return: 211.264981
stages: 46.000000
Real Env evaluation return: 271.976463
Virt Env evaluation return: 183.408256
stages: 47.000000
Real Env evaluation return: 305.182928
Virt Env evaluation return: 117.865224
stages: 48.000000
Real Env evaluation return: 144.912760
Virt Env evaluation return: 123.123735
stages: 49.000000
Real Env evaluation return: 271.252117
Virt Env evaluation return: 273.421408
stages: 50.000000
Real Env evaluation return: 217.522550
Virt Env evaluation return: 83.205666
stages: 51.000000
Real Env evaluation return: 328.229257
Virt Env evaluation return: 173.533642
stages: 52.000000
Real Env evaluation return: 233.828998
Virt Env evaluation return: 239.544766
stages: 53.000000
Real Env evaluation return: 357.247212
Virt Env evaluation return: 122.190208
stages: 54.000000
Real Env evaluation return: 351.776132
Virt Env evaluation return: 91.806989
stages: 55.000000
Real Env evaluation return: 427.656618
Virt Env evaluation return: 231.956708
stages: 56.000000
Real Env evaluation return: 588.063707
Virt Env evaluation return: 139.905031
stages: 57.000000
Real Env evaluation return: 701.702173
Virt Env evaluation return: 216.722365
stages: 58.000000
Real Env evaluation return: 542.977962
Virt Env evaluation return: 168.195990
stages: 59.000000
Real Env evaluation return: 482.313175
Virt Env evaluation return: 57.284558
stages: 60.000000
Real Env evaluation return: 566.811124
Virt Env evaluation return: 218.998578
stages: 61.000000
Real Env evaluation return: 540.856047
Virt Env evaluation return: 232.808598
stages: 62.000000
Real Env evaluation return: 538.051058
Virt Env evaluation return: 198.586250
stages: 63.000000
Real Env evaluation return: 536.747246
Virt Env evaluation return: 173.133079
stages: 64.000000
Real Env evaluation return: 644.466550
Virt Env evaluation return: 201.253187
stages: 65.000000
Real Env evaluation return: 551.543117
Virt Env evaluation return: 94.588357
stages: 66.000000
Real Env evaluation return: 450.212363
Virt Env evaluation return: 163.232613
stages: 67.000000
Real Env evaluation return: 463.392156
Virt Env evaluation return: 130.830634
stages: 68.000000
Real Env evaluation return: 577.327482
Virt Env evaluation return: 107.220776
stages: 69.000000
Real Env evaluation return: 546.801166
Virt Env evaluation return: 161.937470
stages: 70.000000
Real Env evaluation return: 478.473718
Virt Env evaluation return: 62.093813
stages: 71.000000
Real Env evaluation return: 566.189086
Virt Env evaluation return: 157.648252
stages: 72.000000
Real Env evaluation return: 575.438726
Virt Env evaluation return: 200.043891
stages: 73.000000
Real Env evaluation return: 678.796338
Virt Env evaluation return: 123.754537
stages: 74.000000
Real Env evaluation return: 614.593638
Virt Env evaluation return: 184.267212
stages: 75.000000
Real Env evaluation return: 607.375391
Virt Env evaluation return: 167.866138
stages: 76.000000
Real Env evaluation return: 465.429047
Virt Env evaluation return: 219.011758
stages: 77.000000
Real Env evaluation return: 501.999537
Virt Env evaluation return: 41.937135
stages: 78.000000
Real Env evaluation return: 561.025386
Virt Env evaluation return: 149.649639
stages: 79.000000
Real Env evaluation return: 527.512908
Virt Env evaluation return: 104.678404
stages: 80.000000
Real Env evaluation return: 523.798627
Virt Env evaluation return: 174.619459
stages: 81.000000
Real Env evaluation return: 519.247603
Virt Env evaluation return: 120.652798
stages: 82.000000
Real Env evaluation return: 595.762832
Virt Env evaluation return: 230.259615
stages: 83.000000
Real Env evaluation return: 565.177706
Virt Env evaluation return: 198.933693
stages: 84.000000
Real Env evaluation return: 740.033067
Virt Env evaluation return: 114.514691
stages: 85.000000
Real Env evaluation return: 691.393165
Virt Env evaluation return: 216.800692
stages: 86.000000
Real Env evaluation return: 535.471546
Virt Env evaluation return: 93.231748
stages: 87.000000
Real Env evaluation return: 616.002173
Virt Env evaluation return: 47.951172
stages: 88.000000
Real Env evaluation return: 585.801539
Virt Env evaluation return: 79.776968
stages: 89.000000
Real Env evaluation return: 667.622867
Virt Env evaluation return: 196.524896
stages: 90.000000
Real Env evaluation return: 632.313026
Virt Env evaluation return: 160.053193
stages: 91.000000
Real Env evaluation return: 683.157844
Virt Env evaluation return: 158.794442
stages: 92.000000
Real Env evaluation return: 678.076441
Virt Env evaluation return: 106.568384
stages: 93.000000
Real Env evaluation return: 671.124135
Virt Env evaluation return: 357.601835
stages: 94.000000
Real Env evaluation return: 666.582099
Virt Env evaluation return: 156.616573
stages: 95.000000
Real Env evaluation return: 705.577106
Virt Env evaluation return: 182.828030
stages: 96.000000
Real Env evaluation return: 629.005709
Virt Env evaluation return: 163.345567
stages: 97.000000
Real Env evaluation return: 657.588317
Virt Env evaluation return: 281.739422
stages: 98.000000
Real Env evaluation return: 601.510525
Virt Env evaluation return: 190.762651
stages: 99.000000
Real Env evaluation return: 585.232507
Virt Env evaluation return: 153.494561
stages: 100.000000
Real Env evaluation return: 666.467243
Virt Env evaluation return: -6.364379
stages: 101.000000
Real Env evaluation return: 477.568493
Virt Env evaluation return: 230.395803
stages: 102.000000
Real Env evaluation return: 462.695378
Virt Env evaluation return: 199.904853
stages: 103.000000
Real Env evaluation return: 637.974226
Virt Env evaluation return: 434.975264
stages: 104.000000
Real Env evaluation return: 614.480383
Virt Env evaluation return: 105.061545
stages: 105.000000
Real Env evaluation return: 522.429746
Virt Env evaluation return: 106.327907
stages: 106.000000
Real Env evaluation return: 591.529732
Virt Env evaluation return: 199.719717
stages: 107.000000
Real Env evaluation return: 741.884498
Virt Env evaluation return: 175.871486
stages: 108.000000
Real Env evaluation return: 710.986923
Virt Env evaluation return: 126.572810
stages: 109.000000
Real Env evaluation return: 826.725586
Virt Env evaluation return: 112.560969
stages: 110.000000
Real Env evaluation return: 749.605063
Virt Env evaluation return: 176.853117
stages: 111.000000
Real Env evaluation return: 627.391918
Virt Env evaluation return: 59.731110
stages: 112.000000
Real Env evaluation return: 563.603991
Virt Env evaluation return: 125.709775
stages: 113.000000
Real Env evaluation return: 543.273073
Virt Env evaluation return: 284.027544
stages: 114.000000
Real Env evaluation return: 666.606452
Virt Env evaluation return: 116.021069
stages: 115.000000
Real Env evaluation return: 602.144751
Virt Env evaluation return: 253.091017
stages: 116.000000
Real Env evaluation return: 609.305511
Virt Env evaluation return: 96.468807
stages: 117.000000
Real Env evaluation return: 636.937075
Virt Env evaluation return: 180.973140
stages: 118.000000
Real Env evaluation return: 503.635335
Virt Env evaluation return: 246.003605
stages: 119.000000
Real Env evaluation return: 527.050865
Virt Env evaluation return: 228.070733
stages: 120.000000
Real Env evaluation return: 564.845551
Virt Env evaluation return: 235.503669
stages: 121.000000
Real Env evaluation return: 684.150534
Virt Env evaluation return: 208.000288
stages: 122.000000
Real Env evaluation return: 588.588418
Virt Env evaluation return: 121.099103
stages: 123.000000
Real Env evaluation return: 732.333054
Virt Env evaluation return: 193.894184
stages: 124.000000
Real Env evaluation return: 515.840897
Virt Env evaluation return: 309.461988
stages: 125.000000
Real Env evaluation return: 705.670883
Virt Env evaluation return: 118.045426
stages: 126.000000
Real Env evaluation return: 631.381272
Virt Env evaluation return: 150.151415
stages: 127.000000
Real Env evaluation return: 524.863538
Virt Env evaluation return: 136.499342
stages: 128.000000
Real Env evaluation return: 564.153765
Virt Env evaluation return: 167.575002
stages: 129.000000
Real Env evaluation return: 404.910367
Virt Env evaluation return: 119.238685
stages: 130.000000
Real Env evaluation return: 606.869238
Virt Env evaluation return: 76.424571
stages: 131.000000
Real Env evaluation return: 562.320482
Virt Env evaluation return: 303.699452
stages: 132.000000
Real Env evaluation return: 608.755880
Virt Env evaluation return: 154.251101
stages: 133.000000
Real Env evaluation return: 546.636993
Virt Env evaluation return: 170.588913
stages: 134.000000
Real Env evaluation return: 623.396528
Virt Env evaluation return: 151.319452
stages: 135.000000
Real Env evaluation return: 628.683335
Virt Env evaluation return: 182.851415
stages: 136.000000
Real Env evaluation return: 508.276764
Virt Env evaluation return: 288.692814
stages: 137.000000
Real Env evaluation return: 734.306373
Virt Env evaluation return: 183.463673
stages: 138.000000
Real Env evaluation return: 516.342656
Virt Env evaluation return: 172.800647
stages: 139.000000
Real Env evaluation return: 578.207371
Virt Env evaluation return: 230.501719
stages: 140.000000
Real Env evaluation return: 594.596899
Virt Env evaluation return: 258.113382
stages: 141.000000
Real Env evaluation return: 623.510294
Virt Env evaluation return: 219.960466
stages: 142.000000
Real Env evaluation return: 744.808710
Virt Env evaluation return: 215.337247
stages: 143.000000
Real Env evaluation return: 539.522814
Virt Env evaluation return: 290.217670
stages: 144.000000
Real Env evaluation return: 546.585429
Virt Env evaluation return: 197.609251
stages: 145.000000
Real Env evaluation return: 709.510059
Virt Env evaluation return: 219.540497
stages: 146.000000
Real Env evaluation return: 633.134602
Virt Env evaluation return: 255.579070
stages: 147.000000
Real Env evaluation return: 579.055352
Virt Env evaluation return: 120.536467
stages: 148.000000
Real Env evaluation return: 509.273672
Virt Env evaluation return: 256.811336
stages: 149.000000
Real Env evaluation return: 488.888486
Virt Env evaluation return: 205.709236
stages: 150.000000
Real Env evaluation return: 592.445531
Virt Env evaluation return: 303.573966
stages: 151.000000
Real Env evaluation return: 772.621887
Virt Env evaluation return: 143.996775
stages: 152.000000
Real Env evaluation return: 593.355074
Virt Env evaluation return: 116.587092
stages: 153.000000
Real Env evaluation return: 597.056318
Virt Env evaluation return: 352.331193
stages: 154.000000
Real Env evaluation return: 488.914644
Virt Env evaluation return: 293.902562
stages: 155.000000
Real Env evaluation return: 588.711738
Virt Env evaluation return: 202.805672
stages: 156.000000
Real Env evaluation return: 546.942020
Virt Env evaluation return: 268.338775
stages: 157.000000
Real Env evaluation return: 607.674137
Virt Env evaluation return: 381.503875
stages: 158.000000
Real Env evaluation return: 552.049412
Virt Env evaluation return: 195.604840
stages: 159.000000
Real Env evaluation return: 575.717216
Virt Env evaluation return: 200.179784
stages: 160.000000
Real Env evaluation return: 784.070396
Virt Env evaluation return: 219.602144
stages: 161.000000
Real Env evaluation return: 711.974652
Virt Env evaluation return: 165.436803
stages: 162.000000
Real Env evaluation return: 633.066688
Virt Env evaluation return: 256.960554
stages: 163.000000
Real Env evaluation return: 720.806270
Virt Env evaluation return: 208.884729
stages: 164.000000
Real Env evaluation return: 537.015954
Virt Env evaluation return: 196.681497
stages: 165.000000
Real Env evaluation return: 614.016784
Virt Env evaluation return: 134.667938
stages: 166.000000
Real Env evaluation return: 727.526922
Virt Env evaluation return: 115.854356
stages: 167.000000
Real Env evaluation return: 669.083391
Virt Env evaluation return: 240.100812
stages: 168.000000
Real Env evaluation return: 680.137078
Virt Env evaluation return: 124.323240
stages: 169.000000
Real Env evaluation return: 738.268092
Virt Env evaluation return: 142.143086
stages: 170.000000
Real Env evaluation return: 758.312525
Virt Env evaluation return: 159.031115
stages: 171.000000
Real Env evaluation return: 717.218328
Virt Env evaluation return: 273.036498
stages: 172.000000
Real Env evaluation return: 732.187388
Virt Env evaluation return: 406.643567
stages: 173.000000
Real Env evaluation return: 729.947114
Virt Env evaluation return: 215.828841
stages: 174.000000
Real Env evaluation return: 810.319436
Virt Env evaluation return: 466.912432
stages: 175.000000
Real Env evaluation return: 948.981507
Virt Env evaluation return: 172.332509
stages: 176.000000
Real Env evaluation return: 868.768113
Virt Env evaluation return: 162.789228
stages: 177.000000
Real Env evaluation return: 827.632668
Virt Env evaluation return: 232.297160
stages: 178.000000
Real Env evaluation return: 922.903081
Virt Env evaluation return: 242.732223
stages: 179.000000
Real Env evaluation return: 673.297291
Virt Env evaluation return: 108.355492
stages: 180.000000
Real Env evaluation return: 840.764142
Virt Env evaluation return: 0.596850
stages: 181.000000
Real Env evaluation return: 877.336735
Virt Env evaluation return: 73.441686
stages: 182.000000
Real Env evaluation return: 870.706620
Virt Env evaluation return: 132.326315
stages: 183.000000
Real Env evaluation return: 753.857732
Virt Env evaluation return: 182.609482
stages: 184.000000
Real Env evaluation return: 772.467469
Virt Env evaluation return: 255.427850
stages: 185.000000
Real Env evaluation return: 774.666364
Virt Env evaluation return: 193.959244
stages: 186.000000
Real Env evaluation return: 727.915031
Virt Env evaluation return: 193.763958
stages: 187.000000
Real Env evaluation return: 525.887782
Virt Env evaluation return: 218.240380
stages: 188.000000
Real Env evaluation return: 643.039737
Virt Env evaluation return: 78.445249
stages: 189.000000
Real Env evaluation return: 704.072576
Virt Env evaluation return: 241.185654
stages: 190.000000
Real Env evaluation return: 715.289981
Virt Env evaluation return: 168.622183
stages: 191.000000
Real Env evaluation return: 709.752676
Virt Env evaluation return: 174.133181
stages: 192.000000
Real Env evaluation return: 735.070020
Virt Env evaluation return: 139.726212
stages: 193.000000
Real Env evaluation return: 683.630436
Virt Env evaluation return: 422.070695
stages: 194.000000
Real Env evaluation return: 698.036875
Virt Env evaluation return: 114.071947
stages: 195.000000
Real Env evaluation return: 736.596629
Virt Env evaluation return: 119.474763
stages: 196.000000
Real Env evaluation return: 610.187954
Virt Env evaluation return: 223.898979
stages: 197.000000
Real Env evaluation return: 788.228023
Virt Env evaluation return: -13.457569
stages: 198.000000
Real Env evaluation return: 657.639574
Virt Env evaluation return: 149.675986
stages: 199.000000
Real Env evaluation return: 671.310218
Virt Env evaluation return: 276.712663
stages: 200.000000
Real Env evaluation return: 640.821278
Virt Env evaluation return: 311.436728
stages: 201.000000
Real Env evaluation return: 635.199777
Virt Env evaluation return: 72.913060
stages: 202.000000
Real Env evaluation return: 720.468685
Virt Env evaluation return: 235.413121
stages: 203.000000
Real Env evaluation return: 608.092756
Virt Env evaluation return: 267.623430
stages: 204.000000
Real Env evaluation return: 629.826400
Virt Env evaluation return: 137.392796
stages: 205.000000
Real Env evaluation return: 710.590212
Virt Env evaluation return: 81.727619
stages: 206.000000
Real Env evaluation return: 534.226880
Virt Env evaluation return: 358.112831
stages: 207.000000
Real Env evaluation return: 585.771731
Virt Env evaluation return: 167.814269
stages: 208.000000
Real Env evaluation return: 551.765576
Virt Env evaluation return: 199.040984
stages: 209.000000
Real Env evaluation return: 687.650520
Virt Env evaluation return: 351.048018
stages: 210.000000
Real Env evaluation return: 660.940105
Virt Env evaluation return: 195.936738
stages: 211.000000
Real Env evaluation return: 699.647876
Virt Env evaluation return: 131.739160
stages: 212.000000
Real Env evaluation return: 760.181937
Virt Env evaluation return: 255.340402
stages: 213.000000
Real Env evaluation return: 755.368293
Virt Env evaluation return: 202.763208
stages: 214.000000
Real Env evaluation return: 787.791861
Virt Env evaluation return: 24.540726
stages: 215.000000
Real Env evaluation return: 838.440070
Virt Env evaluation return: 288.048466
stages: 216.000000
Real Env evaluation return: 856.860695
Virt Env evaluation return: 279.082978
stages: 217.000000
Real Env evaluation return: 857.022440
Virt Env evaluation return: 148.275351
stages: 218.000000
Real Env evaluation return: 780.262756
Virt Env evaluation return: 245.161710
stages: 219.000000
Real Env evaluation return: 785.897143
Virt Env evaluation return: 61.022589
stages: 220.000000
Real Env evaluation return: 759.776854
Virt Env evaluation return: 268.088663
stages: 221.000000
Real Env evaluation return: 760.074414
Virt Env evaluation return: 182.651846
stages: 222.000000
Real Env evaluation return: 717.702655
Virt Env evaluation return: 206.270968
stages: 223.000000
Real Env evaluation return: 739.510368
Virt Env evaluation return: 282.285024
stages: 224.000000
Real Env evaluation return: 759.718523
Virt Env evaluation return: 342.795981
stages: 225.000000
Real Env evaluation return: 790.362947
Virt Env evaluation return: 356.311115
stages: 226.000000
Real Env evaluation return: 808.101514
Virt Env evaluation return: 119.361347
stages: 227.000000
Real Env evaluation return: 760.897393
Virt Env evaluation return: 253.213762
stages: 228.000000
Real Env evaluation return: 764.173074
Virt Env evaluation return: 311.925685
stages: 229.000000
Real Env evaluation return: 779.941427
Virt Env evaluation return: 239.244843
stages: 230.000000
Real Env evaluation return: 778.759214
Virt Env evaluation return: 292.352694
stages: 231.000000
Real Env evaluation return: 800.465111
Virt Env evaluation return: 137.828228
stages: 232.000000
Real Env evaluation return: 733.523940
Virt Env evaluation return: 166.679619
stages: 233.000000
Real Env evaluation return: 718.550275
Virt Env evaluation return: 412.876740
stages: 234.000000
Real Env evaluation return: 721.423144
Virt Env evaluation return: 135.625038
stages: 235.000000
Real Env evaluation return: 683.796331
Virt Env evaluation return: 195.609409
stages: 236.000000
Real Env evaluation return: 700.761752
Virt Env evaluation return: 125.968338
stages: 237.000000
Real Env evaluation return: 740.915857
Virt Env evaluation return: 130.037926
stages: 238.000000
Real Env evaluation return: 641.299164
Virt Env evaluation return: -22.649043
stages: 239.000000
Real Env evaluation return: 598.397926
Virt Env evaluation return: 136.011083
stages: 240.000000
Real Env evaluation return: 573.014118
Virt Env evaluation return: 270.879035
stages: 241.000000
Real Env evaluation return: 524.543335
Virt Env evaluation return: 240.019271
stages: 242.000000
Real Env evaluation return: 669.633286
Virt Env evaluation return: 303.220513
stages: 243.000000
Real Env evaluation return: 703.337461
Virt Env evaluation return: 272.793276
stages: 244.000000
Real Env evaluation return: 678.889154
Virt Env evaluation return: 257.584074
stages: 245.000000
Real Env evaluation return: 722.956500
Virt Env evaluation return: 143.144779
stages: 246.000000
Real Env evaluation return: 825.789001
Virt Env evaluation return: 275.132739
stages: 247.000000
Real Env evaluation return: 764.910539
Virt Env evaluation return: 66.938242
stages: 248.000000
Real Env evaluation return: 728.359291
Virt Env evaluation return: 217.933599
stages: 249.000000
Real Env evaluation return: 755.818497
Virt Env evaluation return: 306.557062
stages: 250.000000
Real Env evaluation return: 797.221681
Virt Env evaluation return: 262.619280
stages: 251.000000
Real Env evaluation return: 783.901310
Virt Env evaluation return: 199.179248
stages: 252.000000
Real Env evaluation return: 756.510348
Virt Env evaluation return: 328.637532
stages: 253.000000
Real Env evaluation return: 771.775558
Virt Env evaluation return: 251.029284
stages: 254.000000
Real Env evaluation return: 756.720050
Virt Env evaluation return: 472.025852
stages: 255.000000
Real Env evaluation return: 726.103236
Virt Env evaluation return: 157.886135
stages: 256.000000
Real Env evaluation return: 700.345615
Virt Env evaluation return: 168.307549
stages: 257.000000
Real Env evaluation return: 686.732501
Virt Env evaluation return: 239.932230
stages: 258.000000
Real Env evaluation return: 781.982366
Virt Env evaluation return: 90.962181
stages: 259.000000
Real Env evaluation return: 825.764243
Virt Env evaluation return: 119.810153
stages: 260.000000
Real Env evaluation return: 866.598687
Virt Env evaluation return: 216.731973
stages: 261.000000
Real Env evaluation return: 700.203143
Virt Env evaluation return: 218.435157
stages: 262.000000
Real Env evaluation return: 837.486888
Virt Env evaluation return: 241.664397
stages: 263.000000
Real Env evaluation return: 745.434200
Virt Env evaluation return: 233.902326
stages: 264.000000
Real Env evaluation return: 763.608145
Virt Env evaluation return: 410.506086
stages: 265.000000
Real Env evaluation return: 745.688887
Virt Env evaluation return: 513.163586
stages: 266.000000
Real Env evaluation return: 785.722675
Virt Env evaluation return: 115.833308
stages: 267.000000
Real Env evaluation return: 681.755766
Virt Env evaluation return: 96.341967
stages: 268.000000
Real Env evaluation return: 598.800004
Virt Env evaluation return: 263.058836
stages: 269.000000
Real Env evaluation return: 781.808933
Virt Env evaluation return: 247.467155
stages: 270.000000
Real Env evaluation return: 778.813007
Virt Env evaluation return: 243.762149
stages: 271.000000
Real Env evaluation return: 776.036036
Virt Env evaluation return: 141.336875
stages: 272.000000
Real Env evaluation return: 778.828799
Virt Env evaluation return: 442.308405
stages: 273.000000
Real Env evaluation return: 586.558817
Virt Env evaluation return: 42.152650
stages: 274.000000
Real Env evaluation return: 530.490888
Virt Env evaluation return: 183.348462
stages: 275.000000
Real Env evaluation return: 696.766794
Virt Env evaluation return: 244.676605
stages: 276.000000
Real Env evaluation return: 714.152952
Virt Env evaluation return: 326.381660
stages: 277.000000
Real Env evaluation return: 693.974816
Virt Env evaluation return: 368.570654
stages: 278.000000
Real Env evaluation return: 861.874372
Virt Env evaluation return: 141.786361
stages: 279.000000
Real Env evaluation return: 719.120967
Virt Env evaluation return: 75.105511
stages: 280.000000
Real Env evaluation return: 739.361750
Virt Env evaluation return: 163.932180
stages: 281.000000
Real Env evaluation return: 697.115613
Virt Env evaluation return: 306.887470
stages: 282.000000
Real Env evaluation return: 714.050368
Virt Env evaluation return: 170.450842
stages: 283.000000
Real Env evaluation return: 694.435793
Virt Env evaluation return: 251.870229
stages: 284.000000
Real Env evaluation return: 739.770993
Virt Env evaluation return: -164.412883
stages: 285.000000
Real Env evaluation return: 695.381879
Virt Env evaluation return: 36.554440
stages: 286.000000
Real Env evaluation return: 697.092512
Virt Env evaluation return: 106.886987
stages: 287.000000
Real Env evaluation return: 745.389404
Virt Env evaluation return: 138.255076
stages: 288.000000
Real Env evaluation return: 752.025425
Virt Env evaluation return: 152.207985
stages: 289.000000
Real Env evaluation return: 762.828503
Virt Env evaluation return: 356.830312
stages: 290.000000
Real Env evaluation return: 737.800887
Virt Env evaluation return: 302.371385
stages: 291.000000
Real Env evaluation return: 778.631428
Virt Env evaluation return: 145.023710
stages: 292.000000
Real Env evaluation return: 766.458122
Virt Env evaluation return: 397.724075
stages: 293.000000
Real Env evaluation return: 783.359874
Virt Env evaluation return: 245.913920
stages: 294.000000
Real Env evaluation return: 791.387626
Virt Env evaluation return: 288.270054
stages: 295.000000
Real Env evaluation return: 704.577572
Virt Env evaluation return: 237.841804
stages: 296.000000
Real Env evaluation return: 792.988441
Virt Env evaluation return: 256.299445
stages: 297.000000
Real Env evaluation return: 778.055219
Virt Env evaluation return: 344.442694
stages: 298.000000
Real Env evaluation return: 714.688527
Virt Env evaluation return: 173.450900
stages: 299.000000
Real Env evaluation return: 761.456226
Virt Env evaluation return: 314.379475
stages: 300.000000
Real Env evaluation return: 623.848560
Virt Env evaluation return: 816.801846
stages: 301.000000
Real Env evaluation return: 749.980002
Virt Env evaluation return: 337.494056
stages: 302.000000
Real Env evaluation return: 792.026361
Virt Env evaluation return: 262.595909
stages: 303.000000
Real Env evaluation return: 632.771037
Virt Env evaluation return: 261.728379
stages: 304.000000
Real Env evaluation return: 799.827773
Virt Env evaluation return: 510.154156
stages: 305.000000
Real Env evaluation return: 652.749250
Virt Env evaluation return: 381.176211
