stages: 0.000000
Real Env evaluation return: -264.579737
Virt Env evaluation return: -3008.428060
stages: 1.000000
Real Env evaluation return: 616.904346
Virt Env evaluation return: 69.720337
stages: 2.000000
Real Env evaluation return: 438.359828
Virt Env evaluation return: 64.633359
stages: 3.000000
Real Env evaluation return: 460.979956
Virt Env evaluation return: 70.340597
stages: 4.000000
Real Env evaluation return: 494.617051
Virt Env evaluation return: 92.834573
stages: 5.000000
Real Env evaluation return: 493.187777
Virt Env evaluation return: 115.308879
stages: 6.000000
Real Env evaluation return: 404.513267
Virt Env evaluation return: 126.654502
stages: 7.000000
Real Env evaluation return: 425.654511
Virt Env evaluation return: 136.799127
stages: 8.000000
Real Env evaluation return: 412.271310
Virt Env evaluation return: 175.909258
stages: 9.000000
Real Env evaluation return: 597.836678
Virt Env evaluation return: 188.812385
stages: 10.000000
Real Env evaluation return: 335.344600
Virt Env evaluation return: 162.385691
stages: 11.000000
Real Env evaluation return: 452.413072
Virt Env evaluation return: 151.798671
stages: 12.000000
Real Env evaluation return: 478.636646
Virt Env evaluation return: 64.260420
stages: 13.000000
Real Env evaluation return: 365.869951
Virt Env evaluation return: 128.959360
stages: 14.000000
Real Env evaluation return: 299.854197
Virt Env evaluation return: 80.686932
stages: 15.000000
Real Env evaluation return: 239.143200
Virt Env evaluation return: 48.990807
stages: 16.000000
Real Env evaluation return: 280.670997
Virt Env evaluation return: 42.080534
stages: 17.000000
Real Env evaluation return: 184.619040
Virt Env evaluation return: 51.074456
stages: 18.000000
Real Env evaluation return: 277.580437
Virt Env evaluation return: 85.301332
stages: 19.000000
Real Env evaluation return: 263.557601
Virt Env evaluation return: 64.793522
stages: 20.000000
Real Env evaluation return: 202.478596
Virt Env evaluation return: 72.541353
stages: 21.000000
Real Env evaluation return: 345.193068
Virt Env evaluation return: 76.984698
stages: 22.000000
Real Env evaluation return: 283.618777
Virt Env evaluation return: 95.013036
stages: 23.000000
Real Env evaluation return: 206.247801
Virt Env evaluation return: 57.815669
stages: 24.000000
Real Env evaluation return: 592.970202
Virt Env evaluation return: 71.697548
stages: 25.000000
Real Env evaluation return: 280.465654
Virt Env evaluation return: 67.821074
stages: 26.000000
Real Env evaluation return: 313.465315
Virt Env evaluation return: 113.821261
stages: 27.000000
Real Env evaluation return: 317.871415
Virt Env evaluation return: 44.259241
stages: 28.000000
Real Env evaluation return: 259.020891
Virt Env evaluation return: 66.095810
stages: 29.000000
Real Env evaluation return: 349.818124
Virt Env evaluation return: 88.971967
stages: 30.000000
Real Env evaluation return: 167.118616
Virt Env evaluation return: 99.534220
stages: 31.000000
Real Env evaluation return: 374.620485
Virt Env evaluation return: 133.923950
stages: 32.000000
Real Env evaluation return: 436.240347
Virt Env evaluation return: 48.717187
stages: 33.000000
Real Env evaluation return: 317.916322
Virt Env evaluation return: 92.263890
stages: 34.000000
Real Env evaluation return: 391.982588
Virt Env evaluation return: 145.873543
stages: 35.000000
Real Env evaluation return: 305.665516
Virt Env evaluation return: 83.024525
stages: 36.000000
Real Env evaluation return: 351.765225
Virt Env evaluation return: 129.859059
stages: 37.000000
Real Env evaluation return: 425.265996
Virt Env evaluation return: 100.458245
stages: 38.000000
Real Env evaluation return: 264.362223
Virt Env evaluation return: 115.720484
stages: 39.000000
Real Env evaluation return: 406.534071
Virt Env evaluation return: 126.611554
stages: 40.000000
Real Env evaluation return: 468.125540
Virt Env evaluation return: 104.758378
stages: 41.000000
Real Env evaluation return: 416.160791
Virt Env evaluation return: 135.104061
stages: 42.000000
Real Env evaluation return: 425.884771
Virt Env evaluation return: 165.679312
stages: 43.000000
Real Env evaluation return: 549.881059
Virt Env evaluation return: 142.068420
stages: 44.000000
Real Env evaluation return: 413.269171
Virt Env evaluation return: 120.765941
stages: 45.000000
Real Env evaluation return: 490.937846
Virt Env evaluation return: 127.478483
stages: 46.000000
Real Env evaluation return: 478.345263
Virt Env evaluation return: 152.793754
stages: 47.000000
Real Env evaluation return: 464.666057
Virt Env evaluation return: 77.201034
stages: 48.000000
Real Env evaluation return: 358.171907
Virt Env evaluation return: 41.109565
stages: 49.000000
Real Env evaluation return: 450.692444
Virt Env evaluation return: 173.580476
stages: 50.000000
Real Env evaluation return: 365.198056
Virt Env evaluation return: 85.389300
stages: 51.000000
Real Env evaluation return: 633.861559
Virt Env evaluation return: 106.225189
stages: 52.000000
Real Env evaluation return: 361.417747
Virt Env evaluation return: 114.561209
stages: 53.000000
Real Env evaluation return: 421.682116
Virt Env evaluation return: 155.434124
stages: 54.000000
Real Env evaluation return: 240.308841
Virt Env evaluation return: 99.314268
stages: 55.000000
Real Env evaluation return: 325.880093
Virt Env evaluation return: 98.116713
stages: 56.000000
Real Env evaluation return: 266.480784
Virt Env evaluation return: 129.093950
stages: 57.000000
Real Env evaluation return: 429.364530
Virt Env evaluation return: 152.626151
stages: 58.000000
Real Env evaluation return: 391.981815
Virt Env evaluation return: 178.409745
stages: 59.000000
Real Env evaluation return: 432.285637
Virt Env evaluation return: 164.948692
stages: 60.000000
Real Env evaluation return: 258.459404
Virt Env evaluation return: 66.515175
stages: 61.000000
Real Env evaluation return: 537.961943
Virt Env evaluation return: 270.778613
stages: 62.000000
Real Env evaluation return: 450.272775
Virt Env evaluation return: 130.282014
stages: 63.000000
Real Env evaluation return: 599.363544
Virt Env evaluation return: 71.855874
stages: 64.000000
Real Env evaluation return: 388.784464
Virt Env evaluation return: 167.350504
stages: 65.000000
Real Env evaluation return: 546.553548
Virt Env evaluation return: 191.341425
stages: 66.000000
Real Env evaluation return: 484.582731
Virt Env evaluation return: 189.814850
stages: 67.000000
Real Env evaluation return: 455.565678
Virt Env evaluation return: 182.810769
stages: 68.000000
Real Env evaluation return: 423.954792
Virt Env evaluation return: 215.774855
stages: 69.000000
Real Env evaluation return: 456.017672
Virt Env evaluation return: 136.682291
stages: 70.000000
Real Env evaluation return: 505.857259
Virt Env evaluation return: 86.922008
stages: 71.000000
Real Env evaluation return: 707.852890
Virt Env evaluation return: 225.526593
stages: 72.000000
Real Env evaluation return: 455.466812
Virt Env evaluation return: 78.481776
stages: 73.000000
Real Env evaluation return: 258.968381
Virt Env evaluation return: 90.581381
stages: 74.000000
Real Env evaluation return: 513.809282
Virt Env evaluation return: 145.949295
stages: 75.000000
Real Env evaluation return: 478.974393
Virt Env evaluation return: 110.388798
stages: 76.000000
Real Env evaluation return: 572.859013
Virt Env evaluation return: 177.797171
stages: 77.000000
Real Env evaluation return: 543.689488
Virt Env evaluation return: 164.546525
stages: 78.000000
Real Env evaluation return: 699.502525
Virt Env evaluation return: 152.813638
stages: 79.000000
Real Env evaluation return: 674.513190
Virt Env evaluation return: 170.415967
stages: 80.000000
Real Env evaluation return: 716.276721
Virt Env evaluation return: 202.139409
stages: 81.000000
Real Env evaluation return: 583.425764
Virt Env evaluation return: 84.523289
stages: 82.000000
Real Env evaluation return: 691.177267
Virt Env evaluation return: 367.018630
stages: 83.000000
Real Env evaluation return: 727.503496
Virt Env evaluation return: 171.180487
stages: 84.000000
Real Env evaluation return: 733.143465
Virt Env evaluation return: 34.431479
stages: 85.000000
Real Env evaluation return: 727.922500
Virt Env evaluation return: 203.101922
stages: 86.000000
Real Env evaluation return: 679.597471
Virt Env evaluation return: 205.084051
stages: 87.000000
Real Env evaluation return: 643.577852
Virt Env evaluation return: 86.444610
stages: 88.000000
Real Env evaluation return: 662.494423
Virt Env evaluation return: 139.171459
stages: 89.000000
Real Env evaluation return: 679.933220
Virt Env evaluation return: 308.843566
stages: 90.000000
Real Env evaluation return: 693.760753
Virt Env evaluation return: 311.610889
stages: 91.000000
Real Env evaluation return: 692.322922
Virt Env evaluation return: 207.367524
stages: 92.000000
Real Env evaluation return: 770.169317
Virt Env evaluation return: 251.911119
stages: 93.000000
Real Env evaluation return: 886.541706
Virt Env evaluation return: 160.509336
stages: 94.000000
Real Env evaluation return: 787.139194
Virt Env evaluation return: 165.403188
stages: 95.000000
Real Env evaluation return: 771.944239
Virt Env evaluation return: 204.587948
stages: 96.000000
Real Env evaluation return: 689.923091
Virt Env evaluation return: 259.508461
stages: 97.000000
Real Env evaluation return: 581.332945
Virt Env evaluation return: 94.650627
stages: 98.000000
Real Env evaluation return: 635.222058
Virt Env evaluation return: 17.152787
stages: 99.000000
Real Env evaluation return: 621.653046
Virt Env evaluation return: 322.919576
stages: 100.000000
Real Env evaluation return: 661.662100
Virt Env evaluation return: 196.079632
stages: 101.000000
Real Env evaluation return: 627.153249
Virt Env evaluation return: 101.027542
stages: 102.000000
Real Env evaluation return: 663.923589
Virt Env evaluation return: 66.552783
stages: 103.000000
Real Env evaluation return: 642.248697
Virt Env evaluation return: 82.523017
stages: 104.000000
Real Env evaluation return: 589.849473
Virt Env evaluation return: 161.538086
stages: 105.000000
Real Env evaluation return: 579.842806
Virt Env evaluation return: 201.159381
stages: 106.000000
Real Env evaluation return: 711.840626
Virt Env evaluation return: 28.533102
stages: 107.000000
Real Env evaluation return: 765.565363
Virt Env evaluation return: 28.110660
stages: 108.000000
Real Env evaluation return: 617.363498
Virt Env evaluation return: 216.969349
stages: 109.000000
Real Env evaluation return: 558.949056
Virt Env evaluation return: 177.579709
stages: 110.000000
Real Env evaluation return: 754.167719
Virt Env evaluation return: 205.494482
stages: 111.000000
Real Env evaluation return: 706.540262
Virt Env evaluation return: 64.474719
stages: 112.000000
Real Env evaluation return: 582.708711
Virt Env evaluation return: 227.451968
stages: 113.000000
Real Env evaluation return: 550.379670
Virt Env evaluation return: 160.886986
stages: 114.000000
Real Env evaluation return: 579.044446
Virt Env evaluation return: 134.074580
stages: 115.000000
Real Env evaluation return: 579.746117
Virt Env evaluation return: 180.473930
stages: 116.000000
Real Env evaluation return: 541.875116
Virt Env evaluation return: 206.159081
stages: 117.000000
Real Env evaluation return: 582.677466
Virt Env evaluation return: 185.876071
stages: 118.000000
Real Env evaluation return: 624.465869
Virt Env evaluation return: 105.775010
stages: 119.000000
Real Env evaluation return: 538.359580
Virt Env evaluation return: 55.834488
stages: 120.000000
Real Env evaluation return: 534.638446
Virt Env evaluation return: 229.751546
stages: 121.000000
Real Env evaluation return: 533.511505
Virt Env evaluation return: 206.687133
stages: 122.000000
Real Env evaluation return: 444.890676
Virt Env evaluation return: 144.158027
stages: 123.000000
Real Env evaluation return: 464.498180
Virt Env evaluation return: 73.985297
stages: 124.000000
Real Env evaluation return: 510.960379
Virt Env evaluation return: 170.343063
stages: 125.000000
Real Env evaluation return: 490.500985
Virt Env evaluation return: 172.351428
stages: 126.000000
Real Env evaluation return: 460.365684
Virt Env evaluation return: 157.160466
stages: 127.000000
Real Env evaluation return: 505.819906
Virt Env evaluation return: 58.472479
stages: 128.000000
Real Env evaluation return: 456.712457
Virt Env evaluation return: 199.342027
stages: 129.000000
Real Env evaluation return: 362.052523
Virt Env evaluation return: 205.167445
stages: 130.000000
Real Env evaluation return: 388.145019
Virt Env evaluation return: 239.538512
stages: 131.000000
Real Env evaluation return: 345.160865
Virt Env evaluation return: 298.588442
stages: 132.000000
Real Env evaluation return: 432.421982
Virt Env evaluation return: 224.950336
stages: 133.000000
Real Env evaluation return: 509.986135
Virt Env evaluation return: 280.389379
stages: 134.000000
Real Env evaluation return: 555.745937
Virt Env evaluation return: 42.571060
stages: 135.000000
Real Env evaluation return: 451.886836
Virt Env evaluation return: 120.989708
stages: 136.000000
Real Env evaluation return: 430.353362
Virt Env evaluation return: 192.465831
stages: 137.000000
Real Env evaluation return: 402.541303
Virt Env evaluation return: 146.778467
stages: 138.000000
Real Env evaluation return: 537.727510
Virt Env evaluation return: 157.099236
stages: 139.000000
Real Env evaluation return: 412.584361
Virt Env evaluation return: 131.178196
stages: 140.000000
Real Env evaluation return: 351.808001
Virt Env evaluation return: 162.598008
stages: 141.000000
Real Env evaluation return: 373.826215
Virt Env evaluation return: 189.193362
stages: 142.000000
Real Env evaluation return: 336.724550
Virt Env evaluation return: 105.421406
stages: 143.000000
Real Env evaluation return: 397.241173
Virt Env evaluation return: 172.335538
stages: 144.000000
Real Env evaluation return: 370.810011
Virt Env evaluation return: 240.244174
stages: 145.000000
Real Env evaluation return: 441.615432
Virt Env evaluation return: 279.003481
stages: 146.000000
Real Env evaluation return: 500.254645
Virt Env evaluation return: 107.596671
stages: 147.000000
Real Env evaluation return: 636.436169
Virt Env evaluation return: 136.147968
stages: 148.000000
Real Env evaluation return: 554.913748
Virt Env evaluation return: 132.553194
stages: 149.000000
Real Env evaluation return: 466.735648
Virt Env evaluation return: 300.487814
stages: 150.000000
Real Env evaluation return: 590.631704
Virt Env evaluation return: 156.665936
stages: 151.000000
Real Env evaluation return: 695.955081
Virt Env evaluation return: 139.555505
stages: 152.000000
Real Env evaluation return: 501.488277
Virt Env evaluation return: 188.766519
stages: 153.000000
Real Env evaluation return: 453.481072
Virt Env evaluation return: 185.992166
stages: 154.000000
Real Env evaluation return: 639.476271
Virt Env evaluation return: 59.748066
stages: 155.000000
Real Env evaluation return: 619.781456
Virt Env evaluation return: 467.014455
stages: 156.000000
Real Env evaluation return: 458.205197
Virt Env evaluation return: -267.896872
stages: 157.000000
Real Env evaluation return: 350.776864
Virt Env evaluation return: 213.531037
stages: 158.000000
Real Env evaluation return: 369.577421
Virt Env evaluation return: 156.674596
stages: 159.000000
Real Env evaluation return: 403.520047
Virt Env evaluation return: 198.381995
stages: 160.000000
Real Env evaluation return: 476.131373
Virt Env evaluation return: 101.232699
stages: 161.000000
Real Env evaluation return: 426.404007
Virt Env evaluation return: 264.149718
stages: 162.000000
Real Env evaluation return: 338.523559
Virt Env evaluation return: 244.672277
stages: 163.000000
Real Env evaluation return: 544.646595
Virt Env evaluation return: 199.305561
stages: 164.000000
Real Env evaluation return: 350.348632
Virt Env evaluation return: 308.875188
stages: 165.000000
Real Env evaluation return: 552.990143
Virt Env evaluation return: 226.845362
stages: 166.000000
Real Env evaluation return: 441.334150
Virt Env evaluation return: 263.385526
stages: 167.000000
Real Env evaluation return: 371.740307
Virt Env evaluation return: 254.389789
stages: 168.000000
Real Env evaluation return: 340.703258
Virt Env evaluation return: 97.654005
stages: 169.000000
Real Env evaluation return: 445.463568
Virt Env evaluation return: 212.918433
stages: 170.000000
Real Env evaluation return: 463.385698
Virt Env evaluation return: 257.332088
stages: 171.000000
Real Env evaluation return: 317.038465
Virt Env evaluation return: 126.467961
stages: 172.000000
Real Env evaluation return: 367.414678
Virt Env evaluation return: 12.188154
stages: 173.000000
Real Env evaluation return: 298.801191
Virt Env evaluation return: 113.354717
stages: 174.000000
Real Env evaluation return: 366.559982
Virt Env evaluation return: 226.538277
stages: 175.000000
Real Env evaluation return: 305.913860
Virt Env evaluation return: 294.454152
stages: 176.000000
Real Env evaluation return: 491.326726
Virt Env evaluation return: 279.419685
stages: 177.000000
Real Env evaluation return: 461.060391
Virt Env evaluation return: 276.698200
stages: 178.000000
Real Env evaluation return: 313.276161
Virt Env evaluation return: 204.280558
stages: 179.000000
Real Env evaluation return: 296.822384
Virt Env evaluation return: 168.249847
stages: 180.000000
Real Env evaluation return: 306.538964
Virt Env evaluation return: 233.094769
stages: 181.000000
Real Env evaluation return: 454.504433
Virt Env evaluation return: 114.131343
stages: 182.000000
Real Env evaluation return: 565.222301
Virt Env evaluation return: 257.016189
stages: 183.000000
Real Env evaluation return: 463.680849
Virt Env evaluation return: 273.416514
stages: 184.000000
Real Env evaluation return: 271.938705
Virt Env evaluation return: 388.683178
stages: 185.000000
Real Env evaluation return: 282.873021
Virt Env evaluation return: 34.295387
stages: 186.000000
Real Env evaluation return: 285.951875
Virt Env evaluation return: 118.208306
stages: 187.000000
Real Env evaluation return: 268.729189
Virt Env evaluation return: 209.711923
stages: 188.000000
Real Env evaluation return: 303.466156
Virt Env evaluation return: 173.900704
stages: 189.000000
Real Env evaluation return: 367.405460
Virt Env evaluation return: 129.074381
stages: 190.000000
Real Env evaluation return: 411.701731
Virt Env evaluation return: 277.947490
stages: 191.000000
Real Env evaluation return: 437.206172
Virt Env evaluation return: 162.498961
stages: 192.000000
Real Env evaluation return: 483.584206
Virt Env evaluation return: 243.173131
stages: 193.000000
Real Env evaluation return: 524.613813
Virt Env evaluation return: 68.825922
stages: 194.000000
Real Env evaluation return: 486.649009
Virt Env evaluation return: 287.662449
stages: 195.000000
Real Env evaluation return: 343.402184
Virt Env evaluation return: 387.422290
stages: 196.000000
Real Env evaluation return: 445.161605
Virt Env evaluation return: 85.771985
stages: 197.000000
Real Env evaluation return: 336.615828
Virt Env evaluation return: 49.983102
stages: 198.000000
Real Env evaluation return: 416.305531
Virt Env evaluation return: -436.029787
stages: 199.000000
Real Env evaluation return: 463.829493
Virt Env evaluation return: 204.878786
stages: 200.000000
Real Env evaluation return: 324.847183
Virt Env evaluation return: 292.076233
stages: 201.000000
Real Env evaluation return: 336.834212
Virt Env evaluation return: 434.416185
stages: 202.000000
Real Env evaluation return: 458.051454
Virt Env evaluation return: 275.978787
stages: 203.000000
Real Env evaluation return: 409.633248
Virt Env evaluation return: 270.658976
stages: 204.000000
Real Env evaluation return: 275.724888
Virt Env evaluation return: 246.513673
stages: 205.000000
Real Env evaluation return: 347.071296
Virt Env evaluation return: 116.659203
stages: 206.000000
Real Env evaluation return: 270.239483
Virt Env evaluation return: 269.502967
stages: 207.000000
Real Env evaluation return: 347.129983
Virt Env evaluation return: 185.189533
stages: 208.000000
Real Env evaluation return: 378.986858
Virt Env evaluation return: 494.169890
stages: 209.000000
Real Env evaluation return: 524.339468
Virt Env evaluation return: 260.213845
stages: 210.000000
Real Env evaluation return: 445.017707
Virt Env evaluation return: 313.912906
stages: 211.000000
Real Env evaluation return: 456.989547
Virt Env evaluation return: 258.203826
stages: 212.000000
Real Env evaluation return: 434.199381
Virt Env evaluation return: 385.530160
stages: 213.000000
Real Env evaluation return: 419.398937
Virt Env evaluation return: 460.157100
stages: 214.000000
Real Env evaluation return: 393.472929
Virt Env evaluation return: 276.644238
stages: 215.000000
Real Env evaluation return: 476.542907
Virt Env evaluation return: 393.559997
stages: 216.000000
Real Env evaluation return: 379.715413
Virt Env evaluation return: 273.828533
stages: 217.000000
Real Env evaluation return: 318.371463
Virt Env evaluation return: 232.400480
stages: 218.000000
Real Env evaluation return: 446.540266
Virt Env evaluation return: 312.612316
stages: 219.000000
Real Env evaluation return: 427.886172
Virt Env evaluation return: 396.549154
stages: 220.000000
Real Env evaluation return: 492.296602
Virt Env evaluation return: 40.221080
stages: 221.000000
Real Env evaluation return: 462.247198
Virt Env evaluation return: 169.283447
stages: 222.000000
Real Env evaluation return: 329.102569
Virt Env evaluation return: 131.845294
stages: 223.000000
Real Env evaluation return: 350.454281
Virt Env evaluation return: 145.138348
stages: 224.000000
Real Env evaluation return: 399.839463
Virt Env evaluation return: 113.201150
stages: 225.000000
Real Env evaluation return: 383.231880
Virt Env evaluation return: 564.236049
stages: 226.000000
Real Env evaluation return: 357.383456
Virt Env evaluation return: 396.092143
stages: 227.000000
Real Env evaluation return: 297.657941
Virt Env evaluation return: 466.746354
stages: 228.000000
Real Env evaluation return: 280.123119
Virt Env evaluation return: 213.107645
stages: 229.000000
Real Env evaluation return: 412.726842
Virt Env evaluation return: 216.790004
stages: 230.000000
Real Env evaluation return: 478.571840
Virt Env evaluation return: 124.556302
stages: 231.000000
Real Env evaluation return: 577.719609
Virt Env evaluation return: 319.509507
stages: 232.000000
Real Env evaluation return: 457.081167
Virt Env evaluation return: 131.339125
stages: 233.000000
Real Env evaluation return: 523.223612
Virt Env evaluation return: 358.145159
stages: 234.000000
Real Env evaluation return: 298.279138
Virt Env evaluation return: 144.943074
stages: 235.000000
Real Env evaluation return: 302.438283
Virt Env evaluation return: 266.224796
stages: 236.000000
Real Env evaluation return: 370.876663
Virt Env evaluation return: 104.051309
stages: 237.000000
Real Env evaluation return: 337.682096
Virt Env evaluation return: 218.276068
stages: 238.000000
Real Env evaluation return: 447.428058
Virt Env evaluation return: 230.121566
stages: 239.000000
Real Env evaluation return: 444.113110
Virt Env evaluation return: 575.980278
stages: 240.000000
Real Env evaluation return: 580.139689
Virt Env evaluation return: 428.915523
stages: 241.000000
Real Env evaluation return: 576.817090
Virt Env evaluation return: 402.269337
stages: 242.000000
Real Env evaluation return: 501.771704
Virt Env evaluation return: 324.326737
stages: 243.000000
Real Env evaluation return: 423.827604
Virt Env evaluation return: 170.494346
stages: 244.000000
Real Env evaluation return: 538.504932
Virt Env evaluation return: 198.992242
stages: 245.000000
Real Env evaluation return: 485.635049
Virt Env evaluation return: 310.999549
stages: 246.000000
Real Env evaluation return: 550.254446
Virt Env evaluation return: 333.910000
stages: 247.000000
Real Env evaluation return: 630.344186
Virt Env evaluation return: 271.754064
stages: 248.000000
Real Env evaluation return: 711.263238
Virt Env evaluation return: 103.672079
stages: 249.000000
Real Env evaluation return: 510.588293
Virt Env evaluation return: 566.228124
stages: 250.000000
Real Env evaluation return: 506.535888
Virt Env evaluation return: 246.458355
stages: 251.000000
Real Env evaluation return: 580.757588
Virt Env evaluation return: 234.041950
stages: 252.000000
Real Env evaluation return: 692.389024
Virt Env evaluation return: 204.228932
stages: 253.000000
Real Env evaluation return: 789.561592
Virt Env evaluation return: 287.111945
stages: 254.000000
Real Env evaluation return: 699.705228
Virt Env evaluation return: 188.785745
stages: 255.000000
Real Env evaluation return: 422.078955
Virt Env evaluation return: 274.519617
stages: 256.000000
Real Env evaluation return: 411.416719
Virt Env evaluation return: 203.991483
stages: 257.000000
Real Env evaluation return: 392.417903
Virt Env evaluation return: 214.107921
stages: 258.000000
Real Env evaluation return: 438.354331
Virt Env evaluation return: 195.713320
stages: 259.000000
Real Env evaluation return: 530.875910
Virt Env evaluation return: 219.975611
stages: 260.000000
Real Env evaluation return: 495.669439
Virt Env evaluation return: 95.838005
stages: 261.000000
Real Env evaluation return: 320.569496
Virt Env evaluation return: 332.925286
stages: 262.000000
Real Env evaluation return: 496.031254
Virt Env evaluation return: 557.822830
stages: 263.000000
Real Env evaluation return: 431.568930
Virt Env evaluation return: 561.821734
stages: 264.000000
Real Env evaluation return: 398.838949
Virt Env evaluation return: 318.251222
stages: 265.000000
Real Env evaluation return: 593.336374
Virt Env evaluation return: 208.901515
stages: 266.000000
Real Env evaluation return: 329.263904
Virt Env evaluation return: 212.008904
stages: 267.000000
Real Env evaluation return: 548.027905
Virt Env evaluation return: 237.155221
stages: 268.000000
Real Env evaluation return: 450.722157
Virt Env evaluation return: 398.287034
stages: 269.000000
Real Env evaluation return: 381.159074
Virt Env evaluation return: -95.128980
stages: 270.000000
Real Env evaluation return: 596.961836
Virt Env evaluation return: 355.939944
stages: 271.000000
Real Env evaluation return: 470.061499
Virt Env evaluation return: 148.232197
stages: 272.000000
Real Env evaluation return: 520.627632
Virt Env evaluation return: 146.711072
stages: 273.000000
Real Env evaluation return: 351.797669
Virt Env evaluation return: 311.076802
stages: 274.000000
Real Env evaluation return: 384.934285
Virt Env evaluation return: 175.282108
stages: 275.000000
Real Env evaluation return: 323.658702
Virt Env evaluation return: 271.103523
stages: 276.000000
Real Env evaluation return: 492.872990
Virt Env evaluation return: 449.181771
stages: 277.000000
Real Env evaluation return: 358.295160
Virt Env evaluation return: 405.832093
stages: 278.000000
Real Env evaluation return: 429.262451
Virt Env evaluation return: 489.278665
stages: 279.000000
Real Env evaluation return: 340.501241
Virt Env evaluation return: 212.259110
stages: 280.000000
Real Env evaluation return: 201.153187
Virt Env evaluation return: 284.685238
stages: 281.000000
Real Env evaluation return: 495.976726
Virt Env evaluation return: 194.108169
stages: 282.000000
Real Env evaluation return: 279.991961
Virt Env evaluation return: 151.899470
stages: 283.000000
Real Env evaluation return: 358.456640
Virt Env evaluation return: 125.070557
stages: 284.000000
Real Env evaluation return: 389.489882
Virt Env evaluation return: 365.250907
stages: 285.000000
Real Env evaluation return: 503.826982
Virt Env evaluation return: 203.366563
stages: 286.000000
Real Env evaluation return: 347.323876
Virt Env evaluation return: 182.378711
stages: 287.000000
Real Env evaluation return: 363.874033
Virt Env evaluation return: 337.576087
stages: 288.000000
Real Env evaluation return: 329.345085
Virt Env evaluation return: 228.553037
stages: 289.000000
Real Env evaluation return: 271.448087
Virt Env evaluation return: 148.198280
stages: 290.000000
Real Env evaluation return: 398.262945
Virt Env evaluation return: 299.108388
stages: 291.000000
Real Env evaluation return: 364.212898
Virt Env evaluation return: 194.950434
stages: 292.000000
Real Env evaluation return: 374.190141
Virt Env evaluation return: 291.065931
stages: 293.000000
Real Env evaluation return: 414.262685
Virt Env evaluation return: 235.149687
stages: 294.000000
Real Env evaluation return: 285.369974
Virt Env evaluation return: 116.079891
stages: 295.000000
Real Env evaluation return: 364.431228
Virt Env evaluation return: 315.911894
stages: 296.000000
Real Env evaluation return: 442.290413
Virt Env evaluation return: 307.860312
stages: 297.000000
Real Env evaluation return: 387.888066
Virt Env evaluation return: 239.819322
stages: 298.000000
Real Env evaluation return: 470.839623
Virt Env evaluation return: 326.792516
stages: 299.000000
Real Env evaluation return: 349.988130
Virt Env evaluation return: 178.200446
stages: 300.000000
Real Env evaluation return: 359.251919
Virt Env evaluation return: 102.271989
stages: 301.000000
Real Env evaluation return: 331.356337
Virt Env evaluation return: 154.799817
stages: 302.000000
Real Env evaluation return: 390.639223
Virt Env evaluation return: 145.836901
stages: 303.000000
Real Env evaluation return: 268.001996
Virt Env evaluation return: 350.897463
stages: 304.000000
Real Env evaluation return: 277.508569
Virt Env evaluation return: 134.084454
stages: 305.000000
Real Env evaluation return: 387.647346
Virt Env evaluation return: 533.708432
stages: 306.000000
Real Env evaluation return: 578.828505
Virt Env evaluation return: 228.646850
stages: 307.000000
Real Env evaluation return: 382.884071
Virt Env evaluation return: 9.983201
stages: 308.000000
Real Env evaluation return: 403.805694
Virt Env evaluation return: 267.500141
stages: 309.000000
Real Env evaluation return: 514.312525
Virt Env evaluation return: 218.902345
stages: 310.000000
Real Env evaluation return: 362.992971
Virt Env evaluation return: 254.692323
stages: 311.000000
Real Env evaluation return: 478.291163
Virt Env evaluation return: 565.395024
stages: 312.000000
Real Env evaluation return: 330.765294
Virt Env evaluation return: 522.139921
stages: 313.000000
Real Env evaluation return: 376.059099
Virt Env evaluation return: 344.057057
