stages: 0.000000
Real Env evaluation return: -2625.335539
Virt Env evaluation return: 693.451212
stages: 1.000000
Real Env evaluation return: -3584.509360
Virt Env evaluation return: -2474065.046062
stages: 2.000000
Real Env evaluation return: -3108.382174
Virt Env evaluation return: -394571.427217
stages: 3.000000
Real Env evaluation return: -2734.780483
Virt Env evaluation return: -150662.638598
stages: 4.000000
Real Env evaluation return: -3123.340252
Virt Env evaluation return: -101830.508476
stages: 5.000000
Real Env evaluation return: -2984.185985
Virt Env evaluation return: -345550.247209
stages: 6.000000
Real Env evaluation return: -2977.210996
Virt Env evaluation return: -81573.126915
stages: 7.000000
Real Env evaluation return: -2819.450721
Virt Env evaluation return: -304049.792281
stages: 8.000000
Real Env evaluation return: -2821.142844
Virt Env evaluation return: -4785.940703
stages: 9.000000
Real Env evaluation return: -2800.601461
Virt Env evaluation return: -3281.269408
stages: 10.000000
Real Env evaluation return: -1884.008761
Virt Env evaluation return: -402.447825
stages: 11.000000
Real Env evaluation return: -2533.919704
Virt Env evaluation return: -248411.865062
stages: 12.000000
Real Env evaluation return: -2646.025400
Virt Env evaluation return: -80300.618421
stages: 13.000000
Real Env evaluation return: -2094.496964
Virt Env evaluation return: -27123.816226
stages: 14.000000
Real Env evaluation return: -2252.938584
Virt Env evaluation return: -126064.906525
stages: 15.000000
Real Env evaluation return: -2232.876808
Virt Env evaluation return: -7984.422038
stages: 16.000000
Real Env evaluation return: -2346.151513
Virt Env evaluation return: 1121.351707
stages: 17.000000
Real Env evaluation return: -2191.470369
Virt Env evaluation return: -1497917.564380
stages: 18.000000
Real Env evaluation return: -2051.112500
Virt Env evaluation return: -129798.885840
stages: 19.000000
Real Env evaluation return: -2860.682946
Virt Env evaluation return: -45508.689775
stages: 20.000000
Real Env evaluation return: -1211.535052
Virt Env evaluation return: 1934.466708
stages: 21.000000
Real Env evaluation return: -2224.674144
Virt Env evaluation return: -28093.567334
stages: 22.000000
Real Env evaluation return: -1753.745961
Virt Env evaluation return: 3728.605534
stages: 23.000000
Real Env evaluation return: -1892.680682
Virt Env evaluation return: 3490.105716
stages: 24.000000
Real Env evaluation return: -2081.348943
Virt Env evaluation return: 1961.151622
stages: 25.000000
Real Env evaluation return: -1996.348869
Virt Env evaluation return: 193.005502
stages: 26.000000
Real Env evaluation return: -1988.087077
Virt Env evaluation return: -1529416.704805
stages: 27.000000
Real Env evaluation return: -2129.624936
Virt Env evaluation return: -134886.568664
stages: 28.000000
Real Env evaluation return: -2221.440302
Virt Env evaluation return: 2015.220403
stages: 29.000000
Real Env evaluation return: -2293.451581
Virt Env evaluation return: -13499.175308
stages: 30.000000
Real Env evaluation return: -2278.241616
Virt Env evaluation return: -148281.550988
stages: 31.000000
Real Env evaluation return: -2564.588272
Virt Env evaluation return: -99325.285276
stages: 32.000000
Real Env evaluation return: -2339.523081
Virt Env evaluation return: 8925.113936
stages: 33.000000
Real Env evaluation return: -2270.473189
Virt Env evaluation return: 4630.451543
stages: 34.000000
Real Env evaluation return: -2367.237284
Virt Env evaluation return: 5956.734719
stages: 35.000000
Real Env evaluation return: -2383.596422
Virt Env evaluation return: 3632.883635
stages: 36.000000
Real Env evaluation return: -2210.992440
Virt Env evaluation return: 3675.058482
stages: 37.000000
Real Env evaluation return: -2189.205291
Virt Env evaluation return: 5996.792618
stages: 38.000000
Real Env evaluation return: -2105.286090
Virt Env evaluation return: -63621.543034
stages: 39.000000
Real Env evaluation return: -2259.740082
Virt Env evaluation return: -228012.062646
stages: 40.000000
Real Env evaluation return: -2220.851069
Virt Env evaluation return: 12702.088842
stages: 41.000000
Real Env evaluation return: -2009.257446
Virt Env evaluation return: 2070.803868
stages: 42.000000
Real Env evaluation return: -2056.511487
Virt Env evaluation return: -75387.109802
stages: 43.000000
Real Env evaluation return: -2094.414522
Virt Env evaluation return: -2210.163288
stages: 44.000000
Real Env evaluation return: -512.789696
Virt Env evaluation return: -2291040.783905
stages: 45.000000
Real Env evaluation return: -1349.906133
Virt Env evaluation return: -672253.359173
stages: 46.000000
Real Env evaluation return: -1958.841139
Virt Env evaluation return: 1280.013811
stages: 47.000000
Real Env evaluation return: -2221.299288
Virt Env evaluation return: -1747698.986974
stages: 48.000000
Real Env evaluation return: -1769.644147
Virt Env evaluation return: 437.901971
stages: 49.000000
Real Env evaluation return: -1884.697329
Virt Env evaluation return: 3734.835375
stages: 50.000000
Real Env evaluation return: -1784.612373
Virt Env evaluation return: -1927.133604
stages: 51.000000
Real Env evaluation return: -1605.478932
Virt Env evaluation return: 3479.465539
stages: 52.000000
Real Env evaluation return: 62.706117
Virt Env evaluation return: 663.692247
stages: 53.000000
Real Env evaluation return: -1634.721331
Virt Env evaluation return: -1835.097175
stages: 54.000000
Real Env evaluation return: -2427.077142
Virt Env evaluation return: 2882.080313
stages: 55.000000
Real Env evaluation return: -2148.989175
Virt Env evaluation return: 866.623660
stages: 56.000000
Real Env evaluation return: -2376.352338
Virt Env evaluation return: -156885.793091
stages: 57.000000
Real Env evaluation return: -1420.844676
Virt Env evaluation return: 3236.856882
stages: 58.000000
Real Env evaluation return: -1526.482434
Virt Env evaluation return: -315740.718412
stages: 59.000000
Real Env evaluation return: -2616.987330
Virt Env evaluation return: -1200.215276
stages: 60.000000
Real Env evaluation return: -2314.224912
Virt Env evaluation return: -115521.092210
stages: 61.000000
Real Env evaluation return: -1219.127287
Virt Env evaluation return: 1514.416859
stages: 62.000000
Real Env evaluation return: -1372.534347
Virt Env evaluation return: 924.316917
stages: 63.000000
Real Env evaluation return: -1769.715202
Virt Env evaluation return: 753.194563
stages: 64.000000
Real Env evaluation return: -2060.430697
Virt Env evaluation return: 1448.942295
stages: 65.000000
Real Env evaluation return: -1434.551445
Virt Env evaluation return: 307.255098
stages: 66.000000
Real Env evaluation return: -1718.633314
Virt Env evaluation return: -17.038402
stages: 67.000000
Real Env evaluation return: -778.491058
Virt Env evaluation return: -1669.864921
stages: 68.000000
Real Env evaluation return: -598.098304
Virt Env evaluation return: 2463.386192
stages: 69.000000
Real Env evaluation return: -1504.743313
Virt Env evaluation return: -1386.317188
stages: 70.000000
Real Env evaluation return: -1796.242472
Virt Env evaluation return: 1916.567637
stages: 71.000000
Real Env evaluation return: -1853.303949
Virt Env evaluation return: 1641.480051
stages: 72.000000
Real Env evaluation return: -1774.329069
Virt Env evaluation return: 960.025772
stages: 73.000000
Real Env evaluation return: -1860.852327
Virt Env evaluation return: 1460.673809
stages: 74.000000
Real Env evaluation return: -1760.499692
Virt Env evaluation return: 1016.257150
stages: 75.000000
Real Env evaluation return: -1686.262607
Virt Env evaluation return: 1726.139762
stages: 76.000000
Real Env evaluation return: -1678.625088
Virt Env evaluation return: 2269.027517
stages: 77.000000
Real Env evaluation return: -1703.398434
Virt Env evaluation return: 4034.212411
stages: 78.000000
Real Env evaluation return: -1638.468800
Virt Env evaluation return: 2464.647999
stages: 79.000000
Real Env evaluation return: -1463.273559
Virt Env evaluation return: 4330.373614
stages: 80.000000
Real Env evaluation return: -1551.315472
Virt Env evaluation return: 985.952872
stages: 81.000000
Real Env evaluation return: -1180.359296
Virt Env evaluation return: 3634.733544
stages: 82.000000
Real Env evaluation return: -1409.010682
Virt Env evaluation return: 1879.654236
stages: 83.000000
Real Env evaluation return: -1263.961024
Virt Env evaluation return: 4316.097979
stages: 84.000000
Real Env evaluation return: -1044.184647
Virt Env evaluation return: 3861.820527
stages: 85.000000
Real Env evaluation return: -576.805961
Virt Env evaluation return: 2119.915734
stages: 86.000000
Real Env evaluation return: -762.812491
Virt Env evaluation return: 1899.048769
stages: 87.000000
Real Env evaluation return: -902.017977
Virt Env evaluation return: 6077.563625
stages: 88.000000
Real Env evaluation return: -1289.450335
Virt Env evaluation return: 4478.089697
stages: 89.000000
Real Env evaluation return: -1318.121258
Virt Env evaluation return: 891.941016
stages: 90.000000
Real Env evaluation return: -1311.902678
Virt Env evaluation return: 2432.963505
stages: 91.000000
Real Env evaluation return: -1220.987490
Virt Env evaluation return: 7174.260875
stages: 92.000000
Real Env evaluation return: -1225.019571
Virt Env evaluation return: 3104.459075
stages: 93.000000
Real Env evaluation return: -1234.325942
Virt Env evaluation return: 6707.276408
stages: 94.000000
Real Env evaluation return: -1505.494388
Virt Env evaluation return: 8565.209344
stages: 95.000000
Real Env evaluation return: -1358.103059
Virt Env evaluation return: 2952.434367
stages: 96.000000
Real Env evaluation return: -1221.261939
Virt Env evaluation return: 1588.104825
stages: 97.000000
Real Env evaluation return: -1060.476812
Virt Env evaluation return: -421.449896
stages: 98.000000
Real Env evaluation return: -1407.276876
Virt Env evaluation return: 3691.233125
stages: 99.000000
Real Env evaluation return: -1400.653799
Virt Env evaluation return: 4541.074262
stages: 100.000000
Real Env evaluation return: -1305.347862
Virt Env evaluation return: 3307.210187
stages: 101.000000
Real Env evaluation return: -1304.839786
Virt Env evaluation return: -241.823268
stages: 102.000000
Real Env evaluation return: -1376.950565
Virt Env evaluation return: 2153.190580
stages: 103.000000
Real Env evaluation return: -1254.899743
Virt Env evaluation return: 1233.572076
stages: 104.000000
Real Env evaluation return: -1429.075702
Virt Env evaluation return: 1945.045479
stages: 105.000000
Real Env evaluation return: -1441.201159
Virt Env evaluation return: 4061.407908
stages: 106.000000
Real Env evaluation return: -1174.941123
Virt Env evaluation return: 2276.675229
stages: 107.000000
Real Env evaluation return: -566.942215
Virt Env evaluation return: 2233.839266
stages: 108.000000
Real Env evaluation return: -986.416942
Virt Env evaluation return: 4915.426182
stages: 109.000000
Real Env evaluation return: -1120.960490
Virt Env evaluation return: 3418.680566
stages: 110.000000
Real Env evaluation return: -1369.966178
Virt Env evaluation return: 3087.112640
stages: 111.000000
Real Env evaluation return: -832.500373
Virt Env evaluation return: 2696.952231
stages: 112.000000
Real Env evaluation return: -1192.645492
Virt Env evaluation return: -18333.919904
stages: 113.000000
Real Env evaluation return: -1022.265722
Virt Env evaluation return: 3405.399288
stages: 114.000000
Real Env evaluation return: -1245.387296
Virt Env evaluation return: -666.618833
stages: 115.000000
Real Env evaluation return: -1213.225781
Virt Env evaluation return: 2144.027882
stages: 116.000000
Real Env evaluation return: -1079.188956
Virt Env evaluation return: 1571.376089
stages: 117.000000
Real Env evaluation return: -1425.488234
Virt Env evaluation return: 3957.172648
stages: 118.000000
Real Env evaluation return: -1344.706621
Virt Env evaluation return: -43492.190346
stages: 119.000000
Real Env evaluation return: -1363.876670
Virt Env evaluation return: 2452.946567
stages: 120.000000
Real Env evaluation return: -1131.927735
Virt Env evaluation return: 2054.299989
