stages: 0.000000
Real Env evaluation return: -283.215113
Virt Env evaluation return: -2955.673928
stages: 1.000000
Real Env evaluation return: -8.786507
Virt Env evaluation return: -17.024964
stages: 2.000000
Real Env evaluation return: 873.355459
Virt Env evaluation return: 28.178613
stages: 3.000000
Real Env evaluation return: 911.327020
Virt Env evaluation return: 193.220569
stages: 4.000000
Real Env evaluation return: 407.774891
Virt Env evaluation return: 144.795528
stages: 5.000000
Real Env evaluation return: 337.841958
Virt Env evaluation return: 385.147943
stages: 6.000000
Real Env evaluation return: 193.797105
Virt Env evaluation return: 510.390719
stages: 7.000000
Real Env evaluation return: 64.008217
Virt Env evaluation return: 480.926208
stages: 8.000000
Real Env evaluation return: 32.135981
Virt Env evaluation return: 498.819163
stages: 9.000000
Real Env evaluation return: 114.485311
Virt Env evaluation return: 596.434673
stages: 10.000000
Real Env evaluation return: 700.151417
Virt Env evaluation return: 902.055884
stages: 11.000000
Real Env evaluation return: 514.814236
Virt Env evaluation return: 363.569313
stages: 12.000000
Real Env evaluation return: 666.863650
Virt Env evaluation return: 831.322967
stages: 13.000000
Real Env evaluation return: 457.461479
Virt Env evaluation return: 770.310570
stages: 14.000000
Real Env evaluation return: 555.389537
Virt Env evaluation return: 1005.163095
stages: 15.000000
Real Env evaluation return: 715.850338
Virt Env evaluation return: 1056.209046
stages: 16.000000
Real Env evaluation return: 722.040627
Virt Env evaluation return: 1066.450943
stages: 17.000000
Real Env evaluation return: 753.969953
Virt Env evaluation return: 379.527377
stages: 18.000000
Real Env evaluation return: 667.150276
Virt Env evaluation return: 1256.038941
stages: 19.000000
Real Env evaluation return: 668.118455
Virt Env evaluation return: 1026.288901
stages: 20.000000
Real Env evaluation return: 716.209690
Virt Env evaluation return: 882.098177
stages: 21.000000
Real Env evaluation return: 727.894184
Virt Env evaluation return: 991.424951
stages: 22.000000
Real Env evaluation return: 726.235369
Virt Env evaluation return: 1133.525380
stages: 23.000000
Real Env evaluation return: 761.306662
Virt Env evaluation return: 955.831065
stages: 24.000000
Real Env evaluation return: 743.206518
Virt Env evaluation return: 1021.503189
stages: 25.000000
Real Env evaluation return: 746.133210
Virt Env evaluation return: 1205.186687
stages: 26.000000
Real Env evaluation return: 751.612532
Virt Env evaluation return: 929.813519
stages: 27.000000
Real Env evaluation return: 791.014412
Virt Env evaluation return: 905.983255
stages: 28.000000
Real Env evaluation return: 762.294730
Virt Env evaluation return: 1334.859998
stages: 29.000000
Real Env evaluation return: 699.934216
Virt Env evaluation return: 1284.453547
stages: 30.000000
Real Env evaluation return: 646.157922
Virt Env evaluation return: 1179.400565
stages: 31.000000
Real Env evaluation return: 651.331359
Virt Env evaluation return: 1034.674286
stages: 32.000000
Real Env evaluation return: 675.438977
Virt Env evaluation return: 1235.101232
stages: 33.000000
Real Env evaluation return: 678.582784
Virt Env evaluation return: 613.520096
stages: 34.000000
Real Env evaluation return: 657.561782
Virt Env evaluation return: 749.120001
stages: 35.000000
Real Env evaluation return: 679.767507
Virt Env evaluation return: 927.458887
stages: 36.000000
Real Env evaluation return: 689.404184
Virt Env evaluation return: 889.484210
stages: 37.000000
Real Env evaluation return: 673.552142
Virt Env evaluation return: 747.089169
stages: 38.000000
Real Env evaluation return: 666.894259
Virt Env evaluation return: 1191.926402
stages: 39.000000
Real Env evaluation return: 681.627413
Virt Env evaluation return: 384.246985
stages: 40.000000
Real Env evaluation return: 672.842266
Virt Env evaluation return: 954.885776
stages: 41.000000
Real Env evaluation return: 609.823436
Virt Env evaluation return: 807.798548
stages: 42.000000
Real Env evaluation return: 556.846557
Virt Env evaluation return: 1007.732678
stages: 43.000000
Real Env evaluation return: 551.182019
Virt Env evaluation return: 1209.791477
stages: 44.000000
Real Env evaluation return: 563.791346
Virt Env evaluation return: 1302.190318
stages: 45.000000
Real Env evaluation return: 605.852032
Virt Env evaluation return: 1094.038582
stages: 46.000000
Real Env evaluation return: 581.882841
Virt Env evaluation return: 937.623761
stages: 47.000000
Real Env evaluation return: 555.114828
Virt Env evaluation return: 1078.145740
stages: 48.000000
Real Env evaluation return: 586.006705
Virt Env evaluation return: 903.944374
stages: 49.000000
Real Env evaluation return: 684.305028
Virt Env evaluation return: 1128.380037
stages: 50.000000
Real Env evaluation return: 681.777131
Virt Env evaluation return: 1164.931293
stages: 51.000000
Real Env evaluation return: 733.381318
Virt Env evaluation return: 801.067743
stages: 52.000000
Real Env evaluation return: 733.750287
Virt Env evaluation return: 876.015868
stages: 53.000000
Real Env evaluation return: 735.108352
Virt Env evaluation return: 814.802019
stages: 54.000000
Real Env evaluation return: 755.203365
Virt Env evaluation return: 1005.046297
stages: 55.000000
Real Env evaluation return: 783.307681
Virt Env evaluation return: 885.665090
stages: 56.000000
Real Env evaluation return: 779.381854
Virt Env evaluation return: 718.191050
stages: 57.000000
Real Env evaluation return: 786.174116
Virt Env evaluation return: 949.434881
stages: 58.000000
Real Env evaluation return: 789.230543
Virt Env evaluation return: 783.111865
stages: 59.000000
Real Env evaluation return: 775.741727
Virt Env evaluation return: 870.830585
stages: 60.000000
Real Env evaluation return: 776.622717
Virt Env evaluation return: 789.027778
stages: 61.000000
Real Env evaluation return: 740.470304
Virt Env evaluation return: 990.578745
stages: 62.000000
Real Env evaluation return: 736.875309
Virt Env evaluation return: 1301.834231
stages: 63.000000
Real Env evaluation return: 693.271025
Virt Env evaluation return: 1050.700894
stages: 64.000000
Real Env evaluation return: 666.365968
Virt Env evaluation return: 1274.803208
stages: 65.000000
Real Env evaluation return: 715.121364
Virt Env evaluation return: 1031.465141
stages: 66.000000
Real Env evaluation return: 726.906574
Virt Env evaluation return: 552.777783
stages: 67.000000
Real Env evaluation return: 727.588637
Virt Env evaluation return: 1103.878175
stages: 68.000000
Real Env evaluation return: 797.470850
Virt Env evaluation return: 466.840474
stages: 69.000000
Real Env evaluation return: 795.333788
Virt Env evaluation return: 834.813346
stages: 70.000000
Real Env evaluation return: 831.317695
Virt Env evaluation return: 957.265186
stages: 71.000000
Real Env evaluation return: 835.295281
Virt Env evaluation return: 1235.393117
stages: 72.000000
Real Env evaluation return: 864.274380
Virt Env evaluation return: 893.926512
stages: 73.000000
Real Env evaluation return: 881.250618
Virt Env evaluation return: 750.003951
stages: 74.000000
Real Env evaluation return: 886.821935
Virt Env evaluation return: 1071.061260
stages: 75.000000
Real Env evaluation return: 913.702577
Virt Env evaluation return: 1015.883513
stages: 76.000000
Real Env evaluation return: 938.033974
Virt Env evaluation return: 934.045891
stages: 77.000000
Real Env evaluation return: 962.852590
Virt Env evaluation return: 1353.499741
stages: 78.000000
Real Env evaluation return: 947.523769
Virt Env evaluation return: 834.241595
stages: 79.000000
Real Env evaluation return: 931.504426
Virt Env evaluation return: 1502.086397
stages: 80.000000
Real Env evaluation return: 858.997943
Virt Env evaluation return: 861.640938
stages: 81.000000
Real Env evaluation return: 882.905783
Virt Env evaluation return: 596.280183
stages: 82.000000
Real Env evaluation return: 877.321998
Virt Env evaluation return: 861.824475
stages: 83.000000
Real Env evaluation return: 893.041679
Virt Env evaluation return: 1048.492472
stages: 84.000000
Real Env evaluation return: 890.848511
Virt Env evaluation return: 1029.406156
stages: 85.000000
Real Env evaluation return: 876.359218
Virt Env evaluation return: 673.761846
stages: 86.000000
Real Env evaluation return: 827.957379
Virt Env evaluation return: 705.321108
stages: 87.000000
Real Env evaluation return: 926.582987
Virt Env evaluation return: 1154.076224
stages: 88.000000
Real Env evaluation return: 864.902417
Virt Env evaluation return: 729.886008
stages: 89.000000
Real Env evaluation return: 676.028298
Virt Env evaluation return: 987.957749
stages: 90.000000
Real Env evaluation return: 727.401441
Virt Env evaluation return: 1037.094106
stages: 91.000000
Real Env evaluation return: 695.268276
Virt Env evaluation return: 1076.925435
stages: 92.000000
Real Env evaluation return: 741.353555
Virt Env evaluation return: 1133.704694
stages: 93.000000
Real Env evaluation return: 649.646391
Virt Env evaluation return: 951.852061
stages: 94.000000
Real Env evaluation return: 568.664741
Virt Env evaluation return: 986.450563
stages: 95.000000
Real Env evaluation return: 705.950802
Virt Env evaluation return: 629.292837
stages: 96.000000
Real Env evaluation return: 769.871689
Virt Env evaluation return: 776.543154
stages: 97.000000
Real Env evaluation return: 765.464689
Virt Env evaluation return: 678.662558
stages: 98.000000
Real Env evaluation return: 772.017835
Virt Env evaluation return: 912.446084
stages: 99.000000
Real Env evaluation return: 746.760065
Virt Env evaluation return: 894.534014
stages: 100.000000
Real Env evaluation return: 648.427776
Virt Env evaluation return: 1094.517995
stages: 101.000000
Real Env evaluation return: 570.852240
Virt Env evaluation return: 1032.928280
stages: 102.000000
Real Env evaluation return: 739.353372
Virt Env evaluation return: 1291.624302
stages: 103.000000
Real Env evaluation return: 641.718664
Virt Env evaluation return: 930.465825
stages: 104.000000
Real Env evaluation return: 634.587057
Virt Env evaluation return: 1011.311020
stages: 105.000000
Real Env evaluation return: 606.360185
Virt Env evaluation return: 792.833326
stages: 106.000000
Real Env evaluation return: 670.845021
Virt Env evaluation return: 772.344984
stages: 107.000000
Real Env evaluation return: 732.770465
Virt Env evaluation return: 833.400136
stages: 108.000000
Real Env evaluation return: 549.008492
Virt Env evaluation return: 931.623490
stages: 109.000000
Real Env evaluation return: 652.550799
Virt Env evaluation return: 1185.987065
stages: 110.000000
Real Env evaluation return: 649.533797
Virt Env evaluation return: 948.443987
stages: 111.000000
Real Env evaluation return: 595.854122
Virt Env evaluation return: 1072.394752
stages: 112.000000
Real Env evaluation return: 643.366037
Virt Env evaluation return: 827.235612
stages: 113.000000
Real Env evaluation return: 672.248260
Virt Env evaluation return: 1199.686753
stages: 114.000000
Real Env evaluation return: 690.213136
Virt Env evaluation return: 957.416076
stages: 115.000000
Real Env evaluation return: 584.712990
Virt Env evaluation return: 740.916191
stages: 116.000000
Real Env evaluation return: 390.005169
Virt Env evaluation return: 728.380968
stages: 117.000000
Real Env evaluation return: 448.702084
Virt Env evaluation return: 756.281187
stages: 118.000000
Real Env evaluation return: 275.302164
Virt Env evaluation return: 1193.474195
stages: 119.000000
Real Env evaluation return: 372.273472
Virt Env evaluation return: 851.848492
stages: 120.000000
Real Env evaluation return: 330.904455
Virt Env evaluation return: 719.111638
stages: 121.000000
Real Env evaluation return: 375.012168
Virt Env evaluation return: 658.568451
stages: 122.000000
Real Env evaluation return: 381.166738
Virt Env evaluation return: 310.624709
stages: 123.000000
Real Env evaluation return: 346.391166
Virt Env evaluation return: 820.579540
stages: 124.000000
Real Env evaluation return: 307.483468
Virt Env evaluation return: 868.872098
stages: 125.000000
Real Env evaluation return: 422.302096
Virt Env evaluation return: 1376.120058
stages: 126.000000
Real Env evaluation return: 512.141185
Virt Env evaluation return: 540.483139
stages: 127.000000
Real Env evaluation return: 621.811767
Virt Env evaluation return: 865.895715
stages: 128.000000
Real Env evaluation return: 497.949871
Virt Env evaluation return: 1237.913696
stages: 129.000000
Real Env evaluation return: 503.550830
Virt Env evaluation return: 717.735410
stages: 130.000000
Real Env evaluation return: 534.719392
Virt Env evaluation return: 896.317173
stages: 131.000000
Real Env evaluation return: 513.484051
Virt Env evaluation return: 770.899765
stages: 132.000000
Real Env evaluation return: 559.980533
Virt Env evaluation return: 169.007413
stages: 133.000000
Real Env evaluation return: 664.479436
Virt Env evaluation return: 965.243842
stages: 134.000000
Real Env evaluation return: 465.992254
Virt Env evaluation return: 673.057392
stages: 135.000000
Real Env evaluation return: 480.827739
Virt Env evaluation return: 1136.046340
stages: 136.000000
Real Env evaluation return: 593.711916
Virt Env evaluation return: 816.514263
stages: 137.000000
Real Env evaluation return: 461.219147
Virt Env evaluation return: -344.124228
stages: 138.000000
Real Env evaluation return: 377.643558
Virt Env evaluation return: 1325.092404
stages: 139.000000
Real Env evaluation return: 495.401657
Virt Env evaluation return: 441.440619
stages: 140.000000
Real Env evaluation return: 557.859912
Virt Env evaluation return: 972.261956
stages: 141.000000
Real Env evaluation return: 489.107007
Virt Env evaluation return: 1369.144760
stages: 142.000000
Real Env evaluation return: 525.780569
Virt Env evaluation return: 1241.404227
stages: 143.000000
Real Env evaluation return: 500.148803
Virt Env evaluation return: 269.211445
stages: 144.000000
Real Env evaluation return: 648.591989
Virt Env evaluation return: 1038.930534
stages: 145.000000
Real Env evaluation return: 418.691239
Virt Env evaluation return: 579.798289
stages: 146.000000
Real Env evaluation return: 545.370651
Virt Env evaluation return: 757.292351
stages: 147.000000
Real Env evaluation return: 786.393575
Virt Env evaluation return: 579.544985
stages: 148.000000
Real Env evaluation return: 710.709854
Virt Env evaluation return: 768.526853
stages: 149.000000
Real Env evaluation return: 623.515630
Virt Env evaluation return: 794.683716
stages: 150.000000
Real Env evaluation return: 629.699400
Virt Env evaluation return: 785.965580
stages: 151.000000
Real Env evaluation return: 674.279165
Virt Env evaluation return: 370.355926
stages: 152.000000
Real Env evaluation return: 654.779912
Virt Env evaluation return: 760.318761
stages: 153.000000
Real Env evaluation return: 690.982214
Virt Env evaluation return: 733.821372
stages: 154.000000
Real Env evaluation return: 793.534801
Virt Env evaluation return: 1299.716139
stages: 155.000000
Real Env evaluation return: 679.830002
Virt Env evaluation return: 965.443415
stages: 156.000000
Real Env evaluation return: 652.165031
Virt Env evaluation return: 684.295899
stages: 157.000000
Real Env evaluation return: 662.324544
Virt Env evaluation return: 662.276653
stages: 158.000000
Real Env evaluation return: 636.552659
Virt Env evaluation return: 758.779944
stages: 159.000000
Real Env evaluation return: 605.414713
Virt Env evaluation return: 215.808603
stages: 160.000000
Real Env evaluation return: 448.894160
Virt Env evaluation return: 590.016391
stages: 161.000000
Real Env evaluation return: 687.924857
Virt Env evaluation return: 736.787271
stages: 162.000000
Real Env evaluation return: 513.587676
Virt Env evaluation return: 1101.580318
stages: 163.000000
Real Env evaluation return: 604.477784
Virt Env evaluation return: 639.388298
stages: 164.000000
Real Env evaluation return: 600.978712
Virt Env evaluation return: 1011.891686
stages: 165.000000
Real Env evaluation return: 640.492427
Virt Env evaluation return: 570.742338
stages: 166.000000
Real Env evaluation return: 559.066696
Virt Env evaluation return: 709.958127
stages: 167.000000
Real Env evaluation return: 611.777208
Virt Env evaluation return: 978.167785
stages: 168.000000
Real Env evaluation return: 549.673531
Virt Env evaluation return: 794.750391
stages: 169.000000
Real Env evaluation return: 458.186966
Virt Env evaluation return: 1134.885557
stages: 170.000000
Real Env evaluation return: 405.907803
Virt Env evaluation return: 926.563424
stages: 171.000000
Real Env evaluation return: 451.509497
Virt Env evaluation return: 921.578737
stages: 172.000000
Real Env evaluation return: 518.161060
Virt Env evaluation return: 399.060583
stages: 173.000000
Real Env evaluation return: 496.939170
Virt Env evaluation return: 936.955328
stages: 174.000000
Real Env evaluation return: 409.235746
Virt Env evaluation return: 993.544415
stages: 175.000000
Real Env evaluation return: 498.475423
Virt Env evaluation return: 1157.096962
stages: 176.000000
Real Env evaluation return: 458.963362
Virt Env evaluation return: 1094.440203
stages: 177.000000
Real Env evaluation return: 589.913617
Virt Env evaluation return: 405.336699
stages: 178.000000
Real Env evaluation return: 428.470069
Virt Env evaluation return: 745.622653
stages: 179.000000
Real Env evaluation return: 397.244585
Virt Env evaluation return: 809.171649
stages: 180.000000
Real Env evaluation return: 366.826936
Virt Env evaluation return: 1146.368914
stages: 181.000000
Real Env evaluation return: 479.844837
Virt Env evaluation return: 891.806154
stages: 182.000000
Real Env evaluation return: 265.585061
Virt Env evaluation return: 590.163444
stages: 183.000000
Real Env evaluation return: 440.399243
Virt Env evaluation return: 265.994170
stages: 184.000000
Real Env evaluation return: 437.760471
Virt Env evaluation return: 1170.459648
stages: 185.000000
Real Env evaluation return: 524.667870
Virt Env evaluation return: 834.210650
stages: 186.000000
Real Env evaluation return: 359.322181
Virt Env evaluation return: 689.499958
stages: 187.000000
Real Env evaluation return: 411.224487
Virt Env evaluation return: 1365.659952
stages: 188.000000
Real Env evaluation return: 308.214317
Virt Env evaluation return: 635.158759
stages: 189.000000
Real Env evaluation return: 399.065630
Virt Env evaluation return: 480.073454
stages: 190.000000
Real Env evaluation return: 394.654408
Virt Env evaluation return: 545.530809
stages: 191.000000
Real Env evaluation return: 354.573756
Virt Env evaluation return: 1078.168901
stages: 192.000000
Real Env evaluation return: 266.049204
Virt Env evaluation return: 489.669734
stages: 193.000000
Real Env evaluation return: 262.141154
Virt Env evaluation return: -534.977726
stages: 194.000000
Real Env evaluation return: 388.549474
Virt Env evaluation return: 512.089046
stages: 195.000000
Real Env evaluation return: 514.349944
Virt Env evaluation return: 765.259123
stages: 196.000000
Real Env evaluation return: 338.774752
Virt Env evaluation return: 790.645843
stages: 197.000000
Real Env evaluation return: 307.549901
Virt Env evaluation return: 556.051835
stages: 198.000000
Real Env evaluation return: 379.786783
Virt Env evaluation return: 837.775479
stages: 199.000000
Real Env evaluation return: 468.526680
Virt Env evaluation return: 1282.388658
stages: 200.000000
Real Env evaluation return: 339.921859
Virt Env evaluation return: 843.796542
stages: 201.000000
Real Env evaluation return: 423.102326
Virt Env evaluation return: 674.442959
stages: 202.000000
Real Env evaluation return: 423.549965
Virt Env evaluation return: 518.725160
stages: 203.000000
Real Env evaluation return: 426.240827
Virt Env evaluation return: 825.557200
stages: 204.000000
Real Env evaluation return: 512.317110
Virt Env evaluation return: 662.987049
stages: 205.000000
Real Env evaluation return: 575.705758
Virt Env evaluation return: 402.905361
stages: 206.000000
Real Env evaluation return: 495.561116
Virt Env evaluation return: 588.619300
stages: 207.000000
Real Env evaluation return: 514.219609
Virt Env evaluation return: 885.326766
stages: 208.000000
Real Env evaluation return: 667.427721
Virt Env evaluation return: 784.401231
stages: 209.000000
Real Env evaluation return: 568.212423
Virt Env evaluation return: 447.185788
stages: 210.000000
Real Env evaluation return: 504.323293
Virt Env evaluation return: 451.015049
stages: 211.000000
Real Env evaluation return: 586.094264
Virt Env evaluation return: 801.926402
stages: 212.000000
Real Env evaluation return: 618.356510
Virt Env evaluation return: 679.048919
stages: 213.000000
Real Env evaluation return: 559.588067
Virt Env evaluation return: 92.565925
stages: 214.000000
Real Env evaluation return: 658.249741
Virt Env evaluation return: 730.824673
stages: 215.000000
Real Env evaluation return: 748.508687
Virt Env evaluation return: 442.559624
stages: 216.000000
Real Env evaluation return: 473.143147
Virt Env evaluation return: 374.725254
stages: 217.000000
Real Env evaluation return: 512.389445
Virt Env evaluation return: 668.420671
stages: 218.000000
Real Env evaluation return: 390.301868
Virt Env evaluation return: 1009.068925
stages: 219.000000
Real Env evaluation return: 561.480252
Virt Env evaluation return: 441.859925
stages: 220.000000
Real Env evaluation return: 602.899422
Virt Env evaluation return: 420.100451
stages: 221.000000
Real Env evaluation return: 518.311055
Virt Env evaluation return: 1034.366608
stages: 222.000000
Real Env evaluation return: 645.254950
Virt Env evaluation return: 817.503191
stages: 223.000000
Real Env evaluation return: 705.352565
Virt Env evaluation return: 666.230969
stages: 224.000000
Real Env evaluation return: 561.965181
Virt Env evaluation return: 543.282459
stages: 225.000000
Real Env evaluation return: 582.754599
Virt Env evaluation return: 529.390342
stages: 226.000000
Real Env evaluation return: 673.787015
Virt Env evaluation return: 534.574365
stages: 227.000000
Real Env evaluation return: 572.580760
Virt Env evaluation return: 497.206690
stages: 228.000000
Real Env evaluation return: 750.262210
Virt Env evaluation return: 1074.176189
stages: 229.000000
Real Env evaluation return: 556.226963
Virt Env evaluation return: 637.331652
stages: 230.000000
Real Env evaluation return: 546.247768
Virt Env evaluation return: -830.936414
stages: 231.000000
Real Env evaluation return: 661.198702
Virt Env evaluation return: 1115.270085
stages: 232.000000
Real Env evaluation return: 613.726690
Virt Env evaluation return: 655.137128
stages: 233.000000
Real Env evaluation return: 545.873671
Virt Env evaluation return: 622.358472
stages: 234.000000
Real Env evaluation return: 573.113713
Virt Env evaluation return: 974.104015
stages: 235.000000
Real Env evaluation return: 531.695994
Virt Env evaluation return: 585.148151
stages: 236.000000
Real Env evaluation return: 507.573377
Virt Env evaluation return: 704.163801
stages: 237.000000
Real Env evaluation return: 633.594440
Virt Env evaluation return: 561.066156
stages: 238.000000
Real Env evaluation return: 349.031254
Virt Env evaluation return: 819.990670
stages: 239.000000
Real Env evaluation return: 323.657610
Virt Env evaluation return: 374.968031
stages: 240.000000
Real Env evaluation return: 395.538438
Virt Env evaluation return: 538.184376
stages: 241.000000
Real Env evaluation return: 397.731722
Virt Env evaluation return: 822.841190
stages: 242.000000
Real Env evaluation return: 477.839932
Virt Env evaluation return: 961.089888
stages: 243.000000
Real Env evaluation return: 552.251213
Virt Env evaluation return: 640.473333
stages: 244.000000
Real Env evaluation return: 491.942250
Virt Env evaluation return: 1007.205628
stages: 245.000000
Real Env evaluation return: 594.434920
Virt Env evaluation return: 679.592434
stages: 246.000000
Real Env evaluation return: 405.982993
Virt Env evaluation return: 685.490883
stages: 247.000000
Real Env evaluation return: 535.501440
Virt Env evaluation return: 1299.761306
stages: 248.000000
Real Env evaluation return: 355.334007
Virt Env evaluation return: 774.702809
stages: 249.000000
Real Env evaluation return: 452.441156
Virt Env evaluation return: 656.570134
stages: 250.000000
Real Env evaluation return: 627.347287
Virt Env evaluation return: 705.538207
stages: 251.000000
Real Env evaluation return: 628.167299
Virt Env evaluation return: 324.443785
stages: 252.000000
Real Env evaluation return: 532.890038
Virt Env evaluation return: 665.266229
stages: 253.000000
Real Env evaluation return: 667.015621
Virt Env evaluation return: 711.857535
stages: 254.000000
Real Env evaluation return: 592.702555
Virt Env evaluation return: 460.565658
stages: 255.000000
Real Env evaluation return: 589.983998
Virt Env evaluation return: 340.260037
stages: 256.000000
Real Env evaluation return: 368.634627
Virt Env evaluation return: 865.194783
stages: 257.000000
Real Env evaluation return: 431.322142
Virt Env evaluation return: 477.360297
stages: 258.000000
Real Env evaluation return: 500.447259
Virt Env evaluation return: 1439.443004
stages: 259.000000
Real Env evaluation return: 482.921785
Virt Env evaluation return: 894.125116
stages: 260.000000
Real Env evaluation return: 422.068499
Virt Env evaluation return: 764.061042
stages: 261.000000
Real Env evaluation return: 601.682170
Virt Env evaluation return: 620.113146
stages: 262.000000
Real Env evaluation return: 593.547725
Virt Env evaluation return: 408.822680
stages: 263.000000
Real Env evaluation return: 659.773410
Virt Env evaluation return: 709.606180
stages: 264.000000
Real Env evaluation return: 413.671166
Virt Env evaluation return: 569.768874
stages: 265.000000
Real Env evaluation return: 588.073693
Virt Env evaluation return: 776.667180
stages: 266.000000
Real Env evaluation return: 309.761601
Virt Env evaluation return: 368.154024
stages: 267.000000
Real Env evaluation return: 605.356842
Virt Env evaluation return: 480.245836
stages: 268.000000
Real Env evaluation return: 496.401745
Virt Env evaluation return: 238.623837
stages: 269.000000
Real Env evaluation return: 484.074007
Virt Env evaluation return: 331.964006
stages: 270.000000
Real Env evaluation return: 424.319751
Virt Env evaluation return: 454.123245
stages: 271.000000
Real Env evaluation return: 471.209707
Virt Env evaluation return: 523.348671
stages: 272.000000
Real Env evaluation return: 479.396657
Virt Env evaluation return: 492.624550
stages: 273.000000
Real Env evaluation return: 481.944571
Virt Env evaluation return: 305.567716
stages: 274.000000
Real Env evaluation return: 665.973844
Virt Env evaluation return: 404.628036
stages: 275.000000
Real Env evaluation return: 515.970254
Virt Env evaluation return: 607.636850
stages: 276.000000
Real Env evaluation return: 561.100342
Virt Env evaluation return: 267.924771
stages: 277.000000
Real Env evaluation return: 531.059107
Virt Env evaluation return: 872.131726
stages: 278.000000
Real Env evaluation return: 510.763947
Virt Env evaluation return: 304.431707
stages: 279.000000
Real Env evaluation return: 353.918313
Virt Env evaluation return: 563.818449
stages: 280.000000
Real Env evaluation return: 426.906878
Virt Env evaluation return: 473.483364
stages: 281.000000
Real Env evaluation return: 429.401149
Virt Env evaluation return: 855.390693
stages: 282.000000
Real Env evaluation return: 526.600624
Virt Env evaluation return: 589.141572
stages: 283.000000
Real Env evaluation return: 565.867022
Virt Env evaluation return: 798.793801
stages: 284.000000
Real Env evaluation return: 609.424295
Virt Env evaluation return: 822.971319
stages: 285.000000
Real Env evaluation return: 511.234104
Virt Env evaluation return: 945.691750
stages: 286.000000
Real Env evaluation return: 525.451579
Virt Env evaluation return: 515.406240
stages: 287.000000
Real Env evaluation return: 485.076228
Virt Env evaluation return: 665.624453
stages: 288.000000
Real Env evaluation return: 430.702001
Virt Env evaluation return: 527.443540
stages: 289.000000
Real Env evaluation return: 476.299790
Virt Env evaluation return: 592.831078
stages: 290.000000
Real Env evaluation return: 505.765604
Virt Env evaluation return: 314.177786
stages: 291.000000
Real Env evaluation return: 437.976323
Virt Env evaluation return: 352.671391
stages: 292.000000
Real Env evaluation return: 400.259389
Virt Env evaluation return: 810.045139
stages: 293.000000
Real Env evaluation return: 597.882802
Virt Env evaluation return: 393.303991
stages: 294.000000
Real Env evaluation return: 510.641982
Virt Env evaluation return: 787.119038
stages: 295.000000
Real Env evaluation return: 418.012982
Virt Env evaluation return: 793.651022
stages: 296.000000
Real Env evaluation return: 581.112246
Virt Env evaluation return: 887.861418
stages: 297.000000
Real Env evaluation return: 616.508534
Virt Env evaluation return: 184.614537
stages: 298.000000
Real Env evaluation return: 702.305056
Virt Env evaluation return: 519.387428
stages: 299.000000
Real Env evaluation return: 695.449915
Virt Env evaluation return: 861.373122
stages: 300.000000
Real Env evaluation return: 534.477285
Virt Env evaluation return: 672.997846
stages: 301.000000
Real Env evaluation return: 462.390969
Virt Env evaluation return: 425.962284
stages: 302.000000
Real Env evaluation return: 466.963220
Virt Env evaluation return: 297.250821
stages: 303.000000
Real Env evaluation return: 457.340082
Virt Env evaluation return: 489.714607
stages: 304.000000
Real Env evaluation return: 535.913515
Virt Env evaluation return: 644.587624
stages: 305.000000
Real Env evaluation return: 448.167077
Virt Env evaluation return: 406.524630
stages: 306.000000
Real Env evaluation return: 440.243454
Virt Env evaluation return: 712.683632
stages: 307.000000
Real Env evaluation return: 418.656166
Virt Env evaluation return: 310.293208
stages: 308.000000
Real Env evaluation return: 362.893481
Virt Env evaluation return: 628.838653
stages: 309.000000
Real Env evaluation return: 428.144278
Virt Env evaluation return: 313.520503
stages: 310.000000
Real Env evaluation return: 353.639799
Virt Env evaluation return: 560.294271
stages: 311.000000
Real Env evaluation return: 324.558939
Virt Env evaluation return: 383.798889
stages: 312.000000
Real Env evaluation return: 322.731283
Virt Env evaluation return: 514.877644
stages: 313.000000
Real Env evaluation return: 322.408468
Virt Env evaluation return: 618.711101
stages: 314.000000
Real Env evaluation return: 554.703859
Virt Env evaluation return: 587.074325
stages: 315.000000
Real Env evaluation return: 339.088004
Virt Env evaluation return: 547.352516
stages: 316.000000
Real Env evaluation return: 286.655493
Virt Env evaluation return: 683.773004
stages: 317.000000
Real Env evaluation return: 308.955057
Virt Env evaluation return: 405.047859
stages: 318.000000
Real Env evaluation return: 387.609783
Virt Env evaluation return: 552.128919
stages: 319.000000
Real Env evaluation return: 308.762106
Virt Env evaluation return: 449.286164
stages: 320.000000
Real Env evaluation return: 401.047780
Virt Env evaluation return: 503.146234
stages: 321.000000
Real Env evaluation return: 408.434575
Virt Env evaluation return: 806.475191
stages: 322.000000
Real Env evaluation return: 533.342646
Virt Env evaluation return: 554.400223
stages: 323.000000
Real Env evaluation return: 393.238369
Virt Env evaluation return: 700.016609
stages: 324.000000
Real Env evaluation return: 392.692382
Virt Env evaluation return: 848.847253
stages: 325.000000
Real Env evaluation return: 511.134332
Virt Env evaluation return: 517.665323
stages: 326.000000
Real Env evaluation return: 492.209205
Virt Env evaluation return: 903.192000
stages: 327.000000
Real Env evaluation return: 673.828779
Virt Env evaluation return: 604.683374
stages: 328.000000
Real Env evaluation return: 579.140378
Virt Env evaluation return: 385.644284
stages: 329.000000
Real Env evaluation return: 399.615085
Virt Env evaluation return: 706.704826
stages: 330.000000
Real Env evaluation return: 480.437331
Virt Env evaluation return: 813.297416
stages: 331.000000
Real Env evaluation return: 298.297057
Virt Env evaluation return: 418.027402
stages: 332.000000
Real Env evaluation return: 271.646073
Virt Env evaluation return: 445.729521
stages: 333.000000
Real Env evaluation return: 395.924800
Virt Env evaluation return: 331.375639
stages: 334.000000
Real Env evaluation return: 476.350362
Virt Env evaluation return: 204.195673
stages: 335.000000
Real Env evaluation return: 333.713638
Virt Env evaluation return: 331.242135
stages: 336.000000
Real Env evaluation return: 581.223806
Virt Env evaluation return: 572.906377
stages: 337.000000
Real Env evaluation return: 494.869318
Virt Env evaluation return: 414.693652
stages: 338.000000
Real Env evaluation return: 532.193432
Virt Env evaluation return: 578.423270
stages: 339.000000
Real Env evaluation return: 461.862955
Virt Env evaluation return: 353.643468
stages: 340.000000
Real Env evaluation return: 338.864839
Virt Env evaluation return: 621.442646
stages: 341.000000
Real Env evaluation return: 293.866097
Virt Env evaluation return: 386.812374
stages: 342.000000
Real Env evaluation return: 282.733930
Virt Env evaluation return: 704.302669
stages: 343.000000
Real Env evaluation return: 281.599424
Virt Env evaluation return: 524.237363
stages: 344.000000
Real Env evaluation return: 364.292469
Virt Env evaluation return: 309.455914
stages: 345.000000
Real Env evaluation return: 305.832680
Virt Env evaluation return: 505.692866
stages: 346.000000
Real Env evaluation return: 427.043718
Virt Env evaluation return: 634.096621
stages: 347.000000
Real Env evaluation return: 470.602496
Virt Env evaluation return: 878.321458
stages: 348.000000
Real Env evaluation return: 352.224366
Virt Env evaluation return: 434.238698
stages: 349.000000
Real Env evaluation return: 432.721737
Virt Env evaluation return: 527.297032
stages: 350.000000
Real Env evaluation return: 518.943736
Virt Env evaluation return: 629.418339
stages: 351.000000
Real Env evaluation return: 430.466267
Virt Env evaluation return: 506.371997
stages: 352.000000
Real Env evaluation return: 415.615568
Virt Env evaluation return: 540.424563
stages: 353.000000
Real Env evaluation return: 447.542584
Virt Env evaluation return: 337.038699
stages: 354.000000
Real Env evaluation return: 506.739610
Virt Env evaluation return: 750.485634
stages: 355.000000
Real Env evaluation return: 426.070218
Virt Env evaluation return: 396.869685
stages: 356.000000
Real Env evaluation return: 460.351484
Virt Env evaluation return: 325.677601
stages: 357.000000
Real Env evaluation return: 592.657818
Virt Env evaluation return: 493.660768
stages: 358.000000
Real Env evaluation return: 493.841173
Virt Env evaluation return: 617.622852
stages: 359.000000
Real Env evaluation return: 569.816851
Virt Env evaluation return: 327.462935
stages: 360.000000
Real Env evaluation return: 638.788504
Virt Env evaluation return: 1006.719148
stages: 361.000000
Real Env evaluation return: 485.611214
Virt Env evaluation return: 443.911389
stages: 362.000000
Real Env evaluation return: 445.815869
Virt Env evaluation return: 335.172384
stages: 363.000000
Real Env evaluation return: 479.492313
Virt Env evaluation return: 763.857897
stages: 364.000000
Real Env evaluation return: 645.242956
Virt Env evaluation return: 430.821224
stages: 365.000000
Real Env evaluation return: 633.633156
Virt Env evaluation return: 487.877457
stages: 366.000000
Real Env evaluation return: 556.088414
Virt Env evaluation return: 620.429996
stages: 367.000000
Real Env evaluation return: 661.613248
Virt Env evaluation return: 474.036079
stages: 368.000000
Real Env evaluation return: 690.807243
Virt Env evaluation return: 599.888530
stages: 369.000000
Real Env evaluation return: 587.132012
Virt Env evaluation return: 397.876074
stages: 370.000000
Real Env evaluation return: 735.997015
Virt Env evaluation return: 716.306566
stages: 371.000000
Real Env evaluation return: 561.597277
Virt Env evaluation return: 494.228474
stages: 372.000000
Real Env evaluation return: 468.892060
Virt Env evaluation return: 787.368650
stages: 373.000000
Real Env evaluation return: 522.941447
Virt Env evaluation return: 480.742249
stages: 374.000000
Real Env evaluation return: 420.525148
Virt Env evaluation return: 304.051861
stages: 375.000000
Real Env evaluation return: 483.451883
Virt Env evaluation return: 359.627696
stages: 376.000000
Real Env evaluation return: 651.523683
Virt Env evaluation return: 574.651015
stages: 377.000000
Real Env evaluation return: 404.855576
Virt Env evaluation return: 406.526780
stages: 378.000000
Real Env evaluation return: 637.432215
Virt Env evaluation return: 474.396388
stages: 379.000000
Real Env evaluation return: 566.424012
Virt Env evaluation return: 720.738488
stages: 380.000000
Real Env evaluation return: 437.474223
Virt Env evaluation return: 332.739268
stages: 381.000000
Real Env evaluation return: 397.433044
Virt Env evaluation return: 497.884165
stages: 382.000000
Real Env evaluation return: 587.859012
Virt Env evaluation return: 607.800844
stages: 383.000000
Real Env evaluation return: 577.402249
Virt Env evaluation return: 495.013121
stages: 384.000000
Real Env evaluation return: 711.987397
Virt Env evaluation return: 575.429602
stages: 385.000000
Real Env evaluation return: 433.254358
Virt Env evaluation return: 564.436626
stages: 386.000000
Real Env evaluation return: 409.250429
Virt Env evaluation return: 645.101823
stages: 387.000000
Real Env evaluation return: 481.275917
Virt Env evaluation return: 784.540466
stages: 388.000000
Real Env evaluation return: 445.851745
Virt Env evaluation return: 322.448256
stages: 389.000000
Real Env evaluation return: 314.213437
Virt Env evaluation return: 650.830378
stages: 390.000000
Real Env evaluation return: 555.566557
Virt Env evaluation return: 280.384488
stages: 391.000000
Real Env evaluation return: 580.583136
Virt Env evaluation return: 751.519555
stages: 392.000000
Real Env evaluation return: 460.607948
Virt Env evaluation return: 814.983321
stages: 393.000000
Real Env evaluation return: 539.970131
Virt Env evaluation return: 507.164631
stages: 394.000000
Real Env evaluation return: 590.596550
Virt Env evaluation return: 450.156769
stages: 395.000000
Real Env evaluation return: 480.343687
Virt Env evaluation return: 434.712797
stages: 396.000000
Real Env evaluation return: 373.172529
Virt Env evaluation return: 483.040678
stages: 397.000000
Real Env evaluation return: 497.151917
Virt Env evaluation return: 443.153936
stages: 398.000000
Real Env evaluation return: 482.057475
Virt Env evaluation return: 546.151181
stages: 399.000000
Real Env evaluation return: 618.412560
Virt Env evaluation return: 473.368825
stages: 400.000000
Real Env evaluation return: 542.423355
Virt Env evaluation return: 390.954251
stages: 401.000000
Real Env evaluation return: 593.166362
Virt Env evaluation return: 585.038748
stages: 402.000000
Real Env evaluation return: 595.829613
Virt Env evaluation return: 450.838841
stages: 403.000000
Real Env evaluation return: 760.984381
Virt Env evaluation return: 641.045124
stages: 404.000000
Real Env evaluation return: 706.454301
Virt Env evaluation return: 617.483733
stages: 405.000000
Real Env evaluation return: 605.139749
Virt Env evaluation return: 321.027816
stages: 406.000000
Real Env evaluation return: 659.580987
Virt Env evaluation return: 506.168334
stages: 407.000000
Real Env evaluation return: 741.989929
Virt Env evaluation return: 314.608961
stages: 408.000000
Real Env evaluation return: 660.864605
Virt Env evaluation return: 238.908722
stages: 409.000000
Real Env evaluation return: 503.444161
Virt Env evaluation return: 433.734823
stages: 410.000000
Real Env evaluation return: 626.057106
Virt Env evaluation return: 304.961184
stages: 411.000000
Real Env evaluation return: 629.462332
Virt Env evaluation return: 527.081748
stages: 412.000000
Real Env evaluation return: 515.150130
Virt Env evaluation return: 449.710875
stages: 413.000000
Real Env evaluation return: 578.512258
Virt Env evaluation return: 660.682127
stages: 414.000000
Real Env evaluation return: 466.393641
Virt Env evaluation return: 733.976546
stages: 415.000000
Real Env evaluation return: 490.302094
Virt Env evaluation return: 481.766023
stages: 416.000000
Real Env evaluation return: 488.441918
Virt Env evaluation return: 677.249231
stages: 417.000000
Real Env evaluation return: 383.277830
Virt Env evaluation return: 510.071364
stages: 418.000000
Real Env evaluation return: 399.681597
Virt Env evaluation return: 266.616701
stages: 419.000000
Real Env evaluation return: 431.155438
Virt Env evaluation return: 472.957734
stages: 420.000000
Real Env evaluation return: 487.297822
Virt Env evaluation return: 381.530943
stages: 421.000000
Real Env evaluation return: 365.793093
Virt Env evaluation return: 476.485356
stages: 422.000000
Real Env evaluation return: 426.227588
Virt Env evaluation return: 422.393740
stages: 423.000000
Real Env evaluation return: 301.854500
Virt Env evaluation return: 243.820548
stages: 424.000000
Real Env evaluation return: 398.042105
Virt Env evaluation return: 585.462598
stages: 425.000000
Real Env evaluation return: 526.843989
Virt Env evaluation return: 395.820970
stages: 426.000000
Real Env evaluation return: 396.053766
Virt Env evaluation return: 817.611260
stages: 427.000000
Real Env evaluation return: 561.866609
Virt Env evaluation return: 402.614976
stages: 428.000000
Real Env evaluation return: 547.149908
Virt Env evaluation return: 122.163703
stages: 429.000000
Real Env evaluation return: 420.089090
Virt Env evaluation return: 279.110054
stages: 430.000000
Real Env evaluation return: 430.609250
Virt Env evaluation return: 653.499466
stages: 431.000000
Real Env evaluation return: 482.493040
Virt Env evaluation return: 345.002238
stages: 432.000000
Real Env evaluation return: 451.703954
Virt Env evaluation return: 433.889727
stages: 433.000000
Real Env evaluation return: 535.538623
Virt Env evaluation return: 352.059309
stages: 434.000000
Real Env evaluation return: 725.712168
Virt Env evaluation return: 689.482000
stages: 435.000000
Real Env evaluation return: 545.768011
Virt Env evaluation return: 456.679478
stages: 436.000000
Real Env evaluation return: 588.169109
Virt Env evaluation return: 632.565392
stages: 437.000000
Real Env evaluation return: 742.075832
Virt Env evaluation return: 702.705394
stages: 438.000000
Real Env evaluation return: 615.498632
Virt Env evaluation return: 268.834419
stages: 439.000000
Real Env evaluation return: 741.506450
Virt Env evaluation return: 385.059449
stages: 440.000000
Real Env evaluation return: 562.912176
Virt Env evaluation return: 346.184717
stages: 441.000000
Real Env evaluation return: 586.508504
Virt Env evaluation return: 668.228957
stages: 442.000000
Real Env evaluation return: 563.476030
Virt Env evaluation return: 436.153526
stages: 443.000000
Real Env evaluation return: 574.467882
Virt Env evaluation return: 324.082234
stages: 444.000000
Real Env evaluation return: 671.064493
Virt Env evaluation return: 474.431483
stages: 445.000000
Real Env evaluation return: 730.554621
Virt Env evaluation return: 393.408342
stages: 446.000000
Real Env evaluation return: 552.999343
Virt Env evaluation return: 701.224818
stages: 447.000000
Real Env evaluation return: 543.007419
Virt Env evaluation return: 385.045740
stages: 448.000000
Real Env evaluation return: 728.462176
Virt Env evaluation return: 891.512735
stages: 449.000000
Real Env evaluation return: 613.846668
Virt Env evaluation return: 303.692495
stages: 450.000000
Real Env evaluation return: 657.692535
Virt Env evaluation return: 347.062195
stages: 451.000000
Real Env evaluation return: 653.339277
Virt Env evaluation return: 317.999292
stages: 452.000000
Real Env evaluation return: 688.599052
Virt Env evaluation return: 565.005364
stages: 453.000000
Real Env evaluation return: 491.406559
Virt Env evaluation return: 497.333838
stages: 454.000000
Real Env evaluation return: 689.450616
Virt Env evaluation return: 373.769353
stages: 455.000000
Real Env evaluation return: 754.768724
Virt Env evaluation return: 359.663334
stages: 456.000000
Real Env evaluation return: 539.855055
Virt Env evaluation return: 208.619993
stages: 457.000000
Real Env evaluation return: 508.467195
Virt Env evaluation return: 414.034831
stages: 458.000000
Real Env evaluation return: 647.447186
Virt Env evaluation return: 262.942326
stages: 459.000000
Real Env evaluation return: 703.540440
Virt Env evaluation return: 363.166345
stages: 460.000000
Real Env evaluation return: 566.414241
Virt Env evaluation return: 297.493167
stages: 461.000000
Real Env evaluation return: 806.632004
Virt Env evaluation return: 196.760985
stages: 462.000000
Real Env evaluation return: 643.198813
Virt Env evaluation return: 350.166288
stages: 463.000000
Real Env evaluation return: 796.236560
Virt Env evaluation return: 711.180960
stages: 464.000000
Real Env evaluation return: 515.264323
Virt Env evaluation return: 422.654233
stages: 465.000000
Real Env evaluation return: 680.558434
Virt Env evaluation return: 514.324623
stages: 466.000000
Real Env evaluation return: 527.936970
Virt Env evaluation return: 516.081315
stages: 467.000000
Real Env evaluation return: 633.491690
Virt Env evaluation return: 472.733737
stages: 468.000000
Real Env evaluation return: 712.650494
Virt Env evaluation return: 415.968459
stages: 469.000000
Real Env evaluation return: 456.755317
Virt Env evaluation return: 350.447177
stages: 470.000000
Real Env evaluation return: 389.857533
Virt Env evaluation return: 293.060973
stages: 471.000000
Real Env evaluation return: 522.071045
Virt Env evaluation return: 372.860461
stages: 472.000000
Real Env evaluation return: 840.137810
Virt Env evaluation return: 351.660127
stages: 473.000000
Real Env evaluation return: 818.488342
Virt Env evaluation return: 552.170214
stages: 474.000000
Real Env evaluation return: 751.716073
Virt Env evaluation return: 283.776008
stages: 475.000000
Real Env evaluation return: 578.135465
Virt Env evaluation return: 522.551469
stages: 476.000000
Real Env evaluation return: 877.509416
Virt Env evaluation return: 387.439800
stages: 477.000000
Real Env evaluation return: 775.202359
Virt Env evaluation return: 433.954125
stages: 478.000000
Real Env evaluation return: 868.534700
Virt Env evaluation return: 378.674077
stages: 479.000000
Real Env evaluation return: 736.628122
Virt Env evaluation return: 362.431060
stages: 480.000000
Real Env evaluation return: 832.731326
Virt Env evaluation return: 563.997140
stages: 481.000000
Real Env evaluation return: 949.069434
Virt Env evaluation return: 221.270072
stages: 482.000000
Real Env evaluation return: 692.249276
Virt Env evaluation return: 407.112346
stages: 483.000000
Real Env evaluation return: 844.464911
Virt Env evaluation return: 522.461859
stages: 484.000000
Real Env evaluation return: 798.728243
Virt Env evaluation return: 449.832248
stages: 485.000000
Real Env evaluation return: 1026.630575
Virt Env evaluation return: 477.175666
stages: 486.000000
Real Env evaluation return: 968.304404
Virt Env evaluation return: 557.438236
stages: 487.000000
Real Env evaluation return: 896.843229
Virt Env evaluation return: 431.461869
stages: 488.000000
Real Env evaluation return: 833.682341
Virt Env evaluation return: 478.330261
stages: 489.000000
Real Env evaluation return: 970.547632
Virt Env evaluation return: 346.497096
stages: 490.000000
Real Env evaluation return: 812.618329
Virt Env evaluation return: 429.623048
stages: 491.000000
Real Env evaluation return: 882.946694
Virt Env evaluation return: 404.181921
stages: 492.000000
Real Env evaluation return: 728.086870
Virt Env evaluation return: 356.648133
stages: 493.000000
Real Env evaluation return: 749.143017
Virt Env evaluation return: 856.758067
stages: 494.000000
Real Env evaluation return: 822.545972
Virt Env evaluation return: 411.936187
stages: 495.000000
Real Env evaluation return: 740.668799
Virt Env evaluation return: 357.553526
stages: 496.000000
Real Env evaluation return: 860.824004
Virt Env evaluation return: 269.056620
stages: 497.000000
Real Env evaluation return: 591.882516
Virt Env evaluation return: 229.826440
stages: 498.000000
Real Env evaluation return: 1057.096959
Virt Env evaluation return: 651.635978
stages: 499.000000
Real Env evaluation return: 879.285375
Virt Env evaluation return: 520.371466
stages: 500.000000
Real Env evaluation return: 906.353663
Virt Env evaluation return: 284.240951
stages: 501.000000
Real Env evaluation return: 674.157619
Virt Env evaluation return: 319.109868
stages: 502.000000
Real Env evaluation return: 800.335308
Virt Env evaluation return: 673.176563
stages: 503.000000
Real Env evaluation return: 831.433783
Virt Env evaluation return: 401.090258
stages: 504.000000
Real Env evaluation return: 948.557593
Virt Env evaluation return: 343.452331
stages: 505.000000
Real Env evaluation return: 724.963460
Virt Env evaluation return: 208.859125
stages: 506.000000
Real Env evaluation return: 854.212492
Virt Env evaluation return: 249.554150
stages: 507.000000
Real Env evaluation return: 845.091084
Virt Env evaluation return: 360.065712
stages: 508.000000
Real Env evaluation return: 1009.998421
Virt Env evaluation return: 435.121876
stages: 509.000000
Real Env evaluation return: 697.678131
Virt Env evaluation return: 455.935507
stages: 510.000000
Real Env evaluation return: 852.597068
Virt Env evaluation return: 394.573374
stages: 511.000000
Real Env evaluation return: 842.439294
Virt Env evaluation return: 516.369186
stages: 512.000000
Real Env evaluation return: 776.740837
Virt Env evaluation return: 335.775143
stages: 513.000000
Real Env evaluation return: 1009.276373
Virt Env evaluation return: 807.698748
stages: 514.000000
Real Env evaluation return: 615.239309
Virt Env evaluation return: 458.195508
stages: 515.000000
Real Env evaluation return: 916.577446
Virt Env evaluation return: 646.515508
stages: 516.000000
Real Env evaluation return: 831.858734
Virt Env evaluation return: 371.976658
stages: 517.000000
Real Env evaluation return: 855.629322
Virt Env evaluation return: 372.501950
stages: 518.000000
Real Env evaluation return: 836.392248
Virt Env evaluation return: 366.510440
stages: 519.000000
Real Env evaluation return: 816.847553
Virt Env evaluation return: 290.789771
stages: 520.000000
Real Env evaluation return: 741.252798
Virt Env evaluation return: 326.788682
