stages: 0.000000
Real Env evaluation return: -274.128790
Virt Env evaluation return: -2990.954611
stages: 1.000000
Real Env evaluation return: 136.108610
Virt Env evaluation return: 114.946216
stages: 2.000000
Real Env evaluation return: 882.557300
Virt Env evaluation return: 60.021696
stages: 3.000000
Real Env evaluation return: 621.900059
Virt Env evaluation return: 75.602968
stages: 4.000000
Real Env evaluation return: 634.671079
Virt Env evaluation return: 128.017221
stages: 5.000000
Real Env evaluation return: 686.613769
Virt Env evaluation return: 674.185886
stages: 6.000000
Real Env evaluation return: 617.103052
Virt Env evaluation return: 246.201879
stages: 7.000000
Real Env evaluation return: 313.976012
Virt Env evaluation return: 261.008421
stages: 8.000000
Real Env evaluation return: 508.780692
Virt Env evaluation return: 423.446066
stages: 9.000000
Real Env evaluation return: 261.772407
Virt Env evaluation return: 450.072081
stages: 10.000000
Real Env evaluation return: 330.800687
Virt Env evaluation return: 201.990964
stages: 11.000000
Real Env evaluation return: 333.471187
Virt Env evaluation return: 675.747001
stages: 12.000000
Real Env evaluation return: 213.231462
Virt Env evaluation return: 893.893543
stages: 13.000000
Real Env evaluation return: 347.706604
Virt Env evaluation return: 301.628507
stages: 14.000000
Real Env evaluation return: 723.231745
Virt Env evaluation return: 850.129320
stages: 15.000000
Real Env evaluation return: 669.020600
Virt Env evaluation return: 232.228875
stages: 16.000000
Real Env evaluation return: 747.809832
Virt Env evaluation return: 742.863741
stages: 17.000000
Real Env evaluation return: 708.535084
Virt Env evaluation return: 827.423442
stages: 18.000000
Real Env evaluation return: 777.784382
Virt Env evaluation return: 636.233943
stages: 19.000000
Real Env evaluation return: 784.527208
Virt Env evaluation return: 902.048179
stages: 20.000000
Real Env evaluation return: 754.968596
Virt Env evaluation return: 944.262438
stages: 21.000000
Real Env evaluation return: 792.665950
Virt Env evaluation return: 665.922734
stages: 22.000000
Real Env evaluation return: 796.255050
Virt Env evaluation return: 417.559580
stages: 23.000000
Real Env evaluation return: 790.044450
Virt Env evaluation return: 588.427483
stages: 24.000000
Real Env evaluation return: 745.631628
Virt Env evaluation return: 496.180427
stages: 25.000000
Real Env evaluation return: 779.886045
Virt Env evaluation return: 928.323679
stages: 26.000000
Real Env evaluation return: 736.782276
Virt Env evaluation return: 778.134529
stages: 27.000000
Real Env evaluation return: 735.614638
Virt Env evaluation return: 186.744240
stages: 28.000000
Real Env evaluation return: 758.089056
Virt Env evaluation return: 1024.075174
stages: 29.000000
Real Env evaluation return: 743.900253
Virt Env evaluation return: 404.895946
stages: 30.000000
Real Env evaluation return: 753.426564
Virt Env evaluation return: 165.603446
stages: 31.000000
Real Env evaluation return: 584.849928
Virt Env evaluation return: 651.992728
stages: 32.000000
Real Env evaluation return: 642.213825
Virt Env evaluation return: 1003.579970
stages: 33.000000
Real Env evaluation return: 771.163561
Virt Env evaluation return: 478.914461
stages: 34.000000
Real Env evaluation return: 764.992696
Virt Env evaluation return: 726.700923
stages: 35.000000
Real Env evaluation return: 760.712434
Virt Env evaluation return: 582.722935
stages: 36.000000
Real Env evaluation return: 708.449621
Virt Env evaluation return: 1062.712928
stages: 37.000000
Real Env evaluation return: 705.631291
Virt Env evaluation return: 1009.599847
stages: 38.000000
Real Env evaluation return: 579.553723
Virt Env evaluation return: 951.923319
stages: 39.000000
Real Env evaluation return: 664.692582
Virt Env evaluation return: 751.328271
stages: 40.000000
Real Env evaluation return: 735.934385
Virt Env evaluation return: 977.507549
stages: 41.000000
Real Env evaluation return: 721.032241
Virt Env evaluation return: 1118.234932
stages: 42.000000
Real Env evaluation return: 687.112117
Virt Env evaluation return: 715.833453
stages: 43.000000
Real Env evaluation return: 712.292265
Virt Env evaluation return: 1002.288953
stages: 44.000000
Real Env evaluation return: 719.577552
Virt Env evaluation return: 938.607429
stages: 45.000000
Real Env evaluation return: 737.046276
Virt Env evaluation return: 995.723470
stages: 46.000000
Real Env evaluation return: 670.594473
Virt Env evaluation return: 991.523020
stages: 47.000000
Real Env evaluation return: 797.345632
Virt Env evaluation return: 1194.110686
stages: 48.000000
Real Env evaluation return: 711.871215
Virt Env evaluation return: 831.770656
stages: 49.000000
Real Env evaluation return: 681.160349
Virt Env evaluation return: 1018.357862
stages: 50.000000
Real Env evaluation return: 705.959645
Virt Env evaluation return: 1156.400579
stages: 51.000000
Real Env evaluation return: 696.820904
Virt Env evaluation return: 656.765583
stages: 52.000000
Real Env evaluation return: 667.960760
Virt Env evaluation return: 979.924895
stages: 53.000000
Real Env evaluation return: 697.888669
Virt Env evaluation return: 799.861510
stages: 54.000000
Real Env evaluation return: 595.053496
Virt Env evaluation return: 1069.880113
stages: 55.000000
Real Env evaluation return: 786.624865
Virt Env evaluation return: 903.951078
stages: 56.000000
Real Env evaluation return: 768.021957
Virt Env evaluation return: 948.145539
stages: 57.000000
Real Env evaluation return: 700.883617
Virt Env evaluation return: 1054.344498
stages: 58.000000
Real Env evaluation return: 716.463515
Virt Env evaluation return: 1136.376768
stages: 59.000000
Real Env evaluation return: 646.767110
Virt Env evaluation return: 1079.299836
stages: 60.000000
Real Env evaluation return: 720.108200
Virt Env evaluation return: 724.038481
stages: 61.000000
Real Env evaluation return: 741.438919
Virt Env evaluation return: 877.501519
stages: 62.000000
Real Env evaluation return: 745.662314
Virt Env evaluation return: 1144.166069
stages: 63.000000
Real Env evaluation return: 739.355665
Virt Env evaluation return: 1114.352671
stages: 64.000000
Real Env evaluation return: 729.623207
Virt Env evaluation return: 1194.415313
stages: 65.000000
Real Env evaluation return: 724.129783
Virt Env evaluation return: 1218.038212
stages: 66.000000
Real Env evaluation return: 778.646500
Virt Env evaluation return: 1248.615567
stages: 67.000000
Real Env evaluation return: 760.455676
Virt Env evaluation return: 1039.691774
stages: 68.000000
Real Env evaluation return: 792.846812
Virt Env evaluation return: 1176.438172
stages: 69.000000
Real Env evaluation return: 779.388832
Virt Env evaluation return: 949.046961
stages: 70.000000
Real Env evaluation return: 786.464210
Virt Env evaluation return: 847.556507
stages: 71.000000
Real Env evaluation return: 804.964669
Virt Env evaluation return: 1110.479783
stages: 72.000000
Real Env evaluation return: 763.633814
Virt Env evaluation return: 984.961516
stages: 73.000000
Real Env evaluation return: 819.389874
Virt Env evaluation return: 1193.709856
stages: 74.000000
Real Env evaluation return: 807.463696
Virt Env evaluation return: 892.976300
stages: 75.000000
Real Env evaluation return: 808.200362
Virt Env evaluation return: 1051.040853
stages: 76.000000
Real Env evaluation return: 814.384180
Virt Env evaluation return: 1292.805270
stages: 77.000000
Real Env evaluation return: 828.780915
Virt Env evaluation return: 905.432278
stages: 78.000000
Real Env evaluation return: 859.831160
Virt Env evaluation return: 1216.381663
stages: 79.000000
Real Env evaluation return: 843.358062
Virt Env evaluation return: 1286.813903
stages: 80.000000
Real Env evaluation return: 825.536610
Virt Env evaluation return: 1472.790728
stages: 81.000000
Real Env evaluation return: 842.986887
Virt Env evaluation return: 1313.062106
stages: 82.000000
Real Env evaluation return: 830.734639
Virt Env evaluation return: 753.394734
stages: 83.000000
Real Env evaluation return: 815.357348
Virt Env evaluation return: 782.729224
stages: 84.000000
Real Env evaluation return: 836.535380
Virt Env evaluation return: 1218.431541
stages: 85.000000
Real Env evaluation return: 819.242651
Virt Env evaluation return: 1810.633358
stages: 86.000000
Real Env evaluation return: 839.998212
Virt Env evaluation return: 1509.153982
stages: 87.000000
Real Env evaluation return: 801.633675
Virt Env evaluation return: 2734.922167
stages: 88.000000
Real Env evaluation return: 814.069456
Virt Env evaluation return: 801.411799
stages: 89.000000
Real Env evaluation return: 810.490184
Virt Env evaluation return: 1786.173834
stages: 90.000000
Real Env evaluation return: 779.927593
Virt Env evaluation return: 1420.557790
stages: 91.000000
Real Env evaluation return: 811.088205
Virt Env evaluation return: 1080.086413
stages: 92.000000
Real Env evaluation return: 650.041523
Virt Env evaluation return: 819.319034
stages: 93.000000
Real Env evaluation return: 763.345373
Virt Env evaluation return: 770.313568
stages: 94.000000
Real Env evaluation return: 721.134064
Virt Env evaluation return: 712.708361
stages: 95.000000
Real Env evaluation return: 737.445603
Virt Env evaluation return: 357.556791
stages: 96.000000
Real Env evaluation return: 726.970932
Virt Env evaluation return: 1096.053932
stages: 97.000000
Real Env evaluation return: 718.964857
Virt Env evaluation return: 1192.754082
stages: 98.000000
Real Env evaluation return: 709.457438
Virt Env evaluation return: 449.224599
stages: 99.000000
Real Env evaluation return: 741.151641
Virt Env evaluation return: 1094.475323
stages: 100.000000
Real Env evaluation return: 716.824428
Virt Env evaluation return: 968.498980
stages: 101.000000
Real Env evaluation return: 638.153816
Virt Env evaluation return: 1575.428549
stages: 102.000000
Real Env evaluation return: 696.978382
Virt Env evaluation return: 1074.168479
stages: 103.000000
Real Env evaluation return: 694.136403
Virt Env evaluation return: 820.125624
stages: 104.000000
Real Env evaluation return: 675.962946
Virt Env evaluation return: 802.832819
stages: 105.000000
Real Env evaluation return: 661.135461
Virt Env evaluation return: 1526.234644
stages: 106.000000
Real Env evaluation return: 683.800929
Virt Env evaluation return: 752.863874
stages: 107.000000
Real Env evaluation return: 677.808443
Virt Env evaluation return: 1302.906014
stages: 108.000000
Real Env evaluation return: 700.873852
Virt Env evaluation return: 554.905080
stages: 109.000000
Real Env evaluation return: 718.823457
Virt Env evaluation return: 959.969776
stages: 110.000000
Real Env evaluation return: 689.298950
Virt Env evaluation return: 808.822883
stages: 111.000000
Real Env evaluation return: 712.674408
Virt Env evaluation return: 428.736169
stages: 112.000000
Real Env evaluation return: 718.757785
Virt Env evaluation return: 1197.669504
stages: 113.000000
Real Env evaluation return: 777.727252
Virt Env evaluation return: 1116.921028
stages: 114.000000
Real Env evaluation return: 768.215706
Virt Env evaluation return: 829.112938
stages: 115.000000
Real Env evaluation return: 801.178116
Virt Env evaluation return: 1075.713784
stages: 116.000000
Real Env evaluation return: 808.530194
Virt Env evaluation return: 921.023520
stages: 117.000000
Real Env evaluation return: 817.894158
Virt Env evaluation return: 842.554710
stages: 118.000000
Real Env evaluation return: 759.386654
Virt Env evaluation return: 982.813945
stages: 119.000000
Real Env evaluation return: 729.008338
Virt Env evaluation return: 567.750415
stages: 120.000000
Real Env evaluation return: 754.659579
Virt Env evaluation return: 701.818070
stages: 121.000000
Real Env evaluation return: 740.988261
Virt Env evaluation return: 708.661277
stages: 122.000000
Real Env evaluation return: 733.378724
Virt Env evaluation return: 990.123380
stages: 123.000000
Real Env evaluation return: 747.152373
Virt Env evaluation return: 903.514454
stages: 124.000000
Real Env evaluation return: 718.625747
Virt Env evaluation return: 967.869291
stages: 125.000000
Real Env evaluation return: 741.222971
Virt Env evaluation return: 1011.435385
stages: 126.000000
Real Env evaluation return: 744.805720
Virt Env evaluation return: 787.620421
stages: 127.000000
Real Env evaluation return: 678.138464
Virt Env evaluation return: 759.621513
stages: 128.000000
Real Env evaluation return: 779.962258
Virt Env evaluation return: 816.913078
stages: 129.000000
Real Env evaluation return: 727.486722
Virt Env evaluation return: 875.068379
stages: 130.000000
Real Env evaluation return: 751.725902
Virt Env evaluation return: 1143.200305
stages: 131.000000
Real Env evaluation return: 736.216457
Virt Env evaluation return: 993.045381
stages: 132.000000
Real Env evaluation return: 750.590090
Virt Env evaluation return: 721.524230
stages: 133.000000
Real Env evaluation return: 752.900571
Virt Env evaluation return: 830.569318
stages: 134.000000
Real Env evaluation return: 755.160960
Virt Env evaluation return: 925.290920
stages: 135.000000
Real Env evaluation return: 757.646466
Virt Env evaluation return: 975.460948
stages: 136.000000
Real Env evaluation return: 762.881053
Virt Env evaluation return: 1098.196328
stages: 137.000000
Real Env evaluation return: 765.684124
Virt Env evaluation return: 614.754707
stages: 138.000000
Real Env evaluation return: 807.061953
Virt Env evaluation return: 783.593383
stages: 139.000000
Real Env evaluation return: 782.594723
Virt Env evaluation return: 870.391433
stages: 140.000000
Real Env evaluation return: 782.575428
Virt Env evaluation return: 806.426613
stages: 141.000000
Real Env evaluation return: 766.004594
Virt Env evaluation return: 1024.738573
stages: 142.000000
Real Env evaluation return: 783.528433
Virt Env evaluation return: 1083.887975
stages: 143.000000
Real Env evaluation return: 772.359330
Virt Env evaluation return: 454.788946
stages: 144.000000
Real Env evaluation return: 768.662504
Virt Env evaluation return: 1490.213864
stages: 145.000000
Real Env evaluation return: 820.368094
Virt Env evaluation return: 535.041407
stages: 146.000000
Real Env evaluation return: 794.458119
Virt Env evaluation return: 770.253121
stages: 147.000000
Real Env evaluation return: 790.263638
Virt Env evaluation return: 1417.065672
stages: 148.000000
Real Env evaluation return: 795.211867
Virt Env evaluation return: 618.666401
stages: 149.000000
Real Env evaluation return: 808.478861
Virt Env evaluation return: 853.304163
stages: 150.000000
Real Env evaluation return: 831.849109
Virt Env evaluation return: 1168.155200
stages: 151.000000
Real Env evaluation return: 821.299622
Virt Env evaluation return: 732.587253
stages: 152.000000
Real Env evaluation return: 796.004778
Virt Env evaluation return: 1542.624750
stages: 153.000000
Real Env evaluation return: 817.654429
Virt Env evaluation return: 1060.934820
stages: 154.000000
Real Env evaluation return: 791.126756
Virt Env evaluation return: 998.339187
stages: 155.000000
Real Env evaluation return: 818.887839
Virt Env evaluation return: 818.521549
stages: 156.000000
Real Env evaluation return: 828.103411
Virt Env evaluation return: 985.582217
stages: 157.000000
Real Env evaluation return: 802.022315
Virt Env evaluation return: 1151.139182
stages: 158.000000
Real Env evaluation return: 759.184779
Virt Env evaluation return: 637.066013
stages: 159.000000
Real Env evaluation return: 880.327755
Virt Env evaluation return: 1077.614449
stages: 160.000000
Real Env evaluation return: 832.658698
Virt Env evaluation return: 1401.165508
stages: 161.000000
Real Env evaluation return: 851.297197
Virt Env evaluation return: 904.099162
stages: 162.000000
Real Env evaluation return: 865.535410
Virt Env evaluation return: 799.657046
stages: 163.000000
Real Env evaluation return: 863.606478
Virt Env evaluation return: 1289.188735
stages: 164.000000
Real Env evaluation return: 871.929746
Virt Env evaluation return: 720.143061
stages: 165.000000
Real Env evaluation return: 873.801101
Virt Env evaluation return: 782.369638
stages: 166.000000
Real Env evaluation return: 858.515501
Virt Env evaluation return: 584.819856
stages: 167.000000
Real Env evaluation return: 902.104344
Virt Env evaluation return: 244.371646
stages: 168.000000
Real Env evaluation return: 868.833178
Virt Env evaluation return: 830.738758
stages: 169.000000
Real Env evaluation return: 885.808907
Virt Env evaluation return: 660.376046
stages: 170.000000
Real Env evaluation return: 839.044303
Virt Env evaluation return: 639.489995
stages: 171.000000
Real Env evaluation return: 845.695554
Virt Env evaluation return: 858.251284
stages: 172.000000
Real Env evaluation return: 847.364680
Virt Env evaluation return: 899.356891
stages: 173.000000
Real Env evaluation return: 821.769422
Virt Env evaluation return: 905.904506
stages: 174.000000
Real Env evaluation return: 840.545065
Virt Env evaluation return: 543.936627
stages: 175.000000
Real Env evaluation return: 867.460105
Virt Env evaluation return: 618.705244
stages: 176.000000
Real Env evaluation return: 868.580542
Virt Env evaluation return: 475.550937
stages: 177.000000
Real Env evaluation return: 873.096358
Virt Env evaluation return: 763.198822
stages: 178.000000
Real Env evaluation return: 883.807409
Virt Env evaluation return: 700.508124
stages: 179.000000
Real Env evaluation return: 855.859367
Virt Env evaluation return: 640.054784
stages: 180.000000
Real Env evaluation return: 837.213349
Virt Env evaluation return: 936.001460
stages: 181.000000
Real Env evaluation return: 841.344584
Virt Env evaluation return: 728.856408
stages: 182.000000
Real Env evaluation return: 826.194386
Virt Env evaluation return: 1027.387129
stages: 183.000000
Real Env evaluation return: 809.837895
Virt Env evaluation return: 817.548555
stages: 184.000000
Real Env evaluation return: 881.474234
Virt Env evaluation return: 982.764473
stages: 185.000000
Real Env evaluation return: 721.450947
Virt Env evaluation return: 438.670405
stages: 186.000000
Real Env evaluation return: 876.414537
Virt Env evaluation return: 858.038502
stages: 187.000000
Real Env evaluation return: 875.191888
Virt Env evaluation return: 1071.376908
stages: 188.000000
Real Env evaluation return: 892.110534
Virt Env evaluation return: 412.039157
stages: 189.000000
Real Env evaluation return: 843.952897
Virt Env evaluation return: 663.808736
stages: 190.000000
Real Env evaluation return: 826.626749
Virt Env evaluation return: 717.940534
stages: 191.000000
Real Env evaluation return: 835.799879
Virt Env evaluation return: 752.000875
stages: 192.000000
Real Env evaluation return: 816.767698
Virt Env evaluation return: 640.644257
stages: 193.000000
Real Env evaluation return: 884.275818
Virt Env evaluation return: 496.246209
stages: 194.000000
Real Env evaluation return: 844.275018
Virt Env evaluation return: 414.167377
stages: 195.000000
Real Env evaluation return: 896.655128
Virt Env evaluation return: 696.539042
stages: 196.000000
Real Env evaluation return: 835.622532
Virt Env evaluation return: 578.895601
stages: 197.000000
Real Env evaluation return: 848.399246
Virt Env evaluation return: 341.237166
stages: 198.000000
Real Env evaluation return: 872.095809
Virt Env evaluation return: 863.785228
stages: 199.000000
Real Env evaluation return: 833.983345
Virt Env evaluation return: 1183.039079
stages: 200.000000
Real Env evaluation return: 850.820791
Virt Env evaluation return: 540.396384
stages: 201.000000
Real Env evaluation return: 844.286007
Virt Env evaluation return: 406.821487
stages: 202.000000
Real Env evaluation return: 851.466658
Virt Env evaluation return: 530.024911
stages: 203.000000
Real Env evaluation return: 848.790023
Virt Env evaluation return: 655.018325
stages: 204.000000
Real Env evaluation return: 831.464304
Virt Env evaluation return: 471.805050
stages: 205.000000
Real Env evaluation return: 824.297754
Virt Env evaluation return: 592.880088
stages: 206.000000
Real Env evaluation return: 817.114869
Virt Env evaluation return: 718.851256
stages: 207.000000
Real Env evaluation return: 877.523480
Virt Env evaluation return: 1222.973301
stages: 208.000000
Real Env evaluation return: 881.348179
Virt Env evaluation return: 330.819153
stages: 209.000000
Real Env evaluation return: 854.690300
Virt Env evaluation return: 827.194588
stages: 210.000000
Real Env evaluation return: 855.601127
Virt Env evaluation return: 589.309864
stages: 211.000000
Real Env evaluation return: 771.316322
Virt Env evaluation return: 768.693723
stages: 212.000000
Real Env evaluation return: 815.448537
Virt Env evaluation return: 1002.811901
stages: 213.000000
Real Env evaluation return: 841.789497
Virt Env evaluation return: 718.216689
stages: 214.000000
Real Env evaluation return: 834.890421
Virt Env evaluation return: 598.950985
stages: 215.000000
Real Env evaluation return: 835.291652
Virt Env evaluation return: 655.597094
stages: 216.000000
Real Env evaluation return: 840.656370
Virt Env evaluation return: 856.808990
stages: 217.000000
Real Env evaluation return: 878.619615
Virt Env evaluation return: 753.991688
stages: 218.000000
Real Env evaluation return: 867.019348
Virt Env evaluation return: 899.461799
stages: 219.000000
Real Env evaluation return: 903.023523
Virt Env evaluation return: 499.962951
stages: 220.000000
Real Env evaluation return: 901.202325
Virt Env evaluation return: 680.412392
stages: 221.000000
Real Env evaluation return: 818.562021
Virt Env evaluation return: 675.466678
stages: 222.000000
Real Env evaluation return: 872.611142
Virt Env evaluation return: 600.590116
stages: 223.000000
Real Env evaluation return: 836.191488
Virt Env evaluation return: 685.513455
stages: 224.000000
Real Env evaluation return: 927.591052
Virt Env evaluation return: 547.793201
stages: 225.000000
Real Env evaluation return: 836.887308
Virt Env evaluation return: 608.089286
stages: 226.000000
Real Env evaluation return: 823.993006
Virt Env evaluation return: 843.663962
stages: 227.000000
Real Env evaluation return: 837.564760
Virt Env evaluation return: 826.882945
stages: 228.000000
Real Env evaluation return: 926.363457
Virt Env evaluation return: 472.040177
stages: 229.000000
Real Env evaluation return: 757.653569
Virt Env evaluation return: 569.480239
stages: 230.000000
Real Env evaluation return: 839.138314
Virt Env evaluation return: 385.271405
stages: 231.000000
Real Env evaluation return: 826.592206
Virt Env evaluation return: 971.557897
stages: 232.000000
Real Env evaluation return: 890.675960
Virt Env evaluation return: 369.820955
stages: 233.000000
Real Env evaluation return: 844.067010
Virt Env evaluation return: 598.445618
stages: 234.000000
Real Env evaluation return: 842.444844
Virt Env evaluation return: 602.022860
stages: 235.000000
Real Env evaluation return: 804.568228
Virt Env evaluation return: 530.929436
stages: 236.000000
Real Env evaluation return: 840.158101
Virt Env evaluation return: 480.476767
stages: 237.000000
Real Env evaluation return: 788.830087
Virt Env evaluation return: 339.748185
stages: 238.000000
Real Env evaluation return: 748.456320
Virt Env evaluation return: 544.215544
stages: 239.000000
Real Env evaluation return: 774.759220
Virt Env evaluation return: 205.555436
stages: 240.000000
Real Env evaluation return: 705.980137
Virt Env evaluation return: 715.123155
stages: 241.000000
Real Env evaluation return: 866.385463
Virt Env evaluation return: 387.235258
stages: 242.000000
Real Env evaluation return: 881.080007
Virt Env evaluation return: 317.392047
stages: 243.000000
Real Env evaluation return: 867.326971
Virt Env evaluation return: 323.240524
stages: 244.000000
Real Env evaluation return: 744.881144
Virt Env evaluation return: 646.325029
stages: 245.000000
Real Env evaluation return: 798.896447
Virt Env evaluation return: 451.029038
stages: 246.000000
Real Env evaluation return: 887.993909
Virt Env evaluation return: 528.381298
stages: 247.000000
Real Env evaluation return: 782.292256
Virt Env evaluation return: 781.964559
stages: 248.000000
Real Env evaluation return: 725.292740
Virt Env evaluation return: 653.042522
stages: 249.000000
Real Env evaluation return: 851.017454
Virt Env evaluation return: 437.984087
stages: 250.000000
Real Env evaluation return: 718.882750
Virt Env evaluation return: 439.221549
stages: 251.000000
Real Env evaluation return: 853.946566
Virt Env evaluation return: 237.285141
stages: 252.000000
Real Env evaluation return: 895.967590
Virt Env evaluation return: 471.707282
stages: 253.000000
Real Env evaluation return: 839.432504
Virt Env evaluation return: 637.755249
stages: 254.000000
Real Env evaluation return: 832.035326
Virt Env evaluation return: 396.560504
stages: 255.000000
Real Env evaluation return: 829.722146
Virt Env evaluation return: 369.947918
stages: 256.000000
Real Env evaluation return: 769.089123
Virt Env evaluation return: 316.232013
stages: 257.000000
Real Env evaluation return: 833.584807
Virt Env evaluation return: 449.296066
stages: 258.000000
Real Env evaluation return: 760.998076
Virt Env evaluation return: 384.255977
stages: 259.000000
Real Env evaluation return: 792.190228
Virt Env evaluation return: 651.907878
stages: 260.000000
Real Env evaluation return: 780.426911
Virt Env evaluation return: 1141.677718
stages: 261.000000
Real Env evaluation return: 841.144944
Virt Env evaluation return: 589.582226
stages: 262.000000
Real Env evaluation return: 802.992193
Virt Env evaluation return: 1090.745124
stages: 263.000000
Real Env evaluation return: 832.089805
Virt Env evaluation return: 668.494749
stages: 264.000000
Real Env evaluation return: 798.479428
Virt Env evaluation return: 922.306370
stages: 265.000000
Real Env evaluation return: 816.735994
Virt Env evaluation return: 497.753124
stages: 266.000000
Real Env evaluation return: 776.190864
Virt Env evaluation return: 391.914024
stages: 267.000000
Real Env evaluation return: 846.634308
Virt Env evaluation return: 328.346699
stages: 268.000000
Real Env evaluation return: 796.596028
Virt Env evaluation return: 793.454628
stages: 269.000000
Real Env evaluation return: 720.469994
Virt Env evaluation return: 850.391660
stages: 270.000000
Real Env evaluation return: 712.342920
Virt Env evaluation return: 853.974615
stages: 271.000000
Real Env evaluation return: 822.329849
Virt Env evaluation return: 827.373011
stages: 272.000000
Real Env evaluation return: 870.145418
Virt Env evaluation return: 439.590287
stages: 273.000000
Real Env evaluation return: 667.599289
Virt Env evaluation return: 260.517235
stages: 274.000000
Real Env evaluation return: 824.866945
Virt Env evaluation return: 484.235489
stages: 275.000000
Real Env evaluation return: 832.913332
Virt Env evaluation return: 683.042240
stages: 276.000000
Real Env evaluation return: 752.973527
Virt Env evaluation return: 360.228818
stages: 277.000000
Real Env evaluation return: 759.733424
Virt Env evaluation return: 454.486546
stages: 278.000000
Real Env evaluation return: 830.580719
Virt Env evaluation return: 690.570663
stages: 279.000000
Real Env evaluation return: 838.986443
Virt Env evaluation return: 390.410726
stages: 280.000000
Real Env evaluation return: 848.331558
Virt Env evaluation return: 641.239797
stages: 281.000000
Real Env evaluation return: 820.612270
Virt Env evaluation return: 853.762865
stages: 282.000000
Real Env evaluation return: 828.309466
Virt Env evaluation return: 738.691851
stages: 283.000000
Real Env evaluation return: 731.948146
Virt Env evaluation return: 780.237747
stages: 284.000000
Real Env evaluation return: 593.658344
Virt Env evaluation return: 849.699964
stages: 285.000000
Real Env evaluation return: 722.004888
Virt Env evaluation return: 527.074732
stages: 286.000000
Real Env evaluation return: 591.661503
Virt Env evaluation return: 582.245021
stages: 287.000000
Real Env evaluation return: 612.485702
Virt Env evaluation return: 653.004914
stages: 288.000000
Real Env evaluation return: 610.683357
Virt Env evaluation return: 832.666661
stages: 289.000000
Real Env evaluation return: 500.310123
Virt Env evaluation return: 565.278673
stages: 290.000000
Real Env evaluation return: 761.089288
Virt Env evaluation return: 512.904675
stages: 291.000000
Real Env evaluation return: 700.948578
Virt Env evaluation return: 461.211156
stages: 292.000000
Real Env evaluation return: 666.645291
Virt Env evaluation return: 316.833429
stages: 293.000000
Real Env evaluation return: 700.704163
Virt Env evaluation return: 577.962494
stages: 294.000000
Real Env evaluation return: 664.304361
Virt Env evaluation return: 704.461196
stages: 295.000000
Real Env evaluation return: 563.704995
Virt Env evaluation return: 801.114906
stages: 296.000000
Real Env evaluation return: 661.965831
Virt Env evaluation return: 633.821995
stages: 297.000000
Real Env evaluation return: 708.843136
Virt Env evaluation return: 752.571755
stages: 298.000000
Real Env evaluation return: 784.936946
Virt Env evaluation return: 353.389058
stages: 299.000000
Real Env evaluation return: 800.613178
Virt Env evaluation return: 944.510018
stages: 300.000000
Real Env evaluation return: 772.880336
Virt Env evaluation return: 769.783187
stages: 301.000000
Real Env evaluation return: 659.267962
Virt Env evaluation return: 360.842538
stages: 302.000000
Real Env evaluation return: 685.244593
Virt Env evaluation return: 557.977656
stages: 303.000000
Real Env evaluation return: 586.994778
Virt Env evaluation return: 497.130402
stages: 304.000000
Real Env evaluation return: 715.663213
Virt Env evaluation return: 680.257139
stages: 305.000000
Real Env evaluation return: 574.138269
Virt Env evaluation return: 780.260067
stages: 306.000000
Real Env evaluation return: 560.073134
Virt Env evaluation return: 730.469915
stages: 307.000000
Real Env evaluation return: 619.938560
Virt Env evaluation return: 867.180495
stages: 308.000000
Real Env evaluation return: 551.839922
Virt Env evaluation return: 752.459594
stages: 309.000000
Real Env evaluation return: 713.567807
Virt Env evaluation return: 429.376253
stages: 310.000000
Real Env evaluation return: 676.415076
Virt Env evaluation return: 887.298192
stages: 311.000000
Real Env evaluation return: 671.217722
Virt Env evaluation return: 550.740468
stages: 312.000000
Real Env evaluation return: 635.352037
Virt Env evaluation return: 393.362153
stages: 313.000000
Real Env evaluation return: 625.250879
Virt Env evaluation return: 319.652255
stages: 314.000000
Real Env evaluation return: 417.432663
Virt Env evaluation return: 607.822990
stages: 315.000000
Real Env evaluation return: 530.968402
Virt Env evaluation return: 546.104195
stages: 316.000000
Real Env evaluation return: 528.464620
Virt Env evaluation return: 724.398628
stages: 317.000000
Real Env evaluation return: 732.907727
Virt Env evaluation return: 583.771336
stages: 318.000000
Real Env evaluation return: 532.826699
Virt Env evaluation return: 764.802992
stages: 319.000000
Real Env evaluation return: 486.865003
Virt Env evaluation return: 435.267365
stages: 320.000000
Real Env evaluation return: 575.827953
Virt Env evaluation return: 342.947230
stages: 321.000000
Real Env evaluation return: 769.302542
Virt Env evaluation return: 482.551060
stages: 322.000000
Real Env evaluation return: 635.041126
Virt Env evaluation return: 776.813599
stages: 323.000000
Real Env evaluation return: 698.939877
Virt Env evaluation return: 813.936077
stages: 324.000000
Real Env evaluation return: 827.065188
Virt Env evaluation return: 673.894715
stages: 325.000000
Real Env evaluation return: 782.648476
Virt Env evaluation return: 374.602344
stages: 326.000000
Real Env evaluation return: 504.190745
Virt Env evaluation return: 734.858998
stages: 327.000000
Real Env evaluation return: 638.905899
Virt Env evaluation return: 498.816852
stages: 328.000000
Real Env evaluation return: 527.158284
Virt Env evaluation return: 618.381408
stages: 329.000000
Real Env evaluation return: 661.490559
Virt Env evaluation return: 720.847267
stages: 330.000000
Real Env evaluation return: 615.379368
Virt Env evaluation return: 712.533343
stages: 331.000000
Real Env evaluation return: 624.940218
Virt Env evaluation return: 474.321358
stages: 332.000000
Real Env evaluation return: 600.557161
Virt Env evaluation return: 505.730829
stages: 333.000000
Real Env evaluation return: 778.976427
Virt Env evaluation return: 531.117111
stages: 334.000000
Real Env evaluation return: 673.887650
Virt Env evaluation return: 509.209095
stages: 335.000000
Real Env evaluation return: 691.563824
Virt Env evaluation return: 596.002405
stages: 336.000000
Real Env evaluation return: 595.949010
Virt Env evaluation return: 603.513371
stages: 337.000000
Real Env evaluation return: 770.841112
Virt Env evaluation return: 644.602493
stages: 338.000000
Real Env evaluation return: 772.652780
Virt Env evaluation return: 669.114372
stages: 339.000000
Real Env evaluation return: 677.959721
Virt Env evaluation return: 601.705410
stages: 340.000000
Real Env evaluation return: 712.919268
Virt Env evaluation return: 735.514382
stages: 341.000000
Real Env evaluation return: 665.892144
Virt Env evaluation return: 505.850413
stages: 342.000000
Real Env evaluation return: 631.258107
Virt Env evaluation return: 748.297546
stages: 343.000000
Real Env evaluation return: 726.757823
Virt Env evaluation return: 1040.944664
stages: 344.000000
Real Env evaluation return: 718.549264
Virt Env evaluation return: 459.130554
stages: 345.000000
Real Env evaluation return: 788.389989
Virt Env evaluation return: 365.599729
stages: 346.000000
Real Env evaluation return: 781.518776
Virt Env evaluation return: 872.928242
stages: 347.000000
Real Env evaluation return: 796.455859
Virt Env evaluation return: 759.652381
stages: 348.000000
Real Env evaluation return: 808.076158
Virt Env evaluation return: 570.470437
stages: 349.000000
Real Env evaluation return: 674.530108
Virt Env evaluation return: 735.500316
stages: 350.000000
Real Env evaluation return: 625.449091
Virt Env evaluation return: 690.594153
stages: 351.000000
Real Env evaluation return: 723.232794
Virt Env evaluation return: 828.987706
stages: 352.000000
Real Env evaluation return: 772.038224
Virt Env evaluation return: 523.405622
stages: 353.000000
Real Env evaluation return: 744.262157
Virt Env evaluation return: 727.541516
stages: 354.000000
Real Env evaluation return: 693.300242
Virt Env evaluation return: 925.837565
stages: 355.000000
Real Env evaluation return: 656.017812
Virt Env evaluation return: 576.383990
stages: 356.000000
Real Env evaluation return: 698.443195
Virt Env evaluation return: 432.056580
stages: 357.000000
Real Env evaluation return: 862.476839
Virt Env evaluation return: 945.413902
stages: 358.000000
Real Env evaluation return: 861.648073
Virt Env evaluation return: 695.053699
stages: 359.000000
Real Env evaluation return: 784.861991
Virt Env evaluation return: 267.953599
stages: 360.000000
Real Env evaluation return: 822.172249
Virt Env evaluation return: 819.269349
stages: 361.000000
Real Env evaluation return: 819.366597
Virt Env evaluation return: 850.260161
stages: 362.000000
Real Env evaluation return: 744.711007
Virt Env evaluation return: 986.579982
stages: 363.000000
Real Env evaluation return: 664.591082
Virt Env evaluation return: 1121.982739
stages: 364.000000
Real Env evaluation return: 686.283260
Virt Env evaluation return: 939.925135
stages: 365.000000
Real Env evaluation return: 665.197593
Virt Env evaluation return: 920.679246
stages: 366.000000
Real Env evaluation return: 698.672816
Virt Env evaluation return: 910.225765
stages: 367.000000
Real Env evaluation return: 896.032014
Virt Env evaluation return: 511.710764
stages: 368.000000
Real Env evaluation return: 791.355243
Virt Env evaluation return: 815.626009
stages: 369.000000
Real Env evaluation return: 656.343455
Virt Env evaluation return: 846.037352
stages: 370.000000
Real Env evaluation return: 825.715328
Virt Env evaluation return: 251.793682
stages: 371.000000
Real Env evaluation return: 788.376060
Virt Env evaluation return: 748.749444
stages: 372.000000
Real Env evaluation return: 802.096948
Virt Env evaluation return: 308.650773
stages: 373.000000
Real Env evaluation return: 707.464484
Virt Env evaluation return: 267.888532
stages: 374.000000
Real Env evaluation return: 816.806790
Virt Env evaluation return: 734.354168
stages: 375.000000
Real Env evaluation return: 724.889352
Virt Env evaluation return: 835.488934
stages: 376.000000
Real Env evaluation return: 850.192180
Virt Env evaluation return: 628.744474
stages: 377.000000
Real Env evaluation return: 832.770534
Virt Env evaluation return: 695.737748
stages: 378.000000
Real Env evaluation return: 575.830350
Virt Env evaluation return: 662.260873
stages: 379.000000
Real Env evaluation return: 760.463109
Virt Env evaluation return: 633.577849
stages: 380.000000
Real Env evaluation return: 739.717568
Virt Env evaluation return: 741.021243
stages: 381.000000
Real Env evaluation return: 773.810172
Virt Env evaluation return: 654.618002
stages: 382.000000
Real Env evaluation return: 758.343144
Virt Env evaluation return: 779.984687
stages: 383.000000
Real Env evaluation return: 703.395540
Virt Env evaluation return: 893.202624
stages: 384.000000
Real Env evaluation return: 788.838655
Virt Env evaluation return: 659.045675
stages: 385.000000
Real Env evaluation return: 940.162626
Virt Env evaluation return: 536.781379
stages: 386.000000
Real Env evaluation return: 943.646926
Virt Env evaluation return: 406.247915
stages: 387.000000
Real Env evaluation return: 900.109348
Virt Env evaluation return: 675.407293
stages: 388.000000
Real Env evaluation return: 743.224366
Virt Env evaluation return: 665.281828
stages: 389.000000
Real Env evaluation return: 785.140955
Virt Env evaluation return: 397.701386
stages: 390.000000
Real Env evaluation return: 738.806457
Virt Env evaluation return: 1041.470021
stages: 391.000000
Real Env evaluation return: 643.050253
Virt Env evaluation return: 606.134304
stages: 392.000000
Real Env evaluation return: 743.219151
Virt Env evaluation return: 765.716844
stages: 393.000000
Real Env evaluation return: 812.387169
Virt Env evaluation return: 720.608874
stages: 394.000000
Real Env evaluation return: 751.112507
Virt Env evaluation return: 734.375458
stages: 395.000000
Real Env evaluation return: 751.105436
Virt Env evaluation return: 910.576361
stages: 396.000000
Real Env evaluation return: 665.469724
Virt Env evaluation return: 832.070706
stages: 397.000000
Real Env evaluation return: 603.631757
Virt Env evaluation return: 777.087603
stages: 398.000000
Real Env evaluation return: 593.662798
Virt Env evaluation return: 646.158933
stages: 399.000000
Real Env evaluation return: 787.081140
Virt Env evaluation return: 782.998956
stages: 400.000000
Real Env evaluation return: 550.675726
Virt Env evaluation return: 601.288871
stages: 401.000000
Real Env evaluation return: 689.321582
Virt Env evaluation return: 593.620244
stages: 402.000000
Real Env evaluation return: 834.933490
Virt Env evaluation return: 533.100829
stages: 403.000000
Real Env evaluation return: 778.649657
Virt Env evaluation return: 491.494641
stages: 404.000000
Real Env evaluation return: 804.876083
Virt Env evaluation return: 404.210727
stages: 405.000000
Real Env evaluation return: 685.903179
Virt Env evaluation return: 671.103697
stages: 406.000000
Real Env evaluation return: 877.703077
Virt Env evaluation return: 626.914683
stages: 407.000000
Real Env evaluation return: 801.008881
Virt Env evaluation return: 777.906787
stages: 408.000000
Real Env evaluation return: 728.628033
Virt Env evaluation return: 359.356661
stages: 409.000000
Real Env evaluation return: 904.128380
Virt Env evaluation return: 312.123502
stages: 410.000000
Real Env evaluation return: 682.257862
Virt Env evaluation return: 600.761437
stages: 411.000000
Real Env evaluation return: 602.409223
Virt Env evaluation return: 820.131445
stages: 412.000000
Real Env evaluation return: 737.343241
Virt Env evaluation return: 729.546997
stages: 413.000000
Real Env evaluation return: 577.979625
Virt Env evaluation return: 411.325453
stages: 414.000000
Real Env evaluation return: 757.396884
Virt Env evaluation return: 716.113763
stages: 415.000000
Real Env evaluation return: 688.422814
Virt Env evaluation return: 827.293872
stages: 416.000000
Real Env evaluation return: 849.036447
Virt Env evaluation return: 761.688879
stages: 417.000000
Real Env evaluation return: 531.780777
Virt Env evaluation return: 678.367435
stages: 418.000000
Real Env evaluation return: 612.959100
Virt Env evaluation return: 909.490900
stages: 419.000000
Real Env evaluation return: 522.916132
Virt Env evaluation return: 765.936469
stages: 420.000000
Real Env evaluation return: 640.088872
Virt Env evaluation return: 683.887554
stages: 421.000000
Real Env evaluation return: 589.878395
Virt Env evaluation return: 548.928749
stages: 422.000000
Real Env evaluation return: 550.446560
Virt Env evaluation return: 652.553240
stages: 423.000000
Real Env evaluation return: 493.657784
Virt Env evaluation return: 790.712280
stages: 424.000000
Real Env evaluation return: 570.165966
Virt Env evaluation return: 560.661465
stages: 425.000000
Real Env evaluation return: 429.954914
Virt Env evaluation return: 573.786157
stages: 426.000000
Real Env evaluation return: 547.683374
Virt Env evaluation return: 424.628261
stages: 427.000000
Real Env evaluation return: 479.207914
Virt Env evaluation return: 474.949436
stages: 428.000000
Real Env evaluation return: 462.547981
Virt Env evaluation return: 582.198468
stages: 429.000000
Real Env evaluation return: 580.026200
Virt Env evaluation return: 557.242339
stages: 430.000000
Real Env evaluation return: 537.379680
Virt Env evaluation return: 661.641992
stages: 431.000000
Real Env evaluation return: 389.172179
Virt Env evaluation return: 743.167626
stages: 432.000000
Real Env evaluation return: 628.057806
Virt Env evaluation return: 293.255162
stages: 433.000000
Real Env evaluation return: 503.669924
Virt Env evaluation return: 723.500186
stages: 434.000000
Real Env evaluation return: 263.978739
Virt Env evaluation return: 589.338920
stages: 435.000000
Real Env evaluation return: 351.829407
Virt Env evaluation return: 914.334675
stages: 436.000000
Real Env evaluation return: 333.479653
Virt Env evaluation return: 735.744183
stages: 437.000000
Real Env evaluation return: 381.676235
Virt Env evaluation return: 608.419204
stages: 438.000000
Real Env evaluation return: 390.314928
Virt Env evaluation return: 659.924493
stages: 439.000000
Real Env evaluation return: 393.291185
Virt Env evaluation return: 259.619491
stages: 440.000000
Real Env evaluation return: 536.271033
Virt Env evaluation return: 607.144576
stages: 441.000000
Real Env evaluation return: 643.667424
Virt Env evaluation return: 356.158854
stages: 442.000000
Real Env evaluation return: 512.660635
Virt Env evaluation return: 568.189998
stages: 443.000000
Real Env evaluation return: 418.770134
Virt Env evaluation return: 835.295147
stages: 444.000000
Real Env evaluation return: 565.682079
Virt Env evaluation return: 748.243984
stages: 445.000000
Real Env evaluation return: 552.387107
Virt Env evaluation return: 979.661267
stages: 446.000000
Real Env evaluation return: 519.919068
Virt Env evaluation return: 897.086429
stages: 447.000000
Real Env evaluation return: 395.589744
Virt Env evaluation return: 392.959951
stages: 448.000000
Real Env evaluation return: 718.907100
Virt Env evaluation return: 701.790872
stages: 449.000000
Real Env evaluation return: 537.024124
Virt Env evaluation return: 584.283489
stages: 450.000000
Real Env evaluation return: 514.645447
Virt Env evaluation return: 469.668279
stages: 451.000000
Real Env evaluation return: 379.573002
Virt Env evaluation return: 226.865961
stages: 452.000000
Real Env evaluation return: 507.970624
Virt Env evaluation return: 943.962325
stages: 453.000000
Real Env evaluation return: 570.686405
Virt Env evaluation return: 603.944152
stages: 454.000000
Real Env evaluation return: 442.931641
Virt Env evaluation return: 822.230675
stages: 455.000000
Real Env evaluation return: 538.146315
Virt Env evaluation return: 738.866265
stages: 456.000000
Real Env evaluation return: 461.966311
Virt Env evaluation return: 809.222259
stages: 457.000000
Real Env evaluation return: 520.024783
Virt Env evaluation return: 670.982720
stages: 458.000000
Real Env evaluation return: 464.446056
Virt Env evaluation return: 860.040276
stages: 459.000000
Real Env evaluation return: 504.082043
Virt Env evaluation return: 588.458540
stages: 460.000000
Real Env evaluation return: 472.277446
Virt Env evaluation return: 587.952723
stages: 461.000000
Real Env evaluation return: 486.685616
Virt Env evaluation return: 545.600461
stages: 462.000000
Real Env evaluation return: 473.432097
Virt Env evaluation return: 510.431034
stages: 463.000000
Real Env evaluation return: 671.629069
Virt Env evaluation return: 482.603835
stages: 464.000000
Real Env evaluation return: 552.142836
Virt Env evaluation return: 657.505333
stages: 465.000000
Real Env evaluation return: 436.629031
Virt Env evaluation return: 508.849221
stages: 466.000000
Real Env evaluation return: 525.562747
Virt Env evaluation return: 694.675481
stages: 467.000000
Real Env evaluation return: 475.465876
Virt Env evaluation return: 705.958192
stages: 468.000000
Real Env evaluation return: 461.083936
Virt Env evaluation return: 789.692277
stages: 469.000000
Real Env evaluation return: 667.965281
Virt Env evaluation return: 666.869331
stages: 470.000000
Real Env evaluation return: 476.989399
Virt Env evaluation return: 427.787865
stages: 471.000000
Real Env evaluation return: 383.748877
Virt Env evaluation return: 448.973010
stages: 472.000000
Real Env evaluation return: 341.969789
Virt Env evaluation return: 870.478333
stages: 473.000000
Real Env evaluation return: 417.564321
Virt Env evaluation return: 847.274355
stages: 474.000000
Real Env evaluation return: 356.919979
Virt Env evaluation return: 698.849237
stages: 475.000000
Real Env evaluation return: 325.365821
Virt Env evaluation return: 635.181470
stages: 476.000000
Real Env evaluation return: 312.119027
Virt Env evaluation return: 545.956699
stages: 477.000000
Real Env evaluation return: 390.974378
Virt Env evaluation return: 671.735976
stages: 478.000000
Real Env evaluation return: 532.106894
Virt Env evaluation return: 394.852094
stages: 479.000000
Real Env evaluation return: 627.028772
Virt Env evaluation return: 622.254488
stages: 480.000000
Real Env evaluation return: 504.357567
Virt Env evaluation return: 302.020620
stages: 481.000000
Real Env evaluation return: 390.374742
Virt Env evaluation return: 856.543103
stages: 482.000000
Real Env evaluation return: 440.384450
Virt Env evaluation return: 562.640173
stages: 483.000000
Real Env evaluation return: 623.351013
Virt Env evaluation return: 465.715154
stages: 484.000000
Real Env evaluation return: 428.177662
Virt Env evaluation return: 1006.040526
stages: 485.000000
Real Env evaluation return: 342.329894
Virt Env evaluation return: 783.239036
stages: 486.000000
Real Env evaluation return: 494.644173
Virt Env evaluation return: 319.941928
stages: 487.000000
Real Env evaluation return: 513.930007
Virt Env evaluation return: 612.236119
stages: 488.000000
Real Env evaluation return: 496.995508
Virt Env evaluation return: 794.070663
stages: 489.000000
Real Env evaluation return: 473.967874
Virt Env evaluation return: 875.844148
stages: 490.000000
Real Env evaluation return: 452.988531
Virt Env evaluation return: 527.363433
stages: 491.000000
Real Env evaluation return: 640.112493
Virt Env evaluation return: 730.852753
stages: 492.000000
Real Env evaluation return: 636.550148
Virt Env evaluation return: 821.950922
stages: 493.000000
Real Env evaluation return: 507.203939
Virt Env evaluation return: 361.985139
stages: 494.000000
Real Env evaluation return: 408.089644
Virt Env evaluation return: 708.592135
stages: 495.000000
Real Env evaluation return: 420.963223
Virt Env evaluation return: 602.721411
stages: 496.000000
Real Env evaluation return: 619.265517
Virt Env evaluation return: 556.775391
stages: 497.000000
Real Env evaluation return: 666.357826
Virt Env evaluation return: 743.136157
stages: 498.000000
Real Env evaluation return: 583.754899
Virt Env evaluation return: 919.449785
stages: 499.000000
Real Env evaluation return: 655.287080
Virt Env evaluation return: 847.988646
stages: 500.000000
Real Env evaluation return: 428.750660
Virt Env evaluation return: 621.553767
stages: 501.000000
Real Env evaluation return: 445.862526
Virt Env evaluation return: 893.760610
stages: 502.000000
Real Env evaluation return: 486.813678
Virt Env evaluation return: 640.947439
stages: 503.000000
Real Env evaluation return: 381.431426
Virt Env evaluation return: 844.715531
stages: 504.000000
Real Env evaluation return: 434.603061
Virt Env evaluation return: 793.314206
stages: 505.000000
Real Env evaluation return: 473.216772
Virt Env evaluation return: 809.866494
stages: 506.000000
Real Env evaluation return: 412.449876
Virt Env evaluation return: 725.073138
stages: 507.000000
Real Env evaluation return: 344.259956
Virt Env evaluation return: 903.015646
stages: 508.000000
Real Env evaluation return: 288.818359
Virt Env evaluation return: 642.460305
stages: 509.000000
Real Env evaluation return: 398.950725
Virt Env evaluation return: 686.374515
stages: 510.000000
Real Env evaluation return: 453.735989
Virt Env evaluation return: 509.951201
stages: 511.000000
Real Env evaluation return: 340.387367
Virt Env evaluation return: 841.718102
stages: 512.000000
Real Env evaluation return: 395.385967
Virt Env evaluation return: 731.396643
stages: 513.000000
Real Env evaluation return: 468.339411
Virt Env evaluation return: 455.149274
stages: 514.000000
Real Env evaluation return: 447.169873
Virt Env evaluation return: 760.773673
stages: 515.000000
Real Env evaluation return: 365.736206
Virt Env evaluation return: 559.404464
stages: 516.000000
Real Env evaluation return: 293.251494
Virt Env evaluation return: 842.880870
stages: 517.000000
Real Env evaluation return: 489.868260
Virt Env evaluation return: 261.619805
stages: 518.000000
Real Env evaluation return: 465.414557
Virt Env evaluation return: 825.675263
stages: 519.000000
Real Env evaluation return: 533.467409
Virt Env evaluation return: 741.948098
stages: 520.000000
Real Env evaluation return: 313.733225
Virt Env evaluation return: 798.661668
stages: 521.000000
Real Env evaluation return: 314.155099
Virt Env evaluation return: 901.316825
stages: 522.000000
Real Env evaluation return: 394.291572
Virt Env evaluation return: 608.028268
stages: 523.000000
Real Env evaluation return: 347.546449
Virt Env evaluation return: 1051.189822
stages: 524.000000
Real Env evaluation return: 323.022276
Virt Env evaluation return: 700.023788
stages: 525.000000
Real Env evaluation return: 290.052444
Virt Env evaluation return: 733.807899
stages: 526.000000
Real Env evaluation return: 277.023127
Virt Env evaluation return: 824.549308
stages: 527.000000
Real Env evaluation return: 378.476112
Virt Env evaluation return: 618.486039
stages: 528.000000
Real Env evaluation return: 315.792118
Virt Env evaluation return: 879.573632
stages: 529.000000
Real Env evaluation return: 363.538004
Virt Env evaluation return: 546.971188
stages: 530.000000
Real Env evaluation return: 446.524812
Virt Env evaluation return: 1006.413495
stages: 531.000000
Real Env evaluation return: 338.285140
Virt Env evaluation return: 717.891347
stages: 532.000000
Real Env evaluation return: 240.054750
Virt Env evaluation return: 586.144076
stages: 533.000000
Real Env evaluation return: 416.677548
Virt Env evaluation return: 878.370476
stages: 534.000000
Real Env evaluation return: 395.562362
Virt Env evaluation return: 515.798711
stages: 535.000000
Real Env evaluation return: 283.220051
Virt Env evaluation return: 910.100260
stages: 536.000000
Real Env evaluation return: 376.542973
Virt Env evaluation return: 785.867657
stages: 537.000000
Real Env evaluation return: 353.579376
Virt Env evaluation return: 480.579349
stages: 538.000000
Real Env evaluation return: 406.145770
Virt Env evaluation return: 764.328325
stages: 539.000000
Real Env evaluation return: 356.918277
Virt Env evaluation return: 612.947559
stages: 540.000000
Real Env evaluation return: 277.524178
Virt Env evaluation return: 677.033062
stages: 541.000000
Real Env evaluation return: 489.970560
Virt Env evaluation return: 501.882973
stages: 542.000000
Real Env evaluation return: 347.169253
Virt Env evaluation return: 631.761877
stages: 543.000000
Real Env evaluation return: 399.779809
Virt Env evaluation return: 794.418095
stages: 544.000000
Real Env evaluation return: 442.165934
Virt Env evaluation return: 838.423669
stages: 545.000000
Real Env evaluation return: 360.578521
Virt Env evaluation return: 623.978116
stages: 546.000000
Real Env evaluation return: 316.301699
Virt Env evaluation return: 656.141456
stages: 547.000000
Real Env evaluation return: 271.454506
Virt Env evaluation return: 859.605737
stages: 548.000000
Real Env evaluation return: 371.718728
Virt Env evaluation return: 729.941208
stages: 549.000000
Real Env evaluation return: 480.150746
Virt Env evaluation return: 877.848555
stages: 550.000000
Real Env evaluation return: 466.554091
Virt Env evaluation return: 572.800649
stages: 551.000000
Real Env evaluation return: 501.390397
Virt Env evaluation return: 764.521926
stages: 552.000000
Real Env evaluation return: 462.643703
Virt Env evaluation return: 864.715885
stages: 553.000000
Real Env evaluation return: 349.054856
Virt Env evaluation return: 694.429245
stages: 554.000000
Real Env evaluation return: 466.430745
Virt Env evaluation return: 587.075656
stages: 555.000000
Real Env evaluation return: 401.856865
Virt Env evaluation return: 732.179089
stages: 556.000000
Real Env evaluation return: 293.252644
Virt Env evaluation return: 659.259738
stages: 557.000000
Real Env evaluation return: 276.429641
Virt Env evaluation return: 822.454074
stages: 558.000000
Real Env evaluation return: 264.920690
Virt Env evaluation return: 924.175817
stages: 559.000000
Real Env evaluation return: 294.112301
Virt Env evaluation return: 357.869170
stages: 560.000000
Real Env evaluation return: 346.687684
Virt Env evaluation return: 688.125491
stages: 561.000000
Real Env evaluation return: 279.193904
Virt Env evaluation return: 525.742727
stages: 562.000000
Real Env evaluation return: 195.622021
Virt Env evaluation return: 618.885515
stages: 563.000000
Real Env evaluation return: 236.371176
Virt Env evaluation return: 461.137330
stages: 564.000000
Real Env evaluation return: 300.075611
Virt Env evaluation return: 651.492265
stages: 565.000000
Real Env evaluation return: 352.557900
Virt Env evaluation return: 859.920626
stages: 566.000000
Real Env evaluation return: 566.109710
Virt Env evaluation return: 819.538697
stages: 567.000000
Real Env evaluation return: 588.430575
Virt Env evaluation return: 825.469166
stages: 568.000000
Real Env evaluation return: 360.653094
Virt Env evaluation return: 709.066800
stages: 569.000000
Real Env evaluation return: 406.635155
Virt Env evaluation return: 631.779247
stages: 570.000000
Real Env evaluation return: 291.483725
Virt Env evaluation return: 669.075823
stages: 571.000000
Real Env evaluation return: 282.180485
Virt Env evaluation return: 753.068856
stages: 572.000000
Real Env evaluation return: 203.523204
Virt Env evaluation return: 637.868853
stages: 573.000000
Real Env evaluation return: 253.045443
Virt Env evaluation return: 623.242110
stages: 574.000000
Real Env evaluation return: 266.681309
Virt Env evaluation return: 737.831819
stages: 575.000000
Real Env evaluation return: 350.627969
Virt Env evaluation return: 613.292034
stages: 576.000000
Real Env evaluation return: 325.643791
Virt Env evaluation return: 757.791907
stages: 577.000000
Real Env evaluation return: 231.958802
Virt Env evaluation return: 441.223368
stages: 578.000000
Real Env evaluation return: 288.205653
Virt Env evaluation return: 811.229585
stages: 579.000000
Real Env evaluation return: 359.239605
Virt Env evaluation return: 774.610805
stages: 580.000000
Real Env evaluation return: 395.275539
Virt Env evaluation return: 760.143476
stages: 581.000000
Real Env evaluation return: 380.514022
Virt Env evaluation return: 722.854653
stages: 582.000000
Real Env evaluation return: 325.119015
Virt Env evaluation return: 1012.002363
stages: 583.000000
Real Env evaluation return: 304.919300
Virt Env evaluation return: 590.677840
stages: 584.000000
Real Env evaluation return: 314.690114
Virt Env evaluation return: 679.981829
stages: 585.000000
Real Env evaluation return: 395.283546
Virt Env evaluation return: 590.763763
stages: 586.000000
Real Env evaluation return: 254.262788
Virt Env evaluation return: 667.394858
stages: 587.000000
Real Env evaluation return: 475.830360
Virt Env evaluation return: 628.176375
