stages: 0.000000
Real Env evaluation return: -230.395054
Virt Env evaluation return: -3017.741331
stages: 1.000000
Real Env evaluation return: 11.309568
Virt Env evaluation return: -42.363236
stages: 2.000000
Real Env evaluation return: 850.431568
Virt Env evaluation return: 38.688444
stages: 3.000000
Real Env evaluation return: 809.120875
Virt Env evaluation return: 30.532623
stages: 4.000000
Real Env evaluation return: 732.582131
Virt Env evaluation return: 120.097045
stages: 5.000000
Real Env evaluation return: 715.071031
Virt Env evaluation return: 251.507718
stages: 6.000000
Real Env evaluation return: 685.158206
Virt Env evaluation return: 617.518433
stages: 7.000000
Real Env evaluation return: 699.094529
Virt Env evaluation return: 241.070242
stages: 8.000000
Real Env evaluation return: 625.460521
Virt Env evaluation return: 1026.710186
stages: 9.000000
Real Env evaluation return: 678.883806
Virt Env evaluation return: 992.951360
stages: 10.000000
Real Env evaluation return: 600.879702
Virt Env evaluation return: 874.337105
stages: 11.000000
Real Env evaluation return: 516.920328
Virt Env evaluation return: 946.363240
stages: 12.000000
Real Env evaluation return: 456.705883
Virt Env evaluation return: 988.090828
stages: 13.000000
Real Env evaluation return: 363.971425
Virt Env evaluation return: 969.608771
stages: 14.000000
Real Env evaluation return: 405.096271
Virt Env evaluation return: 891.285027
stages: 15.000000
Real Env evaluation return: 426.381868
Virt Env evaluation return: 730.296021
stages: 16.000000
Real Env evaluation return: 343.437216
Virt Env evaluation return: 1074.350816
stages: 17.000000
Real Env evaluation return: 198.427881
Virt Env evaluation return: 1006.693915
stages: 18.000000
Real Env evaluation return: 281.217455
Virt Env evaluation return: 1224.508747
stages: 19.000000
Real Env evaluation return: 163.386880
Virt Env evaluation return: 1281.757811
stages: 20.000000
Real Env evaluation return: 300.258769
Virt Env evaluation return: 1328.857324
stages: 21.000000
Real Env evaluation return: 325.595535
Virt Env evaluation return: 1019.775588
stages: 22.000000
Real Env evaluation return: 339.008404
Virt Env evaluation return: 510.962220
stages: 23.000000
Real Env evaluation return: 347.720708
Virt Env evaluation return: 653.389161
stages: 24.000000
Real Env evaluation return: 605.936049
Virt Env evaluation return: 838.041912
stages: 25.000000
Real Env evaluation return: 482.653900
Virt Env evaluation return: 874.894904
stages: 26.000000
Real Env evaluation return: 394.313421
Virt Env evaluation return: 1071.737427
stages: 27.000000
Real Env evaluation return: 547.711167
Virt Env evaluation return: 1137.930710
stages: 28.000000
Real Env evaluation return: 448.963970
Virt Env evaluation return: 1201.698745
stages: 29.000000
Real Env evaluation return: 494.453984
Virt Env evaluation return: 837.244600
stages: 30.000000
Real Env evaluation return: 569.961275
Virt Env evaluation return: 1007.417736
stages: 31.000000
Real Env evaluation return: 494.267940
Virt Env evaluation return: 1153.650643
stages: 32.000000
Real Env evaluation return: 761.289555
Virt Env evaluation return: 887.310783
stages: 33.000000
Real Env evaluation return: 829.953653
Virt Env evaluation return: 1090.406574
stages: 34.000000
Real Env evaluation return: 692.408131
Virt Env evaluation return: 443.320817
stages: 35.000000
Real Env evaluation return: 772.217221
Virt Env evaluation return: 1038.997070
stages: 36.000000
Real Env evaluation return: 725.953484
Virt Env evaluation return: 1127.747981
stages: 37.000000
Real Env evaluation return: 859.109151
Virt Env evaluation return: 382.879029
stages: 38.000000
Real Env evaluation return: 738.556684
Virt Env evaluation return: 916.336561
stages: 39.000000
Real Env evaluation return: 894.850334
Virt Env evaluation return: 982.390597
stages: 40.000000
Real Env evaluation return: 836.093161
Virt Env evaluation return: 612.757366
stages: 41.000000
Real Env evaluation return: 852.272721
Virt Env evaluation return: 1152.490446
stages: 42.000000
Real Env evaluation return: 800.286466
Virt Env evaluation return: 1111.888709
stages: 43.000000
Real Env evaluation return: 801.379756
Virt Env evaluation return: 885.379787
stages: 44.000000
Real Env evaluation return: 785.846536
Virt Env evaluation return: 753.902613
stages: 45.000000
Real Env evaluation return: 740.203272
Virt Env evaluation return: 973.517885
stages: 46.000000
Real Env evaluation return: 776.054326
Virt Env evaluation return: 972.321993
stages: 47.000000
Real Env evaluation return: 752.383273
Virt Env evaluation return: 808.177111
stages: 48.000000
Real Env evaluation return: 824.129932
Virt Env evaluation return: 1098.178928
stages: 49.000000
Real Env evaluation return: 865.585322
Virt Env evaluation return: 764.386522
stages: 50.000000
Real Env evaluation return: 802.582267
Virt Env evaluation return: 604.708744
stages: 51.000000
Real Env evaluation return: 829.904420
Virt Env evaluation return: 495.562810
stages: 52.000000
Real Env evaluation return: 791.180671
Virt Env evaluation return: 1170.439320
stages: 53.000000
Real Env evaluation return: 710.278196
Virt Env evaluation return: 1150.692555
stages: 54.000000
Real Env evaluation return: 764.525784
Virt Env evaluation return: 722.042476
stages: 55.000000
Real Env evaluation return: 821.267539
Virt Env evaluation return: 1197.132258
stages: 56.000000
Real Env evaluation return: 732.450724
Virt Env evaluation return: 1125.410610
stages: 57.000000
Real Env evaluation return: 777.583874
Virt Env evaluation return: 1285.748816
stages: 58.000000
Real Env evaluation return: 690.893537
Virt Env evaluation return: 1537.096428
stages: 59.000000
Real Env evaluation return: 820.937931
Virt Env evaluation return: 563.956676
stages: 60.000000
Real Env evaluation return: 781.794405
Virt Env evaluation return: 1189.396753
stages: 61.000000
Real Env evaluation return: 788.237482
Virt Env evaluation return: 1526.107044
stages: 62.000000
Real Env evaluation return: 750.802329
Virt Env evaluation return: 795.228842
stages: 63.000000
Real Env evaluation return: 636.531056
Virt Env evaluation return: 1493.771039
stages: 64.000000
Real Env evaluation return: 619.616734
Virt Env evaluation return: 480.716526
stages: 65.000000
Real Env evaluation return: 858.722417
Virt Env evaluation return: 1378.664331
stages: 66.000000
Real Env evaluation return: 834.502390
Virt Env evaluation return: 920.000332
stages: 67.000000
Real Env evaluation return: 840.551995
Virt Env evaluation return: 1157.827532
stages: 68.000000
Real Env evaluation return: 873.214129
Virt Env evaluation return: 981.319338
stages: 69.000000
Real Env evaluation return: 885.876385
Virt Env evaluation return: 1239.930915
stages: 70.000000
Real Env evaluation return: 848.009590
Virt Env evaluation return: 583.350771
stages: 71.000000
Real Env evaluation return: 878.439024
Virt Env evaluation return: 1285.254548
stages: 72.000000
Real Env evaluation return: 790.743942
Virt Env evaluation return: 1111.189777
stages: 73.000000
Real Env evaluation return: 789.159793
Virt Env evaluation return: 971.489708
stages: 74.000000
Real Env evaluation return: 814.436105
Virt Env evaluation return: 1409.950790
stages: 75.000000
Real Env evaluation return: 789.809795
Virt Env evaluation return: 1033.115845
stages: 76.000000
Real Env evaluation return: 764.134221
Virt Env evaluation return: 695.182957
stages: 77.000000
Real Env evaluation return: 839.166411
Virt Env evaluation return: 1930.316456
stages: 78.000000
Real Env evaluation return: 777.227027
Virt Env evaluation return: 1495.682340
stages: 79.000000
Real Env evaluation return: 773.982676
Virt Env evaluation return: 1106.549311
stages: 80.000000
Real Env evaluation return: 782.385529
Virt Env evaluation return: 710.367637
stages: 81.000000
Real Env evaluation return: 816.090752
Virt Env evaluation return: 1263.205824
stages: 82.000000
Real Env evaluation return: 829.339770
Virt Env evaluation return: 985.471012
stages: 83.000000
Real Env evaluation return: 836.589447
Virt Env evaluation return: 1080.628842
stages: 84.000000
Real Env evaluation return: 852.218967
Virt Env evaluation return: 1220.779123
stages: 85.000000
Real Env evaluation return: 829.403587
Virt Env evaluation return: 1104.692643
stages: 86.000000
Real Env evaluation return: 825.703400
Virt Env evaluation return: 1414.978604
stages: 87.000000
Real Env evaluation return: 846.648370
Virt Env evaluation return: 1366.199978
stages: 88.000000
Real Env evaluation return: 890.525042
Virt Env evaluation return: 1200.541272
stages: 89.000000
Real Env evaluation return: 856.981658
Virt Env evaluation return: 1199.640483
stages: 90.000000
Real Env evaluation return: 903.287467
Virt Env evaluation return: 1136.156911
stages: 91.000000
Real Env evaluation return: 876.357024
Virt Env evaluation return: 1163.791768
stages: 92.000000
Real Env evaluation return: 868.235020
Virt Env evaluation return: 1138.493067
stages: 93.000000
Real Env evaluation return: 891.881624
Virt Env evaluation return: 1285.330526
stages: 94.000000
Real Env evaluation return: 873.212248
Virt Env evaluation return: 931.780250
stages: 95.000000
Real Env evaluation return: 792.051175
Virt Env evaluation return: 1155.149491
stages: 96.000000
Real Env evaluation return: 862.409696
Virt Env evaluation return: 1257.026556
stages: 97.000000
Real Env evaluation return: 864.804932
Virt Env evaluation return: 1266.318187
stages: 98.000000
Real Env evaluation return: 837.863697
Virt Env evaluation return: 1079.809297
stages: 99.000000
Real Env evaluation return: 874.176281
Virt Env evaluation return: 922.972513
stages: 100.000000
Real Env evaluation return: 887.514844
Virt Env evaluation return: 1322.817423
stages: 101.000000
Real Env evaluation return: 836.904176
Virt Env evaluation return: 1132.132139
stages: 102.000000
Real Env evaluation return: 864.695988
Virt Env evaluation return: 1261.457406
stages: 103.000000
Real Env evaluation return: 867.268152
Virt Env evaluation return: 2493.749507
stages: 104.000000
Real Env evaluation return: 800.572972
Virt Env evaluation return: 2589.668932
stages: 105.000000
Real Env evaluation return: 891.489452
Virt Env evaluation return: 1521.784285
stages: 106.000000
Real Env evaluation return: 861.875435
Virt Env evaluation return: 1276.550667
stages: 107.000000
Real Env evaluation return: 844.806289
Virt Env evaluation return: 2277.002094
stages: 108.000000
Real Env evaluation return: 862.898179
Virt Env evaluation return: 1085.262511
stages: 109.000000
Real Env evaluation return: 897.694440
Virt Env evaluation return: 927.429037
stages: 110.000000
Real Env evaluation return: 902.990525
Virt Env evaluation return: 1211.793336
stages: 111.000000
Real Env evaluation return: 887.489314
Virt Env evaluation return: 1314.856237
stages: 112.000000
Real Env evaluation return: 889.545181
Virt Env evaluation return: 1373.982538
stages: 113.000000
Real Env evaluation return: 880.787294
Virt Env evaluation return: 25.348235
stages: 114.000000
Real Env evaluation return: 900.552764
Virt Env evaluation return: 1210.542093
stages: 115.000000
Real Env evaluation return: 941.609936
Virt Env evaluation return: 167.406335
stages: 116.000000
Real Env evaluation return: 899.580004
Virt Env evaluation return: 1166.759854
stages: 117.000000
Real Env evaluation return: 811.011393
Virt Env evaluation return: 1225.386142
stages: 118.000000
Real Env evaluation return: 879.714705
Virt Env evaluation return: 983.991477
stages: 119.000000
Real Env evaluation return: 889.141623
Virt Env evaluation return: 765.917661
stages: 120.000000
Real Env evaluation return: 891.092009
Virt Env evaluation return: 1293.116153
stages: 121.000000
Real Env evaluation return: 883.080346
Virt Env evaluation return: 1842.262324
stages: 122.000000
Real Env evaluation return: 900.774071
Virt Env evaluation return: 1532.284765
stages: 123.000000
Real Env evaluation return: 925.464085
Virt Env evaluation return: 835.871993
stages: 124.000000
Real Env evaluation return: 905.618130
Virt Env evaluation return: 1389.211507
stages: 125.000000
Real Env evaluation return: 910.724912
Virt Env evaluation return: 629.027211
stages: 126.000000
Real Env evaluation return: 900.957550
Virt Env evaluation return: 1243.888078
stages: 127.000000
Real Env evaluation return: 867.443747
Virt Env evaluation return: 1598.681893
stages: 128.000000
Real Env evaluation return: 859.074674
Virt Env evaluation return: 961.911151
stages: 129.000000
Real Env evaluation return: 866.527316
Virt Env evaluation return: 1001.596273
stages: 130.000000
Real Env evaluation return: 832.304161
Virt Env evaluation return: 2107.339980
stages: 131.000000
Real Env evaluation return: 840.316706
Virt Env evaluation return: 1091.001590
stages: 132.000000
Real Env evaluation return: 805.307253
Virt Env evaluation return: 1086.423426
stages: 133.000000
Real Env evaluation return: 867.429453
Virt Env evaluation return: 982.163737
stages: 134.000000
Real Env evaluation return: 882.572703
Virt Env evaluation return: 1724.853705
stages: 135.000000
Real Env evaluation return: 908.518271
Virt Env evaluation return: 1035.934366
stages: 136.000000
Real Env evaluation return: 874.020561
Virt Env evaluation return: 1498.733544
stages: 137.000000
Real Env evaluation return: 810.165214
Virt Env evaluation return: 991.324655
stages: 138.000000
Real Env evaluation return: 836.059179
Virt Env evaluation return: 1093.903390
stages: 139.000000
Real Env evaluation return: 800.149352
Virt Env evaluation return: 132.155357
stages: 140.000000
Real Env evaluation return: 731.949353
Virt Env evaluation return: 1144.049976
stages: 141.000000
Real Env evaluation return: 713.339710
Virt Env evaluation return: 1180.486142
stages: 142.000000
Real Env evaluation return: 728.175326
Virt Env evaluation return: 1586.784366
stages: 143.000000
Real Env evaluation return: 730.914390
Virt Env evaluation return: 1744.120614
stages: 144.000000
Real Env evaluation return: 645.394395
Virt Env evaluation return: 1378.184655
stages: 145.000000
Real Env evaluation return: 736.216794
Virt Env evaluation return: 1125.030791
stages: 146.000000
Real Env evaluation return: 698.060009
Virt Env evaluation return: 1343.298209
stages: 147.000000
Real Env evaluation return: 769.039759
Virt Env evaluation return: 1285.154418
stages: 148.000000
Real Env evaluation return: 758.310743
Virt Env evaluation return: 1450.464439
stages: 149.000000
Real Env evaluation return: 799.036230
Virt Env evaluation return: 719.752464
stages: 150.000000
Real Env evaluation return: 801.934252
Virt Env evaluation return: 1013.383456
stages: 151.000000
Real Env evaluation return: 783.162902
Virt Env evaluation return: 652.281462
stages: 152.000000
Real Env evaluation return: 776.512756
Virt Env evaluation return: 1773.438545
stages: 153.000000
Real Env evaluation return: 779.088161
Virt Env evaluation return: 993.942042
stages: 154.000000
Real Env evaluation return: 779.930096
Virt Env evaluation return: 1008.437570
stages: 155.000000
Real Env evaluation return: 767.496400
Virt Env evaluation return: 999.460224
stages: 156.000000
Real Env evaluation return: 768.917345
Virt Env evaluation return: 1378.898571
stages: 157.000000
Real Env evaluation return: 757.387644
Virt Env evaluation return: 1042.818554
stages: 158.000000
Real Env evaluation return: 768.044773
Virt Env evaluation return: 384.713429
stages: 159.000000
Real Env evaluation return: 754.662069
Virt Env evaluation return: 1473.109301
stages: 160.000000
Real Env evaluation return: 748.404693
Virt Env evaluation return: 825.408182
stages: 161.000000
Real Env evaluation return: 736.959447
Virt Env evaluation return: 1700.452846
stages: 162.000000
Real Env evaluation return: 739.491323
Virt Env evaluation return: 1301.190067
stages: 163.000000
Real Env evaluation return: 726.851517
Virt Env evaluation return: 1282.599802
stages: 164.000000
Real Env evaluation return: 745.099562
Virt Env evaluation return: 1612.703583
stages: 165.000000
Real Env evaluation return: 766.076011
Virt Env evaluation return: 1074.478294
stages: 166.000000
Real Env evaluation return: 769.442722
Virt Env evaluation return: 1614.314621
stages: 167.000000
Real Env evaluation return: 764.378561
Virt Env evaluation return: 937.793002
stages: 168.000000
Real Env evaluation return: 754.036045
Virt Env evaluation return: 867.817633
stages: 169.000000
Real Env evaluation return: 762.459484
Virt Env evaluation return: 1035.670500
stages: 170.000000
Real Env evaluation return: 776.555384
Virt Env evaluation return: 198.353710
stages: 171.000000
Real Env evaluation return: 770.995266
Virt Env evaluation return: 234.600579
stages: 172.000000
Real Env evaluation return: 779.998202
Virt Env evaluation return: 741.698379
stages: 173.000000
Real Env evaluation return: 776.996280
Virt Env evaluation return: 834.090548
stages: 174.000000
Real Env evaluation return: 769.799607
Virt Env evaluation return: 424.580976
stages: 175.000000
Real Env evaluation return: 794.899856
Virt Env evaluation return: 732.232677
stages: 176.000000
Real Env evaluation return: 784.526287
Virt Env evaluation return: 1129.321595
stages: 177.000000
Real Env evaluation return: 782.304453
Virt Env evaluation return: 358.343096
stages: 178.000000
Real Env evaluation return: 779.085568
Virt Env evaluation return: 2209.149434
stages: 179.000000
Real Env evaluation return: 837.366789
Virt Env evaluation return: 1237.035577
stages: 180.000000
Real Env evaluation return: 797.555592
Virt Env evaluation return: 963.096023
stages: 181.000000
Real Env evaluation return: 837.734067
Virt Env evaluation return: 1383.517096
stages: 182.000000
Real Env evaluation return: 848.808785
Virt Env evaluation return: 1134.997438
stages: 183.000000
Real Env evaluation return: 825.979391
Virt Env evaluation return: 976.081790
stages: 184.000000
Real Env evaluation return: 903.875426
Virt Env evaluation return: 974.427547
stages: 185.000000
Real Env evaluation return: 810.086917
Virt Env evaluation return: 1442.194419
stages: 186.000000
Real Env evaluation return: 850.794717
Virt Env evaluation return: 921.275442
stages: 187.000000
Real Env evaluation return: 869.552732
Virt Env evaluation return: 1062.343777
stages: 188.000000
Real Env evaluation return: 854.389902
Virt Env evaluation return: -837.857134
stages: 189.000000
Real Env evaluation return: 932.425794
Virt Env evaluation return: 932.406060
stages: 190.000000
Real Env evaluation return: 954.475309
Virt Env evaluation return: 191.757300
stages: 191.000000
Real Env evaluation return: 897.388017
Virt Env evaluation return: 653.281944
stages: 192.000000
Real Env evaluation return: 920.972900
Virt Env evaluation return: 619.235302
stages: 193.000000
Real Env evaluation return: 933.566343
Virt Env evaluation return: 1630.215219
stages: 194.000000
Real Env evaluation return: 945.640931
Virt Env evaluation return: 1039.108923
stages: 195.000000
Real Env evaluation return: 928.745096
Virt Env evaluation return: 1149.506380
stages: 196.000000
Real Env evaluation return: 939.687538
Virt Env evaluation return: 1033.140596
stages: 197.000000
Real Env evaluation return: 927.971263
Virt Env evaluation return: 1073.985082
stages: 198.000000
Real Env evaluation return: 912.243003
Virt Env evaluation return: 1153.710611
stages: 199.000000
Real Env evaluation return: 883.252629
Virt Env evaluation return: 1298.810231
stages: 200.000000
Real Env evaluation return: 915.617151
Virt Env evaluation return: 565.515653
stages: 201.000000
Real Env evaluation return: 887.522417
Virt Env evaluation return: 989.863538
stages: 202.000000
Real Env evaluation return: 890.024171
Virt Env evaluation return: 1137.241725
stages: 203.000000
Real Env evaluation return: 880.120060
Virt Env evaluation return: 1037.296076
stages: 204.000000
Real Env evaluation return: 875.297976
Virt Env evaluation return: 651.991846
stages: 205.000000
Real Env evaluation return: 866.194623
Virt Env evaluation return: 916.546307
stages: 206.000000
Real Env evaluation return: 859.591057
Virt Env evaluation return: 520.909025
stages: 207.000000
Real Env evaluation return: 859.543307
Virt Env evaluation return: 881.354578
stages: 208.000000
Real Env evaluation return: 859.290243
Virt Env evaluation return: 1019.347376
stages: 209.000000
Real Env evaluation return: 859.107069
Virt Env evaluation return: 459.117441
stages: 210.000000
Real Env evaluation return: 860.417713
Virt Env evaluation return: 1235.801234
stages: 211.000000
Real Env evaluation return: 811.985317
Virt Env evaluation return: 863.196879
stages: 212.000000
Real Env evaluation return: 806.355472
Virt Env evaluation return: 987.076195
stages: 213.000000
Real Env evaluation return: 797.339023
Virt Env evaluation return: 1021.788462
stages: 214.000000
Real Env evaluation return: 830.188059
Virt Env evaluation return: 402.391680
stages: 215.000000
Real Env evaluation return: 834.853235
Virt Env evaluation return: 983.098456
stages: 216.000000
Real Env evaluation return: 839.613387
Virt Env evaluation return: 897.354578
stages: 217.000000
Real Env evaluation return: 840.548697
Virt Env evaluation return: 711.648527
stages: 218.000000
Real Env evaluation return: 880.320770
Virt Env evaluation return: 549.637034
stages: 219.000000
Real Env evaluation return: 873.330718
Virt Env evaluation return: 466.981867
stages: 220.000000
Real Env evaluation return: 817.285038
Virt Env evaluation return: -609.264875
stages: 221.000000
Real Env evaluation return: 816.990327
Virt Env evaluation return: 1069.760883
stages: 222.000000
Real Env evaluation return: 925.808918
Virt Env evaluation return: 1248.798251
stages: 223.000000
Real Env evaluation return: 974.768493
Virt Env evaluation return: 1066.614176
stages: 224.000000
Real Env evaluation return: 865.344313
Virt Env evaluation return: 903.723330
stages: 225.000000
Real Env evaluation return: 896.068840
Virt Env evaluation return: 1109.495040
stages: 226.000000
Real Env evaluation return: 1003.039135
Virt Env evaluation return: 936.819954
stages: 227.000000
Real Env evaluation return: 963.877939
Virt Env evaluation return: 1012.008764
stages: 228.000000
Real Env evaluation return: 870.603035
Virt Env evaluation return: 898.970384
stages: 229.000000
Real Env evaluation return: 894.892208
Virt Env evaluation return: 1096.512758
stages: 230.000000
Real Env evaluation return: 848.733100
Virt Env evaluation return: 1220.753608
stages: 231.000000
Real Env evaluation return: 858.922960
Virt Env evaluation return: 934.990161
stages: 232.000000
Real Env evaluation return: 873.479451
Virt Env evaluation return: 1081.609929
stages: 233.000000
Real Env evaluation return: 878.887520
Virt Env evaluation return: 634.133702
stages: 234.000000
Real Env evaluation return: 916.431040
Virt Env evaluation return: 851.020953
stages: 235.000000
Real Env evaluation return: 944.115524
Virt Env evaluation return: 338.109316
stages: 236.000000
Real Env evaluation return: 819.506864
Virt Env evaluation return: 1116.805899
stages: 237.000000
Real Env evaluation return: 846.290597
Virt Env evaluation return: 756.347492
stages: 238.000000
Real Env evaluation return: 884.774003
Virt Env evaluation return: 887.917560
stages: 239.000000
Real Env evaluation return: 834.866473
Virt Env evaluation return: 944.146177
stages: 240.000000
Real Env evaluation return: 943.529938
Virt Env evaluation return: 1079.710384
stages: 241.000000
Real Env evaluation return: 1002.605990
Virt Env evaluation return: 730.417481
stages: 242.000000
Real Env evaluation return: 974.509208
Virt Env evaluation return: 646.156868
stages: 243.000000
Real Env evaluation return: 935.629918
Virt Env evaluation return: 571.197241
stages: 244.000000
Real Env evaluation return: 962.465480
Virt Env evaluation return: 1265.216420
stages: 245.000000
Real Env evaluation return: 944.931342
Virt Env evaluation return: 892.475201
stages: 246.000000
Real Env evaluation return: 945.486983
Virt Env evaluation return: 1021.738744
stages: 247.000000
Real Env evaluation return: 995.291069
Virt Env evaluation return: 903.892619
stages: 248.000000
Real Env evaluation return: 984.187571
Virt Env evaluation return: -24.997647
stages: 249.000000
Real Env evaluation return: 935.269842
Virt Env evaluation return: 148.591092
stages: 250.000000
Real Env evaluation return: 986.574594
Virt Env evaluation return: 1163.203466
stages: 251.000000
Real Env evaluation return: 917.524373
Virt Env evaluation return: 849.282639
stages: 252.000000
Real Env evaluation return: 867.742154
Virt Env evaluation return: 354.913162
stages: 253.000000
Real Env evaluation return: 968.042407
Virt Env evaluation return: -60.466180
stages: 254.000000
Real Env evaluation return: 926.365743
Virt Env evaluation return: 526.097427
stages: 255.000000
Real Env evaluation return: 931.286245
Virt Env evaluation return: 604.619222
stages: 256.000000
Real Env evaluation return: 898.589758
Virt Env evaluation return: 690.766030
stages: 257.000000
Real Env evaluation return: 926.842453
Virt Env evaluation return: 585.489552
stages: 258.000000
Real Env evaluation return: 911.317981
Virt Env evaluation return: 909.602506
stages: 259.000000
Real Env evaluation return: 956.046983
Virt Env evaluation return: 738.406337
stages: 260.000000
Real Env evaluation return: 782.111359
Virt Env evaluation return: 1020.559142
stages: 261.000000
Real Env evaluation return: 968.477323
Virt Env evaluation return: 601.872200
stages: 262.000000
Real Env evaluation return: 973.949430
Virt Env evaluation return: 828.869434
stages: 263.000000
Real Env evaluation return: 949.073586
Virt Env evaluation return: 267.087792
stages: 264.000000
Real Env evaluation return: 925.592294
Virt Env evaluation return: 359.167178
stages: 265.000000
Real Env evaluation return: 925.745983
Virt Env evaluation return: 736.487419
stages: 266.000000
Real Env evaluation return: 943.859894
Virt Env evaluation return: 324.714925
stages: 267.000000
Real Env evaluation return: 940.651010
Virt Env evaluation return: 627.518902
stages: 268.000000
Real Env evaluation return: 924.012733
Virt Env evaluation return: 476.440964
stages: 269.000000
Real Env evaluation return: 935.626838
Virt Env evaluation return: 982.843041
stages: 270.000000
Real Env evaluation return: 933.420977
Virt Env evaluation return: 696.579667
stages: 271.000000
Real Env evaluation return: 962.041025
Virt Env evaluation return: 485.997907
stages: 272.000000
Real Env evaluation return: 918.422323
Virt Env evaluation return: 598.645365
stages: 273.000000
Real Env evaluation return: 939.280971
Virt Env evaluation return: 558.534938
stages: 274.000000
Real Env evaluation return: 957.292244
Virt Env evaluation return: 561.808015
stages: 275.000000
Real Env evaluation return: 952.810501
Virt Env evaluation return: 816.620346
stages: 276.000000
Real Env evaluation return: 943.183149
Virt Env evaluation return: 1110.994419
stages: 277.000000
Real Env evaluation return: 946.799907
Virt Env evaluation return: 1020.195234
stages: 278.000000
Real Env evaluation return: 920.857003
Virt Env evaluation return: 731.744671
stages: 279.000000
Real Env evaluation return: 922.535951
Virt Env evaluation return: 757.847424
stages: 280.000000
Real Env evaluation return: 949.125064
Virt Env evaluation return: 588.981802
stages: 281.000000
Real Env evaluation return: 949.467133
Virt Env evaluation return: 676.620516
stages: 282.000000
Real Env evaluation return: 982.558952
Virt Env evaluation return: 887.828851
stages: 283.000000
Real Env evaluation return: 985.637568
Virt Env evaluation return: 859.285606
stages: 284.000000
Real Env evaluation return: 969.970794
Virt Env evaluation return: 712.546090
stages: 285.000000
Real Env evaluation return: 957.517816
Virt Env evaluation return: 498.439479
stages: 286.000000
Real Env evaluation return: 951.289348
Virt Env evaluation return: 608.096416
stages: 287.000000
Real Env evaluation return: 948.364926
Virt Env evaluation return: 1062.230147
stages: 288.000000
Real Env evaluation return: 944.740546
Virt Env evaluation return: 728.594690
stages: 289.000000
Real Env evaluation return: 970.624027
Virt Env evaluation return: 447.973806
stages: 290.000000
Real Env evaluation return: 969.129221
Virt Env evaluation return: 408.650728
stages: 291.000000
Real Env evaluation return: 970.082562
Virt Env evaluation return: 624.470292
stages: 292.000000
Real Env evaluation return: 970.964964
Virt Env evaluation return: 405.186153
stages: 293.000000
Real Env evaluation return: 968.171197
Virt Env evaluation return: 887.519072
stages: 294.000000
Real Env evaluation return: 960.920204
Virt Env evaluation return: 548.611049
stages: 295.000000
Real Env evaluation return: 986.722361
Virt Env evaluation return: 682.240617
stages: 296.000000
Real Env evaluation return: 952.512740
Virt Env evaluation return: 773.439161
stages: 297.000000
Real Env evaluation return: 959.776399
Virt Env evaluation return: 483.073712
stages: 298.000000
Real Env evaluation return: 941.511435
Virt Env evaluation return: 315.542320
stages: 299.000000
Real Env evaluation return: 936.107421
Virt Env evaluation return: 675.166461
stages: 300.000000
Real Env evaluation return: 916.622216
Virt Env evaluation return: 593.325311
stages: 301.000000
Real Env evaluation return: 922.663587
Virt Env evaluation return: 576.688648
stages: 302.000000
Real Env evaluation return: 946.575976
Virt Env evaluation return: 437.593181
stages: 303.000000
Real Env evaluation return: 901.547170
Virt Env evaluation return: 918.472518
stages: 304.000000
Real Env evaluation return: 904.413855
Virt Env evaluation return: 801.859365
stages: 305.000000
Real Env evaluation return: 896.473585
Virt Env evaluation return: 731.782065
stages: 306.000000
Real Env evaluation return: 938.390405
Virt Env evaluation return: 337.940932
stages: 307.000000
Real Env evaluation return: 945.071477
Virt Env evaluation return: 825.101830
stages: 308.000000
Real Env evaluation return: 955.133851
Virt Env evaluation return: 687.075435
stages: 309.000000
Real Env evaluation return: 959.937019
Virt Env evaluation return: 606.436809
stages: 310.000000
Real Env evaluation return: 927.737844
Virt Env evaluation return: 688.632956
stages: 311.000000
Real Env evaluation return: 934.658530
Virt Env evaluation return: 522.246392
stages: 312.000000
Real Env evaluation return: 930.337913
Virt Env evaluation return: 889.025443
stages: 313.000000
Real Env evaluation return: 937.344671
Virt Env evaluation return: 781.846916
stages: 314.000000
Real Env evaluation return: 953.041293
Virt Env evaluation return: 584.278479
stages: 315.000000
Real Env evaluation return: 892.394977
Virt Env evaluation return: 555.593799
stages: 316.000000
Real Env evaluation return: 1011.754744
Virt Env evaluation return: 738.946810
stages: 317.000000
Real Env evaluation return: 940.262706
Virt Env evaluation return: -303.643994
stages: 318.000000
Real Env evaluation return: 968.940935
Virt Env evaluation return: 669.247713
stages: 319.000000
Real Env evaluation return: 997.737772
Virt Env evaluation return: 629.799321
stages: 320.000000
Real Env evaluation return: 951.728863
Virt Env evaluation return: 756.070568
stages: 321.000000
Real Env evaluation return: 991.685692
Virt Env evaluation return: 1038.978893
stages: 322.000000
Real Env evaluation return: 943.988001
Virt Env evaluation return: 601.438622
stages: 323.000000
Real Env evaluation return: 973.426454
Virt Env evaluation return: 847.306033
stages: 324.000000
Real Env evaluation return: 997.103686
Virt Env evaluation return: 682.000895
stages: 325.000000
Real Env evaluation return: 975.077775
Virt Env evaluation return: 300.254107
stages: 326.000000
Real Env evaluation return: 973.523433
Virt Env evaluation return: 503.106526
stages: 327.000000
Real Env evaluation return: 979.243468
Virt Env evaluation return: 1072.212423
stages: 328.000000
Real Env evaluation return: 933.467250
Virt Env evaluation return: 464.677989
stages: 329.000000
Real Env evaluation return: 964.146553
Virt Env evaluation return: 444.094041
stages: 330.000000
Real Env evaluation return: 937.538491
Virt Env evaluation return: 636.212813
stages: 331.000000
Real Env evaluation return: 955.094618
Virt Env evaluation return: 996.287333
stages: 332.000000
Real Env evaluation return: 982.357643
Virt Env evaluation return: 629.085934
stages: 333.000000
Real Env evaluation return: 927.487942
Virt Env evaluation return: 305.753950
stages: 334.000000
Real Env evaluation return: 955.048848
Virt Env evaluation return: 769.696539
stages: 335.000000
Real Env evaluation return: 914.937089
Virt Env evaluation return: 620.658185
stages: 336.000000
Real Env evaluation return: 952.400491
Virt Env evaluation return: 1075.534775
stages: 337.000000
Real Env evaluation return: 956.380626
Virt Env evaluation return: 517.059889
stages: 338.000000
Real Env evaluation return: 930.293297
Virt Env evaluation return: 697.323330
stages: 339.000000
Real Env evaluation return: 932.873805
Virt Env evaluation return: 614.423648
stages: 340.000000
Real Env evaluation return: 935.158349
Virt Env evaluation return: 749.053390
stages: 341.000000
Real Env evaluation return: 978.717737
Virt Env evaluation return: 851.563897
stages: 342.000000
Real Env evaluation return: 905.671060
Virt Env evaluation return: 728.741977
stages: 343.000000
Real Env evaluation return: 940.563234
Virt Env evaluation return: 649.982719
stages: 344.000000
Real Env evaluation return: 923.567026
Virt Env evaluation return: 293.744647
stages: 345.000000
Real Env evaluation return: 860.878960
Virt Env evaluation return: 570.577810
stages: 346.000000
Real Env evaluation return: 922.530009
Virt Env evaluation return: 715.778600
stages: 347.000000
Real Env evaluation return: 890.084544
Virt Env evaluation return: 605.255084
stages: 348.000000
Real Env evaluation return: 893.345426
Virt Env evaluation return: 616.195588
stages: 349.000000
Real Env evaluation return: 934.481879
Virt Env evaluation return: 757.684064
stages: 350.000000
Real Env evaluation return: 925.820619
Virt Env evaluation return: 680.058743
stages: 351.000000
Real Env evaluation return: 899.242895
Virt Env evaluation return: 687.593849
stages: 352.000000
Real Env evaluation return: 897.923284
Virt Env evaluation return: 553.046332
stages: 353.000000
Real Env evaluation return: 857.034508
Virt Env evaluation return: 227.097519
stages: 354.000000
Real Env evaluation return: 884.622087
Virt Env evaluation return: 825.891240
stages: 355.000000
Real Env evaluation return: 879.749981
Virt Env evaluation return: 823.797067
stages: 356.000000
Real Env evaluation return: 919.649419
Virt Env evaluation return: 463.264221
stages: 357.000000
Real Env evaluation return: 860.240540
Virt Env evaluation return: 733.428099
stages: 358.000000
Real Env evaluation return: 880.595025
Virt Env evaluation return: 767.232681
stages: 359.000000
Real Env evaluation return: 889.262314
Virt Env evaluation return: 641.504795
stages: 360.000000
Real Env evaluation return: 880.214146
Virt Env evaluation return: 768.952478
stages: 361.000000
Real Env evaluation return: 894.516532
Virt Env evaluation return: 669.320311
stages: 362.000000
Real Env evaluation return: 908.070827
Virt Env evaluation return: 809.510949
stages: 363.000000
Real Env evaluation return: 929.227451
Virt Env evaluation return: 919.264409
stages: 364.000000
Real Env evaluation return: 915.160907
Virt Env evaluation return: 207.122836
stages: 365.000000
Real Env evaluation return: 931.991057
Virt Env evaluation return: 596.074394
stages: 366.000000
Real Env evaluation return: 935.938044
Virt Env evaluation return: 864.254786
stages: 367.000000
Real Env evaluation return: 924.811664
Virt Env evaluation return: 555.273062
stages: 368.000000
Real Env evaluation return: 919.199044
Virt Env evaluation return: 379.990127
stages: 369.000000
Real Env evaluation return: 933.546223
Virt Env evaluation return: 1080.272567
stages: 370.000000
Real Env evaluation return: 938.571009
Virt Env evaluation return: 1045.366430
stages: 371.000000
Real Env evaluation return: 938.742844
Virt Env evaluation return: 369.604382
stages: 372.000000
Real Env evaluation return: 951.043506
Virt Env evaluation return: 617.242941
stages: 373.000000
Real Env evaluation return: 922.571527
Virt Env evaluation return: 334.088200
stages: 374.000000
Real Env evaluation return: 901.017436
Virt Env evaluation return: 697.354494
stages: 375.000000
Real Env evaluation return: 907.451665
Virt Env evaluation return: 1063.399325
stages: 376.000000
Real Env evaluation return: 878.577335
Virt Env evaluation return: 545.182700
stages: 377.000000
Real Env evaluation return: 918.705141
Virt Env evaluation return: 723.052595
stages: 378.000000
Real Env evaluation return: 897.535953
Virt Env evaluation return: 648.539535
stages: 379.000000
Real Env evaluation return: 908.244125
Virt Env evaluation return: 339.365618
stages: 380.000000
Real Env evaluation return: 925.509577
Virt Env evaluation return: 460.619640
stages: 381.000000
Real Env evaluation return: 854.689910
Virt Env evaluation return: 598.158249
stages: 382.000000
Real Env evaluation return: 931.156747
Virt Env evaluation return: 298.775056
stages: 383.000000
Real Env evaluation return: 960.228238
Virt Env evaluation return: 770.242213
stages: 384.000000
Real Env evaluation return: 910.502878
Virt Env evaluation return: 429.323030
stages: 385.000000
Real Env evaluation return: 867.694575
Virt Env evaluation return: 453.358117
stages: 386.000000
Real Env evaluation return: 909.927104
Virt Env evaluation return: 240.314845
stages: 387.000000
Real Env evaluation return: 887.777381
Virt Env evaluation return: 443.264580
stages: 388.000000
Real Env evaluation return: 918.029385
Virt Env evaluation return: 569.913728
stages: 389.000000
Real Env evaluation return: 890.724827
Virt Env evaluation return: 308.494333
stages: 390.000000
Real Env evaluation return: 928.502059
Virt Env evaluation return: 431.176853
stages: 391.000000
Real Env evaluation return: 902.262304
Virt Env evaluation return: 258.358176
stages: 392.000000
Real Env evaluation return: 893.154020
Virt Env evaluation return: 719.647855
stages: 393.000000
Real Env evaluation return: 916.961580
Virt Env evaluation return: 628.305525
stages: 394.000000
Real Env evaluation return: 939.945719
Virt Env evaluation return: 417.794468
stages: 395.000000
Real Env evaluation return: 925.600567
Virt Env evaluation return: 721.655488
stages: 396.000000
Real Env evaluation return: 927.144894
Virt Env evaluation return: 761.310901
stages: 397.000000
Real Env evaluation return: 911.826722
Virt Env evaluation return: 324.210036
stages: 398.000000
Real Env evaluation return: 945.365052
Virt Env evaluation return: 455.878123
stages: 399.000000
Real Env evaluation return: 927.590177
Virt Env evaluation return: 598.596095
stages: 400.000000
Real Env evaluation return: 905.322547
Virt Env evaluation return: 505.196944
stages: 401.000000
Real Env evaluation return: 890.840733
Virt Env evaluation return: 118.745961
stages: 402.000000
Real Env evaluation return: 938.036688
Virt Env evaluation return: 803.098010
stages: 403.000000
Real Env evaluation return: 913.282103
Virt Env evaluation return: 309.321094
stages: 404.000000
Real Env evaluation return: 923.950995
Virt Env evaluation return: 593.718355
stages: 405.000000
Real Env evaluation return: 884.797706
Virt Env evaluation return: 542.810828
stages: 406.000000
Real Env evaluation return: 907.831841
Virt Env evaluation return: 472.620462
stages: 407.000000
Real Env evaluation return: 872.267131
Virt Env evaluation return: 475.521013
stages: 408.000000
Real Env evaluation return: 883.538370
Virt Env evaluation return: 452.502611
stages: 409.000000
Real Env evaluation return: 883.931416
Virt Env evaluation return: 697.808988
stages: 410.000000
Real Env evaluation return: 865.358745
Virt Env evaluation return: 789.721114
stages: 411.000000
Real Env evaluation return: 834.358858
Virt Env evaluation return: 886.587530
stages: 412.000000
Real Env evaluation return: 895.086094
Virt Env evaluation return: 327.943532
stages: 413.000000
Real Env evaluation return: 855.192811
Virt Env evaluation return: 501.766353
stages: 414.000000
Real Env evaluation return: 858.846027
Virt Env evaluation return: 692.856035
stages: 415.000000
Real Env evaluation return: 863.311646
Virt Env evaluation return: 691.516584
stages: 416.000000
Real Env evaluation return: 859.958454
Virt Env evaluation return: 981.177913
stages: 417.000000
Real Env evaluation return: 885.960712
Virt Env evaluation return: 299.753943
stages: 418.000000
Real Env evaluation return: 878.270449
Virt Env evaluation return: 754.805292
stages: 419.000000
Real Env evaluation return: 838.267114
Virt Env evaluation return: 429.397565
stages: 420.000000
Real Env evaluation return: 885.867676
Virt Env evaluation return: 892.965594
stages: 421.000000
Real Env evaluation return: 876.517274
Virt Env evaluation return: 636.616458
stages: 422.000000
Real Env evaluation return: 879.188686
Virt Env evaluation return: 729.373947
stages: 423.000000
Real Env evaluation return: 915.145068
Virt Env evaluation return: 765.776440
stages: 424.000000
Real Env evaluation return: 887.896528
Virt Env evaluation return: 282.375039
stages: 425.000000
Real Env evaluation return: 894.261537
Virt Env evaluation return: -53.507838
stages: 426.000000
Real Env evaluation return: 885.806370
Virt Env evaluation return: 440.053654
stages: 427.000000
Real Env evaluation return: 843.459971
Virt Env evaluation return: 468.806118
stages: 428.000000
Real Env evaluation return: 872.654647
Virt Env evaluation return: 476.267981
stages: 429.000000
Real Env evaluation return: 863.649131
Virt Env evaluation return: 467.114938
stages: 430.000000
Real Env evaluation return: 876.732059
Virt Env evaluation return: 480.652045
stages: 431.000000
Real Env evaluation return: 865.280941
Virt Env evaluation return: 440.752803
stages: 432.000000
Real Env evaluation return: 863.904075
Virt Env evaluation return: 647.982216
stages: 433.000000
Real Env evaluation return: 876.134893
Virt Env evaluation return: 490.425839
stages: 434.000000
Real Env evaluation return: 894.949162
Virt Env evaluation return: 745.166817
stages: 435.000000
Real Env evaluation return: 841.779800
Virt Env evaluation return: 634.416406
stages: 436.000000
Real Env evaluation return: 870.961456
Virt Env evaluation return: 731.021620
stages: 437.000000
Real Env evaluation return: 900.442412
Virt Env evaluation return: 506.400443
stages: 438.000000
Real Env evaluation return: 839.572623
Virt Env evaluation return: 639.879788
stages: 439.000000
Real Env evaluation return: 802.895453
Virt Env evaluation return: 674.185030
stages: 440.000000
Real Env evaluation return: 878.735647
Virt Env evaluation return: 662.476744
stages: 441.000000
Real Env evaluation return: 852.332260
Virt Env evaluation return: 624.065775
stages: 442.000000
Real Env evaluation return: 892.570396
Virt Env evaluation return: 604.633379
stages: 443.000000
Real Env evaluation return: 891.264741
Virt Env evaluation return: 508.487644
stages: 444.000000
Real Env evaluation return: 870.449556
Virt Env evaluation return: 707.912960
stages: 445.000000
Real Env evaluation return: 889.857468
Virt Env evaluation return: 520.177992
stages: 446.000000
Real Env evaluation return: 867.879987
Virt Env evaluation return: 349.075569
stages: 447.000000
Real Env evaluation return: 842.557958
Virt Env evaluation return: 298.263453
stages: 448.000000
Real Env evaluation return: 847.803192
Virt Env evaluation return: 247.354448
stages: 449.000000
Real Env evaluation return: 845.315770
Virt Env evaluation return: 639.712555
stages: 450.000000
Real Env evaluation return: 822.901541
Virt Env evaluation return: 517.003490
stages: 451.000000
Real Env evaluation return: 838.581658
Virt Env evaluation return: 663.011577
stages: 452.000000
Real Env evaluation return: 829.269581
Virt Env evaluation return: 490.726662
stages: 453.000000
Real Env evaluation return: 834.711003
Virt Env evaluation return: 480.726769
stages: 454.000000
Real Env evaluation return: 816.300303
Virt Env evaluation return: 413.509525
stages: 455.000000
Real Env evaluation return: 821.143358
Virt Env evaluation return: 565.013327
stages: 456.000000
Real Env evaluation return: 814.354275
Virt Env evaluation return: 138.349692
stages: 457.000000
Real Env evaluation return: 842.030213
Virt Env evaluation return: 515.200708
stages: 458.000000
Real Env evaluation return: 818.173099
Virt Env evaluation return: 171.162896
stages: 459.000000
Real Env evaluation return: 840.644868
Virt Env evaluation return: 411.459434
stages: 460.000000
Real Env evaluation return: 837.918593
Virt Env evaluation return: 294.754991
stages: 461.000000
Real Env evaluation return: 859.029164
Virt Env evaluation return: 655.116117
stages: 462.000000
Real Env evaluation return: 777.157765
Virt Env evaluation return: 604.749713
stages: 463.000000
Real Env evaluation return: 837.950069
Virt Env evaluation return: 595.001936
stages: 464.000000
Real Env evaluation return: 817.339619
Virt Env evaluation return: 436.665262
stages: 465.000000
Real Env evaluation return: 830.633600
Virt Env evaluation return: 373.143502
stages: 466.000000
Real Env evaluation return: 827.778240
Virt Env evaluation return: 453.117014
stages: 467.000000
Real Env evaluation return: 806.326829
Virt Env evaluation return: 676.834891
stages: 468.000000
Real Env evaluation return: 816.600321
Virt Env evaluation return: 614.507243
stages: 469.000000
Real Env evaluation return: 827.451977
Virt Env evaluation return: 374.634297
stages: 470.000000
Real Env evaluation return: 860.314054
Virt Env evaluation return: 698.775007
stages: 471.000000
Real Env evaluation return: 876.926445
Virt Env evaluation return: 307.365931
stages: 472.000000
Real Env evaluation return: 863.503943
Virt Env evaluation return: 343.493913
stages: 473.000000
Real Env evaluation return: 858.917438
Virt Env evaluation return: 646.978060
stages: 474.000000
Real Env evaluation return: 770.803713
Virt Env evaluation return: 245.850634
stages: 475.000000
Real Env evaluation return: 859.575675
Virt Env evaluation return: 502.047443
stages: 476.000000
Real Env evaluation return: 814.265560
Virt Env evaluation return: 367.234805
stages: 477.000000
Real Env evaluation return: 796.415143
Virt Env evaluation return: 381.452293
stages: 478.000000
Real Env evaluation return: 861.572895
Virt Env evaluation return: 271.143905
stages: 479.000000
Real Env evaluation return: 829.382705
Virt Env evaluation return: 435.861364
stages: 480.000000
Real Env evaluation return: 799.693339
Virt Env evaluation return: 429.808814
stages: 481.000000
Real Env evaluation return: 848.183553
Virt Env evaluation return: 293.408558
stages: 482.000000
Real Env evaluation return: 831.609058
Virt Env evaluation return: 502.272113
stages: 483.000000
Real Env evaluation return: 883.230718
Virt Env evaluation return: 547.420530
stages: 484.000000
Real Env evaluation return: 849.502909
Virt Env evaluation return: 740.329115
stages: 485.000000
Real Env evaluation return: 866.001013
Virt Env evaluation return: 691.091926
stages: 486.000000
Real Env evaluation return: 879.232544
Virt Env evaluation return: 512.337776
stages: 487.000000
Real Env evaluation return: 857.654545
Virt Env evaluation return: 399.087597
stages: 488.000000
Real Env evaluation return: 864.498565
Virt Env evaluation return: 607.538097
stages: 489.000000
Real Env evaluation return: 853.195876
Virt Env evaluation return: 455.736278
stages: 490.000000
Real Env evaluation return: 859.719904
Virt Env evaluation return: 560.883094
stages: 491.000000
Real Env evaluation return: 843.646656
Virt Env evaluation return: 465.701092
stages: 492.000000
Real Env evaluation return: 855.856811
Virt Env evaluation return: 657.604574
stages: 493.000000
Real Env evaluation return: 856.041377
Virt Env evaluation return: 396.622846
stages: 494.000000
Real Env evaluation return: 864.067206
Virt Env evaluation return: 313.710586
stages: 495.000000
Real Env evaluation return: 793.441862
Virt Env evaluation return: 605.742338
stages: 496.000000
Real Env evaluation return: 864.520080
Virt Env evaluation return: 452.284300
stages: 497.000000
Real Env evaluation return: 872.564772
Virt Env evaluation return: 166.919025
stages: 498.000000
Real Env evaluation return: 850.668368
Virt Env evaluation return: 137.572837
stages: 499.000000
Real Env evaluation return: 828.798383
Virt Env evaluation return: 277.644561
stages: 500.000000
Real Env evaluation return: 859.127643
Virt Env evaluation return: 141.723266
stages: 501.000000
Real Env evaluation return: 820.204237
Virt Env evaluation return: 402.336241
stages: 502.000000
Real Env evaluation return: 845.546677
Virt Env evaluation return: 526.591514
stages: 503.000000
Real Env evaluation return: 852.191618
Virt Env evaluation return: 257.341184
stages: 504.000000
Real Env evaluation return: 852.556314
Virt Env evaluation return: 424.282478
stages: 505.000000
Real Env evaluation return: 853.000535
Virt Env evaluation return: 379.013711
stages: 506.000000
Real Env evaluation return: 813.277365
Virt Env evaluation return: 398.527781
stages: 507.000000
Real Env evaluation return: 846.552127
Virt Env evaluation return: 712.224093
stages: 508.000000
Real Env evaluation return: 859.389921
Virt Env evaluation return: 658.544482
stages: 509.000000
Real Env evaluation return: 822.839379
Virt Env evaluation return: 637.622875
stages: 510.000000
Real Env evaluation return: 825.446084
Virt Env evaluation return: 512.310324
stages: 511.000000
Real Env evaluation return: 839.956571
Virt Env evaluation return: 617.268815
stages: 512.000000
Real Env evaluation return: 852.065627
Virt Env evaluation return: 885.172917
stages: 513.000000
Real Env evaluation return: 863.651639
Virt Env evaluation return: 564.383104
stages: 514.000000
Real Env evaluation return: 845.119363
Virt Env evaluation return: 492.440011
stages: 515.000000
Real Env evaluation return: 855.979439
Virt Env evaluation return: 554.690658
stages: 516.000000
Real Env evaluation return: 849.902219
Virt Env evaluation return: 741.353521
stages: 517.000000
Real Env evaluation return: 855.099378
Virt Env evaluation return: 650.967447
stages: 518.000000
Real Env evaluation return: 844.676222
Virt Env evaluation return: 491.308909
stages: 519.000000
Real Env evaluation return: 827.286279
Virt Env evaluation return: 299.055650
stages: 520.000000
Real Env evaluation return: 856.939396
Virt Env evaluation return: 506.933270
stages: 521.000000
Real Env evaluation return: 863.713838
Virt Env evaluation return: 414.231777
stages: 522.000000
Real Env evaluation return: 866.036466
Virt Env evaluation return: 649.353214
stages: 523.000000
Real Env evaluation return: 878.770824
Virt Env evaluation return: 678.567176
stages: 524.000000
Real Env evaluation return: 832.459885
Virt Env evaluation return: 403.241632
stages: 525.000000
Real Env evaluation return: 861.993231
Virt Env evaluation return: 616.731653
stages: 526.000000
Real Env evaluation return: 852.837829
Virt Env evaluation return: 472.109110
