stages: 0.000000
Real Env evaluation return: -477.935722
Virt Env evaluation return: -2979.458751
stages: 1.000000
Real Env evaluation return: 142.683388
Virt Env evaluation return: 195.031055
stages: 2.000000
Real Env evaluation return: 844.312200
Virt Env evaluation return: 31.248347
stages: 3.000000
Real Env evaluation return: 860.590695
Virt Env evaluation return: 105.648490
stages: 4.000000
Real Env evaluation return: 472.372145
Virt Env evaluation return: 97.146140
stages: 5.000000
Real Env evaluation return: 87.779690
Virt Env evaluation return: 184.416381
stages: 6.000000
Real Env evaluation return: 170.005352
Virt Env evaluation return: 324.601843
stages: 7.000000
Real Env evaluation return: 328.720672
Virt Env evaluation return: 579.413842
stages: 8.000000
Real Env evaluation return: 224.730244
Virt Env evaluation return: 1545.852691
stages: 9.000000
Real Env evaluation return: 199.923138
Virt Env evaluation return: 756.118635
stages: 10.000000
Real Env evaluation return: 208.936476
Virt Env evaluation return: 847.092289
stages: 11.000000
Real Env evaluation return: 158.761091
Virt Env evaluation return: 733.745638
stages: 12.000000
Real Env evaluation return: 308.348827
Virt Env evaluation return: 582.543101
stages: 13.000000
Real Env evaluation return: 307.709277
Virt Env evaluation return: 792.783545
stages: 14.000000
Real Env evaluation return: 423.685216
Virt Env evaluation return: 730.363373
stages: 15.000000
Real Env evaluation return: 556.153131
Virt Env evaluation return: 664.569589
stages: 16.000000
Real Env evaluation return: 357.826794
Virt Env evaluation return: 702.659921
stages: 17.000000
Real Env evaluation return: 416.097834
Virt Env evaluation return: 376.875362
stages: 18.000000
Real Env evaluation return: 243.901657
Virt Env evaluation return: 827.831563
stages: 19.000000
Real Env evaluation return: 332.187501
Virt Env evaluation return: 501.096627
stages: 20.000000
Real Env evaluation return: 231.472350
Virt Env evaluation return: 823.241169
stages: 21.000000
Real Env evaluation return: 291.287747
Virt Env evaluation return: 802.431291
stages: 22.000000
Real Env evaluation return: 471.545882
Virt Env evaluation return: 894.651933
stages: 23.000000
Real Env evaluation return: 341.297623
Virt Env evaluation return: 855.773487
stages: 24.000000
Real Env evaluation return: 493.758722
Virt Env evaluation return: 861.023714
stages: 25.000000
Real Env evaluation return: 463.982032
Virt Env evaluation return: 798.979509
stages: 26.000000
Real Env evaluation return: 546.554811
Virt Env evaluation return: 772.816352
stages: 27.000000
Real Env evaluation return: 614.012849
Virt Env evaluation return: 940.181254
stages: 28.000000
Real Env evaluation return: 602.575271
Virt Env evaluation return: 640.019995
stages: 29.000000
Real Env evaluation return: 701.600398
Virt Env evaluation return: 742.185081
stages: 30.000000
Real Env evaluation return: 685.235007
Virt Env evaluation return: 828.156029
stages: 31.000000
Real Env evaluation return: 622.290050
Virt Env evaluation return: 1090.955966
stages: 32.000000
Real Env evaluation return: 566.260790
Virt Env evaluation return: 1399.020493
stages: 33.000000
Real Env evaluation return: 579.679963
Virt Env evaluation return: 997.162653
stages: 34.000000
Real Env evaluation return: 637.072400
Virt Env evaluation return: 898.641349
stages: 35.000000
Real Env evaluation return: 667.923297
Virt Env evaluation return: 653.568563
stages: 36.000000
Real Env evaluation return: 664.618791
Virt Env evaluation return: 1304.355557
stages: 37.000000
Real Env evaluation return: 661.522206
Virt Env evaluation return: 846.148552
stages: 38.000000
Real Env evaluation return: 517.953619
Virt Env evaluation return: 1174.364296
stages: 39.000000
Real Env evaluation return: 572.214067
Virt Env evaluation return: 1103.208567
stages: 40.000000
Real Env evaluation return: 620.071488
Virt Env evaluation return: 1054.492308
stages: 41.000000
Real Env evaluation return: 688.193260
Virt Env evaluation return: 527.985711
stages: 42.000000
Real Env evaluation return: 630.747903
Virt Env evaluation return: 1020.179621
stages: 43.000000
Real Env evaluation return: 730.304193
Virt Env evaluation return: 1609.869407
stages: 44.000000
Real Env evaluation return: 576.235199
Virt Env evaluation return: 918.489830
stages: 45.000000
Real Env evaluation return: 658.883905
Virt Env evaluation return: 1041.829740
stages: 46.000000
Real Env evaluation return: 548.550112
Virt Env evaluation return: 895.448865
stages: 47.000000
Real Env evaluation return: 557.998042
Virt Env evaluation return: 824.031715
stages: 48.000000
Real Env evaluation return: 414.547832
Virt Env evaluation return: 1030.473607
stages: 49.000000
Real Env evaluation return: 725.280266
Virt Env evaluation return: 1085.791515
stages: 50.000000
Real Env evaluation return: 625.588294
Virt Env evaluation return: 1639.273678
stages: 51.000000
Real Env evaluation return: 548.803827
Virt Env evaluation return: 1054.829638
stages: 52.000000
Real Env evaluation return: 488.589751
Virt Env evaluation return: 1048.729759
stages: 53.000000
Real Env evaluation return: 625.160473
Virt Env evaluation return: 501.332744
stages: 54.000000
Real Env evaluation return: 638.328849
Virt Env evaluation return: 708.971191
stages: 55.000000
Real Env evaluation return: 706.481772
Virt Env evaluation return: 998.418268
stages: 56.000000
Real Env evaluation return: 632.911700
Virt Env evaluation return: 1218.336079
stages: 57.000000
Real Env evaluation return: 349.929808
Virt Env evaluation return: 971.181070
stages: 58.000000
Real Env evaluation return: 245.819749
Virt Env evaluation return: 1149.784161
stages: 59.000000
Real Env evaluation return: 252.995234
Virt Env evaluation return: 725.441388
stages: 60.000000
Real Env evaluation return: 398.678539
Virt Env evaluation return: 1425.565735
stages: 61.000000
Real Env evaluation return: 424.026204
Virt Env evaluation return: 1505.360188
stages: 62.000000
Real Env evaluation return: 454.727233
Virt Env evaluation return: 1269.189252
stages: 63.000000
Real Env evaluation return: 380.106074
Virt Env evaluation return: 899.982172
stages: 64.000000
Real Env evaluation return: 515.775656
Virt Env evaluation return: 782.198687
stages: 65.000000
Real Env evaluation return: 353.620787
Virt Env evaluation return: 1284.163256
stages: 66.000000
Real Env evaluation return: 340.959586
Virt Env evaluation return: 1223.073031
stages: 67.000000
Real Env evaluation return: 410.263314
Virt Env evaluation return: 1233.843115
stages: 68.000000
Real Env evaluation return: 325.378466
Virt Env evaluation return: 1417.879327
stages: 69.000000
Real Env evaluation return: 388.174287
Virt Env evaluation return: 1612.671690
stages: 70.000000
Real Env evaluation return: 249.253077
Virt Env evaluation return: 924.249687
stages: 71.000000
Real Env evaluation return: 309.662869
Virt Env evaluation return: 999.379835
stages: 72.000000
Real Env evaluation return: 368.706676
Virt Env evaluation return: 563.339019
stages: 73.000000
Real Env evaluation return: 638.642694
Virt Env evaluation return: 1091.753856
stages: 74.000000
Real Env evaluation return: 388.382025
Virt Env evaluation return: 243.890490
stages: 75.000000
Real Env evaluation return: 490.919543
Virt Env evaluation return: 1205.989700
stages: 76.000000
Real Env evaluation return: 539.719742
Virt Env evaluation return: 994.791874
stages: 77.000000
Real Env evaluation return: 225.984946
Virt Env evaluation return: 983.004300
stages: 78.000000
Real Env evaluation return: 284.084433
Virt Env evaluation return: 1732.910224
stages: 79.000000
Real Env evaluation return: 275.295003
Virt Env evaluation return: 484.381574
stages: 80.000000
Real Env evaluation return: 337.594078
Virt Env evaluation return: 1247.614228
stages: 81.000000
Real Env evaluation return: 511.954890
Virt Env evaluation return: 1115.701026
stages: 82.000000
Real Env evaluation return: 557.048421
Virt Env evaluation return: 1148.026461
stages: 83.000000
Real Env evaluation return: 529.829101
Virt Env evaluation return: 1144.178782
stages: 84.000000
Real Env evaluation return: 369.414878
Virt Env evaluation return: 1596.504115
stages: 85.000000
Real Env evaluation return: 303.429579
Virt Env evaluation return: 1118.030472
stages: 86.000000
Real Env evaluation return: 492.055127
Virt Env evaluation return: 1162.350973
stages: 87.000000
Real Env evaluation return: 457.755078
Virt Env evaluation return: 1334.258149
stages: 88.000000
Real Env evaluation return: 494.068079
Virt Env evaluation return: 1148.279507
stages: 89.000000
Real Env evaluation return: 412.918221
Virt Env evaluation return: 930.780721
stages: 90.000000
Real Env evaluation return: 378.346354
Virt Env evaluation return: 249.633540
stages: 91.000000
Real Env evaluation return: 296.204220
Virt Env evaluation return: 1197.826812
stages: 92.000000
Real Env evaluation return: 481.452015
Virt Env evaluation return: 698.688770
stages: 93.000000
Real Env evaluation return: 372.765174
Virt Env evaluation return: 1044.554436
stages: 94.000000
Real Env evaluation return: 345.781163
Virt Env evaluation return: 837.252809
stages: 95.000000
Real Env evaluation return: 474.612541
Virt Env evaluation return: 775.434112
stages: 96.000000
Real Env evaluation return: 594.928988
Virt Env evaluation return: 933.199009
stages: 97.000000
Real Env evaluation return: 700.946399
Virt Env evaluation return: 1071.068333
stages: 98.000000
Real Env evaluation return: 596.500765
Virt Env evaluation return: 1044.734550
stages: 99.000000
Real Env evaluation return: 646.325336
Virt Env evaluation return: 1215.085165
stages: 100.000000
Real Env evaluation return: 642.842158
Virt Env evaluation return: 850.750785
stages: 101.000000
Real Env evaluation return: 611.880763
Virt Env evaluation return: 1247.168193
stages: 102.000000
Real Env evaluation return: 422.597014
Virt Env evaluation return: 1089.294666
stages: 103.000000
Real Env evaluation return: 307.343642
Virt Env evaluation return: 1156.912092
stages: 104.000000
Real Env evaluation return: 355.296765
Virt Env evaluation return: 937.707706
stages: 105.000000
Real Env evaluation return: 364.449779
Virt Env evaluation return: 155.612860
stages: 106.000000
Real Env evaluation return: 243.542930
Virt Env evaluation return: 1010.201725
stages: 107.000000
Real Env evaluation return: 267.795989
Virt Env evaluation return: 1000.261757
stages: 108.000000
Real Env evaluation return: 353.008439
Virt Env evaluation return: 640.337959
stages: 109.000000
Real Env evaluation return: 230.381587
Virt Env evaluation return: 1112.208743
stages: 110.000000
Real Env evaluation return: 394.569474
Virt Env evaluation return: 1138.395428
stages: 111.000000
Real Env evaluation return: 254.202089
Virt Env evaluation return: 879.355929
stages: 112.000000
Real Env evaluation return: 257.071356
Virt Env evaluation return: 1906.542808
stages: 113.000000
Real Env evaluation return: 169.995123
Virt Env evaluation return: 1050.598215
stages: 114.000000
Real Env evaluation return: 204.846356
Virt Env evaluation return: 690.081252
stages: 115.000000
Real Env evaluation return: 605.022674
Virt Env evaluation return: 214.915180
stages: 116.000000
Real Env evaluation return: 421.354710
Virt Env evaluation return: 1020.744073
stages: 117.000000
Real Env evaluation return: 267.213134
Virt Env evaluation return: 1907.621262
stages: 118.000000
Real Env evaluation return: 243.436648
Virt Env evaluation return: 1125.305880
stages: 119.000000
Real Env evaluation return: 176.742578
Virt Env evaluation return: 1718.190133
stages: 120.000000
Real Env evaluation return: 413.606059
Virt Env evaluation return: 948.370647
stages: 121.000000
Real Env evaluation return: 581.760603
Virt Env evaluation return: 1005.652014
stages: 122.000000
Real Env evaluation return: 371.701629
Virt Env evaluation return: 1012.201162
stages: 123.000000
Real Env evaluation return: 385.721394
Virt Env evaluation return: 816.864931
stages: 124.000000
Real Env evaluation return: 255.682819
Virt Env evaluation return: 862.734448
stages: 125.000000
Real Env evaluation return: 181.381425
Virt Env evaluation return: 766.625008
stages: 126.000000
Real Env evaluation return: 191.904072
Virt Env evaluation return: 1095.136888
stages: 127.000000
Real Env evaluation return: 399.649148
Virt Env evaluation return: 630.953149
stages: 128.000000
Real Env evaluation return: 190.805171
Virt Env evaluation return: 1200.914815
stages: 129.000000
Real Env evaluation return: 224.155738
Virt Env evaluation return: 763.184998
stages: 130.000000
Real Env evaluation return: 208.901839
Virt Env evaluation return: 955.370867
stages: 131.000000
Real Env evaluation return: 193.712251
Virt Env evaluation return: 1029.311262
stages: 132.000000
Real Env evaluation return: 199.481844
Virt Env evaluation return: 1025.696913
stages: 133.000000
Real Env evaluation return: 166.982816
Virt Env evaluation return: 896.374820
stages: 134.000000
Real Env evaluation return: 245.886470
Virt Env evaluation return: 1003.996983
stages: 135.000000
Real Env evaluation return: 132.738273
Virt Env evaluation return: 760.467781
stages: 136.000000
Real Env evaluation return: 207.486809
Virt Env evaluation return: 936.947491
stages: 137.000000
Real Env evaluation return: 152.168664
Virt Env evaluation return: 791.754674
stages: 138.000000
Real Env evaluation return: 216.507559
Virt Env evaluation return: 707.694538
stages: 139.000000
Real Env evaluation return: 227.984355
Virt Env evaluation return: 694.241644
stages: 140.000000
Real Env evaluation return: 248.130358
Virt Env evaluation return: 605.586398
stages: 141.000000
Real Env evaluation return: 225.266120
Virt Env evaluation return: 958.663341
stages: 142.000000
Real Env evaluation return: 257.421749
Virt Env evaluation return: 313.079846
stages: 143.000000
Real Env evaluation return: 263.700492
Virt Env evaluation return: 409.241810
stages: 144.000000
Real Env evaluation return: 242.077418
Virt Env evaluation return: 1059.809909
stages: 145.000000
Real Env evaluation return: 301.507834
Virt Env evaluation return: 960.923502
stages: 146.000000
Real Env evaluation return: 255.655654
Virt Env evaluation return: 186.151896
stages: 147.000000
Real Env evaluation return: 271.307491
Virt Env evaluation return: 679.991207
stages: 148.000000
Real Env evaluation return: 218.675444
Virt Env evaluation return: 1154.584345
stages: 149.000000
Real Env evaluation return: 205.347429
Virt Env evaluation return: 1172.806830
stages: 150.000000
Real Env evaluation return: 244.971619
Virt Env evaluation return: 1503.908380
stages: 151.000000
Real Env evaluation return: 171.555292
Virt Env evaluation return: 585.101976
stages: 152.000000
Real Env evaluation return: 264.087055
Virt Env evaluation return: 584.870489
stages: 153.000000
Real Env evaluation return: 296.361752
Virt Env evaluation return: 760.459895
stages: 154.000000
Real Env evaluation return: 308.929661
Virt Env evaluation return: 452.283199
stages: 155.000000
Real Env evaluation return: 253.597185
Virt Env evaluation return: 493.459158
stages: 156.000000
Real Env evaluation return: 244.830146
Virt Env evaluation return: 987.623909
stages: 157.000000
Real Env evaluation return: 282.024971
Virt Env evaluation return: 1165.163439
stages: 158.000000
Real Env evaluation return: 375.549395
Virt Env evaluation return: 994.195409
stages: 159.000000
Real Env evaluation return: 241.810125
Virt Env evaluation return: 613.114187
stages: 160.000000
Real Env evaluation return: 397.430358
Virt Env evaluation return: 700.471226
stages: 161.000000
Real Env evaluation return: 380.230245
Virt Env evaluation return: 1144.313072
stages: 162.000000
Real Env evaluation return: 225.352593
Virt Env evaluation return: 985.044080
stages: 163.000000
Real Env evaluation return: 245.010429
Virt Env evaluation return: 504.850478
stages: 164.000000
Real Env evaluation return: 366.247156
Virt Env evaluation return: 357.323268
stages: 165.000000
Real Env evaluation return: 336.098062
Virt Env evaluation return: 1099.214178
stages: 166.000000
Real Env evaluation return: 314.276625
Virt Env evaluation return: 642.926708
stages: 167.000000
Real Env evaluation return: 242.357973
Virt Env evaluation return: 780.637116
stages: 168.000000
Real Env evaluation return: 197.016870
Virt Env evaluation return: 455.832268
stages: 169.000000
Real Env evaluation return: 180.297086
Virt Env evaluation return: 576.723590
stages: 170.000000
Real Env evaluation return: 244.115379
Virt Env evaluation return: 918.647923
stages: 171.000000
Real Env evaluation return: 260.212701
Virt Env evaluation return: 916.581032
stages: 172.000000
Real Env evaluation return: 252.755900
Virt Env evaluation return: 144.240745
stages: 173.000000
Real Env evaluation return: 313.136080
Virt Env evaluation return: 673.200139
stages: 174.000000
Real Env evaluation return: 397.136974
Virt Env evaluation return: 562.680723
stages: 175.000000
Real Env evaluation return: 283.829831
Virt Env evaluation return: 961.134399
stages: 176.000000
Real Env evaluation return: 223.997739
Virt Env evaluation return: 1053.838434
stages: 177.000000
Real Env evaluation return: 310.622895
Virt Env evaluation return: 319.665520
stages: 178.000000
Real Env evaluation return: 200.017296
Virt Env evaluation return: 416.394909
stages: 179.000000
Real Env evaluation return: 242.516699
Virt Env evaluation return: 1060.828201
stages: 180.000000
Real Env evaluation return: 225.198885
Virt Env evaluation return: 124.601760
stages: 181.000000
Real Env evaluation return: 379.278623
Virt Env evaluation return: 606.437425
stages: 182.000000
Real Env evaluation return: 241.748708
Virt Env evaluation return: 433.400339
stages: 183.000000
Real Env evaluation return: 206.838592
Virt Env evaluation return: 140.329843
stages: 184.000000
Real Env evaluation return: 244.961895
Virt Env evaluation return: 748.764882
stages: 185.000000
Real Env evaluation return: 174.489906
Virt Env evaluation return: 654.255538
stages: 186.000000
Real Env evaluation return: 210.169095
Virt Env evaluation return: 341.457005
stages: 187.000000
Real Env evaluation return: 330.904905
Virt Env evaluation return: 807.384700
stages: 188.000000
Real Env evaluation return: 264.509328
Virt Env evaluation return: 458.361425
stages: 189.000000
Real Env evaluation return: 383.013806
Virt Env evaluation return: 842.513453
stages: 190.000000
Real Env evaluation return: 289.815910
Virt Env evaluation return: 487.396538
stages: 191.000000
Real Env evaluation return: 354.719976
Virt Env evaluation return: 709.644808
stages: 192.000000
Real Env evaluation return: 398.606107
Virt Env evaluation return: 943.746452
stages: 193.000000
Real Env evaluation return: 242.530372
Virt Env evaluation return: 887.444680
stages: 194.000000
Real Env evaluation return: 362.174945
Virt Env evaluation return: 383.079053
stages: 195.000000
Real Env evaluation return: 365.318892
Virt Env evaluation return: 973.052130
stages: 196.000000
Real Env evaluation return: 248.051379
Virt Env evaluation return: 856.194984
stages: 197.000000
Real Env evaluation return: 180.775176
Virt Env evaluation return: 844.485340
stages: 198.000000
Real Env evaluation return: 162.873561
Virt Env evaluation return: 790.388647
stages: 199.000000
Real Env evaluation return: 125.653463
Virt Env evaluation return: 732.383420
stages: 200.000000
Real Env evaluation return: 172.611966
Virt Env evaluation return: 674.572272
stages: 201.000000
Real Env evaluation return: 215.303391
Virt Env evaluation return: 969.238851
stages: 202.000000
Real Env evaluation return: 201.474924
Virt Env evaluation return: 682.931459
stages: 203.000000
Real Env evaluation return: 160.225508
Virt Env evaluation return: 518.735063
stages: 204.000000
Real Env evaluation return: 115.595053
Virt Env evaluation return: 841.001819
stages: 205.000000
Real Env evaluation return: 118.213692
Virt Env evaluation return: 1027.372622
stages: 206.000000
Real Env evaluation return: 183.869741
Virt Env evaluation return: 663.386576
stages: 207.000000
Real Env evaluation return: 120.312256
Virt Env evaluation return: 896.660834
stages: 208.000000
Real Env evaluation return: 200.023595
Virt Env evaluation return: 452.399592
stages: 209.000000
Real Env evaluation return: 279.577217
Virt Env evaluation return: 758.507884
stages: 210.000000
Real Env evaluation return: 295.433943
Virt Env evaluation return: 772.794564
stages: 211.000000
Real Env evaluation return: 175.710976
Virt Env evaluation return: 403.296553
stages: 212.000000
Real Env evaluation return: 174.040896
Virt Env evaluation return: 888.349323
stages: 213.000000
Real Env evaluation return: 172.897575
Virt Env evaluation return: 702.168976
stages: 214.000000
Real Env evaluation return: 185.387856
Virt Env evaluation return: 862.091212
stages: 215.000000
Real Env evaluation return: 150.889958
Virt Env evaluation return: 1002.818816
stages: 216.000000
Real Env evaluation return: 219.664741
Virt Env evaluation return: 506.766218
stages: 217.000000
Real Env evaluation return: 198.859079
Virt Env evaluation return: 654.536365
stages: 218.000000
Real Env evaluation return: 141.365999
Virt Env evaluation return: 440.581363
stages: 219.000000
Real Env evaluation return: 168.546656
Virt Env evaluation return: 586.622574
stages: 220.000000
Real Env evaluation return: 117.364407
Virt Env evaluation return: 1033.768677
stages: 221.000000
Real Env evaluation return: 166.613469
Virt Env evaluation return: 1091.498153
stages: 222.000000
Real Env evaluation return: 161.174175
Virt Env evaluation return: 792.251330
stages: 223.000000
Real Env evaluation return: 115.662185
Virt Env evaluation return: 795.118021
stages: 224.000000
Real Env evaluation return: 176.605221
Virt Env evaluation return: 1077.993420
stages: 225.000000
Real Env evaluation return: 162.389077
Virt Env evaluation return: 441.055488
stages: 226.000000
Real Env evaluation return: 167.146475
Virt Env evaluation return: 427.508267
stages: 227.000000
Real Env evaluation return: 185.939468
Virt Env evaluation return: 379.120801
stages: 228.000000
Real Env evaluation return: 197.353858
Virt Env evaluation return: 612.221556
stages: 229.000000
Real Env evaluation return: 174.788785
Virt Env evaluation return: 927.873908
stages: 230.000000
Real Env evaluation return: 197.017166
Virt Env evaluation return: 426.704491
stages: 231.000000
Real Env evaluation return: 299.836373
Virt Env evaluation return: 785.526920
stages: 232.000000
Real Env evaluation return: 230.205135
Virt Env evaluation return: 639.660228
stages: 233.000000
Real Env evaluation return: 232.826139
Virt Env evaluation return: 449.332654
stages: 234.000000
Real Env evaluation return: 233.069579
Virt Env evaluation return: 907.323195
stages: 235.000000
Real Env evaluation return: 191.783540
Virt Env evaluation return: 928.705827
stages: 236.000000
Real Env evaluation return: 175.822211
Virt Env evaluation return: 860.707269
stages: 237.000000
Real Env evaluation return: 183.006099
Virt Env evaluation return: 995.983386
stages: 238.000000
Real Env evaluation return: 175.465572
Virt Env evaluation return: 542.367068
stages: 239.000000
Real Env evaluation return: 252.186555
Virt Env evaluation return: 459.967310
stages: 240.000000
Real Env evaluation return: 249.366157
Virt Env evaluation return: 400.501750
stages: 241.000000
Real Env evaluation return: 176.229423
Virt Env evaluation return: 444.884237
stages: 242.000000
Real Env evaluation return: 169.743896
Virt Env evaluation return: 702.183918
stages: 243.000000
Real Env evaluation return: 233.278598
Virt Env evaluation return: 908.395468
stages: 244.000000
Real Env evaluation return: 349.445088
Virt Env evaluation return: 1110.679389
stages: 245.000000
Real Env evaluation return: 366.604428
Virt Env evaluation return: 634.265091
stages: 246.000000
Real Env evaluation return: 422.306941
Virt Env evaluation return: 503.342745
stages: 247.000000
Real Env evaluation return: 374.228543
Virt Env evaluation return: 894.965917
stages: 248.000000
Real Env evaluation return: 479.641849
Virt Env evaluation return: 424.822633
stages: 249.000000
Real Env evaluation return: 416.051222
Virt Env evaluation return: 576.290629
stages: 250.000000
Real Env evaluation return: 544.486863
Virt Env evaluation return: 890.195157
stages: 251.000000
Real Env evaluation return: 358.823539
Virt Env evaluation return: 887.559407
stages: 252.000000
Real Env evaluation return: 386.826097
Virt Env evaluation return: 777.837091
stages: 253.000000
Real Env evaluation return: 339.470805
Virt Env evaluation return: 706.720193
stages: 254.000000
Real Env evaluation return: 308.777543
Virt Env evaluation return: 1284.107226
stages: 255.000000
Real Env evaluation return: 386.662017
Virt Env evaluation return: 756.425802
stages: 256.000000
Real Env evaluation return: 426.431571
Virt Env evaluation return: 476.550367
stages: 257.000000
Real Env evaluation return: 213.537987
Virt Env evaluation return: 986.371713
stages: 258.000000
Real Env evaluation return: 255.437870
Virt Env evaluation return: 511.506435
stages: 259.000000
Real Env evaluation return: 285.006402
Virt Env evaluation return: 421.221482
stages: 260.000000
Real Env evaluation return: 218.824384
Virt Env evaluation return: 814.601659
stages: 261.000000
Real Env evaluation return: 234.825247
Virt Env evaluation return: 823.836226
stages: 262.000000
Real Env evaluation return: 154.790596
Virt Env evaluation return: 225.350461
stages: 263.000000
Real Env evaluation return: 278.793588
Virt Env evaluation return: 781.541131
stages: 264.000000
Real Env evaluation return: 446.849483
Virt Env evaluation return: 488.365861
stages: 265.000000
Real Env evaluation return: 253.634994
Virt Env evaluation return: 977.678471
stages: 266.000000
Real Env evaluation return: 236.364047
Virt Env evaluation return: 699.961975
stages: 267.000000
Real Env evaluation return: 317.095788
Virt Env evaluation return: 765.239807
stages: 268.000000
Real Env evaluation return: 268.199530
Virt Env evaluation return: 1246.743948
stages: 269.000000
Real Env evaluation return: 470.677383
Virt Env evaluation return: 405.892419
stages: 270.000000
Real Env evaluation return: 571.128269
Virt Env evaluation return: 746.614632
stages: 271.000000
Real Env evaluation return: 396.264457
Virt Env evaluation return: 456.617242
stages: 272.000000
Real Env evaluation return: 430.886533
Virt Env evaluation return: 865.400194
stages: 273.000000
Real Env evaluation return: 368.936201
Virt Env evaluation return: 678.271693
stages: 274.000000
Real Env evaluation return: 489.468932
Virt Env evaluation return: 812.599371
stages: 275.000000
Real Env evaluation return: 617.291070
Virt Env evaluation return: 648.749331
stages: 276.000000
Real Env evaluation return: 520.540368
Virt Env evaluation return: 458.231477
stages: 277.000000
Real Env evaluation return: 604.952565
Virt Env evaluation return: 1107.005229
stages: 278.000000
Real Env evaluation return: 804.253056
Virt Env evaluation return: 1734.437289
stages: 279.000000
Real Env evaluation return: 477.688981
Virt Env evaluation return: 1234.939043
stages: 280.000000
Real Env evaluation return: 306.849418
Virt Env evaluation return: 1109.717539
stages: 281.000000
Real Env evaluation return: 292.628291
Virt Env evaluation return: 479.504402
stages: 282.000000
Real Env evaluation return: 402.872998
Virt Env evaluation return: 280.590432
stages: 283.000000
Real Env evaluation return: 303.353016
Virt Env evaluation return: 530.076456
stages: 284.000000
Real Env evaluation return: 250.139840
Virt Env evaluation return: 726.439035
stages: 285.000000
Real Env evaluation return: 286.631570
Virt Env evaluation return: 712.173903
stages: 286.000000
Real Env evaluation return: 241.667184
Virt Env evaluation return: 1069.742306
stages: 287.000000
Real Env evaluation return: 198.050756
Virt Env evaluation return: 798.258261
stages: 288.000000
Real Env evaluation return: 157.451984
Virt Env evaluation return: 62.634068
stages: 289.000000
Real Env evaluation return: 192.483206
Virt Env evaluation return: 1059.901650
stages: 290.000000
Real Env evaluation return: 234.021386
Virt Env evaluation return: 1123.499622
stages: 291.000000
Real Env evaluation return: 179.529595
Virt Env evaluation return: 293.683232
stages: 292.000000
Real Env evaluation return: 234.588582
Virt Env evaluation return: 784.243873
stages: 293.000000
Real Env evaluation return: 211.121151
Virt Env evaluation return: 607.870631
stages: 294.000000
Real Env evaluation return: 197.526306
Virt Env evaluation return: 740.293384
stages: 295.000000
Real Env evaluation return: 341.418501
Virt Env evaluation return: 776.700557
stages: 296.000000
Real Env evaluation return: 316.449533
Virt Env evaluation return: 1037.178137
stages: 297.000000
Real Env evaluation return: 296.807119
Virt Env evaluation return: 757.814770
stages: 298.000000
Real Env evaluation return: 266.684417
Virt Env evaluation return: 681.314244
stages: 299.000000
Real Env evaluation return: 258.474971
Virt Env evaluation return: 562.235269
stages: 300.000000
Real Env evaluation return: 241.577702
Virt Env evaluation return: 466.491700
stages: 301.000000
Real Env evaluation return: 328.454026
Virt Env evaluation return: 281.412844
stages: 302.000000
Real Env evaluation return: 221.773571
Virt Env evaluation return: 995.450648
stages: 303.000000
Real Env evaluation return: 251.418621
Virt Env evaluation return: 440.152679
stages: 304.000000
Real Env evaluation return: 313.133187
Virt Env evaluation return: 56.782440
stages: 305.000000
Real Env evaluation return: 362.568891
Virt Env evaluation return: 912.089092
stages: 306.000000
Real Env evaluation return: 369.522703
Virt Env evaluation return: 1008.407024
stages: 307.000000
Real Env evaluation return: 452.406241
Virt Env evaluation return: 803.159373
stages: 308.000000
Real Env evaluation return: 554.228132
Virt Env evaluation return: 798.224074
stages: 309.000000
Real Env evaluation return: 460.630098
Virt Env evaluation return: 739.220917
stages: 310.000000
Real Env evaluation return: 304.428035
Virt Env evaluation return: 572.424200
stages: 311.000000
Real Env evaluation return: 428.820352
Virt Env evaluation return: 990.222594
stages: 312.000000
Real Env evaluation return: 236.632447
Virt Env evaluation return: 1040.442067
stages: 313.000000
Real Env evaluation return: 371.520138
Virt Env evaluation return: 810.751636
stages: 314.000000
Real Env evaluation return: 494.311146
Virt Env evaluation return: 1095.013648
stages: 315.000000
Real Env evaluation return: 327.186730
Virt Env evaluation return: 1017.148840
stages: 316.000000
Real Env evaluation return: 308.625859
Virt Env evaluation return: 664.294038
stages: 317.000000
Real Env evaluation return: 303.595081
Virt Env evaluation return: 156.886132
stages: 318.000000
Real Env evaluation return: 398.049399
Virt Env evaluation return: 824.904464
stages: 319.000000
Real Env evaluation return: 295.614330
Virt Env evaluation return: 626.497279
stages: 320.000000
Real Env evaluation return: 387.862634
Virt Env evaluation return: 1341.502337
stages: 321.000000
Real Env evaluation return: 385.038169
Virt Env evaluation return: 853.767995
stages: 322.000000
Real Env evaluation return: 228.622997
Virt Env evaluation return: 551.549876
stages: 323.000000
Real Env evaluation return: 363.876305
Virt Env evaluation return: 675.960280
stages: 324.000000
Real Env evaluation return: 429.145510
Virt Env evaluation return: 565.746885
stages: 325.000000
Real Env evaluation return: 254.191198
Virt Env evaluation return: 305.075035
stages: 326.000000
Real Env evaluation return: 250.698826
Virt Env evaluation return: 941.023242
stages: 327.000000
Real Env evaluation return: 614.195601
Virt Env evaluation return: 151.157979
stages: 328.000000
Real Env evaluation return: 495.025608
Virt Env evaluation return: 600.956045
stages: 329.000000
Real Env evaluation return: 539.640919
Virt Env evaluation return: 564.405186
stages: 330.000000
Real Env evaluation return: 547.604525
Virt Env evaluation return: 413.640864
stages: 331.000000
Real Env evaluation return: 333.799331
Virt Env evaluation return: 930.061929
stages: 332.000000
Real Env evaluation return: 355.994977
Virt Env evaluation return: 396.714437
stages: 333.000000
Real Env evaluation return: 313.430850
Virt Env evaluation return: 431.165428
stages: 334.000000
Real Env evaluation return: 409.447385
Virt Env evaluation return: 719.809173
stages: 335.000000
Real Env evaluation return: 326.088916
Virt Env evaluation return: 516.477663
stages: 336.000000
Real Env evaluation return: 276.722549
Virt Env evaluation return: 553.441337
stages: 337.000000
Real Env evaluation return: 372.113649
Virt Env evaluation return: 366.710141
stages: 338.000000
Real Env evaluation return: 300.299196
Virt Env evaluation return: 739.913268
stages: 339.000000
Real Env evaluation return: 397.060263
Virt Env evaluation return: 684.490339
stages: 340.000000
Real Env evaluation return: 309.113363
Virt Env evaluation return: 629.662464
stages: 341.000000
Real Env evaluation return: 262.512442
Virt Env evaluation return: 340.054380
stages: 342.000000
Real Env evaluation return: 337.913314
Virt Env evaluation return: 563.057184
stages: 343.000000
Real Env evaluation return: 178.933537
Virt Env evaluation return: 1039.653458
stages: 344.000000
Real Env evaluation return: 334.216823
Virt Env evaluation return: 456.530531
stages: 345.000000
Real Env evaluation return: 258.493661
Virt Env evaluation return: 613.941006
stages: 346.000000
Real Env evaluation return: 208.360825
Virt Env evaluation return: 1151.126413
stages: 347.000000
Real Env evaluation return: 234.047688
Virt Env evaluation return: 375.355119
stages: 348.000000
Real Env evaluation return: 184.335535
Virt Env evaluation return: 537.330726
stages: 349.000000
Real Env evaluation return: 140.680183
Virt Env evaluation return: 472.567452
stages: 350.000000
Real Env evaluation return: 237.983266
Virt Env evaluation return: 359.562032
stages: 351.000000
Real Env evaluation return: 153.660488
Virt Env evaluation return: 496.146661
stages: 352.000000
Real Env evaluation return: 163.181275
Virt Env evaluation return: 743.565037
stages: 353.000000
Real Env evaluation return: 198.787712
Virt Env evaluation return: 674.011292
stages: 354.000000
Real Env evaluation return: 175.282442
Virt Env evaluation return: 479.818510
stages: 355.000000
Real Env evaluation return: 101.755678
Virt Env evaluation return: 900.788115
stages: 356.000000
Real Env evaluation return: 146.341972
Virt Env evaluation return: 1012.201047
stages: 357.000000
Real Env evaluation return: 99.132192
Virt Env evaluation return: 538.872149
stages: 358.000000
Real Env evaluation return: 89.613131
Virt Env evaluation return: 800.157450
stages: 359.000000
Real Env evaluation return: 104.705486
Virt Env evaluation return: 623.299015
stages: 360.000000
Real Env evaluation return: 110.874446
Virt Env evaluation return: 954.978777
stages: 361.000000
Real Env evaluation return: 93.384612
Virt Env evaluation return: 334.566210
stages: 362.000000
Real Env evaluation return: 145.607350
Virt Env evaluation return: 1014.140293
stages: 363.000000
Real Env evaluation return: 172.366350
Virt Env evaluation return: 427.895013
stages: 364.000000
Real Env evaluation return: 153.718823
Virt Env evaluation return: 250.454015
stages: 365.000000
Real Env evaluation return: 194.255485
Virt Env evaluation return: 735.566668
stages: 366.000000
Real Env evaluation return: 205.933201
Virt Env evaluation return: 839.226312
stages: 367.000000
Real Env evaluation return: 231.422561
Virt Env evaluation return: 418.103770
stages: 368.000000
Real Env evaluation return: 201.791055
Virt Env evaluation return: 631.562447
stages: 369.000000
Real Env evaluation return: 172.984422
Virt Env evaluation return: 782.107391
stages: 370.000000
Real Env evaluation return: 195.871515
Virt Env evaluation return: 282.429867
stages: 371.000000
Real Env evaluation return: 217.110273
Virt Env evaluation return: 389.788744
stages: 372.000000
Real Env evaluation return: 192.211384
Virt Env evaluation return: 540.792693
stages: 373.000000
Real Env evaluation return: 280.059795
Virt Env evaluation return: 658.501404
stages: 374.000000
Real Env evaluation return: 217.749316
Virt Env evaluation return: 248.483462
stages: 375.000000
Real Env evaluation return: 316.965371
Virt Env evaluation return: 20.877830
stages: 376.000000
Real Env evaluation return: 356.447966
Virt Env evaluation return: -37.817442
stages: 377.000000
Real Env evaluation return: 353.732267
Virt Env evaluation return: 725.127040
stages: 378.000000
Real Env evaluation return: 233.075411
Virt Env evaluation return: 675.685747
stages: 379.000000
Real Env evaluation return: 276.872099
Virt Env evaluation return: 611.987043
stages: 380.000000
Real Env evaluation return: 210.453039
Virt Env evaluation return: 738.164883
stages: 381.000000
Real Env evaluation return: 337.142052
Virt Env evaluation return: 692.336769
stages: 382.000000
Real Env evaluation return: 356.435000
Virt Env evaluation return: 935.040842
stages: 383.000000
Real Env evaluation return: 440.622996
Virt Env evaluation return: 789.616139
stages: 384.000000
Real Env evaluation return: 225.005636
Virt Env evaluation return: 545.512093
stages: 385.000000
Real Env evaluation return: 359.437243
Virt Env evaluation return: 719.340558
stages: 386.000000
Real Env evaluation return: 220.944832
Virt Env evaluation return: 678.952721
stages: 387.000000
Real Env evaluation return: 264.211354
Virt Env evaluation return: 626.254894
stages: 388.000000
Real Env evaluation return: 516.294177
Virt Env evaluation return: 694.065410
stages: 389.000000
Real Env evaluation return: 372.162171
Virt Env evaluation return: 506.896795
stages: 390.000000
Real Env evaluation return: 407.099646
Virt Env evaluation return: 784.090771
stages: 391.000000
Real Env evaluation return: 362.229447
Virt Env evaluation return: 497.512157
stages: 392.000000
Real Env evaluation return: 448.238286
Virt Env evaluation return: 981.892598
stages: 393.000000
Real Env evaluation return: 442.679955
Virt Env evaluation return: 466.317089
stages: 394.000000
Real Env evaluation return: 314.148352
Virt Env evaluation return: 332.938513
stages: 395.000000
Real Env evaluation return: 325.202316
Virt Env evaluation return: 184.357095
stages: 396.000000
Real Env evaluation return: 284.515991
Virt Env evaluation return: 1053.594847
stages: 397.000000
Real Env evaluation return: 164.309588
Virt Env evaluation return: 1026.472370
stages: 398.000000
Real Env evaluation return: 250.224745
Virt Env evaluation return: 629.957347
stages: 399.000000
Real Env evaluation return: 293.808708
Virt Env evaluation return: 1030.266787
stages: 400.000000
Real Env evaluation return: 263.279297
Virt Env evaluation return: 796.080384
stages: 401.000000
Real Env evaluation return: 219.272149
Virt Env evaluation return: 383.911105
stages: 402.000000
Real Env evaluation return: 202.379509
Virt Env evaluation return: 480.675234
stages: 403.000000
Real Env evaluation return: 307.867606
Virt Env evaluation return: 653.321351
stages: 404.000000
Real Env evaluation return: 322.239678
Virt Env evaluation return: 821.054986
stages: 405.000000
Real Env evaluation return: 296.188118
Virt Env evaluation return: 965.230361
stages: 406.000000
Real Env evaluation return: 268.196920
Virt Env evaluation return: 261.092275
stages: 407.000000
Real Env evaluation return: 224.754706
Virt Env evaluation return: 956.855907
stages: 408.000000
Real Env evaluation return: 229.597917
Virt Env evaluation return: 997.575691
stages: 409.000000
Real Env evaluation return: 225.719750
Virt Env evaluation return: 361.030339
stages: 410.000000
Real Env evaluation return: 328.264693
Virt Env evaluation return: 829.277553
stages: 411.000000
Real Env evaluation return: 334.713092
Virt Env evaluation return: 301.304644
stages: 412.000000
Real Env evaluation return: 253.067199
Virt Env evaluation return: 462.859994
stages: 413.000000
Real Env evaluation return: 206.136534
Virt Env evaluation return: 955.259667
stages: 414.000000
Real Env evaluation return: 237.542978
Virt Env evaluation return: 692.645168
stages: 415.000000
Real Env evaluation return: 296.495014
Virt Env evaluation return: 921.647230
stages: 416.000000
Real Env evaluation return: 365.588147
Virt Env evaluation return: 793.421728
stages: 417.000000
Real Env evaluation return: 300.005914
Virt Env evaluation return: 826.085129
stages: 418.000000
Real Env evaluation return: 338.223704
Virt Env evaluation return: 617.768219
stages: 419.000000
Real Env evaluation return: 366.287300
Virt Env evaluation return: 785.801199
stages: 420.000000
Real Env evaluation return: 342.956866
Virt Env evaluation return: 657.593541
stages: 421.000000
Real Env evaluation return: 255.488036
Virt Env evaluation return: 535.246550
stages: 422.000000
Real Env evaluation return: 237.053280
Virt Env evaluation return: 431.622241
stages: 423.000000
Real Env evaluation return: 175.076111
Virt Env evaluation return: 84.276434
stages: 424.000000
Real Env evaluation return: 201.170449
Virt Env evaluation return: 384.622944
stages: 425.000000
Real Env evaluation return: 183.811688
Virt Env evaluation return: 525.943487
stages: 426.000000
Real Env evaluation return: 215.734714
Virt Env evaluation return: 493.467821
stages: 427.000000
Real Env evaluation return: 178.126429
Virt Env evaluation return: 27.073481
stages: 428.000000
Real Env evaluation return: 193.364032
Virt Env evaluation return: 501.837408
stages: 429.000000
Real Env evaluation return: 148.273009
Virt Env evaluation return: 1048.027708
stages: 430.000000
Real Env evaluation return: 192.137843
Virt Env evaluation return: 289.042042
stages: 431.000000
Real Env evaluation return: 182.494636
Virt Env evaluation return: 790.687133
stages: 432.000000
Real Env evaluation return: 175.111809
Virt Env evaluation return: 722.265104
stages: 433.000000
Real Env evaluation return: 195.419000
Virt Env evaluation return: -232.267931
stages: 434.000000
Real Env evaluation return: 183.751413
Virt Env evaluation return: 342.497893
stages: 435.000000
Real Env evaluation return: 246.477667
Virt Env evaluation return: 670.534386
stages: 436.000000
Real Env evaluation return: 241.144904
Virt Env evaluation return: 665.059479
stages: 437.000000
Real Env evaluation return: 191.407904
Virt Env evaluation return: 1153.861192
stages: 438.000000
Real Env evaluation return: 211.930201
Virt Env evaluation return: 329.672432
stages: 439.000000
Real Env evaluation return: 295.347912
Virt Env evaluation return: 541.614115
stages: 440.000000
Real Env evaluation return: 218.494451
Virt Env evaluation return: 512.911058
stages: 441.000000
Real Env evaluation return: 253.653826
Virt Env evaluation return: 809.212893
stages: 442.000000
Real Env evaluation return: 207.039513
Virt Env evaluation return: 187.447648
stages: 443.000000
Real Env evaluation return: 167.157657
Virt Env evaluation return: 412.467811
stages: 444.000000
Real Env evaluation return: 176.678288
Virt Env evaluation return: 426.720482
stages: 445.000000
Real Env evaluation return: 277.028771
Virt Env evaluation return: 334.288106
stages: 446.000000
Real Env evaluation return: 197.482727
Virt Env evaluation return: 813.070998
stages: 447.000000
Real Env evaluation return: 266.671651
Virt Env evaluation return: 751.728210
stages: 448.000000
Real Env evaluation return: 199.025385
Virt Env evaluation return: 606.366106
stages: 449.000000
Real Env evaluation return: 191.696853
Virt Env evaluation return: 749.530015
stages: 450.000000
Real Env evaluation return: 170.867815
Virt Env evaluation return: 694.263182
stages: 451.000000
Real Env evaluation return: 147.868534
Virt Env evaluation return: 402.081355
stages: 452.000000
Real Env evaluation return: 147.197705
Virt Env evaluation return: 479.007132
stages: 453.000000
Real Env evaluation return: 156.484738
Virt Env evaluation return: 620.569718
stages: 454.000000
Real Env evaluation return: 191.472668
Virt Env evaluation return: 677.826759
stages: 455.000000
Real Env evaluation return: 215.518627
Virt Env evaluation return: 319.954732
stages: 456.000000
Real Env evaluation return: 205.403034
Virt Env evaluation return: 1094.970703
stages: 457.000000
Real Env evaluation return: 184.920107
Virt Env evaluation return: 881.760985
stages: 458.000000
Real Env evaluation return: 184.931107
Virt Env evaluation return: 350.531047
stages: 459.000000
Real Env evaluation return: 186.662122
Virt Env evaluation return: 1104.235139
stages: 460.000000
Real Env evaluation return: 194.609966
Virt Env evaluation return: 649.590125
stages: 461.000000
Real Env evaluation return: 196.759528
Virt Env evaluation return: 772.921996
stages: 462.000000
Real Env evaluation return: 231.485080
Virt Env evaluation return: 456.908614
stages: 463.000000
Real Env evaluation return: 297.712893
Virt Env evaluation return: 865.755131
stages: 464.000000
Real Env evaluation return: 226.421179
Virt Env evaluation return: 487.619326
stages: 465.000000
Real Env evaluation return: 242.156435
Virt Env evaluation return: 844.487180
stages: 466.000000
Real Env evaluation return: 275.336458
Virt Env evaluation return: 449.872773
stages: 467.000000
Real Env evaluation return: 286.512406
Virt Env evaluation return: 570.468212
stages: 468.000000
Real Env evaluation return: 235.546589
Virt Env evaluation return: 480.671801
stages: 469.000000
Real Env evaluation return: 255.110112
Virt Env evaluation return: 521.825586
stages: 470.000000
Real Env evaluation return: 280.106648
Virt Env evaluation return: 918.597200
stages: 471.000000
Real Env evaluation return: 264.615241
Virt Env evaluation return: 108.925031
stages: 472.000000
Real Env evaluation return: 264.828260
Virt Env evaluation return: 223.070599
stages: 473.000000
Real Env evaluation return: 358.842381
Virt Env evaluation return: 331.490460
stages: 474.000000
Real Env evaluation return: 269.766259
Virt Env evaluation return: 694.780875
stages: 475.000000
Real Env evaluation return: 289.916454
Virt Env evaluation return: 531.000401
stages: 476.000000
Real Env evaluation return: 314.929320
Virt Env evaluation return: 693.831367
stages: 477.000000
Real Env evaluation return: 211.283617
Virt Env evaluation return: 1020.197594
stages: 478.000000
Real Env evaluation return: 293.902024
Virt Env evaluation return: 587.625997
stages: 479.000000
Real Env evaluation return: 343.509084
Virt Env evaluation return: 1089.852125
stages: 480.000000
Real Env evaluation return: 370.568617
Virt Env evaluation return: 491.946815
stages: 481.000000
Real Env evaluation return: 533.183042
Virt Env evaluation return: 738.691931
stages: 482.000000
Real Env evaluation return: 337.874288
Virt Env evaluation return: 565.750484
stages: 483.000000
Real Env evaluation return: 383.547596
Virt Env evaluation return: 634.476238
stages: 484.000000
Real Env evaluation return: 281.876449
Virt Env evaluation return: 1033.547809
stages: 485.000000
Real Env evaluation return: 269.221203
Virt Env evaluation return: 387.727902
stages: 486.000000
Real Env evaluation return: 284.593810
Virt Env evaluation return: 748.045408
stages: 487.000000
Real Env evaluation return: 253.256428
Virt Env evaluation return: 457.485883
stages: 488.000000
Real Env evaluation return: 177.469850
Virt Env evaluation return: 634.184640
stages: 489.000000
Real Env evaluation return: 253.316745
Virt Env evaluation return: 654.394414
stages: 490.000000
Real Env evaluation return: 299.634458
Virt Env evaluation return: 478.828937
stages: 491.000000
Real Env evaluation return: 431.321207
Virt Env evaluation return: 767.356081
stages: 492.000000
Real Env evaluation return: 314.001839
Virt Env evaluation return: 1002.733761
stages: 493.000000
Real Env evaluation return: 462.983816
Virt Env evaluation return: 657.980514
stages: 494.000000
Real Env evaluation return: 257.072021
Virt Env evaluation return: 425.878730
stages: 495.000000
Real Env evaluation return: 281.661591
Virt Env evaluation return: 764.575769
stages: 496.000000
Real Env evaluation return: 220.161102
Virt Env evaluation return: 761.629462
stages: 497.000000
Real Env evaluation return: 187.030403
Virt Env evaluation return: 890.069860
stages: 498.000000
Real Env evaluation return: 272.880367
Virt Env evaluation return: 978.602981
stages: 499.000000
Real Env evaluation return: 172.655728
Virt Env evaluation return: 1139.127066
stages: 500.000000
Real Env evaluation return: 203.371121
Virt Env evaluation return: 1088.880594
stages: 501.000000
Real Env evaluation return: 215.833192
Virt Env evaluation return: 636.229781
stages: 502.000000
Real Env evaluation return: 249.744846
Virt Env evaluation return: 787.022926
stages: 503.000000
Real Env evaluation return: 230.790536
Virt Env evaluation return: 401.762347
stages: 504.000000
Real Env evaluation return: 249.283614
Virt Env evaluation return: 1074.661140
stages: 505.000000
Real Env evaluation return: 164.388477
Virt Env evaluation return: 502.768513
stages: 506.000000
Real Env evaluation return: 216.089114
Virt Env evaluation return: 517.769432
stages: 507.000000
Real Env evaluation return: 180.464084
Virt Env evaluation return: 207.994380
stages: 508.000000
Real Env evaluation return: 226.166869
Virt Env evaluation return: 436.620312
stages: 509.000000
Real Env evaluation return: 185.520572
Virt Env evaluation return: 616.173120
stages: 510.000000
Real Env evaluation return: 261.884700
Virt Env evaluation return: 1097.915501
stages: 511.000000
Real Env evaluation return: 205.341578
Virt Env evaluation return: 662.131541
stages: 512.000000
Real Env evaluation return: 224.072890
Virt Env evaluation return: 306.996521
stages: 513.000000
Real Env evaluation return: 251.030478
Virt Env evaluation return: 862.255548
stages: 514.000000
Real Env evaluation return: 297.672452
Virt Env evaluation return: 938.196572
stages: 515.000000
Real Env evaluation return: 271.418618
Virt Env evaluation return: 1204.976153
stages: 516.000000
Real Env evaluation return: 183.699049
Virt Env evaluation return: 1000.716462
stages: 517.000000
Real Env evaluation return: 299.197564
Virt Env evaluation return: 988.497347
stages: 518.000000
Real Env evaluation return: 312.440157
Virt Env evaluation return: 863.128093
stages: 519.000000
Real Env evaluation return: 308.476882
Virt Env evaluation return: 581.427351
stages: 520.000000
Real Env evaluation return: 373.100842
Virt Env evaluation return: 1002.495689
stages: 521.000000
Real Env evaluation return: 244.260703
Virt Env evaluation return: 774.285260
stages: 522.000000
Real Env evaluation return: 208.656219
Virt Env evaluation return: 785.291018
stages: 523.000000
Real Env evaluation return: 262.355814
Virt Env evaluation return: 512.094554
stages: 524.000000
Real Env evaluation return: 256.464196
Virt Env evaluation return: 384.455310
