stages: 0.000000
Real Env evaluation return: -2905.987313
Virt Env evaluation return: 390.204736
stages: 1.000000
Real Env evaluation return: -3541.343658
Virt Env evaluation return: -56684.654597
stages: 2.000000
Real Env evaluation return: -3444.080132
Virt Env evaluation return: -1582.780507
stages: 3.000000
Real Env evaluation return: -1982.484176
Virt Env evaluation return: -72633.548907
stages: 4.000000
Real Env evaluation return: -2820.550276
Virt Env evaluation return: -47680.493118
stages: 5.000000
Real Env evaluation return: -2798.135643
Virt Env evaluation return: -1550.417255
stages: 6.000000
Real Env evaluation return: -3135.478143
Virt Env evaluation return: -1819558.443324
stages: 7.000000
Real Env evaluation return: -3597.237621
Virt Env evaluation return: -207242.739009
stages: 8.000000
Real Env evaluation return: -3477.943181
Virt Env evaluation return: -749808.334775
stages: 9.000000
Real Env evaluation return: -3274.553169
Virt Env evaluation return: -561.382378
stages: 10.000000
Real Env evaluation return: -3469.965717
Virt Env evaluation return: -461078.287631
stages: 11.000000
Real Env evaluation return: -3485.436372
Virt Env evaluation return: -106.935648
stages: 12.000000
Real Env evaluation return: -3152.054364
Virt Env evaluation return: -232.124787
stages: 13.000000
Real Env evaluation return: -3021.286898
Virt Env evaluation return: -223078.770969
stages: 14.000000
Real Env evaluation return: -2344.844324
Virt Env evaluation return: 798.918225
stages: 15.000000
Real Env evaluation return: -3004.939184
Virt Env evaluation return: -1902.279493
stages: 16.000000
Real Env evaluation return: -2796.724281
Virt Env evaluation return: -670.152480
stages: 17.000000
Real Env evaluation return: -2520.794939
Virt Env evaluation return: -154.197111
stages: 18.000000
Real Env evaluation return: -1194.017986
Virt Env evaluation return: 2232.992045
stages: 19.000000
Real Env evaluation return: -1119.497797
Virt Env evaluation return: -14104.925745
stages: 20.000000
Real Env evaluation return: -1360.425276
Virt Env evaluation return: 563.714940
stages: 21.000000
Real Env evaluation return: -1497.609856
Virt Env evaluation return: -17863.405131
stages: 22.000000
Real Env evaluation return: -1316.129128
Virt Env evaluation return: -6574.819766
stages: 23.000000
Real Env evaluation return: -2722.642062
Virt Env evaluation return: -2808.892430
stages: 24.000000
Real Env evaluation return: -2904.194667
Virt Env evaluation return: -1417.722087
stages: 25.000000
Real Env evaluation return: -2988.881033
Virt Env evaluation return: -1317.498985
stages: 26.000000
Real Env evaluation return: -3239.999041
Virt Env evaluation return: 1043.588152
stages: 27.000000
Real Env evaluation return: -3370.254622
Virt Env evaluation return: -842.363575
stages: 28.000000
Real Env evaluation return: -3111.646519
Virt Env evaluation return: -1213.321777
stages: 29.000000
Real Env evaluation return: -2981.948274
Virt Env evaluation return: 1108.656259
stages: 30.000000
Real Env evaluation return: -3283.996451
Virt Env evaluation return: -628.070962
stages: 31.000000
Real Env evaluation return: -3199.491468
Virt Env evaluation return: -230977.594311
stages: 32.000000
Real Env evaluation return: -3360.762958
Virt Env evaluation return: 794.379937
stages: 33.000000
Real Env evaluation return: -3266.238555
Virt Env evaluation return: -1086.968613
stages: 34.000000
Real Env evaluation return: -3379.640394
Virt Env evaluation return: -3871.199617
stages: 35.000000
Real Env evaluation return: -3425.502595
Virt Env evaluation return: -5295.583906
stages: 36.000000
Real Env evaluation return: -3898.973039
Virt Env evaluation return: -1148.917722
stages: 37.000000
Real Env evaluation return: -275.904004
Virt Env evaluation return: 1222.176197
stages: 38.000000
Real Env evaluation return: -51.399462
Virt Env evaluation return: 698.605725
stages: 39.000000
Real Env evaluation return: 35.630330
Virt Env evaluation return: 2288.866618
stages: 40.000000
Real Env evaluation return: 125.724339
Virt Env evaluation return: -2494.072069
stages: 41.000000
Real Env evaluation return: -1811.623988
Virt Env evaluation return: 564.874231
stages: 42.000000
Real Env evaluation return: -939.979844
Virt Env evaluation return: -77528.470206
stages: 43.000000
Real Env evaluation return: -455.327732
Virt Env evaluation return: -190627.398525
stages: 44.000000
Real Env evaluation return: 281.803246
Virt Env evaluation return: -262289.985575
stages: 45.000000
Real Env evaluation return: -3090.764602
Virt Env evaluation return: -128623.143465
stages: 46.000000
Real Env evaluation return: -523.589207
Virt Env evaluation return: -1038.042726
stages: 47.000000
Real Env evaluation return: 214.423519
Virt Env evaluation return: -288745.277060
stages: 48.000000
Real Env evaluation return: -184.364593
Virt Env evaluation return: -725.959455
stages: 49.000000
Real Env evaluation return: 1.771026
Virt Env evaluation return: -2787.525997
stages: 50.000000
Real Env evaluation return: -946.418830
Virt Env evaluation return: -2291.569078
stages: 51.000000
Real Env evaluation return: -938.801728
Virt Env evaluation return: -174936.645704
stages: 52.000000
Real Env evaluation return: -140.838471
Virt Env evaluation return: -2069633.914736
stages: 53.000000
Real Env evaluation return: -1883.918854
Virt Env evaluation return: -136926.884118
stages: 54.000000
Real Env evaluation return: -1774.764417
Virt Env evaluation return: -1929.683313
stages: 55.000000
Real Env evaluation return: -1435.951116
Virt Env evaluation return: -2244.635244
stages: 56.000000
Real Env evaluation return: -2033.916565
Virt Env evaluation return: -1904.543804
stages: 57.000000
Real Env evaluation return: -932.651452
Virt Env evaluation return: -1733.574949
stages: 58.000000
Real Env evaluation return: -1673.368906
Virt Env evaluation return: -2410.837343
stages: 59.000000
Real Env evaluation return: -1574.288818
Virt Env evaluation return: -2269.610408
stages: 60.000000
Real Env evaluation return: -1290.526815
Virt Env evaluation return: -293862.318921
stages: 61.000000
Real Env evaluation return: -1276.021914
Virt Env evaluation return: -41536.653987
stages: 62.000000
Real Env evaluation return: -1516.447694
Virt Env evaluation return: -584611.400887
stages: 63.000000
Real Env evaluation return: -2273.101111
Virt Env evaluation return: -197862.676837
stages: 64.000000
Real Env evaluation return: -2597.761709
Virt Env evaluation return: -3505.856624
stages: 65.000000
Real Env evaluation return: -2579.986334
Virt Env evaluation return: -755.246629
stages: 66.000000
Real Env evaluation return: -2155.188373
Virt Env evaluation return: -3499.250740
stages: 67.000000
Real Env evaluation return: -2669.831524
Virt Env evaluation return: 2123.730602
stages: 68.000000
Real Env evaluation return: -2102.824221
Virt Env evaluation return: 258.711232
stages: 69.000000
Real Env evaluation return: -1868.799854
Virt Env evaluation return: -419.931396
stages: 70.000000
Real Env evaluation return: -2933.491779
Virt Env evaluation return: -1203.827016
stages: 71.000000
Real Env evaluation return: -2939.236553
Virt Env evaluation return: -3469.316048
stages: 72.000000
Real Env evaluation return: -3008.215477
Virt Env evaluation return: -1467.242911
stages: 73.000000
Real Env evaluation return: -2958.317744
Virt Env evaluation return: -786.019572
stages: 74.000000
Real Env evaluation return: -2996.694759
Virt Env evaluation return: -4823.077972
stages: 75.000000
Real Env evaluation return: -2975.062191
Virt Env evaluation return: -365337.410676
stages: 76.000000
Real Env evaluation return: -3087.978534
Virt Env evaluation return: -2397.039232
stages: 77.000000
Real Env evaluation return: -3095.541807
Virt Env evaluation return: -3160.837167
stages: 78.000000
Real Env evaluation return: -3018.901261
Virt Env evaluation return: -1250.866519
stages: 79.000000
Real Env evaluation return: -3097.925033
Virt Env evaluation return: -78098.508237
stages: 80.000000
Real Env evaluation return: -2880.819714
Virt Env evaluation return: -6781.135294
stages: 81.000000
Real Env evaluation return: -2782.937910
Virt Env evaluation return: -2703.192957
stages: 82.000000
Real Env evaluation return: -2799.421896
Virt Env evaluation return: -3018.630694
stages: 83.000000
Real Env evaluation return: -2460.650239
Virt Env evaluation return: -2081.637876
stages: 84.000000
Real Env evaluation return: -2178.910551
Virt Env evaluation return: -2748.309312
stages: 85.000000
Real Env evaluation return: -2250.695344
Virt Env evaluation return: -1818.569369
stages: 86.000000
Real Env evaluation return: -2289.793496
Virt Env evaluation return: -614576.087790
stages: 87.000000
Real Env evaluation return: -2367.278367
Virt Env evaluation return: -1329.354853
stages: 88.000000
Real Env evaluation return: -2573.305674
Virt Env evaluation return: -651232.417393
stages: 89.000000
Real Env evaluation return: -2623.394430
Virt Env evaluation return: -102662.886473
stages: 90.000000
Real Env evaluation return: -2427.064853
Virt Env evaluation return: -290502.844205
stages: 91.000000
Real Env evaluation return: -2458.287816
Virt Env evaluation return: -1519.362121
stages: 92.000000
Real Env evaluation return: -2312.855362
Virt Env evaluation return: -288284.280715
stages: 93.000000
Real Env evaluation return: -2468.080835
Virt Env evaluation return: -1769.314191
stages: 94.000000
Real Env evaluation return: -2483.525414
Virt Env evaluation return: -1317.562137
stages: 95.000000
Real Env evaluation return: -2269.042884
Virt Env evaluation return: -1737.528354
stages: 96.000000
Real Env evaluation return: -2338.277750
Virt Env evaluation return: -1831618.666713
stages: 97.000000
Real Env evaluation return: -2365.679416
Virt Env evaluation return: -2606.822017
stages: 98.000000
Real Env evaluation return: -2188.672478
Virt Env evaluation return: -1465.740940
stages: 99.000000
Real Env evaluation return: -2118.398518
Virt Env evaluation return: -1464.532212
stages: 100.000000
Real Env evaluation return: -2124.868030
Virt Env evaluation return: -2383.206927
stages: 101.000000
Real Env evaluation return: -2145.516677
Virt Env evaluation return: -357962.456038
stages: 102.000000
Real Env evaluation return: -2453.919625
Virt Env evaluation return: 799.709395
stages: 103.000000
Real Env evaluation return: -2404.866645
Virt Env evaluation return: -1479.324892
stages: 104.000000
Real Env evaluation return: -2511.623403
Virt Env evaluation return: -842.529184
stages: 105.000000
Real Env evaluation return: -2346.883905
Virt Env evaluation return: -2554.952406
stages: 106.000000
Real Env evaluation return: -2359.386268
Virt Env evaluation return: -23619.377425
stages: 107.000000
Real Env evaluation return: -2358.596822
Virt Env evaluation return: -2242.554245
stages: 108.000000
Real Env evaluation return: -2300.990462
Virt Env evaluation return: -2662.320641
stages: 109.000000
Real Env evaluation return: -2292.808377
Virt Env evaluation return: -1507.235721
stages: 110.000000
Real Env evaluation return: -2249.157558
Virt Env evaluation return: -2093.591083
stages: 111.000000
Real Env evaluation return: -2234.804706
Virt Env evaluation return: -724.115357
stages: 112.000000
Real Env evaluation return: -2332.988842
Virt Env evaluation return: -1944.377461
stages: 113.000000
Real Env evaluation return: -2350.869234
Virt Env evaluation return: -1802.042972
stages: 114.000000
Real Env evaluation return: -2221.844032
Virt Env evaluation return: -1683.265450
stages: 115.000000
Real Env evaluation return: -2414.534004
Virt Env evaluation return: -2211.383517
stages: 116.000000
Real Env evaluation return: -2339.073959
Virt Env evaluation return: -1667.924217
stages: 117.000000
Real Env evaluation return: -2346.017968
Virt Env evaluation return: -489645.855079
stages: 118.000000
Real Env evaluation return: -2368.498766
Virt Env evaluation return: -3022.271849
stages: 119.000000
Real Env evaluation return: -2374.363806
Virt Env evaluation return: 223.890267
stages: 120.000000
Real Env evaluation return: -2170.747628
Virt Env evaluation return: -2285.433507
stages: 121.000000
Real Env evaluation return: -2142.914570
Virt Env evaluation return: -902.463386
stages: 122.000000
Real Env evaluation return: -2132.625960
Virt Env evaluation return: -1700.271075
stages: 123.000000
Real Env evaluation return: -2159.146474
Virt Env evaluation return: -2015.242061
stages: 124.000000
Real Env evaluation return: -2133.586030
Virt Env evaluation return: -1253.412798
stages: 125.000000
Real Env evaluation return: -2091.417326
Virt Env evaluation return: -1288.012098
stages: 126.000000
Real Env evaluation return: -2140.524126
Virt Env evaluation return: -2237.028382
stages: 127.000000
Real Env evaluation return: -2415.967772
Virt Env evaluation return: -752.706091
stages: 128.000000
Real Env evaluation return: -2262.174439
Virt Env evaluation return: -1770.687950
stages: 129.000000
Real Env evaluation return: -2253.556047
Virt Env evaluation return: -2360.298304
stages: 130.000000
Real Env evaluation return: -2282.111343
Virt Env evaluation return: -1961.311416
stages: 131.000000
Real Env evaluation return: -2164.953965
Virt Env evaluation return: -485341.418791
stages: 132.000000
Real Env evaluation return: -2169.053925
Virt Env evaluation return: -1899.769992
stages: 133.000000
Real Env evaluation return: -2143.317495
Virt Env evaluation return: -836155.085497
stages: 134.000000
Real Env evaluation return: -2153.399943
Virt Env evaluation return: -2354.540442
stages: 135.000000
Real Env evaluation return: -2110.045607
Virt Env evaluation return: -2167202.762989
stages: 136.000000
Real Env evaluation return: -2150.952019
Virt Env evaluation return: -2424.515316
stages: 137.000000
Real Env evaluation return: -2197.951039
Virt Env evaluation return: -211888.577442
stages: 138.000000
Real Env evaluation return: -2138.315908
Virt Env evaluation return: -164983.692844
stages: 139.000000
Real Env evaluation return: -2589.616240
Virt Env evaluation return: -2180.440827
stages: 140.000000
Real Env evaluation return: -2396.409838
Virt Env evaluation return: -1923.122829
stages: 141.000000
Real Env evaluation return: -2261.710550
Virt Env evaluation return: -2469.990753
stages: 142.000000
Real Env evaluation return: -2216.101532
Virt Env evaluation return: -1837.931820
stages: 143.000000
Real Env evaluation return: -2378.276261
Virt Env evaluation return: -968895.774000
stages: 144.000000
Real Env evaluation return: -2908.908755
Virt Env evaluation return: -2271.196078
stages: 145.000000
Real Env evaluation return: -3149.164614
Virt Env evaluation return: -2419.500713
stages: 146.000000
Real Env evaluation return: -3029.631460
Virt Env evaluation return: -1721252.761563
stages: 147.000000
Real Env evaluation return: -2666.469502
Virt Env evaluation return: -2030.809954
stages: 148.000000
Real Env evaluation return: -2622.699393
Virt Env evaluation return: -3079.217189
stages: 149.000000
Real Env evaluation return: -2291.269478
Virt Env evaluation return: -2506464.869248
stages: 150.000000
Real Env evaluation return: -2302.689875
Virt Env evaluation return: 171.306354
stages: 151.000000
Real Env evaluation return: -2448.531840
Virt Env evaluation return: -2010.725622
stages: 152.000000
Real Env evaluation return: -2381.614710
Virt Env evaluation return: -1652803.578789
stages: 153.000000
Real Env evaluation return: -2325.818850
Virt Env evaluation return: -1647.812659
stages: 154.000000
Real Env evaluation return: -2324.237342
Virt Env evaluation return: -1842.874786
stages: 155.000000
Real Env evaluation return: -2281.886896
Virt Env evaluation return: -2451.504837
stages: 156.000000
Real Env evaluation return: -2325.471907
Virt Env evaluation return: -2468.905422
stages: 157.000000
Real Env evaluation return: -2337.276754
Virt Env evaluation return: -1077.332601
stages: 158.000000
Real Env evaluation return: -2281.240306
Virt Env evaluation return: -1995.453198
stages: 159.000000
Real Env evaluation return: -2097.307249
Virt Env evaluation return: -1232.443220
stages: 160.000000
Real Env evaluation return: -2267.575373
Virt Env evaluation return: 430.813614
stages: 161.000000
Real Env evaluation return: -2111.774731
Virt Env evaluation return: -328204.818432
stages: 162.000000
Real Env evaluation return: -2271.277676
Virt Env evaluation return: 608.021169
stages: 163.000000
Real Env evaluation return: -2333.441943
Virt Env evaluation return: -490543.282085
stages: 164.000000
Real Env evaluation return: -2167.875907
Virt Env evaluation return: 1402.388272
stages: 165.000000
Real Env evaluation return: -2002.657967
Virt Env evaluation return: -113.355985
stages: 166.000000
Real Env evaluation return: -2359.951580
Virt Env evaluation return: 980.321045
stages: 167.000000
Real Env evaluation return: -2038.788725
Virt Env evaluation return: -166851.209643
stages: 168.000000
Real Env evaluation return: -1796.677534
Virt Env evaluation return: -1307.468243
stages: 169.000000
Real Env evaluation return: -2145.613469
Virt Env evaluation return: -573.932775
stages: 170.000000
Real Env evaluation return: -2121.526762
Virt Env evaluation return: -1289.731208
stages: 171.000000
Real Env evaluation return: -2143.810162
Virt Env evaluation return: 1275.584544
stages: 172.000000
Real Env evaluation return: -2120.774617
Virt Env evaluation return: 2033.455023
stages: 173.000000
Real Env evaluation return: -2007.735713
Virt Env evaluation return: -297610.301502
stages: 174.000000
Real Env evaluation return: -2078.744872
Virt Env evaluation return: 827.510921
stages: 175.000000
Real Env evaluation return: -3259.015307
Virt Env evaluation return: 1899.111523
stages: 176.000000
Real Env evaluation return: -3210.416385
Virt Env evaluation return: -2027.573471
stages: 177.000000
Real Env evaluation return: -3322.135741
Virt Env evaluation return: 2628.975610
stages: 178.000000
Real Env evaluation return: -3424.107443
Virt Env evaluation return: 2467.896318
stages: 179.000000
Real Env evaluation return: -3417.686470
Virt Env evaluation return: -2303.171689
stages: 180.000000
Real Env evaluation return: -3447.576738
Virt Env evaluation return: -349.664182
stages: 181.000000
Real Env evaluation return: -3195.809658
Virt Env evaluation return: 6.181269
stages: 182.000000
Real Env evaluation return: -3379.129605
Virt Env evaluation return: 2290.699445
stages: 183.000000
Real Env evaluation return: -3408.139931
Virt Env evaluation return: 1560.220168
stages: 184.000000
Real Env evaluation return: -3472.231587
Virt Env evaluation return: -287517.614972
stages: 185.000000
Real Env evaluation return: -3468.600594
Virt Env evaluation return: -3480833.505180
stages: 186.000000
Real Env evaluation return: -3617.984410
Virt Env evaluation return: 1119.280484
stages: 187.000000
Real Env evaluation return: -3605.232864
Virt Env evaluation return: -1299949.684836
stages: 188.000000
Real Env evaluation return: -3638.873438
Virt Env evaluation return: -344261.914125
stages: 189.000000
Real Env evaluation return: -3633.991966
Virt Env evaluation return: -1678516.998634
stages: 190.000000
Real Env evaluation return: -3222.460260
Virt Env evaluation return: -96113.389749
stages: 191.000000
Real Env evaluation return: -3442.801162
Virt Env evaluation return: -191767.107853
stages: 192.000000
Real Env evaluation return: -3263.070528
Virt Env evaluation return: -1172.700616
stages: 193.000000
Real Env evaluation return: -3262.764423
Virt Env evaluation return: 1900.957736
stages: 194.000000
Real Env evaluation return: -3363.699730
Virt Env evaluation return: -1924.317050
stages: 195.000000
Real Env evaluation return: -3424.512273
Virt Env evaluation return: -1767825.037649
stages: 196.000000
Real Env evaluation return: -3516.977714
Virt Env evaluation return: -982.813698
stages: 197.000000
Real Env evaluation return: -3553.883289
Virt Env evaluation return: -1311.017285
stages: 198.000000
Real Env evaluation return: -3374.044352
Virt Env evaluation return: 2545.161717
stages: 199.000000
Real Env evaluation return: -3362.961813
Virt Env evaluation return: -1354148.104059
stages: 200.000000
Real Env evaluation return: -3311.879968
Virt Env evaluation return: -2270.512254
stages: 201.000000
Real Env evaluation return: -3476.514799
Virt Env evaluation return: -1422.724716
stages: 202.000000
Real Env evaluation return: -3465.056469
Virt Env evaluation return: -88539.153624
stages: 203.000000
Real Env evaluation return: -3491.974001
Virt Env evaluation return: -294115.861756
stages: 204.000000
Real Env evaluation return: -3480.422994
Virt Env evaluation return: -1877.013290
stages: 205.000000
Real Env evaluation return: -3401.794508
Virt Env evaluation return: -1789729.406063
stages: 206.000000
Real Env evaluation return: -3314.134082
Virt Env evaluation return: -1697.483649
stages: 207.000000
Real Env evaluation return: -3433.575009
Virt Env evaluation return: -2427.713565
stages: 208.000000
Real Env evaluation return: -3361.538324
Virt Env evaluation return: -15240.956451
stages: 209.000000
Real Env evaluation return: -3354.825842
Virt Env evaluation return: -148428.319738
stages: 210.000000
Real Env evaluation return: -3309.447364
Virt Env evaluation return: -766327.784350
stages: 211.000000
Real Env evaluation return: -3093.622351
Virt Env evaluation return: 117.177920
stages: 212.000000
Real Env evaluation return: -3094.184125
Virt Env evaluation return: -1193.360044
stages: 213.000000
Real Env evaluation return: -3126.286115
Virt Env evaluation return: -804395.230063
stages: 214.000000
Real Env evaluation return: -3135.763566
Virt Env evaluation return: -1367634.218597
stages: 215.000000
Real Env evaluation return: -3053.115112
Virt Env evaluation return: -432052.193282
stages: 216.000000
Real Env evaluation return: -3282.201650
Virt Env evaluation return: -1167893.024711
stages: 217.000000
Real Env evaluation return: -3034.113948
Virt Env evaluation return: -1971.150255
stages: 218.000000
Real Env evaluation return: -3196.209683
Virt Env evaluation return: -1615124.446128
stages: 219.000000
Real Env evaluation return: -3225.228694
Virt Env evaluation return: -450911.703391
stages: 220.000000
Real Env evaluation return: -2944.690524
Virt Env evaluation return: -1252483.749191
stages: 221.000000
Real Env evaluation return: -2835.603307
Virt Env evaluation return: -1547.076232
stages: 222.000000
Real Env evaluation return: -2868.130375
Virt Env evaluation return: -1173.820433
stages: 223.000000
Real Env evaluation return: -2834.345418
Virt Env evaluation return: -1014655.382569
stages: 224.000000
Real Env evaluation return: -2837.943163
Virt Env evaluation return: -999.048927
stages: 225.000000
Real Env evaluation return: -2807.513782
Virt Env evaluation return: -766.049898
stages: 226.000000
Real Env evaluation return: -2870.654482
Virt Env evaluation return: -616220.419003
stages: 227.000000
Real Env evaluation return: -2916.294371
Virt Env evaluation return: 11.010806
stages: 228.000000
Real Env evaluation return: -2767.385263
Virt Env evaluation return: -1794.221114
stages: 229.000000
Real Env evaluation return: -2888.301902
Virt Env evaluation return: -671463.163323
stages: 230.000000
Real Env evaluation return: -2748.247417
Virt Env evaluation return: -1367.684255
stages: 231.000000
Real Env evaluation return: -2829.609581
Virt Env evaluation return: -1686.121959
stages: 232.000000
Real Env evaluation return: -2798.314513
Virt Env evaluation return: -199276.079356
stages: 233.000000
Real Env evaluation return: -2706.609457
Virt Env evaluation return: -366833.485397
stages: 234.000000
Real Env evaluation return: -2626.538788
Virt Env evaluation return: -205076.763493
stages: 235.000000
Real Env evaluation return: -2786.870956
Virt Env evaluation return: -223343.105297
stages: 236.000000
Real Env evaluation return: -2663.522635
Virt Env evaluation return: -108311.667110
stages: 237.000000
Real Env evaluation return: -2714.196345
Virt Env evaluation return: 285.590701
stages: 238.000000
Real Env evaluation return: -2803.247728
Virt Env evaluation return: -646298.541438
stages: 239.000000
Real Env evaluation return: -2564.860527
Virt Env evaluation return: -1799.233902
stages: 240.000000
Real Env evaluation return: -2569.354815
Virt Env evaluation return: -2887.893429
stages: 241.000000
Real Env evaluation return: -2524.166124
Virt Env evaluation return: -2044.839071
stages: 242.000000
Real Env evaluation return: -2490.754293
Virt Env evaluation return: -237515.468298
stages: 243.000000
Real Env evaluation return: -2602.654930
Virt Env evaluation return: -1478.512641
stages: 244.000000
Real Env evaluation return: -2435.067081
Virt Env evaluation return: -3354.096944
stages: 245.000000
Real Env evaluation return: -2487.255644
Virt Env evaluation return: -1772.686863
stages: 246.000000
Real Env evaluation return: -2511.547161
Virt Env evaluation return: -1116259.524680
stages: 247.000000
Real Env evaluation return: -2445.220459
Virt Env evaluation return: -254136.467667
stages: 248.000000
Real Env evaluation return: -2373.386390
Virt Env evaluation return: -73899.995441
stages: 249.000000
Real Env evaluation return: -2414.819137
Virt Env evaluation return: -1476.279503
stages: 250.000000
Real Env evaluation return: -2480.930882
Virt Env evaluation return: -1406.998070
stages: 251.000000
Real Env evaluation return: -2477.595304
Virt Env evaluation return: -2246.817178
stages: 252.000000
Real Env evaluation return: -2479.051267
Virt Env evaluation return: -430029.440366
stages: 253.000000
Real Env evaluation return: -2500.042762
Virt Env evaluation return: -1469.484248
stages: 254.000000
Real Env evaluation return: -2528.285781
Virt Env evaluation return: -2588.332933
stages: 255.000000
Real Env evaluation return: -2557.036291
Virt Env evaluation return: -2914.530458
stages: 256.000000
Real Env evaluation return: -2421.335569
Virt Env evaluation return: -1899.378964
stages: 257.000000
Real Env evaluation return: -2407.683372
Virt Env evaluation return: -1598.354261
stages: 258.000000
Real Env evaluation return: -2472.062465
Virt Env evaluation return: -240756.221849
stages: 259.000000
Real Env evaluation return: -2428.400560
Virt Env evaluation return: -2174.154325
stages: 260.000000
Real Env evaluation return: -2356.425721
Virt Env evaluation return: -1370.867177
stages: 261.000000
Real Env evaluation return: -2352.520053
Virt Env evaluation return: -1526.168624
stages: 262.000000
Real Env evaluation return: -2414.953713
Virt Env evaluation return: -377.181960
stages: 263.000000
Real Env evaluation return: -2322.634251
Virt Env evaluation return: -510.329681
stages: 264.000000
Real Env evaluation return: -2312.869722
Virt Env evaluation return: -1478.257923
stages: 265.000000
Real Env evaluation return: -2287.849441
Virt Env evaluation return: -395114.570591
stages: 266.000000
Real Env evaluation return: -2300.201292
Virt Env evaluation return: -41952.298666
stages: 267.000000
Real Env evaluation return: -2250.842208
Virt Env evaluation return: -32638.393986
stages: 268.000000
Real Env evaluation return: -2200.326836
Virt Env evaluation return: -1140.708950
stages: 269.000000
Real Env evaluation return: -2003.838745
Virt Env evaluation return: 500.193901
stages: 270.000000
Real Env evaluation return: -1977.760260
Virt Env evaluation return: 751.316485
stages: 271.000000
Real Env evaluation return: -2058.618148
Virt Env evaluation return: -1576.036109
stages: 272.000000
Real Env evaluation return: -2189.135558
Virt Env evaluation return: -992.574558
stages: 273.000000
Real Env evaluation return: -2247.919451
Virt Env evaluation return: -830.735358
stages: 274.000000
Real Env evaluation return: -2126.456167
Virt Env evaluation return: -1292.077955
stages: 275.000000
Real Env evaluation return: -1636.828066
Virt Env evaluation return: -53.957420
stages: 276.000000
Real Env evaluation return: -1993.221089
Virt Env evaluation return: -2147.502268
stages: 277.000000
Real Env evaluation return: -1716.980967
Virt Env evaluation return: -1082.683762
stages: 278.000000
Real Env evaluation return: -1740.370930
Virt Env evaluation return: -178532.425556
stages: 279.000000
Real Env evaluation return: -1764.792802
Virt Env evaluation return: -629.189044
stages: 280.000000
Real Env evaluation return: -1769.803102
Virt Env evaluation return: -982.218039
stages: 281.000000
Real Env evaluation return: -1754.930484
Virt Env evaluation return: -1862.507265
stages: 282.000000
Real Env evaluation return: -1715.371758
Virt Env evaluation return: -1097.114967
stages: 283.000000
Real Env evaluation return: -1723.742823
Virt Env evaluation return: -1834.409263
stages: 284.000000
Real Env evaluation return: -1717.295599
Virt Env evaluation return: -855.310248
stages: 285.000000
Real Env evaluation return: -1699.287175
Virt Env evaluation return: -2928.961426
stages: 286.000000
Real Env evaluation return: -1702.445105
Virt Env evaluation return: -672.011363
stages: 287.000000
Real Env evaluation return: -1638.382466
Virt Env evaluation return: -1180.551881
stages: 288.000000
Real Env evaluation return: -1647.595386
Virt Env evaluation return: -881.393088
stages: 289.000000
Real Env evaluation return: -1646.652325
Virt Env evaluation return: 71.284366
stages: 290.000000
Real Env evaluation return: -1644.482805
Virt Env evaluation return: -1686.139855
stages: 291.000000
Real Env evaluation return: -1613.418013
Virt Env evaluation return: 1333.538295
stages: 292.000000
Real Env evaluation return: -1565.344624
Virt Env evaluation return: -146.657376
stages: 293.000000
Real Env evaluation return: -1587.827096
Virt Env evaluation return: -1201.822680
stages: 294.000000
Real Env evaluation return: -1610.598405
Virt Env evaluation return: 2007.388561
stages: 295.000000
Real Env evaluation return: -1613.251826
Virt Env evaluation return: -768121.234447
stages: 296.000000
Real Env evaluation return: -1579.653306
Virt Env evaluation return: -826.554846
stages: 297.000000
Real Env evaluation return: -1575.298970
Virt Env evaluation return: -2860203.595112
stages: 298.000000
Real Env evaluation return: -1597.899272
Virt Env evaluation return: -1424.175231
stages: 299.000000
Real Env evaluation return: -1559.358274
Virt Env evaluation return: 2082.425351
stages: 300.000000
Real Env evaluation return: -1582.445212
Virt Env evaluation return: -1368.129030
stages: 301.000000
Real Env evaluation return: -1625.034270
Virt Env evaluation return: -2192.242359
stages: 302.000000
Real Env evaluation return: -1653.948335
Virt Env evaluation return: -1265.021948
stages: 303.000000
Real Env evaluation return: -1662.760450
Virt Env evaluation return: -832.573929
stages: 304.000000
Real Env evaluation return: -1680.762552
Virt Env evaluation return: -1448.358414
stages: 305.000000
Real Env evaluation return: -1622.024072
Virt Env evaluation return: -194342.112429
stages: 306.000000
Real Env evaluation return: -1672.101926
Virt Env evaluation return: -886.022191
stages: 307.000000
Real Env evaluation return: -1647.575387
Virt Env evaluation return: -1238796.562286
stages: 308.000000
Real Env evaluation return: -1653.830695
Virt Env evaluation return: -1721.681628
stages: 309.000000
Real Env evaluation return: -1649.664184
Virt Env evaluation return: -2442.055824
stages: 310.000000
Real Env evaluation return: -1656.423344
Virt Env evaluation return: -1669.618936
stages: 311.000000
Real Env evaluation return: -1680.900551
Virt Env evaluation return: -1933.133155
stages: 312.000000
Real Env evaluation return: -1659.270648
Virt Env evaluation return: -737.009875
stages: 313.000000
Real Env evaluation return: -1667.944909
Virt Env evaluation return: -523356.961648
stages: 314.000000
Real Env evaluation return: -1657.171242
Virt Env evaluation return: -579.686149
stages: 315.000000
Real Env evaluation return: -1650.780834
Virt Env evaluation return: -2126.285742
stages: 316.000000
Real Env evaluation return: -1662.785372
Virt Env evaluation return: -1817.496350
stages: 317.000000
Real Env evaluation return: -1703.839306
Virt Env evaluation return: -1364.103834
stages: 318.000000
Real Env evaluation return: -1699.407818
Virt Env evaluation return: -452913.723276
stages: 319.000000
Real Env evaluation return: -1755.290819
Virt Env evaluation return: 1681.866247
stages: 320.000000
Real Env evaluation return: -1785.836099
Virt Env evaluation return: -696.757606
stages: 321.000000
Real Env evaluation return: -1756.741707
Virt Env evaluation return: -1544.641110
stages: 322.000000
Real Env evaluation return: -1722.743526
Virt Env evaluation return: -1439.005696
stages: 323.000000
Real Env evaluation return: -1743.750528
Virt Env evaluation return: -1116.087537
stages: 324.000000
Real Env evaluation return: -1755.689801
Virt Env evaluation return: -1725.887861
stages: 325.000000
Real Env evaluation return: -1772.089651
Virt Env evaluation return: -82478.308268
stages: 326.000000
Real Env evaluation return: -1783.026632
Virt Env evaluation return: -2001.412727
stages: 327.000000
Real Env evaluation return: -1757.197141
Virt Env evaluation return: -2235.402998
stages: 328.000000
Real Env evaluation return: -1752.447789
Virt Env evaluation return: -1274.038655
stages: 329.000000
Real Env evaluation return: -1718.182736
Virt Env evaluation return: 720.596412
stages: 330.000000
Real Env evaluation return: -1539.783900
Virt Env evaluation return: 1088.740449
stages: 331.000000
Real Env evaluation return: -1509.097579
Virt Env evaluation return: -403757.054672
stages: 332.000000
Real Env evaluation return: -1388.671346
Virt Env evaluation return: -1491.658486
stages: 333.000000
Real Env evaluation return: -1454.686910
Virt Env evaluation return: -1369.886686
stages: 334.000000
Real Env evaluation return: -1604.416075
Virt Env evaluation return: 1381.127685
stages: 335.000000
Real Env evaluation return: -1426.395397
Virt Env evaluation return: -1364.755942
stages: 336.000000
Real Env evaluation return: -1482.702768
Virt Env evaluation return: -1016.521525
stages: 337.000000
Real Env evaluation return: -1686.845516
Virt Env evaluation return: -1735.112161
stages: 338.000000
Real Env evaluation return: -1712.696179
Virt Env evaluation return: -319618.542870
stages: 339.000000
Real Env evaluation return: -1745.110421
Virt Env evaluation return: -1523.299329
stages: 340.000000
Real Env evaluation return: -1465.510244
Virt Env evaluation return: -919.654521
stages: 341.000000
Real Env evaluation return: -1778.993202
Virt Env evaluation return: -1484.686783
stages: 342.000000
Real Env evaluation return: -1819.675137
Virt Env evaluation return: -1835.027569
stages: 343.000000
Real Env evaluation return: -1830.613202
Virt Env evaluation return: -1155170.010732
stages: 344.000000
Real Env evaluation return: -1842.264518
Virt Env evaluation return: -1286.955169
stages: 345.000000
Real Env evaluation return: -1858.925243
Virt Env evaluation return: -528133.217315
stages: 346.000000
Real Env evaluation return: -1842.397132
Virt Env evaluation return: -1391.908559
stages: 347.000000
Real Env evaluation return: -1869.471287
Virt Env evaluation return: -1550.119068
stages: 348.000000
Real Env evaluation return: -1862.145231
Virt Env evaluation return: -1954.142964
stages: 349.000000
Real Env evaluation return: -1876.786422
Virt Env evaluation return: -399760.445176
stages: 350.000000
Real Env evaluation return: -1869.952831
Virt Env evaluation return: -2095.668844
stages: 351.000000
Real Env evaluation return: -1492.899281
Virt Env evaluation return: -419.313098
stages: 352.000000
Real Env evaluation return: -1490.369340
Virt Env evaluation return: -1161.601570
stages: 353.000000
Real Env evaluation return: -1694.042850
Virt Env evaluation return: -1801.384832
stages: 354.000000
Real Env evaluation return: -1758.921359
Virt Env evaluation return: -1595.126758
stages: 355.000000
Real Env evaluation return: -1726.814148
Virt Env evaluation return: -2248.571237
stages: 356.000000
Real Env evaluation return: -1754.913350
Virt Env evaluation return: -2193.633411
stages: 357.000000
Real Env evaluation return: -1783.166054
Virt Env evaluation return: -1066.345446
stages: 358.000000
Real Env evaluation return: -1780.730420
Virt Env evaluation return: -2240.832152
stages: 359.000000
Real Env evaluation return: -1797.035141
Virt Env evaluation return: -371803.787561
stages: 360.000000
Real Env evaluation return: -1792.529840
Virt Env evaluation return: -1166.892241
stages: 361.000000
Real Env evaluation return: -1754.783555
Virt Env evaluation return: -1931.758733
stages: 362.000000
Real Env evaluation return: -1548.466540
Virt Env evaluation return: 963.155701
stages: 363.000000
Real Env evaluation return: -1345.272313
Virt Env evaluation return: -1848.247839
stages: 364.000000
Real Env evaluation return: -1647.560471
Virt Env evaluation return: -2122.782824
stages: 365.000000
Real Env evaluation return: -1331.838475
Virt Env evaluation return: -2141.958152
stages: 366.000000
Real Env evaluation return: -1753.252600
Virt Env evaluation return: -87450.057618
stages: 367.000000
Real Env evaluation return: -1459.557882
Virt Env evaluation return: -2002.621421
stages: 368.000000
Real Env evaluation return: -1468.376571
Virt Env evaluation return: 1183.245871
stages: 369.000000
Real Env evaluation return: -1272.290174
Virt Env evaluation return: -1799.533720
stages: 370.000000
Real Env evaluation return: -1373.923756
Virt Env evaluation return: -1238.121297
stages: 371.000000
Real Env evaluation return: -1620.655474
Virt Env evaluation return: 1282.784869
stages: 372.000000
Real Env evaluation return: -1538.851051
Virt Env evaluation return: -1896.709727
stages: 373.000000
Real Env evaluation return: -1414.210086
Virt Env evaluation return: -1981.799340
stages: 374.000000
Real Env evaluation return: -1392.152133
Virt Env evaluation return: -1138.058279
stages: 375.000000
Real Env evaluation return: -1418.080798
Virt Env evaluation return: -1417.071442
stages: 376.000000
Real Env evaluation return: -1158.544058
Virt Env evaluation return: -1225.844008
stages: 377.000000
Real Env evaluation return: -1645.622733
Virt Env evaluation return: -1187.460071
stages: 378.000000
Real Env evaluation return: -1681.691219
Virt Env evaluation return: -44193.813732
stages: 379.000000
Real Env evaluation return: -1666.297492
Virt Env evaluation return: -1684.892619
stages: 380.000000
Real Env evaluation return: -1668.050678
Virt Env evaluation return: -1534.329601
stages: 381.000000
Real Env evaluation return: -1512.229218
Virt Env evaluation return: -656.053388
stages: 382.000000
Real Env evaluation return: -1663.716749
Virt Env evaluation return: -631296.090520
stages: 383.000000
Real Env evaluation return: -1601.062615
Virt Env evaluation return: -1079.649309
stages: 384.000000
Real Env evaluation return: -1585.057809
Virt Env evaluation return: -1053.988804
stages: 385.000000
Real Env evaluation return: -1562.983678
Virt Env evaluation return: -364.737634
stages: 386.000000
Real Env evaluation return: -1573.400793
Virt Env evaluation return: -1533.129234
stages: 387.000000
Real Env evaluation return: -1521.383780
Virt Env evaluation return: -1856.334617
stages: 388.000000
Real Env evaluation return: -1574.201968
Virt Env evaluation return: -262218.704197
stages: 389.000000
Real Env evaluation return: -1567.551556
Virt Env evaluation return: -1700.007236
stages: 390.000000
Real Env evaluation return: -1439.010411
Virt Env evaluation return: -225206.608775
stages: 391.000000
Real Env evaluation return: -1360.594630
Virt Env evaluation return: -1260755.283176
stages: 392.000000
Real Env evaluation return: -1325.418581
Virt Env evaluation return: -1376.640340
stages: 393.000000
Real Env evaluation return: -1915.554719
Virt Env evaluation return: -283464.393180
stages: 394.000000
Real Env evaluation return: -2152.588180
Virt Env evaluation return: 825.802448
stages: 395.000000
Real Env evaluation return: -1972.345708
Virt Env evaluation return: -1342.934574
stages: 396.000000
Real Env evaluation return: -1048.964768
Virt Env evaluation return: -915.352328
stages: 397.000000
Real Env evaluation return: -2046.808970
Virt Env evaluation return: -1340.388282
stages: 398.000000
Real Env evaluation return: -2072.935962
Virt Env evaluation return: -1502.002381
stages: 399.000000
Real Env evaluation return: -1846.511683
Virt Env evaluation return: -1219.379185
stages: 400.000000
Real Env evaluation return: -1434.395356
Virt Env evaluation return: 1225.378839
stages: 401.000000
Real Env evaluation return: -1425.961317
Virt Env evaluation return: -527.385779
stages: 402.000000
Real Env evaluation return: -1440.701287
Virt Env evaluation return: -1935.108249
