stages: 0.000000
Real Env evaluation return: -2892.285433
Virt Env evaluation return: 387.183625
stages: 1.000000
Real Env evaluation return: -2634.050438
Virt Env evaluation return: 10027.744318
stages: 2.000000
Real Env evaluation return: -2202.660388
Virt Env evaluation return: 338.619601
stages: 3.000000
Real Env evaluation return: -1520.501467
Virt Env evaluation return: 1613.407364
stages: 4.000000
Real Env evaluation return: -2341.852659
Virt Env evaluation return: 3670.829488
stages: 5.000000
Real Env evaluation return: -1988.008027
Virt Env evaluation return: 2634.885222
stages: 6.000000
Real Env evaluation return: -1614.981090
Virt Env evaluation return: -3247.326035
stages: 7.000000
Real Env evaluation return: -1424.149974
Virt Env evaluation return: -892036.155766
stages: 8.000000
Real Env evaluation return: -1478.682248
Virt Env evaluation return: -13637.925241
stages: 9.000000
Real Env evaluation return: -1816.956236
Virt Env evaluation return: 431.407608
stages: 10.000000
Real Env evaluation return: -2005.246997
Virt Env evaluation return: 1959.819406
stages: 11.000000
Real Env evaluation return: -1895.277700
Virt Env evaluation return: 5046.344714
stages: 12.000000
Real Env evaluation return: -1467.282351
Virt Env evaluation return: 709.229539
stages: 13.000000
Real Env evaluation return: -1679.544287
Virt Env evaluation return: 3806.045560
stages: 14.000000
Real Env evaluation return: -1371.556555
Virt Env evaluation return: -22899.161916
stages: 15.000000
Real Env evaluation return: -1511.113965
Virt Env evaluation return: -245003.839164
stages: 16.000000
Real Env evaluation return: -1591.034689
Virt Env evaluation return: 3052.940956
stages: 17.000000
Real Env evaluation return: -1382.336125
Virt Env evaluation return: 384.173116
stages: 18.000000
Real Env evaluation return: -1373.934607
Virt Env evaluation return: 27.058049
stages: 19.000000
Real Env evaluation return: -1755.912431
Virt Env evaluation return: 968.417658
stages: 20.000000
Real Env evaluation return: -1128.902384
Virt Env evaluation return: 1472.974838
stages: 21.000000
Real Env evaluation return: -1324.892535
Virt Env evaluation return: 3818.240594
stages: 22.000000
Real Env evaluation return: -833.225984
Virt Env evaluation return: 4914.846375
stages: 23.000000
Real Env evaluation return: -1833.884973
Virt Env evaluation return: 6636.268530
stages: 24.000000
Real Env evaluation return: -1480.521564
Virt Env evaluation return: 4301.935737
stages: 25.000000
Real Env evaluation return: -1306.081366
Virt Env evaluation return: 194.659682
stages: 26.000000
Real Env evaluation return: -1692.001097
Virt Env evaluation return: 4484.024086
stages: 27.000000
Real Env evaluation return: -2025.694327
Virt Env evaluation return: 5201.105954
stages: 28.000000
Real Env evaluation return: -2354.605656
Virt Env evaluation return: -95013.087094
stages: 29.000000
Real Env evaluation return: -1784.443494
Virt Env evaluation return: 3527.312270
stages: 30.000000
Real Env evaluation return: -2362.338619
Virt Env evaluation return: 2047.429375
stages: 31.000000
Real Env evaluation return: -2066.638656
Virt Env evaluation return: 770.425918
stages: 32.000000
Real Env evaluation return: -1964.560904
Virt Env evaluation return: 2619.670832
stages: 33.000000
Real Env evaluation return: -2004.263451
Virt Env evaluation return: 5365.347379
stages: 34.000000
Real Env evaluation return: -3102.341401
Virt Env evaluation return: 5674.820611
stages: 35.000000
Real Env evaluation return: -2139.785295
Virt Env evaluation return: 8547.128275
stages: 36.000000
Real Env evaluation return: -3509.879413
Virt Env evaluation return: 9735.982834
stages: 37.000000
Real Env evaluation return: -3308.708411
Virt Env evaluation return: 1396.274141
stages: 38.000000
Real Env evaluation return: -3276.650975
Virt Env evaluation return: -165168.310701
stages: 39.000000
Real Env evaluation return: -3100.800301
Virt Env evaluation return: -2955.907888
stages: 40.000000
Real Env evaluation return: -2907.495100
Virt Env evaluation return: 2265.345662
stages: 41.000000
Real Env evaluation return: -2776.501589
Virt Env evaluation return: 549.514715
stages: 42.000000
Real Env evaluation return: -2875.759494
Virt Env evaluation return: 1417.785662
stages: 43.000000
Real Env evaluation return: -2318.696739
Virt Env evaluation return: 514.827410
stages: 44.000000
Real Env evaluation return: -2141.528835
Virt Env evaluation return: 2024.406287
stages: 45.000000
Real Env evaluation return: -2102.072351
Virt Env evaluation return: 281.503581
stages: 46.000000
Real Env evaluation return: -1952.781618
Virt Env evaluation return: 2700.472472
stages: 47.000000
Real Env evaluation return: -1936.623317
Virt Env evaluation return: 1111.125260
stages: 48.000000
Real Env evaluation return: -2013.467534
Virt Env evaluation return: 4002.522607
stages: 49.000000
Real Env evaluation return: -1713.207649
Virt Env evaluation return: 3463.830771
stages: 50.000000
Real Env evaluation return: -1845.835768
Virt Env evaluation return: 1972.604607
stages: 51.000000
Real Env evaluation return: -2000.009701
Virt Env evaluation return: 3512.641897
stages: 52.000000
Real Env evaluation return: -1879.670982
Virt Env evaluation return: 3608.126353
stages: 53.000000
Real Env evaluation return: -1914.096833
Virt Env evaluation return: 1406.702749
stages: 54.000000
Real Env evaluation return: -1522.124030
Virt Env evaluation return: 393.119585
stages: 55.000000
Real Env evaluation return: -1764.485067
Virt Env evaluation return: 3404.425779
stages: 56.000000
Real Env evaluation return: -1601.750922
Virt Env evaluation return: 4178.767487
stages: 57.000000
Real Env evaluation return: -2073.198591
Virt Env evaluation return: 1524.401667
stages: 58.000000
Real Env evaluation return: -1757.558024
Virt Env evaluation return: -12029.010637
stages: 59.000000
Real Env evaluation return: -1979.934607
Virt Env evaluation return: 2643.522316
stages: 60.000000
Real Env evaluation return: -1475.011794
Virt Env evaluation return: 1987.144436
stages: 61.000000
Real Env evaluation return: -1816.748174
Virt Env evaluation return: -939.643830
stages: 62.000000
Real Env evaluation return: -2132.705479
Virt Env evaluation return: -205.324395
stages: 63.000000
Real Env evaluation return: -1736.929355
Virt Env evaluation return: 1616.290382
stages: 64.000000
Real Env evaluation return: -1714.919654
Virt Env evaluation return: 1880.372643
stages: 65.000000
Real Env evaluation return: -2256.395550
Virt Env evaluation return: -1401.889389
stages: 66.000000
Real Env evaluation return: -1877.483227
Virt Env evaluation return: 1591.405808
stages: 67.000000
Real Env evaluation return: -2060.602878
Virt Env evaluation return: 2520.421507
stages: 68.000000
Real Env evaluation return: -2260.022939
Virt Env evaluation return: -1173.475438
stages: 69.000000
Real Env evaluation return: -1932.733529
Virt Env evaluation return: 690.236683
stages: 70.000000
Real Env evaluation return: -2146.918061
Virt Env evaluation return: -1948.889798
stages: 71.000000
Real Env evaluation return: -2030.416609
Virt Env evaluation return: 492.945362
stages: 72.000000
Real Env evaluation return: -1998.616307
Virt Env evaluation return: -303.595461
stages: 73.000000
Real Env evaluation return: -2329.572584
Virt Env evaluation return: -666.762715
stages: 74.000000
Real Env evaluation return: -2160.486338
Virt Env evaluation return: -101.005828
stages: 75.000000
Real Env evaluation return: -2074.267946
Virt Env evaluation return: -875.920112
stages: 76.000000
Real Env evaluation return: -1911.308405
Virt Env evaluation return: 609.097231
stages: 77.000000
Real Env evaluation return: -1800.960119
Virt Env evaluation return: 481.564194
stages: 78.000000
Real Env evaluation return: -1283.954862
Virt Env evaluation return: 4310.811608
stages: 79.000000
Real Env evaluation return: -903.919172
Virt Env evaluation return: -1244.946686
stages: 80.000000
Real Env evaluation return: -1139.563549
Virt Env evaluation return: 59.907454
stages: 81.000000
Real Env evaluation return: -1234.036022
Virt Env evaluation return: 1082.329615
stages: 82.000000
Real Env evaluation return: -1189.294706
Virt Env evaluation return: -22084.160944
stages: 83.000000
Real Env evaluation return: -1034.257384
Virt Env evaluation return: -26878.962119
stages: 84.000000
Real Env evaluation return: -1212.215649
Virt Env evaluation return: -960.835470
stages: 85.000000
Real Env evaluation return: -1114.546508
Virt Env evaluation return: 304.666404
stages: 86.000000
Real Env evaluation return: -1327.342851
Virt Env evaluation return: 867.909914
stages: 87.000000
Real Env evaluation return: -1203.122652
Virt Env evaluation return: -9580.893891
stages: 88.000000
Real Env evaluation return: -1803.751767
Virt Env evaluation return: 4903.385065
stages: 89.000000
Real Env evaluation return: -1978.201681
Virt Env evaluation return: -1961.521084
stages: 90.000000
Real Env evaluation return: -1836.774627
Virt Env evaluation return: 607.599527
stages: 91.000000
Real Env evaluation return: -1394.152816
Virt Env evaluation return: -1527.821891
stages: 92.000000
Real Env evaluation return: -1761.391362
Virt Env evaluation return: 173.506361
stages: 93.000000
Real Env evaluation return: -1440.174544
Virt Env evaluation return: -117073.107104
stages: 94.000000
Real Env evaluation return: -1750.001384
Virt Env evaluation return: -65977.240376
stages: 95.000000
Real Env evaluation return: -1752.374202
Virt Env evaluation return: -297.746517
stages: 96.000000
Real Env evaluation return: -1610.214884
Virt Env evaluation return: 39.930027
stages: 97.000000
Real Env evaluation return: -1852.791077
Virt Env evaluation return: -63282.732492
stages: 98.000000
Real Env evaluation return: -1557.544758
Virt Env evaluation return: -25861.936444
stages: 99.000000
Real Env evaluation return: -1735.334856
Virt Env evaluation return: -14663.681811
stages: 100.000000
Real Env evaluation return: -1827.556611
Virt Env evaluation return: -1076.178404
stages: 101.000000
Real Env evaluation return: -1779.666849
Virt Env evaluation return: -26152.447515
stages: 102.000000
Real Env evaluation return: -1820.022490
Virt Env evaluation return: 49.384234
stages: 103.000000
Real Env evaluation return: -1574.306191
Virt Env evaluation return: -13218.893832
stages: 104.000000
Real Env evaluation return: -1562.386657
Virt Env evaluation return: -705.722106
stages: 105.000000
Real Env evaluation return: -1817.146555
Virt Env evaluation return: 829.115945
stages: 106.000000
Real Env evaluation return: -1235.397206
Virt Env evaluation return: 1869.332522
stages: 107.000000
Real Env evaluation return: -1502.846403
Virt Env evaluation return: -21251.367391
stages: 108.000000
Real Env evaluation return: -1435.950595
Virt Env evaluation return: -29933.903462
stages: 109.000000
Real Env evaluation return: -1329.551325
Virt Env evaluation return: -1120.219186
stages: 110.000000
Real Env evaluation return: -1760.220746
Virt Env evaluation return: 2917.758100
stages: 111.000000
Real Env evaluation return: -1715.710360
Virt Env evaluation return: -241.852252
stages: 112.000000
Real Env evaluation return: -1769.462930
Virt Env evaluation return: -22816.188865
stages: 113.000000
Real Env evaluation return: -1491.386706
Virt Env evaluation return: -1410.990681
stages: 114.000000
Real Env evaluation return: -1658.701043
Virt Env evaluation return: 2583.279628
stages: 115.000000
Real Env evaluation return: -1283.006107
Virt Env evaluation return: -35931.950730
stages: 116.000000
Real Env evaluation return: -1504.224663
Virt Env evaluation return: 1670.336645
stages: 117.000000
Real Env evaluation return: -1649.837536
Virt Env evaluation return: -7458.890768
stages: 118.000000
Real Env evaluation return: -1516.693036
Virt Env evaluation return: -206795.895203
stages: 119.000000
Real Env evaluation return: -1549.069781
Virt Env evaluation return: 1064.292537
stages: 120.000000
Real Env evaluation return: -1282.473661
Virt Env evaluation return: -3092.769535
stages: 121.000000
Real Env evaluation return: -1078.145515
Virt Env evaluation return: -19157.105564
stages: 122.000000
Real Env evaluation return: -1539.231930
Virt Env evaluation return: -1869.105322
stages: 123.000000
Real Env evaluation return: -1373.555663
Virt Env evaluation return: -598.780459
stages: 124.000000
Real Env evaluation return: -1364.894987
Virt Env evaluation return: -593.272603
stages: 125.000000
Real Env evaluation return: -1469.695801
Virt Env evaluation return: -1184.815820
stages: 126.000000
Real Env evaluation return: -1479.011376
Virt Env evaluation return: 863.892916
stages: 127.000000
Real Env evaluation return: -1777.621708
Virt Env evaluation return: -2332.306470
stages: 128.000000
Real Env evaluation return: -1165.381970
Virt Env evaluation return: -111252.679724
stages: 129.000000
Real Env evaluation return: -1269.964822
Virt Env evaluation return: 185.996019
stages: 130.000000
Real Env evaluation return: -1302.848249
Virt Env evaluation return: -28696.583799
stages: 131.000000
Real Env evaluation return: -1642.820240
Virt Env evaluation return: -13626.213438
stages: 132.000000
Real Env evaluation return: -1819.373583
Virt Env evaluation return: -219.479017
stages: 133.000000
Real Env evaluation return: -1702.383642
Virt Env evaluation return: -4641.040171
stages: 134.000000
Real Env evaluation return: -1651.535667
Virt Env evaluation return: -29443.023715
stages: 135.000000
Real Env evaluation return: -1299.908121
Virt Env evaluation return: -638.031476
stages: 136.000000
Real Env evaluation return: -1737.467188
Virt Env evaluation return: -550559.637558
stages: 137.000000
Real Env evaluation return: -1471.351611
Virt Env evaluation return: -700980.198843
stages: 138.000000
Real Env evaluation return: -1294.225222
Virt Env evaluation return: 2082.679999
stages: 139.000000
Real Env evaluation return: -1474.351616
Virt Env evaluation return: 1077.968588
stages: 140.000000
Real Env evaluation return: -1580.329120
Virt Env evaluation return: -322.661035
stages: 141.000000
Real Env evaluation return: -1890.748115
Virt Env evaluation return: -33788.160149
stages: 142.000000
Real Env evaluation return: -1724.100285
Virt Env evaluation return: -19149.425528
stages: 143.000000
Real Env evaluation return: -1538.772748
Virt Env evaluation return: 1323.436832
stages: 144.000000
Real Env evaluation return: -1194.215926
Virt Env evaluation return: -2095.007426
stages: 145.000000
Real Env evaluation return: -1713.056414
Virt Env evaluation return: 1667.580395
stages: 146.000000
Real Env evaluation return: -1348.755885
Virt Env evaluation return: -13.339957
stages: 147.000000
Real Env evaluation return: -1016.092303
Virt Env evaluation return: -1355.133889
stages: 148.000000
Real Env evaluation return: -1627.367224
Virt Env evaluation return: -1370.309210
stages: 149.000000
Real Env evaluation return: -1467.806282
Virt Env evaluation return: -559.319628
stages: 150.000000
Real Env evaluation return: -1268.639175
Virt Env evaluation return: -1715.703434
stages: 151.000000
Real Env evaluation return: -1302.664743
Virt Env evaluation return: -1665.133329
stages: 152.000000
Real Env evaluation return: -1393.517085
Virt Env evaluation return: -1225.335149
stages: 153.000000
Real Env evaluation return: -1645.467619
Virt Env evaluation return: -5481.206193
stages: 154.000000
Real Env evaluation return: -1531.693733
Virt Env evaluation return: 2129.205296
stages: 155.000000
Real Env evaluation return: -1531.057752
Virt Env evaluation return: 329.060013
stages: 156.000000
Real Env evaluation return: -1752.611174
Virt Env evaluation return: 31.528101
stages: 157.000000
Real Env evaluation return: -1498.818081
Virt Env evaluation return: -1221.656511
stages: 158.000000
Real Env evaluation return: -1517.516417
Virt Env evaluation return: 561.079253
stages: 159.000000
Real Env evaluation return: -1272.817970
Virt Env evaluation return: -1481.008157
stages: 160.000000
Real Env evaluation return: -398.466242
Virt Env evaluation return: -1197.187894
stages: 161.000000
Real Env evaluation return: -730.332428
Virt Env evaluation return: 2403.640627
stages: 162.000000
Real Env evaluation return: -571.149998
Virt Env evaluation return: 573.675026
stages: 163.000000
Real Env evaluation return: -583.777856
Virt Env evaluation return: -10931.312995
stages: 164.000000
Real Env evaluation return: -571.496794
Virt Env evaluation return: -1528.395075
stages: 165.000000
Real Env evaluation return: -497.255052
Virt Env evaluation return: 2358.191951
stages: 166.000000
Real Env evaluation return: -643.655753
Virt Env evaluation return: 2837.122506
stages: 167.000000
Real Env evaluation return: -719.783745
Virt Env evaluation return: -1713.362502
stages: 168.000000
Real Env evaluation return: -587.833372
Virt Env evaluation return: -661.496957
stages: 169.000000
Real Env evaluation return: -593.888119
Virt Env evaluation return: 1462.703800
stages: 170.000000
Real Env evaluation return: -544.421401
Virt Env evaluation return: -520.209974
stages: 171.000000
Real Env evaluation return: -577.851328
Virt Env evaluation return: 40.137697
stages: 172.000000
Real Env evaluation return: -760.557523
Virt Env evaluation return: -749.271910
stages: 173.000000
Real Env evaluation return: -799.222828
Virt Env evaluation return: 19.465575
stages: 174.000000
Real Env evaluation return: -881.517228
Virt Env evaluation return: 801.261582
stages: 175.000000
Real Env evaluation return: -647.733455
Virt Env evaluation return: -1089.611292
stages: 176.000000
Real Env evaluation return: -712.846944
Virt Env evaluation return: 505.533329
stages: 177.000000
Real Env evaluation return: -666.012320
Virt Env evaluation return: -457.168665
stages: 178.000000
Real Env evaluation return: -677.529332
Virt Env evaluation return: -1137.271367
stages: 179.000000
Real Env evaluation return: -784.532075
Virt Env evaluation return: 1620.117658
stages: 180.000000
Real Env evaluation return: -681.052378
Virt Env evaluation return: -2286.454057
stages: 181.000000
Real Env evaluation return: -222.641429
Virt Env evaluation return: -1787085.816971
stages: 182.000000
Real Env evaluation return: -656.273898
Virt Env evaluation return: 1486.241697
stages: 183.000000
Real Env evaluation return: -719.710504
Virt Env evaluation return: -10317.739042
stages: 184.000000
Real Env evaluation return: -764.213152
Virt Env evaluation return: -722.457186
stages: 185.000000
Real Env evaluation return: -532.112348
Virt Env evaluation return: -979.343913
stages: 186.000000
Real Env evaluation return: -550.186867
Virt Env evaluation return: 917.959057
stages: 187.000000
Real Env evaluation return: -376.689096
Virt Env evaluation return: -12324.018985
stages: 188.000000
Real Env evaluation return: -268.563957
Virt Env evaluation return: -629.129550
stages: 189.000000
Real Env evaluation return: -472.600908
Virt Env evaluation return: 1270.069026
stages: 190.000000
Real Env evaluation return: -490.949712
Virt Env evaluation return: -935.875884
stages: 191.000000
Real Env evaluation return: -353.358594
Virt Env evaluation return: -261.334471
stages: 192.000000
Real Env evaluation return: -851.423175
Virt Env evaluation return: 224.200005
stages: 193.000000
Real Env evaluation return: -772.028967
Virt Env evaluation return: -1759.682166
stages: 194.000000
Real Env evaluation return: -812.136042
Virt Env evaluation return: -354.840659
stages: 195.000000
Real Env evaluation return: -679.252349
Virt Env evaluation return: 159.649680
stages: 196.000000
Real Env evaluation return: -614.475585
Virt Env evaluation return: 1054.420959
stages: 197.000000
Real Env evaluation return: -404.614151
Virt Env evaluation return: -349.671794
stages: 198.000000
Real Env evaluation return: -442.884401
Virt Env evaluation return: -1205.009450
stages: 199.000000
Real Env evaluation return: -418.151317
Virt Env evaluation return: -85280.711516
stages: 200.000000
Real Env evaluation return: -425.154974
Virt Env evaluation return: 311.986929
stages: 201.000000
Real Env evaluation return: -257.994698
Virt Env evaluation return: -16298.370085
stages: 202.000000
Real Env evaluation return: -622.717889
Virt Env evaluation return: -203.153938
stages: 203.000000
Real Env evaluation return: -425.085012
Virt Env evaluation return: -811.014081
stages: 204.000000
Real Env evaluation return: -188.381827
Virt Env evaluation return: 1427.704249
stages: 205.000000
Real Env evaluation return: -756.901930
Virt Env evaluation return: -1126.848234
stages: 206.000000
Real Env evaluation return: -601.808312
Virt Env evaluation return: 431.334734
stages: 207.000000
Real Env evaluation return: -426.588911
Virt Env evaluation return: 298.561230
stages: 208.000000
Real Env evaluation return: -716.340668
Virt Env evaluation return: -584.901610
stages: 209.000000
Real Env evaluation return: -942.024458
Virt Env evaluation return: -656.157543
stages: 210.000000
Real Env evaluation return: -1674.170722
Virt Env evaluation return: -29021.573236
stages: 211.000000
Real Env evaluation return: -1402.753689
Virt Env evaluation return: -3713.497021
stages: 212.000000
Real Env evaluation return: -1190.829349
Virt Env evaluation return: 218.404614
stages: 213.000000
Real Env evaluation return: -1546.149516
Virt Env evaluation return: -33339.983689
stages: 214.000000
Real Env evaluation return: -1719.754198
Virt Env evaluation return: -19037.245109
stages: 215.000000
Real Env evaluation return: -1675.235863
Virt Env evaluation return: -3289.024850
stages: 216.000000
Real Env evaluation return: -1270.552644
Virt Env evaluation return: -278.311906
stages: 217.000000
Real Env evaluation return: -1831.360964
Virt Env evaluation return: -9545.909109
stages: 218.000000
Real Env evaluation return: -1424.696110
Virt Env evaluation return: 1160.473089
stages: 219.000000
Real Env evaluation return: -1370.601180
Virt Env evaluation return: 1161.720564
stages: 220.000000
Real Env evaluation return: -1420.819438
Virt Env evaluation return: 316.114384
stages: 221.000000
Real Env evaluation return: -1356.959665
Virt Env evaluation return: -264.438923
stages: 222.000000
Real Env evaluation return: -1700.162146
Virt Env evaluation return: -872.990699
stages: 223.000000
Real Env evaluation return: -1500.164432
Virt Env evaluation return: -2796.901880
stages: 224.000000
Real Env evaluation return: -1529.439689
Virt Env evaluation return: 264.843525
stages: 225.000000
Real Env evaluation return: -798.857551
Virt Env evaluation return: -166.042222
stages: 226.000000
Real Env evaluation return: -1000.287608
Virt Env evaluation return: 257.935047
stages: 227.000000
Real Env evaluation return: -1290.261645
Virt Env evaluation return: -1105.941088
stages: 228.000000
Real Env evaluation return: -1426.166409
Virt Env evaluation return: -1313.895568
stages: 229.000000
Real Env evaluation return: -1165.811996
Virt Env evaluation return: -11247.030451
stages: 230.000000
Real Env evaluation return: -1122.725497
Virt Env evaluation return: -6328.876470
stages: 231.000000
Real Env evaluation return: -1216.715938
Virt Env evaluation return: 697.475727
stages: 232.000000
Real Env evaluation return: -1005.609413
Virt Env evaluation return: 128.857819
stages: 233.000000
Real Env evaluation return: -1258.427128
Virt Env evaluation return: -682.190761
stages: 234.000000
Real Env evaluation return: -1357.961006
Virt Env evaluation return: -19513.765082
stages: 235.000000
Real Env evaluation return: -1147.155999
Virt Env evaluation return: -424.994708
stages: 236.000000
Real Env evaluation return: -1235.624555
Virt Env evaluation return: -264.895123
stages: 237.000000
Real Env evaluation return: -1379.021783
Virt Env evaluation return: 2130.255539
stages: 238.000000
Real Env evaluation return: -1335.244771
Virt Env evaluation return: -1277.007848
stages: 239.000000
Real Env evaluation return: -1262.152082
Virt Env evaluation return: -49247.834134
stages: 240.000000
Real Env evaluation return: -1311.341033
Virt Env evaluation return: -290.116979
stages: 241.000000
Real Env evaluation return: -1316.534770
Virt Env evaluation return: 2723.855726
stages: 242.000000
Real Env evaluation return: -1208.082179
Virt Env evaluation return: -1588.478353
stages: 243.000000
Real Env evaluation return: -1158.471439
Virt Env evaluation return: 2135.532447
stages: 244.000000
Real Env evaluation return: -1095.096504
Virt Env evaluation return: -9194.980619
stages: 245.000000
Real Env evaluation return: -1263.467705
Virt Env evaluation return: -1728.789286
stages: 246.000000
Real Env evaluation return: -1147.179113
Virt Env evaluation return: -2210.006834
stages: 247.000000
Real Env evaluation return: -1340.552008
Virt Env evaluation return: 176.499984
stages: 248.000000
Real Env evaluation return: -1297.689846
Virt Env evaluation return: -659.787826
stages: 249.000000
Real Env evaluation return: -1302.133647
Virt Env evaluation return: 795.052574
stages: 250.000000
Real Env evaluation return: -950.431507
Virt Env evaluation return: 1867.120618
stages: 251.000000
Real Env evaluation return: -837.842415
Virt Env evaluation return: -3057.636229
stages: 252.000000
Real Env evaluation return: -105.672560
Virt Env evaluation return: -1080.057225
stages: 253.000000
Real Env evaluation return: 722.448735
Virt Env evaluation return: 2478.344857
stages: 254.000000
Real Env evaluation return: 298.935992
Virt Env evaluation return: -1275.858938
stages: 255.000000
Real Env evaluation return: 734.023503
Virt Env evaluation return: 237.854029
stages: 256.000000
Real Env evaluation return: 742.653527
Virt Env evaluation return: -1560.999969
stages: 257.000000
Real Env evaluation return: 741.210690
Virt Env evaluation return: -385.639072
stages: 258.000000
Real Env evaluation return: -751.384082
Virt Env evaluation return: -1429.698362
stages: 259.000000
Real Env evaluation return: -1235.485367
Virt Env evaluation return: -1684.473658
stages: 260.000000
Real Env evaluation return: -1212.299371
Virt Env evaluation return: -995.631578
stages: 261.000000
Real Env evaluation return: -1112.853598
Virt Env evaluation return: -9149.928730
stages: 262.000000
Real Env evaluation return: -1339.477566
Virt Env evaluation return: -1302.962167
stages: 263.000000
Real Env evaluation return: -1148.944694
Virt Env evaluation return: 6.121579
stages: 264.000000
Real Env evaluation return: -1214.228054
Virt Env evaluation return: -1557.497560
stages: 265.000000
Real Env evaluation return: -928.805840
Virt Env evaluation return: -877.205154
stages: 266.000000
Real Env evaluation return: -14.503309
Virt Env evaluation return: 585.892732
stages: 267.000000
Real Env evaluation return: -578.692336
Virt Env evaluation return: 153.323117
stages: 268.000000
Real Env evaluation return: -891.322550
Virt Env evaluation return: 924.253034
stages: 269.000000
Real Env evaluation return: -833.681074
Virt Env evaluation return: -610.190064
stages: 270.000000
Real Env evaluation return: -943.850119
Virt Env evaluation return: 67.994289
stages: 271.000000
Real Env evaluation return: -1062.066354
Virt Env evaluation return: -1867.058090
stages: 272.000000
Real Env evaluation return: -877.569355
Virt Env evaluation return: -18950.805898
stages: 273.000000
Real Env evaluation return: -721.425161
Virt Env evaluation return: -89.632968
stages: 274.000000
Real Env evaluation return: -643.738496
Virt Env evaluation return: -902.925602
stages: 275.000000
Real Env evaluation return: -1106.508603
Virt Env evaluation return: -1465.837483
stages: 276.000000
Real Env evaluation return: -1007.217784
Virt Env evaluation return: -1238.322417
stages: 277.000000
Real Env evaluation return: -726.812801
Virt Env evaluation return: 856.991906
stages: 278.000000
Real Env evaluation return: -1140.077505
Virt Env evaluation return: -4920.779660
stages: 279.000000
Real Env evaluation return: -1212.744021
Virt Env evaluation return: -1563.907411
stages: 280.000000
Real Env evaluation return: -1604.695995
Virt Env evaluation return: -112.499820
stages: 281.000000
Real Env evaluation return: -1328.794078
Virt Env evaluation return: -26.970717
stages: 282.000000
Real Env evaluation return: -1017.534300
Virt Env evaluation return: -14.026002
stages: 283.000000
Real Env evaluation return: -1388.626962
Virt Env evaluation return: -6681.733504
stages: 284.000000
Real Env evaluation return: -1535.159470
Virt Env evaluation return: -145.090665
stages: 285.000000
Real Env evaluation return: -1262.558677
Virt Env evaluation return: 1428.696236
stages: 286.000000
Real Env evaluation return: -1186.668127
Virt Env evaluation return: -976.266609
stages: 287.000000
Real Env evaluation return: -1487.871593
Virt Env evaluation return: -324.142846
stages: 288.000000
Real Env evaluation return: -1434.810329
Virt Env evaluation return: -1727.687634
stages: 289.000000
Real Env evaluation return: -1435.307088
Virt Env evaluation return: -1177.004380
stages: 290.000000
Real Env evaluation return: -1204.104599
Virt Env evaluation return: -888.687491
stages: 291.000000
Real Env evaluation return: -1531.155589
Virt Env evaluation return: -181.107063
stages: 292.000000
Real Env evaluation return: -1251.577592
Virt Env evaluation return: -1476.546913
stages: 293.000000
Real Env evaluation return: -1388.259502
Virt Env evaluation return: -29039.391597
stages: 294.000000
Real Env evaluation return: -1456.501546
Virt Env evaluation return: -5161.814283
stages: 295.000000
Real Env evaluation return: -1102.610097
Virt Env evaluation return: -20444.659919
stages: 296.000000
Real Env evaluation return: -1451.516551
Virt Env evaluation return: -1278.783407
stages: 297.000000
Real Env evaluation return: -932.605794
Virt Env evaluation return: -271.430087
stages: 298.000000
Real Env evaluation return: -1153.472224
Virt Env evaluation return: -7030.843329
stages: 299.000000
Real Env evaluation return: -1132.428462
Virt Env evaluation return: -21749.204100
stages: 300.000000
Real Env evaluation return: -1242.671247
Virt Env evaluation return: -1527.078977
stages: 301.000000
Real Env evaluation return: -1292.411198
Virt Env evaluation return: 153.452696
stages: 302.000000
Real Env evaluation return: -1067.822172
Virt Env evaluation return: -645.857554
stages: 303.000000
Real Env evaluation return: -1584.258541
Virt Env evaluation return: 212.548580
stages: 304.000000
Real Env evaluation return: -989.038364
Virt Env evaluation return: -720.798282
stages: 305.000000
Real Env evaluation return: -1166.558724
Virt Env evaluation return: -918.544570
stages: 306.000000
Real Env evaluation return: -1151.500745
Virt Env evaluation return: -32395.409543
stages: 307.000000
Real Env evaluation return: -1375.696401
Virt Env evaluation return: 730.803533
stages: 308.000000
Real Env evaluation return: -1237.143044
Virt Env evaluation return: -978.993904
stages: 309.000000
Real Env evaluation return: -1053.215516
Virt Env evaluation return: -1558.244913
stages: 310.000000
Real Env evaluation return: -1189.948708
Virt Env evaluation return: -1142.292125
stages: 311.000000
Real Env evaluation return: -1339.958878
Virt Env evaluation return: -765.076139
stages: 312.000000
Real Env evaluation return: -1264.667517
Virt Env evaluation return: -4769.009166
stages: 313.000000
Real Env evaluation return: -985.925501
Virt Env evaluation return: -159.069183
stages: 314.000000
Real Env evaluation return: -1117.039823
Virt Env evaluation return: -523.829778
stages: 315.000000
Real Env evaluation return: -1642.163534
Virt Env evaluation return: 1116.212836
stages: 316.000000
Real Env evaluation return: -1334.465053
Virt Env evaluation return: -1968.022337
stages: 317.000000
Real Env evaluation return: -1226.935317
Virt Env evaluation return: -427.523072
stages: 318.000000
Real Env evaluation return: -984.746055
Virt Env evaluation return: -1689.346595
stages: 319.000000
Real Env evaluation return: -1509.513700
Virt Env evaluation return: -2743.348109
stages: 320.000000
Real Env evaluation return: -1237.640546
Virt Env evaluation return: -1275.320914
stages: 321.000000
Real Env evaluation return: -1068.993398
Virt Env evaluation return: -485.359563
stages: 322.000000
Real Env evaluation return: -1095.930895
Virt Env evaluation return: -249.144987
stages: 323.000000
Real Env evaluation return: -823.076423
Virt Env evaluation return: -1304.475814
stages: 324.000000
Real Env evaluation return: -1104.936039
Virt Env evaluation return: 105.943562
stages: 325.000000
Real Env evaluation return: -958.114154
Virt Env evaluation return: -979.534014
stages: 326.000000
Real Env evaluation return: -884.835202
Virt Env evaluation return: -776.712559
stages: 327.000000
Real Env evaluation return: -1189.120909
Virt Env evaluation return: -1391.499055
stages: 328.000000
Real Env evaluation return: -934.469109
Virt Env evaluation return: -1937.141446
stages: 329.000000
Real Env evaluation return: -1170.961610
Virt Env evaluation return: -6162.413123
stages: 330.000000
Real Env evaluation return: -686.242623
Virt Env evaluation return: -1532.549554
stages: 331.000000
Real Env evaluation return: -723.257873
Virt Env evaluation return: 1522.520227
stages: 332.000000
Real Env evaluation return: -843.709299
Virt Env evaluation return: -1674.833538
stages: 333.000000
Real Env evaluation return: -1015.280283
Virt Env evaluation return: -377.444924
stages: 334.000000
Real Env evaluation return: -926.474674
Virt Env evaluation return: -1255.419066
stages: 335.000000
Real Env evaluation return: -889.520615
Virt Env evaluation return: -3227.882851
stages: 336.000000
Real Env evaluation return: -927.203222
Virt Env evaluation return: -214.871361
stages: 337.000000
Real Env evaluation return: -723.725915
Virt Env evaluation return: -1286.001803
stages: 338.000000
Real Env evaluation return: -790.315207
Virt Env evaluation return: -17557.721664
stages: 339.000000
Real Env evaluation return: -1132.088479
Virt Env evaluation return: -6111.338220
stages: 340.000000
Real Env evaluation return: -930.956649
Virt Env evaluation return: -315.423145
stages: 341.000000
Real Env evaluation return: -989.750292
Virt Env evaluation return: 411.435162
stages: 342.000000
Real Env evaluation return: -818.282103
Virt Env evaluation return: -6890.119216
stages: 343.000000
Real Env evaluation return: -1169.268487
Virt Env evaluation return: -1732.665808
stages: 344.000000
Real Env evaluation return: -983.731738
Virt Env evaluation return: -1146.747976
stages: 345.000000
Real Env evaluation return: -1049.828080
Virt Env evaluation return: 487.730928
stages: 346.000000
Real Env evaluation return: -865.399322
Virt Env evaluation return: 40.395699
stages: 347.000000
Real Env evaluation return: -905.606058
Virt Env evaluation return: -2437.318252
stages: 348.000000
Real Env evaluation return: -955.792363
Virt Env evaluation return: -654.076417
stages: 349.000000
Real Env evaluation return: -777.670701
Virt Env evaluation return: -593.289083
stages: 350.000000
Real Env evaluation return: -739.040011
Virt Env evaluation return: -875.526901
stages: 351.000000
Real Env evaluation return: -845.892967
Virt Env evaluation return: -773.770649
stages: 352.000000
Real Env evaluation return: -669.474202
Virt Env evaluation return: 448.548050
stages: 353.000000
Real Env evaluation return: -836.092072
Virt Env evaluation return: -791.925125
stages: 354.000000
Real Env evaluation return: -970.785970
Virt Env evaluation return: -777.981361
stages: 355.000000
Real Env evaluation return: -886.557950
Virt Env evaluation return: -361.614213
stages: 356.000000
Real Env evaluation return: -850.479024
Virt Env evaluation return: -2353.834751
stages: 357.000000
Real Env evaluation return: -694.919251
Virt Env evaluation return: -9071.891803
stages: 358.000000
Real Env evaluation return: -775.304801
Virt Env evaluation return: -53457.024016
stages: 359.000000
Real Env evaluation return: -1097.098318
Virt Env evaluation return: -631.089038
stages: 360.000000
Real Env evaluation return: -1032.403190
Virt Env evaluation return: -446.371282
stages: 361.000000
Real Env evaluation return: -881.559867
Virt Env evaluation return: -144.830789
stages: 362.000000
Real Env evaluation return: -1003.599835
Virt Env evaluation return: -233.525079
stages: 363.000000
Real Env evaluation return: -869.324463
Virt Env evaluation return: 62.370126
stages: 364.000000
Real Env evaluation return: -1055.044373
Virt Env evaluation return: -20886.469122
stages: 365.000000
Real Env evaluation return: -1116.327073
Virt Env evaluation return: -2808.713318
stages: 366.000000
Real Env evaluation return: -858.131352
Virt Env evaluation return: -6097.084732
stages: 367.000000
Real Env evaluation return: -890.446694
Virt Env evaluation return: 244.564129
stages: 368.000000
Real Env evaluation return: -859.985969
Virt Env evaluation return: -8515.102545
stages: 369.000000
Real Env evaluation return: -913.670928
Virt Env evaluation return: -3964.980875
stages: 370.000000
Real Env evaluation return: -1128.243965
Virt Env evaluation return: -9746.881778
stages: 371.000000
Real Env evaluation return: -1022.258350
Virt Env evaluation return: -1104.269443
stages: 372.000000
Real Env evaluation return: -1231.411953
Virt Env evaluation return: 521.952317
stages: 373.000000
Real Env evaluation return: -1096.731179
Virt Env evaluation return: -46991.502205
stages: 374.000000
Real Env evaluation return: -1151.732196
Virt Env evaluation return: -366.968085
stages: 375.000000
Real Env evaluation return: -1252.678598
Virt Env evaluation return: -1829.320980
stages: 376.000000
Real Env evaluation return: -840.934926
Virt Env evaluation return: -3311.673792
stages: 377.000000
Real Env evaluation return: -1247.812436
Virt Env evaluation return: -578.508411
stages: 378.000000
Real Env evaluation return: -1027.416693
Virt Env evaluation return: -596.803270
stages: 379.000000
Real Env evaluation return: -923.242684
Virt Env evaluation return: -1058.017989
stages: 380.000000
Real Env evaluation return: -1129.938255
Virt Env evaluation return: -1139.109263
stages: 381.000000
Real Env evaluation return: -1326.182317
Virt Env evaluation return: -1702.905250
stages: 382.000000
Real Env evaluation return: -975.223721
Virt Env evaluation return: 663.247707
stages: 383.000000
Real Env evaluation return: -932.361006
Virt Env evaluation return: -53576.540685
stages: 384.000000
Real Env evaluation return: -1125.319751
Virt Env evaluation return: -840.364077
stages: 385.000000
Real Env evaluation return: -988.644482
Virt Env evaluation return: -2154.164395
stages: 386.000000
Real Env evaluation return: -1034.550288
Virt Env evaluation return: -198.532468
stages: 387.000000
Real Env evaluation return: -1253.739135
Virt Env evaluation return: -412.206540
stages: 388.000000
Real Env evaluation return: -1435.439844
Virt Env evaluation return: -601.817746
stages: 389.000000
Real Env evaluation return: -1220.350651
Virt Env evaluation return: 617.865111
stages: 390.000000
Real Env evaluation return: -1093.544525
Virt Env evaluation return: -13557.994963
stages: 391.000000
Real Env evaluation return: -1291.642526
Virt Env evaluation return: -1212.819340
stages: 392.000000
Real Env evaluation return: -1046.817075
Virt Env evaluation return: -427.849655
stages: 393.000000
Real Env evaluation return: -1259.066080
Virt Env evaluation return: -23718.484870
stages: 394.000000
Real Env evaluation return: -960.628799
Virt Env evaluation return: -21610.980425
stages: 395.000000
Real Env evaluation return: -1117.358838
Virt Env evaluation return: -34671.622300
stages: 396.000000
Real Env evaluation return: -1147.434171
Virt Env evaluation return: -9014.026840
stages: 397.000000
Real Env evaluation return: -1295.083805
Virt Env evaluation return: -18453.377598
stages: 398.000000
Real Env evaluation return: -1436.215230
Virt Env evaluation return: 227.878965
